<?xml version="1.0" encoding="UTF-8"?>
<coverage generated="1717314909187" clover="3.2.0">
  <project timestamp="1717314909187" name="All files">
    <metrics statements="2431" coveredstatements="2431" conditionals="592" coveredconditionals="592" methods="692" coveredmethods="692" elements="3715" coveredelements="3715" complexity="0" loc="2431" ncloc="2431" packages="254" files="273" classes="273"/>
    <package name="werewolves-assistant-web-next">
      <metrics statements="6" coveredstatements="6" conditionals="0" coveredconditionals="0" methods="1" coveredmethods="1"/>
      <file name="app.vue" path="/home/runner/work/werewolves-assistant-web-next/werewolves-assistant-web-next/app.vue">
        <metrics statements="6" coveredstatements="6" conditionals="0" coveredconditionals="0" methods="1" coveredmethods="1"/>
        <line num="2" count="5" type="stmt"/>
        <line num="5" count="1" type="stmt"/>
        <line num="16" count="5" type="stmt"/>
        <line num="18" count="5" type="stmt"/>
        <line num="20" count="5" type="stmt"/>
        <line num="33" count="5" type="stmt"/>
      </file>
    </package>
    <package name="werewolves-assistant-web-next.components.layouts.default.NavBar">
      <metrics statements="3" coveredstatements="3" conditionals="0" coveredconditionals="0" methods="1" coveredmethods="1"/>
      <file name="NavBar.vue" path="/home/runner/work/werewolves-assistant-web-next/werewolves-assistant-web-next/components/layouts/default/NavBar/NavBar.vue">
        <metrics statements="3" coveredstatements="3" conditionals="0" coveredconditionals="0" methods="1" coveredmethods="1"/>
        <line num="1" count="3" type="stmt"/>
        <line num="2" count="9" type="stmt"/>
        <line num="18" count="4" type="stmt"/>
      </file>
    </package>
    <package name="werewolves-assistant-web-next.components.layouts.default.NavBar.ParametersMenu">
      <metrics statements="16" coveredstatements="16" conditionals="2" coveredconditionals="2" methods="6" coveredmethods="6"/>
      <file name="ParametersMenu.vue" path="/home/runner/work/werewolves-assistant-web-next/werewolves-assistant-web-next/components/layouts/default/NavBar/ParametersMenu/ParametersMenu.vue">
        <metrics statements="16" coveredstatements="16" conditionals="2" coveredconditionals="2" methods="6" coveredmethods="6"/>
        <line num="2" count="4" type="stmt"/>
        <line num="30" count="20" type="stmt"/>
        <line num="31" count="20" type="stmt"/>
        <line num="32" count="20" type="stmt"/>
        <line num="33" count="20" type="stmt"/>
        <line num="34" count="20" type="stmt"/>
        <line num="36" count="35" type="stmt"/>
        <line num="45" count="2" type="stmt"/>
        <line num="51" count="35" type="stmt"/>
        <line num="58" count="1" type="stmt"/>
        <line num="63" count="20" type="stmt"/>
        <line num="66" count="8" type="cond" truecount="2" falsecount="0"/>
        <line num="67" count="1" type="stmt"/>
        <line num="69" count="7" type="stmt"/>
        <line num="73" count="2" type="stmt"/>
        <line num="74" count="2" type="stmt"/>
      </file>
    </package>
    <package name="werewolves-assistant-web-next.components.pages.about">
      <metrics statements="25" coveredstatements="25" conditionals="0" coveredconditionals="0" methods="0" coveredmethods="0"/>
      <file name="AboutCreator.vue" path="/home/runner/work/werewolves-assistant-web-next/werewolves-assistant-web-next/components/pages/about/AboutCreator.vue">
        <metrics statements="7" coveredstatements="7" conditionals="0" coveredconditionals="0" methods="0" coveredmethods="0"/>
        <line num="4" count="2" type="stmt"/>
        <line num="16" count="2" type="stmt"/>
        <line num="20" count="2" type="stmt"/>
        <line num="22" count="2" type="stmt"/>
        <line num="33" count="2" type="stmt"/>
        <line num="37" count="2" type="stmt"/>
        <line num="41" count="2" type="stmt"/>
      </file>
      <file name="AboutHowToContribute.vue" path="/home/runner/work/werewolves-assistant-web-next/werewolves-assistant-web-next/components/pages/about/AboutHowToContribute.vue">
        <metrics statements="6" coveredstatements="6" conditionals="0" coveredconditionals="0" methods="0" coveredmethods="0"/>
        <line num="2" count="2" type="stmt"/>
        <line num="7" count="2" type="stmt"/>
        <line num="16" count="2" type="stmt"/>
        <line num="20" count="2" type="stmt"/>
        <line num="23" count="2" type="stmt"/>
        <line num="34" count="2" type="stmt"/>
      </file>
      <file name="AboutWerewolvesAssistant.vue" path="/home/runner/work/werewolves-assistant-web-next/werewolves-assistant-web-next/components/pages/about/AboutWerewolvesAssistant.vue">
        <metrics statements="8" coveredstatements="8" conditionals="0" coveredconditionals="0" methods="0" coveredmethods="0"/>
        <line num="4" count="2" type="stmt"/>
        <line num="16" count="2" type="stmt"/>
        <line num="20" count="2" type="stmt"/>
        <line num="24" count="2" type="stmt"/>
        <line num="36" count="2" type="stmt"/>
        <line num="41" count="2" type="stmt"/>
        <line num="53" count="2" type="stmt"/>
        <line num="57" count="2" type="stmt"/>
      </file>
      <file name="AboutWerewolvesGame.vue" path="/home/runner/work/werewolves-assistant-web-next/werewolves-assistant-web-next/components/pages/about/AboutWerewolvesGame.vue">
        <metrics statements="4" coveredstatements="4" conditionals="0" coveredconditionals="0" methods="0" coveredmethods="0"/>
        <line num="3" count="2" type="stmt"/>
        <line num="5" count="2" type="stmt"/>
        <line num="16" count="2" type="stmt"/>
        <line num="31" count="2" type="stmt"/>
      </file>
    </package>
    <package name="werewolves-assistant-web-next.components.pages.about.AboutAvailableRoles">
      <metrics statements="18" coveredstatements="18" conditionals="3" coveredconditionals="3" methods="4" coveredmethods="4"/>
      <file name="AboutAvailableRoles.vue" path="/home/runner/work/werewolves-assistant-web-next/werewolves-assistant-web-next/components/pages/about/AboutAvailableRoles/AboutAvailableRoles.vue">
        <metrics statements="18" coveredstatements="18" conditionals="3" coveredconditionals="3" methods="4" coveredmethods="4"/>
        <line num="1" count="2" type="stmt"/>
        <line num="2" count="2" type="stmt"/>
        <line num="3" count="2" type="stmt"/>
        <line num="12" count="2" type="stmt"/>
        <line num="31" count="2" type="stmt"/>
        <line num="39" count="15" type="stmt"/>
        <line num="45" count="2" type="stmt"/>
        <line num="52" count="2" type="stmt"/>
        <line num="58" count="30" type="stmt"/>
        <line num="75" count="15" type="stmt"/>
        <line num="76" count="15" type="stmt"/>
        <line num="77" count="15" type="stmt"/>
        <line num="79" count="15" type="stmt"/>
        <line num="80" count="20" type="cond" truecount="2" falsecount="0"/>
        <line num="81" count="15" type="stmt"/>
        <line num="83" count="5" type="stmt"/>
        <line num="87" count="15" type="stmt"/>
        <line num="91" count="15" type="stmt"/>
      </file>
    </package>
    <package name="werewolves-assistant-web-next.components.pages.about.AboutAvailableRoles.AboutAvailableRoleDescription">
      <metrics statements="6" coveredstatements="6" conditionals="0" coveredconditionals="0" methods="1" coveredmethods="1"/>
      <file name="AboutAvailableRoleDescription.vue" path="/home/runner/work/werewolves-assistant-web-next/werewolves-assistant-web-next/components/pages/about/AboutAvailableRoles/AboutAvailableRoleDescription/AboutAvailableRoleDescription.vue">
        <metrics statements="6" coveredstatements="6" conditionals="0" coveredconditionals="0" methods="1" coveredmethods="1"/>
        <line num="2" count="6" type="stmt"/>
        <line num="14" count="3" type="stmt"/>
        <line num="18" count="3" type="stmt"/>
        <line num="50" count="6" type="stmt"/>
        <line num="52" count="6" type="stmt"/>
        <line num="55" count="6" type="stmt"/>
      </file>
    </package>
    <package name="werewolves-assistant-web-next.components.pages.game-lobby.GameLobbyFooter">
      <metrics statements="4" coveredstatements="4" conditionals="0" coveredconditionals="0" methods="0" coveredmethods="0"/>
      <file name="GameLobbyFooter.vue" path="/home/runner/work/werewolves-assistant-web-next/werewolves-assistant-web-next/components/pages/game-lobby/GameLobbyFooter/GameLobbyFooter.vue">
        <metrics statements="4" coveredstatements="4" conditionals="0" coveredconditionals="0" methods="0" coveredmethods="0"/>
        <line num="2" count="1" type="stmt"/>
        <line num="6" count="2" type="stmt"/>
        <line num="10" count="2" type="stmt"/>
        <line num="14" count="2" type="stmt"/>
      </file>
    </package>
    <package name="werewolves-assistant-web-next.components.pages.game-lobby.GameLobbyFooter.GameLobbyRandomCompositionButton">
      <metrics statements="17" coveredstatements="17" conditionals="4" coveredconditionals="4" methods="2" coveredmethods="2"/>
      <file name="GameLobbyRandomCompositionButton.vue" path="/home/runner/work/werewolves-assistant-web-next/werewolves-assistant-web-next/components/pages/game-lobby/GameLobbyFooter/GameLobbyRandomCompositionButton/GameLobbyRandomCompositionButton.vue">
        <metrics statements="17" coveredstatements="17" conditionals="4" coveredconditionals="4" methods="2" coveredmethods="2"/>
        <line num="3" count="3" type="stmt"/>
        <line num="28" count="12" type="stmt"/>
        <line num="30" count="12" type="stmt"/>
        <line num="32" count="12" type="stmt"/>
        <line num="33" count="12" type="stmt"/>
        <line num="34" count="12" type="stmt"/>
        <line num="35" count="12" type="stmt"/>
        <line num="37" count="12" type="stmt"/>
        <line num="39" count="12" type="stmt"/>
        <line num="40" count="19" type="cond" truecount="2" falsecount="0"/>
        <line num="41" count="12" type="stmt"/>
        <line num="43" count="7" type="stmt"/>
        <line num="47" count="5" type="stmt"/>
        <line num="48" count="5" type="stmt"/>
        <line num="56" count="5" type="cond" truecount="2" falsecount="0"/>
        <line num="57" count="4" type="stmt"/>
        <line num="59" count="5" type="stmt"/>
      </file>
    </package>
    <package name="werewolves-assistant-web-next.components.pages.game-lobby.GameLobbyFooter.GameLobbyStartGameButton">
      <metrics statements="15" coveredstatements="15" conditionals="2" coveredconditionals="2" methods="2" coveredmethods="2"/>
      <file name="GameLobbyStartGameButton.vue" path="/home/runner/work/werewolves-assistant-web-next/werewolves-assistant-web-next/components/pages/game-lobby/GameLobbyFooter/GameLobbyStartGameButton/GameLobbyStartGameButton.vue">
        <metrics statements="15" coveredstatements="15" conditionals="2" coveredconditionals="2" methods="2" coveredmethods="2"/>
        <line num="3" count="3" type="stmt"/>
        <line num="28" count="13" type="stmt"/>
        <line num="30" count="13" type="stmt"/>
        <line num="32" count="13" type="stmt"/>
        <line num="34" count="13" type="stmt"/>
        <line num="35" count="13" type="stmt"/>
        <line num="36" count="13" type="stmt"/>
        <line num="38" count="13" type="stmt"/>
        <line num="40" count="29" type="stmt"/>
        <line num="43" count="6" type="stmt"/>
        <line num="44" count="6" type="stmt"/>
        <line num="45" count="6" type="cond" truecount="2" falsecount="0"/>
        <line num="46" count="2" type="stmt"/>
        <line num="47" count="2" type="stmt"/>
        <line num="49" count="6" type="stmt"/>
      </file>
    </package>
    <package name="werewolves-assistant-web-next.components.pages.game-lobby.GameLobbyHeader">
      <metrics statements="20" coveredstatements="20" conditionals="8" coveredconditionals="8" methods="3" coveredmethods="3"/>
      <file name="GameLobbyHeader.vue" path="/home/runner/work/werewolves-assistant-web-next/werewolves-assistant-web-next/components/pages/game-lobby/GameLobbyHeader/GameLobbyHeader.vue">
        <metrics statements="20" coveredstatements="20" conditionals="8" coveredconditionals="8" methods="3" coveredmethods="3"/>
        <line num="2" count="2" type="stmt"/>
        <line num="10" count="2" type="stmt"/>
        <line num="11" count="2" type="stmt"/>
        <line num="19" count="7" type="stmt"/>
        <line num="25" count="2" type="stmt"/>
        <line num="42" count="11" type="stmt"/>
        <line num="44" count="11" type="stmt"/>
        <line num="46" count="11" type="stmt"/>
        <line num="48" count="11" type="stmt"/>
        <line num="51" count="6" type="cond" truecount="2" falsecount="0"/>
        <line num="52" count="1" type="stmt"/>
        <line num="54" count="5" type="cond" truecount="2" falsecount="0"/>
        <line num="55" count="2" type="stmt"/>
        <line num="57" count="3" type="stmt"/>
        <line num="58" count="3" type="stmt"/>
        <line num="59" count="3" type="cond" truecount="2" falsecount="0"/>
        <line num="60" count="1" type="stmt"/>
        <line num="62" count="2" type="stmt"/>
        <line num="67" count="2" type="stmt"/>
        <line num="71" count="1" type="stmt"/>
      </file>
    </package>
    <package name="werewolves-assistant-web-next.components.pages.game-lobby.GameLobbyHeader.GameLobbyHeaderSetupButtons">
      <metrics statements="3" coveredstatements="3" conditionals="0" coveredconditionals="0" methods="1" coveredmethods="1"/>
      <file name="GameLobbyHeaderSetupButtons.vue" path="/home/runner/work/werewolves-assistant-web-next/werewolves-assistant-web-next/components/pages/game-lobby/GameLobbyHeader/GameLobbyHeaderSetupButtons/GameLobbyHeaderSetupButtons.vue">
        <metrics statements="3" coveredstatements="3" conditionals="0" coveredconditionals="0" methods="1" coveredmethods="1"/>
        <line num="2" count="2" type="stmt"/>
        <line num="14" count="2" type="stmt"/>
        <line num="17" count="1" type="stmt"/>
      </file>
    </package>
    <package name="werewolves-assistant-web-next.components.pages.game-lobby.GameLobbyHeader.GameLobbyHeaderSetupButtons.GameLobbyHeaderOptionsButton">
      <metrics statements="3" coveredstatements="3" conditionals="0" coveredconditionals="0" methods="1" coveredmethods="1"/>
      <file name="GameLobbyHeaderOptionsButton.vue" path="/home/runner/work/werewolves-assistant-web-next/werewolves-assistant-web-next/components/pages/game-lobby/GameLobbyHeader/GameLobbyHeaderSetupButtons/GameLobbyHeaderOptionsButton/GameLobbyHeaderOptionsButton.vue">
        <metrics statements="3" coveredstatements="3" conditionals="0" coveredconditionals="0" methods="1" coveredmethods="1"/>
        <line num="2" count="3" type="stmt"/>
        <line num="15" count="3" type="stmt"/>
        <line num="18" count="1" type="stmt"/>
      </file>
    </package>
    <package name="werewolves-assistant-web-next.components.pages.game-lobby.GameLobbyHeader.GameLobbyPlayerInput">
      <metrics statements="24" coveredstatements="24" conditionals="10" coveredconditionals="10" methods="10" coveredmethods="10"/>
      <file name="GameLobbyPlayerInput.vue" path="/home/runner/work/werewolves-assistant-web-next/werewolves-assistant-web-next/components/pages/game-lobby/GameLobbyHeader/GameLobbyPlayerInput/GameLobbyPlayerInput.vue">
        <metrics statements="24" coveredstatements="24" conditionals="10" coveredconditionals="10" methods="10" coveredmethods="10"/>
        <line num="2" count="3" type="stmt"/>
        <line num="7" count="3" type="stmt"/>
        <line num="10" count="7" type="stmt"/>
        <line num="19" count="3" type="stmt"/>
        <line num="30" count="3" type="stmt"/>
        <line num="47" count="25" type="stmt"/>
        <line num="60" count="17" type="stmt"/>
        <line num="62" count="17" type="stmt"/>
        <line num="64" count="17" type="stmt"/>
        <line num="66" count="17" type="stmt"/>
        <line num="68" count="204" type="stmt"/>
        <line num="70" count="24" type="stmt"/>
        <line num="72" count="26" type="stmt"/>
        <line num="74" count="20" type="stmt"/>
        <line num="76" count="24" type="cond" truecount="2" falsecount="0"/>
        <line num="78" count="17" type="stmt"/>
        <line num="79" count="25" type="cond" truecount="2" falsecount="0"/>
        <line num="80" count="3" type="stmt"/>
        <line num="82" count="22" type="cond" truecount="2" falsecount="0"/>
        <line num="83" count="4" type="stmt"/>
        <line num="85" count="18" type="cond" truecount="2" falsecount="0"/>
        <line num="86" count="1" type="stmt"/>
        <line num="88" count="17" type="stmt"/>
        <line num="91" count="17" type="stmt"/>
      </file>
    </package>
    <package name="werewolves-assistant-web-next.components.pages.game-lobby.GameLobbyOptionsHub">
      <metrics statements="7" coveredstatements="7" conditionals="0" coveredconditionals="0" methods="4" coveredmethods="4"/>
      <file name="GameLobbyOptionsHub.vue" path="/home/runner/work/werewolves-assistant-web-next/werewolves-assistant-web-next/components/pages/game-lobby/GameLobbyOptionsHub/GameLobbyOptionsHub.vue">
        <metrics statements="7" coveredstatements="7" conditionals="0" coveredconditionals="0" methods="4" coveredmethods="4"/>
        <line num="2" count="22" type="stmt"/>
        <line num="19" count="5" type="stmt"/>
        <line num="23" count="5" type="stmt"/>
        <line num="40" count="16" type="stmt"/>
        <line num="43" count="5" type="stmt"/>
        <line num="47" count="1" type="stmt"/>
        <line num="50" count="16" type="stmt"/>
      </file>
    </package>
    <package name="werewolves-assistant-web-next.components.pages.game-lobby.GameLobbyOptionsHub.GameLobbyOptionsHubHeader">
      <metrics statements="1" coveredstatements="1" conditionals="0" coveredconditionals="0" methods="0" coveredmethods="0"/>
      <file name="GameLobbyOptionsHubHeader.vue" path="/home/runner/work/werewolves-assistant-web-next/werewolves-assistant-web-next/components/pages/game-lobby/GameLobbyOptionsHub/GameLobbyOptionsHubHeader/GameLobbyOptionsHubHeader.vue">
        <metrics statements="1" coveredstatements="1" conditionals="0" coveredconditionals="0" methods="0" coveredmethods="0"/>
        <line num="3" count="3" type="stmt"/>
      </file>
    </package>
    <package name="werewolves-assistant-web-next.components.pages.game-lobby.GameLobbyOptionsHub.GameLobbyOptionsHubTabView">
      <metrics statements="7" coveredstatements="7" conditionals="0" coveredconditionals="0" methods="3" coveredmethods="3"/>
      <file name="GameLobbyOptionsHubTabView.vue" path="/home/runner/work/werewolves-assistant-web-next/werewolves-assistant-web-next/components/pages/game-lobby/GameLobbyOptionsHub/GameLobbyOptionsHubTabView/GameLobbyOptionsHubTabView.vue">
        <metrics statements="7" coveredstatements="7" conditionals="0" coveredconditionals="0" methods="3" coveredmethods="3"/>
        <line num="2" count="4" type="stmt"/>
        <line num="20" count="3" type="stmt"/>
        <line num="26" count="4" type="stmt"/>
        <line num="45" count="3" type="stmt"/>
        <line num="51" count="4" type="stmt"/>
        <line num="70" count="3" type="stmt"/>
        <line num="76" count="4" type="stmt"/>
      </file>
    </package>
    <package name="werewolves-assistant-web-next.components.pages.game-lobby.GameLobbyOptionsHub.GameLobbyOptionsHubTabView.GameLobbyOptionsHubCompositionTab">
      <metrics statements="15" coveredstatements="15" conditionals="2" coveredconditionals="2" methods="4" coveredmethods="4"/>
      <file name="GameLobbyOptionsHubCompositionTab.vue" path="/home/runner/work/werewolves-assistant-web-next/werewolves-assistant-web-next/components/pages/game-lobby/GameLobbyOptionsHub/GameLobbyOptionsHubTabView/GameLobbyOptionsHubCompositionTab/GameLobbyOptionsHubCompositionTab.vue">
        <metrics statements="15" coveredstatements="15" conditionals="2" coveredconditionals="2" methods="4" coveredmethods="4"/>
        <line num="2" count="4" type="stmt"/>
        <line num="11" count="1" type="stmt"/>
        <line num="26" count="9" type="stmt"/>
        <line num="27" count="9" type="stmt"/>
        <line num="28" count="9" type="stmt"/>
        <line num="30" count="9" type="stmt"/>
        <line num="32" count="9" type="stmt"/>
        <line num="34" count="9" type="stmt"/>
        <line num="35" count="10" type="stmt"/>
        <line num="37" count="1" type="stmt"/>
        <line num="38" count="1" type="stmt"/>
        <line num="39" count="1" type="stmt"/>
        <line num="43" count="9" type="stmt"/>
        <line num="44" count="10" type="stmt"/>
        <line num="46" count="10" type="stmt"/>
      </file>
    </package>
    <package name="werewolves-assistant-web-next.components.pages.game-lobby.GameLobbyOptionsHub.GameLobbyOptionsHubTabView.GameLobbyOptionsHubRolesTab">
      <metrics statements="1" coveredstatements="1" conditionals="0" coveredconditionals="0" methods="0" coveredmethods="0"/>
      <file name="GameLobbyOptionsHubRolesTab.vue" path="/home/runner/work/werewolves-assistant-web-next/werewolves-assistant-web-next/components/pages/game-lobby/GameLobbyOptionsHub/GameLobbyOptionsHubTabView/GameLobbyOptionsHubRolesTab/GameLobbyOptionsHubRolesTab.vue">
        <metrics statements="1" coveredstatements="1" conditionals="0" coveredconditionals="0" methods="0" coveredmethods="0"/>
        <line num="2" count="5" type="stmt"/>
      </file>
    </package>
    <package name="werewolves-assistant-web-next.components.pages.game-lobby.GameLobbyOptionsHub.GameLobbyOptionsHubTabView.GameLobbyOptionsHubRolesTab.GameLobbyOptionsHubRolesTabActor">
      <metrics statements="16" coveredstatements="16" conditionals="2" coveredconditionals="2" methods="5" coveredmethods="5"/>
      <file name="GameLobbyOptionsHubRolesTabActor.vue" path="/home/runner/work/werewolves-assistant-web-next/werewolves-assistant-web-next/components/pages/game-lobby/GameLobbyOptionsHub/GameLobbyOptionsHubTabView/GameLobbyOptionsHubRolesTab/GameLobbyOptionsHubRolesTabActor/GameLobbyOptionsHubRolesTabActor.vue">
        <metrics statements="16" coveredstatements="16" conditionals="2" coveredconditionals="2" methods="5" coveredmethods="5"/>
        <line num="2" count="10" type="stmt"/>
        <line num="7" count="9" type="stmt"/>
        <line num="18" count="1" type="stmt"/>
        <line num="34" count="9" type="stmt"/>
        <line num="35" count="9" type="stmt"/>
        <line num="36" count="9" type="stmt"/>
        <line num="38" count="9" type="stmt"/>
        <line num="40" count="9" type="stmt"/>
        <line num="42" count="9" type="stmt"/>
        <line num="43" count="10" type="stmt"/>
        <line num="45" count="1" type="stmt"/>
        <line num="46" count="1" type="stmt"/>
        <line num="47" count="1" type="stmt"/>
        <line num="51" count="9" type="stmt"/>
        <line num="52" count="10" type="stmt"/>
        <line num="54" count="10" type="stmt"/>
      </file>
    </package>
    <package name="werewolves-assistant-web-next.components.pages.game-lobby.GameLobbyOptionsHub.GameLobbyOptionsHubTabView.GameLobbyOptionsHubRolesTab.GameLobbyOptionsHubRolesTabBearTamer">
      <metrics statements="16" coveredstatements="16" conditionals="2" coveredconditionals="2" methods="5" coveredmethods="5"/>
      <file name="GameLobbyOptionsHubRolesTabBearTamer.vue" path="/home/runner/work/werewolves-assistant-web-next/werewolves-assistant-web-next/components/pages/game-lobby/GameLobbyOptionsHub/GameLobbyOptionsHubTabView/GameLobbyOptionsHubRolesTab/GameLobbyOptionsHubRolesTabBearTamer/GameLobbyOptionsHubRolesTabBearTamer.vue">
        <metrics statements="16" coveredstatements="16" conditionals="2" coveredconditionals="2" methods="5" coveredmethods="5"/>
        <line num="2" count="10" type="stmt"/>
        <line num="7" count="9" type="stmt"/>
        <line num="18" count="1" type="stmt"/>
        <line num="34" count="9" type="stmt"/>
        <line num="35" count="9" type="stmt"/>
        <line num="36" count="9" type="stmt"/>
        <line num="38" count="9" type="stmt"/>
        <line num="40" count="9" type="stmt"/>
        <line num="42" count="9" type="stmt"/>
        <line num="43" count="10" type="stmt"/>
        <line num="45" count="1" type="stmt"/>
        <line num="46" count="1" type="stmt"/>
        <line num="47" count="1" type="stmt"/>
        <line num="51" count="9" type="stmt"/>
        <line num="52" count="10" type="stmt"/>
        <line num="54" count="10" type="stmt"/>
      </file>
    </package>
    <package name="werewolves-assistant-web-next.components.pages.game-lobby.GameLobbyOptionsHub.GameLobbyOptionsHubTabView.GameLobbyOptionsHubRolesTab.GameLobbyOptionsHubRolesTabBigBadWolf">
      <metrics statements="16" coveredstatements="16" conditionals="2" coveredconditionals="2" methods="5" coveredmethods="5"/>
      <file name="GameLobbyOptionsHubRolesTabBigBadWolf.vue" path="/home/runner/work/werewolves-assistant-web-next/werewolves-assistant-web-next/components/pages/game-lobby/GameLobbyOptionsHub/GameLobbyOptionsHubTabView/GameLobbyOptionsHubRolesTab/GameLobbyOptionsHubRolesTabBigBadWolf/GameLobbyOptionsHubRolesTabBigBadWolf.vue">
        <metrics statements="16" coveredstatements="16" conditionals="2" coveredconditionals="2" methods="5" coveredmethods="5"/>
        <line num="2" count="10" type="stmt"/>
        <line num="7" count="9" type="stmt"/>
        <line num="18" count="1" type="stmt"/>
        <line num="34" count="9" type="stmt"/>
        <line num="35" count="9" type="stmt"/>
        <line num="36" count="9" type="stmt"/>
        <line num="38" count="9" type="stmt"/>
        <line num="40" count="9" type="stmt"/>
        <line num="42" count="9" type="stmt"/>
        <line num="43" count="10" type="stmt"/>
        <line num="45" count="1" type="stmt"/>
        <line num="46" count="1" type="stmt"/>
        <line num="47" count="1" type="stmt"/>
        <line num="51" count="9" type="stmt"/>
        <line num="52" count="10" type="stmt"/>
        <line num="54" count="10" type="stmt"/>
      </file>
    </package>
    <package name="werewolves-assistant-web-next.components.pages.game-lobby.GameLobbyOptionsHub.GameLobbyOptionsHubTabView.GameLobbyOptionsHubRolesTab.GameLobbyOptionsHubRolesTabCupid">
      <metrics statements="25" coveredstatements="25" conditionals="4" coveredconditionals="4" methods="8" coveredmethods="8"/>
      <file name="GameLobbyOptionsHubRolesTabCupid.vue" path="/home/runner/work/werewolves-assistant-web-next/werewolves-assistant-web-next/components/pages/game-lobby/GameLobbyOptionsHub/GameLobbyOptionsHubTabView/GameLobbyOptionsHubRolesTab/GameLobbyOptionsHubRolesTabCupid/GameLobbyOptionsHubRolesTabCupid.vue">
        <metrics statements="25" coveredstatements="25" conditionals="4" coveredconditionals="4" methods="8" coveredmethods="8"/>
        <line num="2" count="15" type="stmt"/>
        <line num="7" count="13" type="stmt"/>
        <line num="19" count="1" type="stmt"/>
        <line num="32" count="1" type="stmt"/>
        <line num="48" count="13" type="stmt"/>
        <line num="49" count="13" type="stmt"/>
        <line num="50" count="13" type="stmt"/>
        <line num="52" count="13" type="stmt"/>
        <line num="53" count="13" type="stmt"/>
        <line num="55" count="13" type="stmt"/>
        <line num="56" count="14" type="stmt"/>
        <line num="58" count="1" type="stmt"/>
        <line num="59" count="1" type="stmt"/>
        <line num="60" count="1" type="stmt"/>
        <line num="64" count="13" type="stmt"/>
        <line num="65" count="14" type="stmt"/>
        <line num="67" count="1" type="stmt"/>
        <line num="68" count="1" type="stmt"/>
        <line num="69" count="1" type="stmt"/>
        <line num="73" count="13" type="stmt"/>
        <line num="74" count="14" type="stmt"/>
        <line num="76" count="14" type="stmt"/>
        <line num="79" count="13" type="stmt"/>
        <line num="80" count="14" type="stmt"/>
        <line num="82" count="14" type="stmt"/>
      </file>
    </package>
    <package name="werewolves-assistant-web-next.components.pages.game-lobby.GameLobbyOptionsHub.GameLobbyOptionsHubTabView.GameLobbyOptionsHubRolesTab.GameLobbyOptionsHubRolesTabDefender">
      <metrics statements="16" coveredstatements="16" conditionals="2" coveredconditionals="2" methods="5" coveredmethods="5"/>
      <file name="GameLobbyOptionsHubRolesTabDefender.vue" path="/home/runner/work/werewolves-assistant-web-next/werewolves-assistant-web-next/components/pages/game-lobby/GameLobbyOptionsHub/GameLobbyOptionsHubTabView/GameLobbyOptionsHubRolesTab/GameLobbyOptionsHubRolesTabDefender/GameLobbyOptionsHubRolesTabDefender.vue">
        <metrics statements="16" coveredstatements="16" conditionals="2" coveredconditionals="2" methods="5" coveredmethods="5"/>
        <line num="2" count="10" type="stmt"/>
        <line num="7" count="9" type="stmt"/>
        <line num="18" count="1" type="stmt"/>
        <line num="34" count="9" type="stmt"/>
        <line num="35" count="9" type="stmt"/>
        <line num="36" count="9" type="stmt"/>
        <line num="38" count="9" type="stmt"/>
        <line num="39" count="9" type="stmt"/>
        <line num="41" count="9" type="stmt"/>
        <line num="42" count="10" type="stmt"/>
        <line num="44" count="1" type="stmt"/>
        <line num="45" count="1" type="stmt"/>
        <line num="46" count="1" type="stmt"/>
        <line num="50" count="9" type="stmt"/>
        <line num="51" count="10" type="stmt"/>
        <line num="53" count="10" type="stmt"/>
      </file>
    </package>
    <package name="werewolves-assistant-web-next.components.pages.game-lobby.GameLobbyOptionsHub.GameLobbyOptionsHubTabView.GameLobbyOptionsHubRolesTab.GameLobbyOptionsHubRolesTabElder">
      <metrics statements="28" coveredstatements="28" conditionals="8" coveredconditionals="8" methods="8" coveredmethods="8"/>
      <file name="GameLobbyOptionsHubRolesTabElder.vue" path="/home/runner/work/werewolves-assistant-web-next/werewolves-assistant-web-next/components/pages/game-lobby/GameLobbyOptionsHub/GameLobbyOptionsHubTabView/GameLobbyOptionsHubRolesTab/GameLobbyOptionsHubRolesTabElder/GameLobbyOptionsHubRolesTabElder.vue">
        <metrics statements="28" coveredstatements="28" conditionals="8" coveredconditionals="8" methods="8" coveredmethods="8"/>
        <line num="2" count="16" type="stmt"/>
        <line num="7" count="15" type="stmt"/>
        <line num="27" count="2" type="stmt"/>
        <line num="36" count="1" type="stmt"/>
        <line num="52" count="1" type="stmt"/>
        <line num="68" count="15" type="stmt"/>
        <line num="69" count="15" type="stmt"/>
        <line num="70" count="15" type="stmt"/>
        <line num="72" count="15" type="stmt"/>
        <line num="73" count="15" type="stmt"/>
        <line num="75" count="15" type="stmt"/>
        <line num="76" count="15" type="stmt"/>
        <line num="78" count="3" type="cond" truecount="2" falsecount="0"/>
        <line num="79" count="1" type="stmt"/>
        <line num="81" count="2" type="stmt"/>
        <line num="82" count="2" type="stmt"/>
        <line num="83" count="2" type="stmt"/>
        <line num="87" count="15" type="stmt"/>
        <line num="88" count="16" type="stmt"/>
        <line num="90" count="1" type="stmt"/>
        <line num="91" count="1" type="stmt"/>
        <line num="92" count="1" type="stmt"/>
        <line num="96" count="15" type="stmt"/>
        <line num="97" count="15" type="stmt"/>
        <line num="99" count="15" type="stmt"/>
        <line num="102" count="15" type="stmt"/>
        <line num="103" count="16" type="stmt"/>
        <line num="105" count="16" type="stmt"/>
      </file>
    </package>
    <package name="werewolves-assistant-web-next.components.pages.game-lobby.GameLobbyOptionsHub.GameLobbyOptionsHubTabView.GameLobbyOptionsHubRolesTab.GameLobbyOptionsHubRolesTabFox">
      <metrics statements="16" coveredstatements="16" conditionals="2" coveredconditionals="2" methods="5" coveredmethods="5"/>
      <file name="GameLobbyOptionsHubRolesTabFox.vue" path="/home/runner/work/werewolves-assistant-web-next/werewolves-assistant-web-next/components/pages/game-lobby/GameLobbyOptionsHub/GameLobbyOptionsHubTabView/GameLobbyOptionsHubRolesTab/GameLobbyOptionsHubRolesTabFox/GameLobbyOptionsHubRolesTabFox.vue">
        <metrics statements="16" coveredstatements="16" conditionals="2" coveredconditionals="2" methods="5" coveredmethods="5"/>
        <line num="2" count="10" type="stmt"/>
        <line num="7" count="9" type="stmt"/>
        <line num="18" count="1" type="stmt"/>
        <line num="34" count="9" type="stmt"/>
        <line num="35" count="9" type="stmt"/>
        <line num="36" count="9" type="stmt"/>
        <line num="38" count="9" type="stmt"/>
        <line num="39" count="9" type="stmt"/>
        <line num="41" count="9" type="stmt"/>
        <line num="42" count="10" type="stmt"/>
        <line num="44" count="1" type="stmt"/>
        <line num="45" count="1" type="stmt"/>
        <line num="46" count="1" type="stmt"/>
        <line num="50" count="9" type="stmt"/>
        <line num="51" count="10" type="stmt"/>
        <line num="53" count="10" type="stmt"/>
      </file>
    </package>
    <package name="werewolves-assistant-web-next.components.pages.game-lobby.GameLobbyOptionsHub.GameLobbyOptionsHubTabView.GameLobbyOptionsHubRolesTab.GameLobbyOptionsHubRolesTabGeneral">
      <metrics statements="26" coveredstatements="26" conditionals="4" coveredconditionals="4" methods="7" coveredmethods="7"/>
      <file name="GameLobbyOptionsHubRolesTabGeneral.vue" path="/home/runner/work/werewolves-assistant-web-next/werewolves-assistant-web-next/components/pages/game-lobby/GameLobbyOptionsHub/GameLobbyOptionsHubTabView/GameLobbyOptionsHubRolesTab/GameLobbyOptionsHubRolesTabGeneral/GameLobbyOptionsHubRolesTabGeneral.vue">
        <metrics statements="26" coveredstatements="26" conditionals="4" coveredconditionals="4" methods="7" coveredmethods="7"/>
        <line num="2" count="16" type="stmt"/>
        <line num="7" count="5" type="stmt"/>
        <line num="10" count="5" type="stmt"/>
        <line num="25" count="1" type="stmt"/>
        <line num="38" count="1" type="stmt"/>
        <line num="54" count="14" type="stmt"/>
        <line num="55" count="14" type="stmt"/>
        <line num="56" count="14" type="stmt"/>
        <line num="58" count="14" type="stmt"/>
        <line num="60" count="14" type="stmt"/>
        <line num="62" count="14" type="stmt"/>
        <line num="63" count="15" type="stmt"/>
        <line num="65" count="1" type="stmt"/>
        <line num="66" count="1" type="stmt"/>
        <line num="67" count="1" type="stmt"/>
        <line num="71" count="14" type="stmt"/>
        <line num="72" count="15" type="stmt"/>
        <line num="74" count="1" type="stmt"/>
        <line num="75" count="1" type="stmt"/>
        <line num="76" count="1" type="stmt"/>
        <line num="80" count="14" type="stmt"/>
        <line num="81" count="15" type="stmt"/>
        <line num="83" count="15" type="stmt"/>
        <line num="86" count="14" type="stmt"/>
        <line num="87" count="15" type="stmt"/>
        <line num="89" count="15" type="stmt"/>
      </file>
    </package>
    <package name="werewolves-assistant-web-next.components.pages.game-lobby.GameLobbyOptionsHub.GameLobbyOptionsHubTabView.GameLobbyOptionsHubRolesTab.GameLobbyOptionsHubRolesTabIdiot">
      <metrics statements="16" coveredstatements="16" conditionals="2" coveredconditionals="2" methods="5" coveredmethods="5"/>
      <file name="GameLobbyOptionsHubRolesTabIdiot.vue" path="/home/runner/work/werewolves-assistant-web-next/werewolves-assistant-web-next/components/pages/game-lobby/GameLobbyOptionsHub/GameLobbyOptionsHubTabView/GameLobbyOptionsHubRolesTab/GameLobbyOptionsHubRolesTabIdiot/GameLobbyOptionsHubRolesTabIdiot.vue">
        <metrics statements="16" coveredstatements="16" conditionals="2" coveredconditionals="2" methods="5" coveredmethods="5"/>
        <line num="2" count="10" type="stmt"/>
        <line num="7" count="9" type="stmt"/>
        <line num="18" count="1" type="stmt"/>
        <line num="34" count="9" type="stmt"/>
        <line num="35" count="9" type="stmt"/>
        <line num="36" count="9" type="stmt"/>
        <line num="38" count="9" type="stmt"/>
        <line num="39" count="9" type="stmt"/>
        <line num="41" count="9" type="stmt"/>
        <line num="42" count="10" type="stmt"/>
        <line num="44" count="1" type="stmt"/>
        <line num="45" count="1" type="stmt"/>
        <line num="46" count="1" type="stmt"/>
        <line num="50" count="9" type="stmt"/>
        <line num="51" count="10" type="stmt"/>
        <line num="53" count="10" type="stmt"/>
      </file>
    </package>
    <package name="werewolves-assistant-web-next.components.pages.game-lobby.GameLobbyOptionsHub.GameLobbyOptionsHubTabView.GameLobbyOptionsHubRolesTab.GameLobbyOptionsHubRolesTabLittleGirl">
      <metrics statements="16" coveredstatements="16" conditionals="2" coveredconditionals="2" methods="5" coveredmethods="5"/>
      <file name="GameLobbyOptionsHubRolesTabLittleGirl.vue" path="/home/runner/work/werewolves-assistant-web-next/werewolves-assistant-web-next/components/pages/game-lobby/GameLobbyOptionsHub/GameLobbyOptionsHubTabView/GameLobbyOptionsHubRolesTab/GameLobbyOptionsHubRolesTabLittleGirl/GameLobbyOptionsHubRolesTabLittleGirl.vue">
        <metrics statements="16" coveredstatements="16" conditionals="2" coveredconditionals="2" methods="5" coveredmethods="5"/>
        <line num="2" count="10" type="stmt"/>
        <line num="7" count="9" type="stmt"/>
        <line num="18" count="1" type="stmt"/>
        <line num="34" count="9" type="stmt"/>
        <line num="35" count="9" type="stmt"/>
        <line num="36" count="9" type="stmt"/>
        <line num="38" count="9" type="stmt"/>
        <line num="39" count="9" type="stmt"/>
        <line num="41" count="9" type="stmt"/>
        <line num="42" count="10" type="stmt"/>
        <line num="44" count="1" type="stmt"/>
        <line num="45" count="1" type="stmt"/>
        <line num="46" count="1" type="stmt"/>
        <line num="50" count="9" type="stmt"/>
        <line num="51" count="10" type="stmt"/>
        <line num="53" count="10" type="stmt"/>
      </file>
    </package>
    <package name="werewolves-assistant-web-next.components.pages.game-lobby.GameLobbyOptionsHub.GameLobbyOptionsHubTabView.GameLobbyOptionsHubRolesTab.GameLobbyOptionsHubRolesTabPiedPiper">
      <metrics statements="28" coveredstatements="28" conditionals="8" coveredconditionals="8" methods="8" coveredmethods="8"/>
      <file name="GameLobbyOptionsHubRolesTabPiedPiper.vue" path="/home/runner/work/werewolves-assistant-web-next/werewolves-assistant-web-next/components/pages/game-lobby/GameLobbyOptionsHub/GameLobbyOptionsHubTabView/GameLobbyOptionsHubRolesTab/GameLobbyOptionsHubRolesTabPiedPiper/GameLobbyOptionsHubRolesTabPiedPiper.vue">
        <metrics statements="28" coveredstatements="28" conditionals="8" coveredconditionals="8" methods="8" coveredmethods="8"/>
        <line num="2" count="16" type="stmt"/>
        <line num="7" count="15" type="stmt"/>
        <line num="27" count="2" type="stmt"/>
        <line num="35" count="1" type="stmt"/>
        <line num="52" count="1" type="stmt"/>
        <line num="68" count="15" type="stmt"/>
        <line num="69" count="15" type="stmt"/>
        <line num="70" count="15" type="stmt"/>
        <line num="72" count="15" type="stmt"/>
        <line num="74" count="15" type="stmt"/>
        <line num="76" count="15" type="stmt"/>
        <line num="77" count="15" type="stmt"/>
        <line num="79" count="3" type="cond" truecount="2" falsecount="0"/>
        <line num="80" count="1" type="stmt"/>
        <line num="82" count="2" type="stmt"/>
        <line num="83" count="2" type="stmt"/>
        <line num="84" count="2" type="stmt"/>
        <line num="88" count="15" type="stmt"/>
        <line num="89" count="16" type="stmt"/>
        <line num="91" count="1" type="stmt"/>
        <line num="92" count="1" type="stmt"/>
        <line num="93" count="1" type="stmt"/>
        <line num="97" count="15" type="stmt"/>
        <line num="98" count="15" type="stmt"/>
        <line num="100" count="15" type="stmt"/>
        <line num="103" count="15" type="stmt"/>
        <line num="104" count="16" type="stmt"/>
        <line num="106" count="16" type="stmt"/>
      </file>
    </package>
    <package name="werewolves-assistant-web-next.components.pages.game-lobby.GameLobbyOptionsHub.GameLobbyOptionsHubTabView.GameLobbyOptionsHubRolesTab.GameLobbyOptionsHubRolesTabPrejudicedManipulator">
      <metrics statements="16" coveredstatements="16" conditionals="2" coveredconditionals="2" methods="5" coveredmethods="5"/>
      <file name="GameLobbyOptionsHubRolesTabPrejudicedManipulator.vue" path="/home/runner/work/werewolves-assistant-web-next/werewolves-assistant-web-next/components/pages/game-lobby/GameLobbyOptionsHub/GameLobbyOptionsHubTabView/GameLobbyOptionsHubRolesTab/GameLobbyOptionsHubRolesTabPrejudicedManipulator/GameLobbyOptionsHubRolesTabPrejudicedManipulator.vue">
        <metrics statements="16" coveredstatements="16" conditionals="2" coveredconditionals="2" methods="5" coveredmethods="5"/>
        <line num="2" count="10" type="stmt"/>
        <line num="7" count="9" type="stmt"/>
        <line num="18" count="1" type="stmt"/>
        <line num="34" count="9" type="stmt"/>
        <line num="35" count="9" type="stmt"/>
        <line num="36" count="9" type="stmt"/>
        <line num="38" count="9" type="stmt"/>
        <line num="40" count="9" type="stmt"/>
        <line num="42" count="9" type="stmt"/>
        <line num="43" count="10" type="stmt"/>
        <line num="45" count="1" type="stmt"/>
        <line num="46" count="1" type="stmt"/>
        <line num="47" count="1" type="stmt"/>
        <line num="51" count="9" type="stmt"/>
        <line num="52" count="10" type="stmt"/>
        <line num="54" count="10" type="stmt"/>
      </file>
    </package>
    <package name="werewolves-assistant-web-next.components.pages.game-lobby.GameLobbyOptionsHub.GameLobbyOptionsHubTabView.GameLobbyOptionsHubRolesTab.GameLobbyOptionsHubRolesTabScandalmonger">
      <metrics statements="18" coveredstatements="18" conditionals="6" coveredconditionals="6" methods="5" coveredmethods="5"/>
      <file name="GameLobbyOptionsHubRolesTabScandalmonger.vue" path="/home/runner/work/werewolves-assistant-web-next/werewolves-assistant-web-next/components/pages/game-lobby/GameLobbyOptionsHub/GameLobbyOptionsHubTabView/GameLobbyOptionsHubRolesTab/GameLobbyOptionsHubRolesTabScandalmonger/GameLobbyOptionsHubRolesTabScandalmonger.vue">
        <metrics statements="18" coveredstatements="18" conditionals="6" coveredconditionals="6" methods="5" coveredmethods="5"/>
        <line num="2" count="11" type="stmt"/>
        <line num="7" count="11" type="stmt"/>
        <line num="26" count="1" type="stmt"/>
        <line num="34" count="2" type="stmt"/>
        <line num="52" count="11" type="stmt"/>
        <line num="53" count="11" type="stmt"/>
        <line num="54" count="11" type="stmt"/>
        <line num="56" count="11" type="stmt"/>
        <line num="58" count="11" type="stmt"/>
        <line num="59" count="11" type="stmt"/>
        <line num="61" count="3" type="cond" truecount="2" falsecount="0"/>
        <line num="62" count="1" type="stmt"/>
        <line num="64" count="2" type="stmt"/>
        <line num="65" count="2" type="stmt"/>
        <line num="66" count="2" type="stmt"/>
        <line num="70" count="11" type="stmt"/>
        <line num="71" count="11" type="stmt"/>
        <line num="73" count="11" type="stmt"/>
      </file>
    </package>
    <package name="werewolves-assistant-web-next.components.pages.game-lobby.GameLobbyOptionsHub.GameLobbyOptionsHubTabView.GameLobbyOptionsHubRolesTab.GameLobbyOptionsHubRolesTabSeer">
      <metrics statements="25" coveredstatements="25" conditionals="4" coveredconditionals="4" methods="8" coveredmethods="8"/>
      <file name="GameLobbyOptionsHubRolesTabSeer.vue" path="/home/runner/work/werewolves-assistant-web-next/werewolves-assistant-web-next/components/pages/game-lobby/GameLobbyOptionsHub/GameLobbyOptionsHubTabView/GameLobbyOptionsHubRolesTab/GameLobbyOptionsHubRolesTabSeer/GameLobbyOptionsHubRolesTabSeer.vue">
        <metrics statements="25" coveredstatements="25" conditionals="4" coveredconditionals="4" methods="8" coveredmethods="8"/>
        <line num="2" count="15" type="stmt"/>
        <line num="7" count="13" type="stmt"/>
        <line num="19" count="1" type="stmt"/>
        <line num="32" count="1" type="stmt"/>
        <line num="48" count="13" type="stmt"/>
        <line num="49" count="13" type="stmt"/>
        <line num="50" count="13" type="stmt"/>
        <line num="52" count="13" type="stmt"/>
        <line num="53" count="13" type="stmt"/>
        <line num="55" count="13" type="stmt"/>
        <line num="56" count="14" type="stmt"/>
        <line num="58" count="1" type="stmt"/>
        <line num="59" count="1" type="stmt"/>
        <line num="60" count="1" type="stmt"/>
        <line num="64" count="13" type="stmt"/>
        <line num="65" count="14" type="stmt"/>
        <line num="67" count="1" type="stmt"/>
        <line num="68" count="1" type="stmt"/>
        <line num="69" count="1" type="stmt"/>
        <line num="73" count="13" type="stmt"/>
        <line num="74" count="14" type="stmt"/>
        <line num="76" count="14" type="stmt"/>
        <line num="79" count="13" type="stmt"/>
        <line num="80" count="14" type="stmt"/>
        <line num="82" count="14" type="stmt"/>
      </file>
    </package>
    <package name="werewolves-assistant-web-next.components.pages.game-lobby.GameLobbyOptionsHub.GameLobbyOptionsHubTabView.GameLobbyOptionsHubRolesTab.GameLobbyOptionsHubRolesTabSheriff">
      <metrics statements="36" coveredstatements="36" conditionals="6" coveredconditionals="6" methods="11" coveredmethods="11"/>
      <file name="GameLobbyOptionsHubRolesTabSheriff.vue" path="/home/runner/work/werewolves-assistant-web-next/werewolves-assistant-web-next/components/pages/game-lobby/GameLobbyOptionsHub/GameLobbyOptionsHubTabView/GameLobbyOptionsHubRolesTab/GameLobbyOptionsHubRolesTabSheriff/GameLobbyOptionsHubRolesTabSheriff.vue">
        <metrics statements="36" coveredstatements="36" conditionals="6" coveredconditionals="6" methods="11" coveredmethods="11"/>
        <line num="2" count="24" type="stmt"/>
        <line num="7" count="5" type="stmt"/>
        <line num="17" count="5" type="stmt"/>
        <line num="32" count="1" type="stmt"/>
        <line num="35" count="24" type="stmt"/>
        <line num="46" count="1" type="stmt"/>
        <line num="60" count="1" type="stmt"/>
        <line num="78" count="20" type="stmt"/>
        <line num="79" count="20" type="stmt"/>
        <line num="80" count="20" type="stmt"/>
        <line num="82" count="20" type="stmt"/>
        <line num="84" count="20" type="stmt"/>
        <line num="86" count="20" type="stmt"/>
        <line num="87" count="22" type="stmt"/>
        <line num="89" count="1" type="stmt"/>
        <line num="90" count="1" type="stmt"/>
        <line num="91" count="1" type="stmt"/>
        <line num="95" count="20" type="stmt"/>
        <line num="96" count="21" type="stmt"/>
        <line num="98" count="1" type="stmt"/>
        <line num="99" count="1" type="stmt"/>
        <line num="100" count="1" type="stmt"/>
        <line num="104" count="20" type="stmt"/>
        <line num="105" count="21" type="stmt"/>
        <line num="107" count="1" type="stmt"/>
        <line num="108" count="1" type="stmt"/>
        <line num="109" count="1" type="stmt"/>
        <line num="113" count="20" type="stmt"/>
        <line num="114" count="22" type="stmt"/>
        <line num="116" count="22" type="stmt"/>
        <line num="119" count="20" type="stmt"/>
        <line num="120" count="21" type="stmt"/>
        <line num="122" count="21" type="stmt"/>
        <line num="125" count="20" type="stmt"/>
        <line num="126" count="21" type="stmt"/>
        <line num="128" count="21" type="stmt"/>
      </file>
    </package>
    <package name="werewolves-assistant-web-next.components.pages.game-lobby.GameLobbyOptionsHub.GameLobbyOptionsHubTabView.GameLobbyOptionsHubRolesTab.GameLobbyOptionsHubRolesTabSheriff.GameLobbyOptionsHubRolesTabSheriffElection">
      <metrics statements="23" coveredstatements="23" conditionals="10" coveredconditionals="10" methods="6" coveredmethods="6"/>
      <file name="GameLobbyOptionsHubRolesTabSheriffElection.vue" path="/home/runner/work/werewolves-assistant-web-next/werewolves-assistant-web-next/components/pages/game-lobby/GameLobbyOptionsHub/GameLobbyOptionsHubTabView/GameLobbyOptionsHubRolesTab/GameLobbyOptionsHubRolesTabSheriff/GameLobbyOptionsHubRolesTabSheriffElection/GameLobbyOptionsHubRolesTabSheriffElection.vue">
        <metrics statements="23" coveredstatements="23" conditionals="10" coveredconditionals="10" methods="6" coveredmethods="6"/>
        <line num="2" count="18" type="stmt"/>
        <line num="10" count="2" type="stmt"/>
        <line num="28" count="2" type="stmt"/>
        <line num="37" count="1" type="stmt"/>
        <line num="52" count="16" type="stmt"/>
        <line num="53" count="16" type="stmt"/>
        <line num="54" count="16" type="stmt"/>
        <line num="56" count="16" type="stmt"/>
        <line num="58" count="16" type="stmt"/>
        <line num="59" count="17" type="stmt"/>
        <line num="61" count="3" type="cond" truecount="2" falsecount="0"/>
        <line num="62" count="1" type="stmt"/>
        <line num="64" count="2" type="stmt"/>
        <line num="65" count="2" type="stmt"/>
        <line num="66" count="2" type="stmt"/>
        <line num="70" count="16" type="stmt"/>
        <line num="71" count="18" type="stmt"/>
        <line num="73" count="2" type="stmt"/>
        <line num="74" count="2" type="cond" truecount="2" falsecount="0"/>
        <line num="75" count="2" type="stmt"/>
        <line num="79" count="16" type="stmt"/>
        <line num="80" count="18" type="stmt"/>
        <line num="82" count="18" type="stmt"/>
      </file>
    </package>
    <package name="werewolves-assistant-web-next.components.pages.game-lobby.GameLobbyOptionsHub.GameLobbyOptionsHubTabView.GameLobbyOptionsHubRolesTab.GameLobbyOptionsHubRolesTabStutteringJudge">
      <metrics statements="18" coveredstatements="18" conditionals="6" coveredconditionals="6" methods="5" coveredmethods="5"/>
      <file name="GameLobbyOptionsHubRolesTabStutteringJudge.vue" path="/home/runner/work/werewolves-assistant-web-next/werewolves-assistant-web-next/components/pages/game-lobby/GameLobbyOptionsHub/GameLobbyOptionsHubTabView/GameLobbyOptionsHubRolesTab/GameLobbyOptionsHubRolesTabStutteringJudge/GameLobbyOptionsHubRolesTabStutteringJudge.vue">
        <metrics statements="18" coveredstatements="18" conditionals="6" coveredconditionals="6" methods="5" coveredmethods="5"/>
        <line num="2" count="11" type="stmt"/>
        <line num="7" count="11" type="stmt"/>
        <line num="26" count="2" type="stmt"/>
        <line num="35" count="1" type="stmt"/>
        <line num="52" count="11" type="stmt"/>
        <line num="53" count="11" type="stmt"/>
        <line num="54" count="11" type="stmt"/>
        <line num="56" count="11" type="stmt"/>
        <line num="58" count="11" type="stmt"/>
        <line num="59" count="11" type="stmt"/>
        <line num="61" count="3" type="cond" truecount="2" falsecount="0"/>
        <line num="62" count="1" type="stmt"/>
        <line num="64" count="2" type="stmt"/>
        <line num="65" count="2" type="stmt"/>
        <line num="66" count="2" type="stmt"/>
        <line num="70" count="11" type="stmt"/>
        <line num="71" count="11" type="stmt"/>
        <line num="73" count="11" type="stmt"/>
      </file>
    </package>
    <package name="werewolves-assistant-web-next.components.pages.game-lobby.GameLobbyOptionsHub.GameLobbyOptionsHubTabView.GameLobbyOptionsHubRolesTab.GameLobbyOptionsHubRolesTabThief">
      <metrics statements="25" coveredstatements="25" conditionals="4" coveredconditionals="4" methods="8" coveredmethods="8"/>
      <file name="GameLobbyOptionsHubRolesTabThief.vue" path="/home/runner/work/werewolves-assistant-web-next/werewolves-assistant-web-next/components/pages/game-lobby/GameLobbyOptionsHub/GameLobbyOptionsHubTabView/GameLobbyOptionsHubRolesTab/GameLobbyOptionsHubRolesTabThief/GameLobbyOptionsHubRolesTabThief.vue">
        <metrics statements="25" coveredstatements="25" conditionals="4" coveredconditionals="4" methods="8" coveredmethods="8"/>
        <line num="2" count="15" type="stmt"/>
        <line num="7" count="13" type="stmt"/>
        <line num="19" count="1" type="stmt"/>
        <line num="32" count="1" type="stmt"/>
        <line num="48" count="13" type="stmt"/>
        <line num="49" count="13" type="stmt"/>
        <line num="50" count="13" type="stmt"/>
        <line num="52" count="13" type="stmt"/>
        <line num="54" count="13" type="stmt"/>
        <line num="56" count="13" type="stmt"/>
        <line num="57" count="14" type="stmt"/>
        <line num="59" count="1" type="stmt"/>
        <line num="60" count="1" type="stmt"/>
        <line num="61" count="1" type="stmt"/>
        <line num="65" count="13" type="stmt"/>
        <line num="66" count="14" type="stmt"/>
        <line num="68" count="1" type="stmt"/>
        <line num="69" count="1" type="stmt"/>
        <line num="70" count="1" type="stmt"/>
        <line num="74" count="13" type="stmt"/>
        <line num="75" count="14" type="stmt"/>
        <line num="77" count="14" type="stmt"/>
        <line num="80" count="13" type="stmt"/>
        <line num="81" count="14" type="stmt"/>
        <line num="83" count="14" type="stmt"/>
      </file>
    </package>
    <package name="werewolves-assistant-web-next.components.pages.game-lobby.GameLobbyOptionsHub.GameLobbyOptionsHubTabView.GameLobbyOptionsHubRolesTab.GameLobbyOptionsHubRolesTabThreeBrothers">
      <metrics statements="18" coveredstatements="18" conditionals="6" coveredconditionals="6" methods="5" coveredmethods="5"/>
      <file name="GameLobbyOptionsHubRolesTabThreeBrothers.vue" path="/home/runner/work/werewolves-assistant-web-next/werewolves-assistant-web-next/components/pages/game-lobby/GameLobbyOptionsHub/GameLobbyOptionsHubTabView/GameLobbyOptionsHubRolesTab/GameLobbyOptionsHubRolesTabThreeBrothers/GameLobbyOptionsHubRolesTabThreeBrothers.vue">
        <metrics statements="18" coveredstatements="18" conditionals="6" coveredconditionals="6" methods="5" coveredmethods="5"/>
        <line num="2" count="11" type="stmt"/>
        <line num="7" count="11" type="stmt"/>
        <line num="26" count="2" type="stmt"/>
        <line num="35" count="1" type="stmt"/>
        <line num="52" count="11" type="stmt"/>
        <line num="53" count="11" type="stmt"/>
        <line num="54" count="11" type="stmt"/>
        <line num="56" count="11" type="stmt"/>
        <line num="58" count="11" type="stmt"/>
        <line num="59" count="11" type="stmt"/>
        <line num="61" count="3" type="cond" truecount="2" falsecount="0"/>
        <line num="62" count="1" type="stmt"/>
        <line num="64" count="2" type="stmt"/>
        <line num="65" count="2" type="stmt"/>
        <line num="66" count="2" type="stmt"/>
        <line num="70" count="11" type="stmt"/>
        <line num="71" count="11" type="stmt"/>
        <line num="73" count="11" type="stmt"/>
      </file>
    </package>
    <package name="werewolves-assistant-web-next.components.pages.game-lobby.GameLobbyOptionsHub.GameLobbyOptionsHubTabView.GameLobbyOptionsHubRolesTab.GameLobbyOptionsHubRolesTabTwoSisters">
      <metrics statements="18" coveredstatements="18" conditionals="6" coveredconditionals="6" methods="5" coveredmethods="5"/>
      <file name="GameLobbyOptionsHubRolesTabTwoSisters.vue" path="/home/runner/work/werewolves-assistant-web-next/werewolves-assistant-web-next/components/pages/game-lobby/GameLobbyOptionsHub/GameLobbyOptionsHubTabView/GameLobbyOptionsHubRolesTab/GameLobbyOptionsHubRolesTabTwoSisters/GameLobbyOptionsHubRolesTabTwoSisters.vue">
        <metrics statements="18" coveredstatements="18" conditionals="6" coveredconditionals="6" methods="5" coveredmethods="5"/>
        <line num="2" count="11" type="stmt"/>
        <line num="7" count="11" type="stmt"/>
        <line num="26" count="2" type="stmt"/>
        <line num="35" count="1" type="stmt"/>
        <line num="52" count="11" type="stmt"/>
        <line num="53" count="11" type="stmt"/>
        <line num="54" count="11" type="stmt"/>
        <line num="56" count="11" type="stmt"/>
        <line num="58" count="11" type="stmt"/>
        <line num="59" count="11" type="stmt"/>
        <line num="61" count="3" type="cond" truecount="2" falsecount="0"/>
        <line num="62" count="1" type="stmt"/>
        <line num="64" count="2" type="stmt"/>
        <line num="65" count="2" type="stmt"/>
        <line num="66" count="2" type="stmt"/>
        <line num="70" count="11" type="stmt"/>
        <line num="71" count="11" type="stmt"/>
        <line num="73" count="11" type="stmt"/>
      </file>
    </package>
    <package name="werewolves-assistant-web-next.components.pages.game-lobby.GameLobbyOptionsHub.GameLobbyOptionsHubTabView.GameLobbyOptionsHubRolesTab.GameLobbyOptionsHubRolesTabWhiteWerewolf">
      <metrics statements="18" coveredstatements="18" conditionals="6" coveredconditionals="6" methods="5" coveredmethods="5"/>
      <file name="GameLobbyOptionsHubRolesTabWhiteWerewolf.vue" path="/home/runner/work/werewolves-assistant-web-next/werewolves-assistant-web-next/components/pages/game-lobby/GameLobbyOptionsHub/GameLobbyOptionsHubTabView/GameLobbyOptionsHubRolesTab/GameLobbyOptionsHubRolesTabWhiteWerewolf/GameLobbyOptionsHubRolesTabWhiteWerewolf.vue">
        <metrics statements="18" coveredstatements="18" conditionals="6" coveredconditionals="6" methods="5" coveredmethods="5"/>
        <line num="2" count="11" type="stmt"/>
        <line num="7" count="11" type="stmt"/>
        <line num="26" count="2" type="stmt"/>
        <line num="35" count="1" type="stmt"/>
        <line num="52" count="11" type="stmt"/>
        <line num="53" count="11" type="stmt"/>
        <line num="54" count="11" type="stmt"/>
        <line num="56" count="11" type="stmt"/>
        <line num="58" count="11" type="stmt"/>
        <line num="59" count="11" type="stmt"/>
        <line num="61" count="3" type="cond" truecount="2" falsecount="0"/>
        <line num="62" count="1" type="stmt"/>
        <line num="64" count="2" type="stmt"/>
        <line num="65" count="2" type="stmt"/>
        <line num="66" count="2" type="stmt"/>
        <line num="70" count="11" type="stmt"/>
        <line num="71" count="11" type="stmt"/>
        <line num="73" count="11" type="stmt"/>
      </file>
    </package>
    <package name="werewolves-assistant-web-next.components.pages.game-lobby.GameLobbyOptionsHub.GameLobbyOptionsHubTabView.GameLobbyOptionsHubRolesTab.GameLobbyOptionsHubRolesTabWildChild">
      <metrics statements="16" coveredstatements="16" conditionals="2" coveredconditionals="2" methods="5" coveredmethods="5"/>
      <file name="GameLobbyOptionsHubRolesTabWildChild.vue" path="/home/runner/work/werewolves-assistant-web-next/werewolves-assistant-web-next/components/pages/game-lobby/GameLobbyOptionsHub/GameLobbyOptionsHubTabView/GameLobbyOptionsHubRolesTab/GameLobbyOptionsHubRolesTabWildChild/GameLobbyOptionsHubRolesTabWildChild.vue">
        <metrics statements="16" coveredstatements="16" conditionals="2" coveredconditionals="2" methods="5" coveredmethods="5"/>
        <line num="2" count="10" type="stmt"/>
        <line num="7" count="9" type="stmt"/>
        <line num="18" count="1" type="stmt"/>
        <line num="34" count="9" type="stmt"/>
        <line num="35" count="9" type="stmt"/>
        <line num="36" count="9" type="stmt"/>
        <line num="38" count="9" type="stmt"/>
        <line num="39" count="9" type="stmt"/>
        <line num="41" count="9" type="stmt"/>
        <line num="42" count="10" type="stmt"/>
        <line num="44" count="1" type="stmt"/>
        <line num="45" count="1" type="stmt"/>
        <line num="46" count="1" type="stmt"/>
        <line num="50" count="9" type="stmt"/>
        <line num="51" count="10" type="stmt"/>
        <line num="53" count="10" type="stmt"/>
      </file>
    </package>
    <package name="werewolves-assistant-web-next.components.pages.game-lobby.GameLobbyOptionsHub.GameLobbyOptionsHubTabView.GameLobbyOptionsHubRolesTab.GameLobbyOptionsHubRolesTabWitch">
      <metrics statements="16" coveredstatements="16" conditionals="2" coveredconditionals="2" methods="5" coveredmethods="5"/>
      <file name="GameLobbyOptionsHubRolesTabWitch.vue" path="/home/runner/work/werewolves-assistant-web-next/werewolves-assistant-web-next/components/pages/game-lobby/GameLobbyOptionsHub/GameLobbyOptionsHubTabView/GameLobbyOptionsHubRolesTab/GameLobbyOptionsHubRolesTabWitch/GameLobbyOptionsHubRolesTabWitch.vue">
        <metrics statements="16" coveredstatements="16" conditionals="2" coveredconditionals="2" methods="5" coveredmethods="5"/>
        <line num="2" count="10" type="stmt"/>
        <line num="7" count="9" type="stmt"/>
        <line num="18" count="1" type="stmt"/>
        <line num="34" count="9" type="stmt"/>
        <line num="35" count="9" type="stmt"/>
        <line num="36" count="9" type="stmt"/>
        <line num="38" count="9" type="stmt"/>
        <line num="40" count="9" type="stmt"/>
        <line num="42" count="9" type="stmt"/>
        <line num="43" count="10" type="stmt"/>
        <line num="45" count="1" type="stmt"/>
        <line num="46" count="1" type="stmt"/>
        <line num="47" count="1" type="stmt"/>
        <line num="51" count="9" type="stmt"/>
        <line num="52" count="10" type="stmt"/>
        <line num="54" count="10" type="stmt"/>
      </file>
    </package>
    <package name="werewolves-assistant-web-next.components.pages.game-lobby.GameLobbyOptionsHub.GameLobbyOptionsHubTabView.GameLobbyOptionsHubRolesTab.GameLobbyOptionsHubRolesTabWolfHound">
      <metrics statements="25" coveredstatements="25" conditionals="4" coveredconditionals="4" methods="8" coveredmethods="8"/>
      <file name="GameLobbyOptionsHubRolesTabWolfHound.vue" path="/home/runner/work/werewolves-assistant-web-next/werewolves-assistant-web-next/components/pages/game-lobby/GameLobbyOptionsHub/GameLobbyOptionsHubTabView/GameLobbyOptionsHubRolesTab/GameLobbyOptionsHubRolesTabWolfHound/GameLobbyOptionsHubRolesTabWolfHound.vue">
        <metrics statements="25" coveredstatements="25" conditionals="4" coveredconditionals="4" methods="8" coveredmethods="8"/>
        <line num="2" count="15" type="stmt"/>
        <line num="7" count="13" type="stmt"/>
        <line num="19" count="1" type="stmt"/>
        <line num="32" count="1" type="stmt"/>
        <line num="48" count="13" type="stmt"/>
        <line num="49" count="13" type="stmt"/>
        <line num="50" count="13" type="stmt"/>
        <line num="52" count="13" type="stmt"/>
        <line num="54" count="13" type="stmt"/>
        <line num="56" count="13" type="stmt"/>
        <line num="57" count="14" type="stmt"/>
        <line num="59" count="1" type="stmt"/>
        <line num="60" count="1" type="stmt"/>
        <line num="61" count="1" type="stmt"/>
        <line num="65" count="13" type="stmt"/>
        <line num="66" count="14" type="stmt"/>
        <line num="68" count="1" type="stmt"/>
        <line num="69" count="1" type="stmt"/>
        <line num="70" count="1" type="stmt"/>
        <line num="74" count="13" type="stmt"/>
        <line num="75" count="14" type="stmt"/>
        <line num="77" count="14" type="stmt"/>
        <line num="80" count="13" type="stmt"/>
        <line num="81" count="14" type="stmt"/>
        <line num="83" count="14" type="stmt"/>
      </file>
    </package>
    <package name="werewolves-assistant-web-next.components.pages.game-lobby.GameLobbyOptionsHub.GameLobbyOptionsHubTabView.GameLobbyOptionsHubVotesTab">
      <metrics statements="15" coveredstatements="15" conditionals="2" coveredconditionals="2" methods="4" coveredmethods="4"/>
      <file name="GameLobbyOptionsHubVotesTab.vue" path="/home/runner/work/werewolves-assistant-web-next/werewolves-assistant-web-next/components/pages/game-lobby/GameLobbyOptionsHub/GameLobbyOptionsHubTabView/GameLobbyOptionsHubVotesTab/GameLobbyOptionsHubVotesTab.vue">
        <metrics statements="15" coveredstatements="15" conditionals="2" coveredconditionals="2" methods="4" coveredmethods="4"/>
        <line num="2" count="4" type="stmt"/>
        <line num="11" count="1" type="stmt"/>
        <line num="26" count="9" type="stmt"/>
        <line num="27" count="9" type="stmt"/>
        <line num="28" count="9" type="stmt"/>
        <line num="30" count="9" type="stmt"/>
        <line num="32" count="9" type="stmt"/>
        <line num="34" count="9" type="stmt"/>
        <line num="35" count="10" type="stmt"/>
        <line num="37" count="1" type="stmt"/>
        <line num="38" count="1" type="stmt"/>
        <line num="39" count="1" type="stmt"/>
        <line num="43" count="9" type="stmt"/>
        <line num="44" count="10" type="stmt"/>
        <line num="46" count="10" type="stmt"/>
      </file>
    </package>
    <package name="werewolves-assistant-web-next.components.pages.game-lobby.GameLobbyPlayersParty">
      <metrics statements="8" coveredstatements="8" conditionals="3" coveredconditionals="3" methods="1" coveredmethods="1"/>
      <file name="GameLobbyPlayersParty.vue" path="/home/runner/work/werewolves-assistant-web-next/werewolves-assistant-web-next/components/pages/game-lobby/GameLobbyPlayersParty/GameLobbyPlayersParty.vue">
        <metrics statements="8" coveredstatements="8" conditionals="3" coveredconditionals="3" methods="1" coveredmethods="1"/>
        <line num="11" count="2" type="stmt"/>
        <line num="23" count="12" type="stmt"/>
        <line num="42" count="6" type="stmt"/>
        <line num="44" count="6" type="stmt"/>
        <line num="46" count="6" type="stmt"/>
        <line num="49" count="2" type="cond" truecount="2" falsecount="0"/>
        <line num="50" count="1" type="stmt"/>
        <line num="52" count="1" type="stmt"/>
      </file>
    </package>
    <package name="werewolves-assistant-web-next.components.pages.game-lobby.GameLobbyPlayersParty.GameLobbyPlayerCard">
      <metrics statements="14" coveredstatements="14" conditionals="2" coveredconditionals="2" methods="3" coveredmethods="3"/>
      <file name="GameLobbyPlayerCard.vue" path="/home/runner/work/werewolves-assistant-web-next/werewolves-assistant-web-next/components/pages/game-lobby/GameLobbyPlayersParty/GameLobbyPlayerCard/GameLobbyPlayerCard.vue">
        <metrics statements="14" coveredstatements="14" conditionals="2" coveredconditionals="2" methods="3" coveredmethods="3"/>
        <line num="1" count="3" type="stmt"/>
        <line num="2" count="11" type="stmt"/>
        <line num="25" count="3" type="stmt"/>
        <line num="37" count="11" type="stmt"/>
        <line num="39" count="11" type="stmt"/>
        <line num="41" count="11" type="stmt"/>
        <line num="43" count="11" type="stmt"/>
        <line num="45" count="11" type="stmt"/>
        <line num="47" count="11" type="stmt"/>
        <line num="48" count="11" type="cond" truecount="2" falsecount="0"/>
        <line num="49" count="1" type="stmt"/>
        <line num="51" count="10" type="stmt"/>
        <line num="55" count="1" type="stmt"/>
        <line num="59" count="1" type="stmt"/>
      </file>
    </package>
    <package name="werewolves-assistant-web-next.components.pages.game-lobby.GameLobbyRolePicker">
      <metrics statements="10" coveredstatements="10" conditionals="0" coveredconditionals="0" methods="3" coveredmethods="3"/>
      <file name="GameLobbyRolePicker.vue" path="/home/runner/work/werewolves-assistant-web-next/werewolves-assistant-web-next/components/pages/game-lobby/GameLobbyRolePicker/GameLobbyRolePicker.vue">
        <metrics statements="10" coveredstatements="10" conditionals="0" coveredconditionals="0" methods="3" coveredmethods="3"/>
        <line num="2" count="36" type="stmt"/>
        <line num="65" count="25" type="stmt"/>
        <line num="66" count="25" type="stmt"/>
        <line num="67" count="25" type="stmt"/>
        <line num="70" count="10" type="stmt"/>
        <line num="71" count="10" type="stmt"/>
        <line num="72" count="10" type="stmt"/>
        <line num="76" count="2" type="stmt"/>
        <line num="80" count="1" type="stmt"/>
        <line num="83" count="25" type="stmt"/>
      </file>
    </package>
    <package name="werewolves-assistant-web-next.components.pages.game-lobby.GameLobbyRolePicker.GameLobbyRolePickerDescription">
      <metrics statements="6" coveredstatements="6" conditionals="2" coveredconditionals="2" methods="2" coveredmethods="2"/>
      <file name="GameLobbyRolePickerDescription.vue" path="/home/runner/work/werewolves-assistant-web-next/werewolves-assistant-web-next/components/pages/game-lobby/GameLobbyRolePicker/GameLobbyRolePickerDescription/GameLobbyRolePickerDescription.vue">
        <metrics statements="6" coveredstatements="6" conditionals="2" coveredconditionals="2" methods="2" coveredmethods="2"/>
        <line num="23" count="3" type="stmt"/>
        <line num="39" count="8" type="stmt"/>
        <line num="41" count="8" type="stmt"/>
        <line num="42" count="8" type="stmt"/>
        <line num="44" count="9" type="stmt"/>
        <line num="45" count="1" type="stmt"/>
      </file>
    </package>
    <package name="werewolves-assistant-web-next.components.pages.game-lobby.GameLobbyRolePicker.GameLobbyRolePickerDescription.GameLobbyRolePickerDescriptionContent">
      <metrics statements="5" coveredstatements="5" conditionals="0" coveredconditionals="0" methods="1" coveredmethods="1"/>
      <file name="GameLobbyRolePickerDescriptionContent.vue" path="/home/runner/work/werewolves-assistant-web-next/werewolves-assistant-web-next/components/pages/game-lobby/GameLobbyRolePicker/GameLobbyRolePickerDescription/GameLobbyRolePickerDescriptionContent/GameLobbyRolePickerDescriptionContent.vue">
        <metrics statements="5" coveredstatements="5" conditionals="0" coveredconditionals="0" methods="1" coveredmethods="1"/>
        <line num="6" count="4" type="stmt"/>
        <line num="16" count="4" type="stmt"/>
        <line num="53" count="2" type="stmt"/>
        <line num="55" count="2" type="stmt"/>
        <line num="57" count="2" type="stmt"/>
      </file>
    </package>
    <package name="werewolves-assistant-web-next.components.pages.game-lobby.GameLobbyRolePicker.GameLobbyRolePickerDescription.GameLobbyRolePickerDescriptionContent.GameLobbyRolePickerDescriptionBoundaries">
      <metrics statements="14" coveredstatements="14" conditionals="8" coveredconditionals="8" methods="4" coveredmethods="4"/>
      <file name="GameLobbyRolePickerDescriptionBoundaries.vue" path="/home/runner/work/werewolves-assistant-web-next/werewolves-assistant-web-next/components/pages/game-lobby/GameLobbyRolePicker/GameLobbyRolePickerDescription/GameLobbyRolePickerDescriptionContent/GameLobbyRolePickerDescriptionBoundaries/GameLobbyRolePickerDescriptionBoundaries.vue">
        <metrics statements="14" coveredstatements="14" conditionals="8" coveredconditionals="8" methods="4" coveredmethods="4"/>
        <line num="2" count="14" type="stmt"/>
        <line num="3" count="5" type="stmt"/>
        <line num="9" count="5" type="stmt"/>
        <line num="11" count="5" type="stmt"/>
        <line num="29" count="5" type="stmt"/>
        <line num="41" count="5" type="stmt"/>
        <line num="54" count="14" type="stmt"/>
        <line num="56" count="14" type="stmt"/>
        <line num="62" count="14" type="stmt"/>
        <line num="64" count="14" type="stmt"/>
        <line num="66" count="14" type="stmt"/>
        <line num="68" count="14" type="stmt"/>
        <line num="70" count="14" type="stmt"/>
        <line num="72" count="14" type="stmt"/>
      </file>
    </package>
    <package name="werewolves-assistant-web-next.components.pages.game-lobby.GameLobbyRolePicker.GameLobbyRolePickerFooter">
      <metrics statements="19" coveredstatements="19" conditionals="11" coveredconditionals="11" methods="4" coveredmethods="4"/>
      <file name="GameLobbyRolePickerFooter.vue" path="/home/runner/work/werewolves-assistant-web-next/werewolves-assistant-web-next/components/pages/game-lobby/GameLobbyRolePicker/GameLobbyRolePickerFooter/GameLobbyRolePickerFooter.vue">
        <metrics statements="19" coveredstatements="19" conditionals="11" coveredconditionals="11" methods="4" coveredmethods="4"/>
        <line num="23" count="22" type="stmt"/>
        <line num="25" count="22" type="stmt"/>
        <line num="27" count="22" type="stmt"/>
        <line num="32" count="22" type="stmt"/>
        <line num="34" count="22" type="stmt"/>
        <line num="36" count="22" type="cond" truecount="3" falsecount="0"/>
        <line num="39" count="2" type="stmt"/>
        <line num="40" count="2" type="cond" truecount="2" falsecount="0"/>
        <line num="41" count="1" type="stmt"/>
        <line num="43" count="1" type="stmt"/>
        <line num="44" count="1" type="stmt"/>
        <line num="52" count="1" type="stmt"/>
        <line num="56" count="8" type="cond" truecount="4" falsecount="0"/>
        <line num="57" count="1" type="stmt"/>
        <line num="59" count="7" type="cond" truecount="2" falsecount="0"/>
        <line num="60" count="2" type="stmt"/>
        <line num="62" count="7" type="stmt"/>
        <line num="70" count="7" type="stmt"/>
        <line num="71" count="7" type="stmt"/>
      </file>
    </package>
    <package name="werewolves-assistant-web-next.components.pages.game-lobby.GameLobbyRolePicker.GameLobbyRolePickerGrid">
      <metrics statements="5" coveredstatements="5" conditionals="0" coveredconditionals="0" methods="1" coveredmethods="1"/>
      <file name="GameLobbyRolePickerGrid.vue" path="/home/runner/work/werewolves-assistant-web-next/werewolves-assistant-web-next/components/pages/game-lobby/GameLobbyRolePicker/GameLobbyRolePickerGrid/GameLobbyRolePickerGrid.vue">
        <metrics statements="5" coveredstatements="5" conditionals="0" coveredconditionals="0" methods="1" coveredmethods="1"/>
        <line num="12" count="9" type="stmt"/>
        <line num="33" count="3" type="stmt"/>
        <line num="35" count="3" type="stmt"/>
        <line num="37" count="3" type="stmt"/>
        <line num="40" count="1" type="stmt"/>
      </file>
    </package>
    <package name="werewolves-assistant-web-next.components.pages.game-lobby.GameLobbyRolePicker.GameLobbyRolePickerGrid.GameLobbyRolePickerGridElement">
      <metrics statements="19" coveredstatements="19" conditionals="12" coveredconditionals="12" methods="4" coveredmethods="4"/>
      <file name="GameLobbyRolePickerGridElement.vue" path="/home/runner/work/werewolves-assistant-web-next/werewolves-assistant-web-next/components/pages/game-lobby/GameLobbyRolePicker/GameLobbyRolePickerGrid/GameLobbyRolePickerGridElement/GameLobbyRolePickerGridElement.vue">
        <metrics statements="19" coveredstatements="19" conditionals="12" coveredconditionals="12" methods="4" coveredmethods="4"/>
        <line num="57" count="22" type="stmt"/>
        <line num="59" count="22" type="stmt"/>
        <line num="61" count="22" type="stmt"/>
        <line num="62" count="22" type="stmt"/>
        <line num="64" count="22" type="stmt"/>
        <line num="66" count="22" type="stmt"/>
        <line num="68" count="22" type="stmt"/>
        <line num="69" count="22" type="cond" truecount="2" falsecount="0"/>
        <line num="70" count="6" type="stmt"/>
        <line num="72" count="16" type="stmt"/>
        <line num="75" count="22" type="cond" truecount="2" falsecount="0"/>
        <line num="78" count="5" type="cond" truecount="2" falsecount="0"/>
        <line num="79" count="1" type="stmt"/>
        <line num="82" count="4" type="cond" truecount="2" falsecount="0"/>
        <line num="83" count="6" type="cond" truecount="2" falsecount="0"/>
        <line num="84" count="2" type="stmt"/>
        <line num="85" count="2" type="stmt"/>
        <line num="87" count="2" type="stmt"/>
        <line num="90" count="2" type="stmt"/>
      </file>
    </package>
    <package name="werewolves-assistant-web-next.components.pages.game-lobby.GameLobbyRolePicker.GameLobbyRolePickerGrid.GameLobbyRolePickerGridElement.GameLobbyRolePickerGridElementBadges">
      <metrics statements="15" coveredstatements="15" conditionals="10" coveredconditionals="10" methods="4" coveredmethods="4"/>
      <file name="GameLobbyRolePickerGridElementBadges.vue" path="/home/runner/work/werewolves-assistant-web-next/werewolves-assistant-web-next/components/pages/game-lobby/GameLobbyRolePicker/GameLobbyRolePickerGrid/GameLobbyRolePickerGridElement/GameLobbyRolePickerGridElementBadges/GameLobbyRolePickerGridElementBadges.vue">
        <metrics statements="15" coveredstatements="15" conditionals="10" coveredconditionals="10" methods="4" coveredmethods="4"/>
        <line num="2" count="17" type="stmt"/>
        <line num="3" count="5" type="stmt"/>
        <line num="12" count="10" type="stmt"/>
        <line num="27" count="10" type="stmt"/>
        <line num="36" count="17" type="stmt"/>
        <line num="38" count="17" type="stmt"/>
        <line num="42" count="17" type="stmt"/>
        <line num="44" count="17" type="stmt"/>
        <line num="45" count="17" type="cond" truecount="2" falsecount="0"/>
        <line num="46" count="2" type="stmt"/>
        <line num="48" count="15" type="stmt"/>
        <line num="51" count="17" type="stmt"/>
        <line num="52" count="17" type="cond" truecount="2" falsecount="0"/>
        <line num="53" count="2" type="stmt"/>
        <line num="55" count="15" type="stmt"/>
      </file>
    </package>
    <package name="werewolves-assistant-web-next.components.pages.game-lobby.GameLobbyRolePicker.GameLobbyRolePickerHeader">
      <metrics statements="11" coveredstatements="11" conditionals="2" coveredconditionals="2" methods="2" coveredmethods="2"/>
      <file name="GameLobbyRolePickerHeader.vue" path="/home/runner/work/werewolves-assistant-web-next/werewolves-assistant-web-next/components/pages/game-lobby/GameLobbyRolePicker/GameLobbyRolePickerHeader/GameLobbyRolePickerHeader.vue">
        <metrics statements="11" coveredstatements="11" conditionals="2" coveredconditionals="2" methods="2" coveredmethods="2"/>
        <line num="2" count="10" type="stmt"/>
        <line num="33" count="3" type="stmt"/>
        <line num="46" count="3" type="stmt"/>
        <line num="58" count="10" type="stmt"/>
        <line num="60" count="10" type="stmt"/>
        <line num="62" count="10" type="stmt"/>
        <line num="64" count="10" type="stmt"/>
        <line num="66" count="10" type="stmt"/>
        <line num="67" count="10" type="cond" truecount="2" falsecount="0"/>
[...]
        <line num="9" count="226" type="stmt"/>
      </file>
    </package>
    <package name="werewolves-assistant-web-next.composables.vue-prime">
      <metrics statements="7" coveredstatements="7" conditionals="0" coveredconditionals="0" methods="6" coveredmethods="6"/>
      <file name="useVuePrimeToasts.ts" path="/home/runner/work/werewolves-assistant-web-next/werewolves-assistant-web-next/composables/vue-prime/useVuePrimeToasts.ts">
        <metrics statements="7" coveredstatements="7" conditionals="0" coveredconditionals="0" methods="6" coveredmethods="6"/>
        <line num="15" count="969" type="stmt"/>
        <line num="18" count="5" type="stmt"/>
        <line num="25" count="1" type="stmt"/>
        <line num="29" count="1" type="stmt"/>
        <line num="33" count="1" type="stmt"/>
        <line num="37" count="1" type="stmt"/>
        <line num="39" count="969" type="stmt"/>
      </file>
    </package>
    <package name="werewolves-assistant-web-next.composables.vue-prime.constants">
      <metrics statements="1" coveredstatements="1" conditionals="0" coveredconditionals="0" methods="0" coveredmethods="0"/>
      <file name="vue-prime.constants.ts" path="/home/runner/work/werewolves-assistant-web-next/werewolves-assistant-web-next/composables/vue-prime/constants/vue-prime.constants.ts">
        <metrics statements="1" coveredstatements="1" conditionals="0" coveredconditionals="0" methods="0" coveredmethods="0"/>
        <line num="3" count="430" type="stmt"/>
      </file>
    </package>
    <package name="werewolves-assistant-web-next.layouts">
      <metrics statements="1" coveredstatements="1" conditionals="0" coveredconditionals="0" methods="0" coveredmethods="0"/>
      <file name="default.vue" path="/home/runner/work/werewolves-assistant-web-next/werewolves-assistant-web-next/layouts/default.vue">
        <metrics statements="1" coveredstatements="1" conditionals="0" coveredconditionals="0" methods="0" coveredmethods="0"/>
        <line num="8" count="2" type="stmt"/>
      </file>
    </package>
    <package name="werewolves-assistant-web-next.pages">
      <metrics statements="32" coveredstatements="32" conditionals="6" coveredconditionals="6" methods="4" coveredmethods="4"/>
      <file name="about.vue" path="/home/runner/work/werewolves-assistant-web-next/werewolves-assistant-web-next/pages/about.vue">
        <metrics statements="5" coveredstatements="5" conditionals="0" coveredconditionals="0" methods="0" coveredmethods="0"/>
        <line num="2" count="4" type="stmt"/>
        <line num="3" count="1" type="stmt"/>
        <line num="34" count="1" type="stmt"/>
        <line num="51" count="4" type="stmt"/>
        <line num="53" count="4" type="stmt"/>
      </file>
      <file name="game-lobby.vue" path="/home/runner/work/werewolves-assistant-web-next/werewolves-assistant-web-next/pages/game-lobby.vue">
        <metrics statements="19" coveredstatements="19" conditionals="6" coveredconditionals="6" methods="2" coveredmethods="2"/>
        <line num="2" count="11" type="stmt"/>
        <line num="38" count="11" type="stmt"/>
        <line num="39" count="11" type="stmt"/>
        <line num="40" count="11" type="stmt"/>
        <line num="41" count="11" type="stmt"/>
        <line num="43" count="11" type="stmt"/>
        <line num="45" count="11" type="stmt"/>
        <line num="46" count="11" type="stmt"/>
        <line num="48" count="11" type="stmt"/>
        <line num="54" count="3" type="cond" truecount="2" falsecount="0"/>
        <line num="55" count="1" type="stmt"/>
        <line num="57" count="2" type="cond" truecount="2" falsecount="0"/>
        <line num="58" count="1" type="stmt"/>
        <line num="60" count="1" type="stmt"/>
        <line num="64" count="2" type="cond" truecount="2" falsecount="0"/>
        <line num="65" count="1" type="stmt"/>
        <line num="67" count="1" type="stmt"/>
        <line num="70" count="11" type="stmt"/>
        <line num="71" count="11" type="stmt"/>
      </file>
      <file name="index.vue" path="/home/runner/work/werewolves-assistant-web-next/werewolves-assistant-web-next/pages/index.vue">
        <metrics statements="8" coveredstatements="8" conditionals="0" coveredconditionals="0" methods="2" coveredmethods="2"/>
        <line num="2" count="246" type="stmt"/>
        <line num="3" count="246" type="stmt"/>
        <line num="4" count="246" type="stmt"/>
        <line num="12" count="246" type="stmt"/>
        <line num="26" count="246" type="stmt"/>
        <line num="28" count="246" type="stmt"/>
        <line num="38" count="246" type="stmt"/>
        <line num="55" count="7" type="stmt"/>
      </file>
    </package>
    <package name="werewolves-assistant-web-next.pages.game">
      <metrics statements="12" coveredstatements="12" conditionals="6" coveredconditionals="6" methods="1" coveredmethods="1"/>
      <file name="[id].vue" path="/home/runner/work/werewolves-assistant-web-next/werewolves-assistant-web-next/pages/game/[id].vue">
        <metrics statements="12" coveredstatements="12" conditionals="6" coveredconditionals="6" methods="1" coveredmethods="1"/>
        <line num="44" count="11" type="stmt"/>
        <line num="45" count="11" type="stmt"/>
        <line num="46" count="11" type="stmt"/>
        <line num="47" count="11" type="stmt"/>
        <line num="49" count="11" type="stmt"/>
        <line num="51" count="11" type="stmt"/>
        <line num="56" count="11" type="stmt"/>
        <line num="58" count="11" type="stmt"/>
        <line num="59" count="14" type="stmt"/>
        <line num="65" count="14" type="stmt"/>
        <line num="68" count="11" type="cond" truecount="2" falsecount="0"/>
        <line num="69" count="11" type="stmt"/>
      </file>
    </package>
    <package name="werewolves-assistant-web-next.stores.enums">
      <metrics statements="7" coveredstatements="7" conditionals="2" coveredconditionals="2" methods="1" coveredmethods="1"/>
      <file name="store.enum.ts" path="/home/runner/work/werewolves-assistant-web-next/werewolves-assistant-web-next/stores/enums/store.enum.ts">
        <metrics statements="7" coveredstatements="7" conditionals="2" coveredconditionals="2" methods="1" coveredmethods="1"/>
        <line num="1" count="424" type="cond" truecount="2" falsecount="0"/>
        <line num="2" count="424" type="stmt"/>
        <line num="3" count="424" type="stmt"/>
        <line num="4" count="424" type="stmt"/>
        <line num="5" count="424" type="stmt"/>
        <line num="6" count="424" type="stmt"/>
        <line num="7" count="424" type="stmt"/>
      </file>
    </package>
    <package name="werewolves-assistant-web-next.stores.game">
      <metrics statements="33" coveredstatements="33" conditionals="6" coveredconditionals="6" methods="6" coveredmethods="6"/>
      <file name="useGameStore.ts" path="/home/runner/work/werewolves-assistant-web-next/werewolves-assistant-web-next/stores/game/useGameStore.ts">
        <metrics statements="33" coveredstatements="33" conditionals="6" coveredconditionals="6" methods="6" coveredmethods="6"/>
        <line num="10" count="68" type="stmt"/>
        <line num="15" count="532" type="stmt"/>
        <line num="17" count="532" type="stmt"/>
        <line num="18" count="532" type="stmt"/>
        <line num="19" count="532" type="stmt"/>
        <line num="20" count="532" type="stmt"/>
        <line num="22" count="532" type="stmt"/>
        <line num="25" count="1" type="stmt"/>
        <line num="29" count="3" type="stmt"/>
        <line num="30" count="3" type="stmt"/>
        <line num="31" count="3" type="cond" truecount="2" falsecount="0"/>
        <line num="32" count="1" type="stmt"/>
        <line num="34" count="1" type="stmt"/>
        <line num="36" count="2" type="stmt"/>
        <line num="37" count="2" type="stmt"/>
        <line num="38" count="2" type="stmt"/>
        <line num="42" count="2" type="stmt"/>
        <line num="43" count="2" type="stmt"/>
        <line num="44" count="2" type="cond" truecount="2" falsecount="0"/>
        <line num="45" count="1" type="stmt"/>
        <line num="47" count="1" type="stmt"/>
        <line num="49" count="1" type="stmt"/>
        <line num="50" count="1" type="stmt"/>
        <line num="54" count="4" type="stmt"/>
        <line num="55" count="4" type="stmt"/>
        <line num="56" count="4" type="cond" truecount="2" falsecount="0"/>
        <line num="57" count="2" type="stmt"/>
        <line num="59" count="2" type="stmt"/>
        <line num="61" count="2" type="stmt"/>
        <line num="62" count="2" type="stmt"/>
        <line num="63" count="2" type="stmt"/>
        <line num="67" count="1" type="stmt"/>
        <line num="69" count="532" type="stmt"/>
      </file>
    </package>
    <package name="werewolves-assistant-web-next.stores.game.create-game-dto">
      <metrics statements="29" coveredstatements="29" conditionals="13" coveredconditionals="13" methods="15" coveredmethods="15"/>
      <file name="useCreateGameDtoStore.ts" path="/home/runner/work/werewolves-assistant-web-next/werewolves-assistant-web-next/stores/game/create-game-dto/useCreateGameDtoStore.ts">
        <metrics statements="29" coveredstatements="29" conditionals="13" coveredconditionals="13" methods="15" coveredmethods="15"/>
        <line num="11" count="46" type="stmt"/>
        <line num="12" count="354" type="stmt"/>
        <line num="13" count="354" type="stmt"/>
        <line num="15" count="354" type="stmt"/>
        <line num="20" count="354" type="stmt"/>
        <line num="23" count="1" type="stmt"/>
        <line num="27" count="1" type="stmt"/>
        <line num="31" count="1" type="stmt"/>
        <line num="35" count="5" type="stmt"/>
        <line num="36" count="2" type="cond" truecount="2" falsecount="0"/>
        <line num="37" count="1" type="stmt"/>
        <line num="42" count="3" type="stmt"/>
        <line num="46" count="5" type="stmt"/>
        <line num="47" count="2" type="cond" truecount="2" falsecount="0"/>
        <line num="48" count="1" type="stmt"/>
        <line num="53" count="32" type="stmt"/>
        <line num="57" count="6" type="stmt"/>
        <line num="58" count="6" type="stmt"/>
        <line num="60" count="6" type="cond" truecount="3" falsecount="0"/>
        <line num="64" count="4" type="stmt"/>
        <line num="65" count="4" type="stmt"/>
        <line num="67" count="4" type="cond" truecount="2" falsecount="0"/>
        <line num="71" count="5" type="stmt"/>
        <line num="72" count="5" type="stmt"/>
        <line num="73" count="5" type="cond" truecount="2" falsecount="0"/>
        <line num="74" count="1" type="stmt"/>
        <line num="76" count="4" type="stmt"/>
        <line num="78" count="4" type="cond" truecount="2" falsecount="0"/>
        <line num="80" count="354" type="stmt"/>
      </file>
    </package>
    <package name="werewolves-assistant-web-next.stores.game.game-event">
      <metrics statements="28" coveredstatements="28" conditionals="15" coveredconditionals="15" methods="10" coveredmethods="10"/>
      <file name="useGameEventsStore.ts" path="/home/runner/work/werewolves-assistant-web-next/werewolves-assistant-web-next/stores/game/game-event/useGameEventsStore.ts">
        <metrics statements="28" coveredstatements="28" conditionals="15" coveredconditionals="15" methods="10" coveredmethods="10"/>
        <line num="8" count="68" type="stmt"/>
        <line num="9" count="540" type="stmt"/>
        <line num="10" count="540" type="stmt"/>
        <line num="12" count="540" type="stmt"/>
        <line num="14" count="540" type="stmt"/>
        <line num="15" count="540" type="cond" truecount="2" falsecount="0"/>
        <line num="16" count="540" type="stmt"/>
        <line num="19" count="7" type="stmt"/>
        <line num="20" count="7" type="stmt"/>
        <line num="24" count="1" type="stmt"/>
        <line num="25" count="1" type="stmt"/>
        <line num="27" count="2" type="stmt"/>
        <line num="31" count="6" type="stmt"/>
        <line num="32" count="6" type="cond" truecount="2" falsecount="0"/>
        <line num="33" count="2" type="stmt"/>
        <line num="35" count="6" type="cond" truecount="4" falsecount="0"/>
        <line num="36" count="2" type="stmt"/>
        <line num="38" count="6" type="cond" truecount="2" falsecount="0"/>
        <line num="39" count="1" type="stmt"/>
        <line num="41" count="6" type="stmt"/>
        <line num="45" count="8" type="stmt"/>
        <line num="46" count="8" type="stmt"/>
        <line num="47" count="8" type="cond" truecount="5" falsecount="0"/>
        <line num="48" count="2" type="stmt"/>
        <line num="50" count="2" type="stmt"/>
        <line num="52" count="6" type="stmt"/>
        <line num="56" count="1" type="stmt"/>
        <line num="58" count="540" type="stmt"/>
      </file>
    </package>
    <package name="werewolves-assistant-web-next.stores.game.game-event.constants">
      <metrics statements="1" coveredstatements="1" conditionals="0" coveredconditionals="0" methods="0" coveredmethods="0"/>
      <file name="game-event.constants.ts" path="/home/runner/work/werewolves-assistant-web-next/werewolves-assistant-web-next/stores/game/game-event/constants/game-event.constants.ts">
        <metrics statements="1" coveredstatements="1" conditionals="0" coveredconditionals="0" methods="0" coveredmethods="0"/>
        <line num="1" count="6" type="stmt"/>
      </file>
    </package>
    <package name="werewolves-assistant-web-next.stores.game.game-event.types">
      <metrics statements="4" coveredstatements="4" conditionals="0" coveredconditionals="0" methods="1" coveredmethods="1"/>
      <file name="game-event.class.ts" path="/home/runner/work/werewolves-assistant-web-next/werewolves-assistant-web-next/stores/game/game-event/types/game-event.class.ts">
        <metrics statements="4" coveredstatements="4" conditionals="0" coveredconditionals="0" methods="1" coveredmethods="1"/>
        <line num="6" count="69" type="stmt"/>
        <line num="8" count="69" type="stmt"/>
        <line num="11" count="69" type="stmt"/>
        <line num="14" count="83" type="stmt"/>
      </file>
    </package>
    <package name="werewolves-assistant-web-next.stores.game.game-history-record">
      <metrics statements="12" coveredstatements="12" conditionals="2" coveredconditionals="2" methods="2" coveredmethods="2"/>
      <file name="useGameHistoryRecordsStore.ts" path="/home/runner/work/werewolves-assistant-web-next/werewolves-assistant-web-next/stores/game/game-history-record/useGameHistoryRecordsStore.ts">
        <metrics statements="12" coveredstatements="12" conditionals="2" coveredconditionals="2" methods="2" coveredmethods="2"/>
        <line num="8" count="6" type="stmt"/>
        <line num="9" count="20" type="stmt"/>
        <line num="11" count="20" type="stmt"/>
        <line num="12" count="20" type="stmt"/>
        <line num="15" count="2" type="stmt"/>
        <line num="16" count="2" type="stmt"/>
        <line num="17" count="2" type="cond" truecount="2" falsecount="0"/>
        <line num="18" count="1" type="stmt"/>
        <line num="20" count="1" type="stmt"/>
        <line num="22" count="1" type="stmt"/>
        <line num="23" count="1" type="stmt"/>
        <line num="25" count="20" type="stmt"/>
      </file>
    </package>
    <package name="werewolves-assistant-web-next.stores.game.make-game-play-dto">
      <metrics statements="35" coveredstatements="35" conditionals="22" coveredconditionals="22" methods="15" coveredmethods="15"/>
      <file name="useMakeGamePlayDtoStore.ts" path="/home/runner/work/werewolves-assistant-web-next/werewolves-assistant-web-next/stores/game/make-game-play-dto/useMakeGamePlayDtoStore.ts">
        <metrics statements="35" coveredstatements="35" conditionals="22" coveredconditionals="22" methods="15" coveredmethods="15"/>
        <line num="10" count="19" type="stmt"/>
        <line num="11" count="95" type="stmt"/>
        <line num="14" count="1" type="stmt"/>
        <line num="18" count="1" type="stmt"/>
        <line num="22" count="2" type="cond" truecount="2" falsecount="0"/>
        <line num="23" count="1" type="stmt"/>
        <line num="25" count="2" type="stmt"/>
        <line num="29" count="6" type="cond" truecount="2" falsecount="0"/>
        <line num="30" count="1" type="stmt"/>
        <line num="32" count="6" type="stmt"/>
        <line num="33" count="5" type="cond" truecount="2" falsecount="0"/>
        <line num="34" count="4" type="stmt"/>
        <line num="36" count="5" type="cond" truecount="2" falsecount="0"/>
        <line num="37" count="1" type="stmt"/>
        <line num="42" count="3" type="cond" truecount="4" falsecount="0"/>
        <line num="43" count="2" type="stmt"/>
        <line num="45" count="1" type="stmt"/>
        <line num="46" count="1" type="stmt"/>
        <line num="50" count="4" type="stmt"/>
        <line num="51" count="4" type="cond" truecount="2" falsecount="0"/>
        <line num="52" count="1" type="stmt"/>
        <line num="57" count="2" type="cond" truecount="2" falsecount="0"/>
        <line num="58" count="1" type="stmt"/>
        <line num="60" count="2" type="stmt"/>
        <line num="64" count="4" type="cond" truecount="2" falsecount="0"/>
        <line num="65" count="1" type="stmt"/>
        <line num="67" count="4" type="stmt"/>
        <line num="68" count="3" type="cond" truecount="2" falsecount="0"/>
        <line num="69" count="2" type="stmt"/>
        <line num="71" count="3" type="cond" truecount="2" falsecount="0"/>
        <line num="72" count="1" type="stmt"/>
        <line num="77" count="1" type="stmt"/>
        <line num="81" count="1" type="stmt"/>
        <line num="85" count="1" type="stmt"/>
        <line num="87" count="95" type="stmt"/>
      </file>
    </package>
    <package name="werewolves-assistant-web-next.stores.role">
      <metrics statements="9" coveredstatements="9" conditionals="0" coveredconditionals="0" methods="4" coveredmethods="4"/>
      <file name="useRolesStore.ts" path="/home/runner/work/werewolves-assistant-web-next/werewolves-assistant-web-next/stores/role/useRolesStore.ts">
        <metrics statements="9" coveredstatements="9" conditionals="0" coveredconditionals="0" methods="4" coveredmethods="4"/>
        <line num="10" count="420" type="stmt"/>
        <line num="11" count="454" type="stmt"/>
        <line num="13" count="454" type="stmt"/>
        <line num="14" count="454" type="stmt"/>
        <line num="17" count="2" type="stmt"/>
        <line num="18" count="2" type="stmt"/>
        <line num="19" count="2" type="stmt"/>
        <line num="23" count="31" type="stmt"/>
        <line num="25" count="454" type="stmt"/>
      </file>
    </package>
    <package name="werewolves-assistant-web-next.utils">
      <metrics statements="1" coveredstatements="1" conditionals="0" coveredconditionals="0" methods="1" coveredmethods="1"/>
      <file name="url.utils.ts" path="/home/runner/work/werewolves-assistant-web-next/werewolves-assistant-web-next/utils/url.utils.ts">
        <metrics statements="1" coveredstatements="1" conditionals="0" coveredconditionals="0" methods="1" coveredmethods="1"/>
        <line num="2" count="1107" type="stmt"/>
      </file>
    </package>
    <package name="werewolves-assistant-web-next.utils.constants">
      <metrics statements="1" coveredstatements="1" conditionals="0" coveredconditionals="0" methods="0" coveredmethods="0"/>
      <file name="class-transformer.constants.ts" path="/home/runner/work/werewolves-assistant-web-next/werewolves-assistant-web-next/utils/constants/class-transformer.constants.ts">
        <metrics statements="1" coveredstatements="1" conditionals="0" coveredconditionals="0" methods="0" coveredmethods="0"/>
        <line num="3" count="197" type="stmt"/>
      </file>
    </package>
  </project>
</coverage>
