TN:
SF:app.vue
FN:3,(anonymous_2)
FNF:1
FNH:1
FNDA:1,(anonymous_2)
DA:2,5
DA:5,1
DA:16,5
DA:18,5
DA:20,5
DA:33,5
LF:6
LH:6
BRF:0
BRH:0
end_of_record
TN:
SF:components/layouts/default/NavBar/NavBar.vue
FN:14,(anonymous_3)
FNF:1
FNH:1
FNDA:4,(anonymous_3)
DA:1,3
DA:2,9
DA:18,4
LF:3
LH:3
BRF:0
BRH:0
end_of_record
TN:
SF:components/layouts/default/NavBar/ParametersMenu/ParametersMenu.vue
FN:36,(anonymous_1)
FN:44,(anonymous_2)
FN:51,(anonymous_3)
FN:57,(anonymous_4)
FN:65,toggleParametersMenu
FN:72,cancelGame
FNF:6
FNH:6
FNDA:35,(anonymous_1)
FNDA:2,(anonymous_2)
FNDA:35,(anonymous_3)
FNDA:1,(anonymous_4)
FNDA:8,toggleParametersMenu
FNDA:2,cancelGame
DA:2,4
DA:30,20
DA:31,20
DA:32,20
DA:33,20
DA:34,20
DA:36,35
DA:45,2
DA:51,35
DA:58,1
DA:63,20
DA:66,8
DA:67,1
DA:69,7
DA:73,2
DA:74,2
LF:16
LH:16
BRDA:66,0,0,1
BRDA:66,0,1,7
BRF:2
BRH:2
end_of_record
TN:
SF:components/pages/about/AboutCreator.vue
FNF:0
FNH:0
DA:4,2
DA:16,2
DA:20,2
DA:22,2
DA:33,2
DA:37,2
DA:41,2
LF:7
LH:7
BRF:0
BRH:0
end_of_record
TN:
SF:components/pages/about/AboutHowToContribute.vue
FNF:0
FNH:0
DA:2,2
DA:7,2
DA:16,2
DA:20,2
DA:23,2
DA:34,2
LF:6
LH:6
BRF:0
BRH:0
end_of_record
TN:
SF:components/pages/about/AboutWerewolvesAssistant.vue
FNF:0
FNH:0
DA:4,2
DA:16,2
DA:20,2
DA:24,2
DA:36,2
DA:41,2
DA:53,2
DA:57,2
LF:8
LH:8
BRF:0
BRH:0
end_of_record
TN:
SF:components/pages/about/AboutWerewolvesGame.vue
FNF:0
FNH:0
DA:3,2
DA:5,2
DA:16,2
DA:31,2
LF:4
LH:4
BRF:0
BRH:0
end_of_record
TN:
SF:components/pages/about/AboutAvailableRoles/AboutAvailableRoles.vue
FN:79,(anonymous_1)
FN:86,getAvailableRoleAccordionHeaderAriaLabel
FN:90,getAvailableRoleHeaderImageAlt
FN:58,(anonymous_8)
FNF:4
FNH:4
FNDA:20,(anonymous_1)
FNDA:15,getAvailableRoleAccordionHeaderAriaLabel
FNDA:15,getAvailableRoleHeaderImageAlt
FNDA:30,(anonymous_8)
DA:1,2
DA:2,2
DA:3,2
DA:12,2
DA:31,2
DA:39,15
DA:45,2
DA:52,2
DA:58,30
DA:75,15
DA:76,15
DA:77,15
DA:79,15
DA:80,20
DA:81,15
DA:83,5
DA:87,15
DA:91,15
LF:18
LH:18
BRDA:80,0,0,15
BRDA:80,0,1,5
BRDA:20,1,0,15
BRF:3
BRH:3
end_of_record
TN:
SF:components/pages/about/AboutAvailableRoles/AboutAvailableRoleDescription/AboutAvailableRoleDescription.vue
FN:48,getRoleDescriptionLeftImageAlt
FNF:1
FNH:1
FNDA:6,getRoleDescriptionLeftImageAlt
DA:2,6
DA:14,3
DA:44,6
DA:46,6
DA:49,6
LF:5
LH:5
BRF:0
BRH:0
end_of_record
TN:
SF:components/pages/game-lobby/GameLobbyFooter/GameLobbyFooter.vue
FNF:0
FNH:0
DA:2,1
DA:6,2
DA:10,2
DA:14,2
LF:4
LH:4
BRF:0
BRH:0
end_of_record
TN:
SF:components/pages/game-lobby/GameLobbyFooter/GameLobbyRandomCompositionButton/GameLobbyRandomCompositionButton.vue
FN:39,(anonymous_1)
FN:46,handleRandomCompositionButtonClick
FNF:2
FNH:2
FNDA:19,(anonymous_1)
FNDA:5,handleRandomCompositionButtonClick
DA:3,3
DA:28,12
DA:30,12
DA:32,12
DA:33,12
DA:34,12
DA:35,12
DA:37,12
DA:39,12
DA:40,19
DA:41,12
DA:43,7
DA:47,5
DA:48,5
DA:56,5
DA:57,4
DA:59,5
LF:17
LH:17
BRDA:40,0,0,12
BRDA:40,0,1,7
BRDA:56,1,0,4
BRDA:56,1,1,1
BRF:4
BRH:4
end_of_record
TN:
SF:components/pages/game-lobby/GameLobbyFooter/GameLobbyStartGameButton/GameLobbyStartGameButton.vue
FN:40,(anonymous_1)
FN:42,handleStartGameButtonClick
FNF:2
FNH:2
FNDA:29,(anonymous_1)
FNDA:6,handleStartGameButtonClick
DA:3,3
DA:28,13
DA:30,13
DA:32,13
DA:34,13
DA:35,13
DA:36,13
DA:38,13
DA:40,29
DA:43,6
DA:44,6
DA:45,6
DA:46,2
DA:47,2
DA:49,6
LF:15
LH:15
BRDA:45,0,0,2
BRDA:45,0,1,4
BRF:2
BRH:2
end_of_record
TN:
SF:components/pages/game-lobby/GameLobbyHeader/GameLobbyHeader.vue
FN:50,addPlayerToCreateGameDto
FN:70,handleGameOptionsButtonClick
FN:1,(anonymous_4)
FNF:3
FNH:3
FNDA:6,addPlayerToCreateGameDto
FNDA:1,handleGameOptionsButtonClick
FNDA:7,(anonymous_4)
DA:2,2
DA:10,2
DA:11,2
DA:19,7
DA:25,2
DA:42,11
DA:44,11
DA:46,11
DA:48,11
DA:51,6
DA:52,1
DA:54,5
DA:55,2
DA:57,3
DA:58,3
DA:59,3
DA:60,1
DA:62,2
DA:67,2
DA:71,1
LF:20
LH:20
BRDA:51,0,0,1
BRDA:51,0,1,5
BRDA:54,1,0,2
BRDA:54,1,1,3
BRDA:59,2,0,1
BRDA:59,2,1,2
BRDA:1,3,0,18
BRDA:1,3,1,11
BRF:8
BRH:8
end_of_record
TN:
SF:components/pages/game-lobby/GameLobbyHeader/GameLobbyHeaderSetupButtons/GameLobbyHeaderSetupButtons.vue
FN:16,handleGameOptionsButtonClick
FNF:1
FNH:1
FNDA:1,handleGameOptionsButtonClick
DA:2,2
DA:14,2
DA:17,1
LF:3
LH:3
BRF:0
BRH:0
end_of_record
TN:
SF:components/pages/game-lobby/GameLobbyHeader/GameLobbyHeaderSetupButtons/GameLobbyHeaderOptionsButton/GameLobbyHeaderOptionsButton.vue
FN:17,clickHandler
FNF:1
FNH:1
FNDA:1,clickHandler
DA:2,3
DA:15,3
DA:18,1
LF:3
LH:3
BRF:0
BRH:0
end_of_record
TN:
SF:components/pages/game-lobby/GameLobbyHeader/GameLobbyPlayerInput/GameLobbyPlayerInput.vue
FN:68,(anonymous_1)
FN:68,(anonymous_2)
FN:70,(anonymous_3)
FN:72,(anonymous_4)
FN:74,(anonymous_5)
FN:76,(anonymous_6)
FN:78,(anonymous_7)
FN:1,(anonymous_11)
FN:30,(anonymous_12)
FN:42,(anonymous_13)
FNF:10
FNH:10
FNDA:26,(anonymous_1)
FNDA:204,(anonymous_2)
FNDA:24,(anonymous_3)
FNDA:26,(anonymous_4)
FNDA:20,(anonymous_5)
FNDA:24,(anonymous_6)
FNDA:25,(anonymous_7)
FNDA:7,(anonymous_11)
FNDA:1,(anonymous_12)
FNDA:25,(anonymous_13)
DA:2,3
DA:7,3
DA:10,7
DA:19,3
DA:30,3
DA:47,25
DA:60,17
DA:62,17
DA:64,17
DA:66,17
DA:68,204
DA:70,24
DA:72,26
DA:74,20
DA:76,24
DA:78,17
DA:79,25
DA:80,3
DA:82,22
DA:83,4
DA:85,18
DA:86,1
DA:88,17
DA:91,17
LF:24
LH:24
BRDA:76,0,0,24
BRDA:76,0,1,20
BRDA:79,1,0,3
BRDA:79,1,1,22
BRDA:82,2,0,4
BRDA:82,2,1,18
BRDA:85,3,0,1
BRDA:85,3,1,17
BRDA:1,4,0,27
BRDA:1,4,1,17
BRF:10
BRH:10
end_of_record
TN:
SF:components/pages/game-lobby/GameLobbyOptionsHub/GameLobbyOptionsHub.vue
FN:42,open
FN:46,close
FN:19,(anonymous_4)
FN:23,(anonymous_5)
FNF:4
FNH:4
FNDA:5,open
FNDA:1,close
FNDA:5,(anonymous_4)
FNDA:5,(anonymous_5)
DA:2,22
DA:19,5
DA:23,5
DA:40,16
DA:43,5
DA:47,1
DA:50,16
LF:7
LH:7
BRF:0
BRH:0
end_of_record
TN:
SF:components/pages/game-lobby/GameLobbyOptionsHub/GameLobbyOptionsHubHeader/GameLobbyOptionsHubHeader.vue
FNF:0
FNH:0
DA:3,3
LF:1
LH:1
BRF:0
BRH:0
end_of_record
TN:
SF:components/pages/game-lobby/GameLobbyOptionsHub/GameLobbyOptionsHubTabView/GameLobbyOptionsHubTabView.vue
FN:26,(anonymous_4)
FN:51,(anonymous_6)
FN:76,(anonymous_8)
FNF:3
FNH:3
FNDA:4,(anonymous_4)
FNDA:4,(anonymous_6)
FNDA:4,(anonymous_8)
DA:2,4
DA:20,3
DA:26,4
DA:45,3
DA:51,4
DA:70,3
DA:76,4
LF:7
LH:7
BRF:0
BRH:0
end_of_record
TN:
SF:components/pages/game-lobby/GameLobbyOptionsHub/GameLobbyOptionsHubTabView/GameLobbyOptionsHubCompositionTab/GameLobbyOptionsHubCompositionTab.vue
FN:35,(anonymous_1)
FN:36,(anonymous_2)
FN:43,(anonymous_3)
FN:1,(anonymous_6)
FNF:4
FNH:4
FNDA:10,(anonymous_1)
FNDA:1,(anonymous_2)
FNDA:10,(anonymous_3)
FNDA:1,(anonymous_6)
DA:2,4
DA:11,1
DA:26,9
DA:27,9
DA:28,9
DA:30,9
DA:32,9
DA:34,9
DA:35,10
DA:37,1
DA:38,1
DA:39,1
DA:43,9
DA:44,10
DA:46,10
LF:15
LH:15
BRDA:1,0,0,10
BRDA:1,0,1,9
BRF:2
BRH:2
end_of_record
TN:
SF:components/pages/game-lobby/GameLobbyOptionsHub/GameLobbyOptionsHubTabView/GameLobbyOptionsHubRolesTab/GameLobbyOptionsHubRolesTab.vue
FNF:0
FNH:0
DA:2,5
LF:1
LH:1
BRF:0
BRH:0
end_of_record
TN:
SF:components/pages/game-lobby/GameLobbyOptionsHub/GameLobbyOptionsHubTabView/GameLobbyOptionsHubRolesTab/GameLobbyOptionsHubRolesTabActor/GameLobbyOptionsHubRolesTabActor.vue
FN:43,(anonymous_1)
FN:44,(anonymous_2)
FN:51,(anonymous_3)
FN:7,(anonymous_5)
FN:1,(anonymous_8)
FNF:5
FNH:5
FNDA:10,(anonymous_1)
FNDA:1,(anonymous_2)
FNDA:10,(anonymous_3)
FNDA:9,(anonymous_5)
FNDA:1,(anonymous_8)
DA:2,10
DA:7,9
DA:18,1
DA:34,9
DA:35,9
DA:36,9
DA:38,9
DA:40,9
DA:42,9
DA:43,10
DA:45,1
DA:46,1
DA:47,1
DA:51,9
DA:52,10
DA:54,10
LF:16
LH:16
BRDA:1,0,0,10
BRDA:1,0,1,9
BRF:2
BRH:2
end_of_record
TN:
SF:components/pages/game-lobby/GameLobbyOptionsHub/GameLobbyOptionsHubTabView/GameLobbyOptionsHubRolesTab/GameLobbyOptionsHubRolesTabBearTamer/GameLobbyOptionsHubRolesTabBearTamer.vue
FN:43,(anonymous_1)
FN:44,(anonymous_2)
FN:51,(anonymous_3)
FN:7,(anonymous_5)
FN:1,(anonymous_8)
FNF:5
FNH:5
FNDA:10,(anonymous_1)
FNDA:1,(anonymous_2)
FNDA:10,(anonymous_3)
FNDA:9,(anonymous_5)
FNDA:1,(anonymous_8)
DA:2,10
DA:7,9
DA:18,1
DA:34,9
DA:35,9
DA:36,9
DA:38,9
DA:40,9
DA:42,9
DA:43,10
DA:45,1
DA:46,1
DA:47,1
DA:51,9
DA:52,10
DA:54,10
LF:16
LH:16
BRDA:1,0,0,10
BRDA:1,0,1,9
BRF:2
BRH:2
end_of_record
TN:
SF:components/pages/game-lobby/GameLobbyOptionsHub/GameLobbyOptionsHubTabView/GameLobbyOptionsHubRolesTab/GameLobbyOptionsHubRolesTabBigBadWolf/GameLobbyOptionsHubRolesTabBigBadWolf.vue
FN:43,(anonymous_1)
FN:44,(anonymous_2)
FN:51,(anonymous_3)
FN:7,(anonymous_5)
FN:1,(anonymous_8)
FNF:5
FNH:5
FNDA:10,(anonymous_1)
FNDA:1,(anonymous_2)
FNDA:10,(anonymous_3)
FNDA:9,(anonymous_5)
FNDA:1,(anonymous_8)
DA:2,10
DA:7,9
DA:18,1
DA:34,9
DA:35,9
DA:36,9
DA:38,9
DA:40,9
DA:42,9
DA:43,10
DA:45,1
DA:46,1
DA:47,1
DA:51,9
DA:52,10
DA:54,10
LF:16
LH:16
BRDA:1,0,0,10
BRDA:1,0,1,9
BRF:2
BRH:2
end_of_record
TN:
SF:components/pages/game-lobby/GameLobbyOptionsHub/GameLobbyOptionsHubTabView/GameLobbyOptionsHubRolesTab/GameLobbyOptionsHubRolesTabCupid/GameLobbyOptionsHubRolesTabCupid.vue
FN:56,(anonymous_1)
FN:57,(anonymous_2)
FN:65,(anonymous_3)
FN:66,(anonymous_4)
FN:73,(anonymous_5)
FN:79,(anonymous_6)
FN:7,(anonymous_8)
FN:1,(anonymous_11)
FNF:8
FNH:8
FNDA:14,(anonymous_1)
FNDA:1,(anonymous_2)
FNDA:14,(anonymous_3)
FNDA:1,(anonymous_4)
FNDA:14,(anonymous_5)
FNDA:14,(anonymous_6)
FNDA:13,(anonymous_8)
FNDA:2,(anonymous_11)
DA:2,15
DA:7,13
DA:19,1
DA:32,1
DA:48,13
DA:49,13
DA:50,13
DA:52,13
DA:53,13
DA:55,13
DA:56,14
DA:58,1
DA:59,1
DA:60,1
DA:64,13
DA:65,14
DA:67,1
DA:68,1
DA:69,1
DA:73,13
DA:74,14
DA:76,14
DA:79,13
DA:80,14
DA:82,14
LF:25
LH:25
BRDA:1,0,0,15
BRDA:1,0,1,13
BRDA:1,1,0,15
BRDA:1,1,1,13
BRF:4
BRH:4
end_of_record
TN:
SF:components/pages/game-lobby/GameLobbyOptionsHub/GameLobbyOptionsHubTabView/GameLobbyOptionsHubRolesTab/GameLobbyOptionsHubRolesTabDefender/GameLobbyOptionsHubRolesTabDefender.vue
FN:42,(anonymous_1)
FN:43,(anonymous_2)
FN:50,(anonymous_3)
FN:7,(anonymous_5)
FN:1,(anonymous_8)
FNF:5
FNH:5
FNDA:10,(anonymous_1)
FNDA:1,(anonymous_2)
FNDA:10,(anonymous_3)
FNDA:9,(anonymous_5)
FNDA:1,(anonymous_8)
DA:2,10
DA:7,9
DA:18,1
DA:34,9
DA:35,9
DA:36,9
DA:38,9
DA:39,9
DA:41,9
DA:42,10
DA:44,1
DA:45,1
DA:46,1
DA:50,9
DA:51,10
DA:53,10
LF:16
LH:16
BRDA:1,0,0,10
BRDA:1,0,1,9
BRF:2
BRH:2
end_of_record
TN:
SF:components/pages/game-lobby/GameLobbyOptionsHub/GameLobbyOptionsHubTabView/GameLobbyOptionsHubRolesTab/GameLobbyOptionsHubRolesTabElder/GameLobbyOptionsHubRolesTabElder.vue
FN:76,(anonymous_1)
FN:77,(anonymous_2)
FN:88,(anonymous_3)
FN:89,(anonymous_4)
FN:96,(anonymous_5)
FN:102,(anonymous_6)
FN:7,(anonymous_8)
FN:1,(anonymous_12)
FNF:8
FNH:8
FNDA:15,(anonymous_1)
FNDA:3,(anonymous_2)
FNDA:16,(anonymous_3)
FNDA:1,(anonymous_4)
FNDA:15,(anonymous_5)
FNDA:16,(anonymous_6)
FNDA:15,(anonymous_8)
FNDA:4,(anonymous_12)
DA:2,16
DA:7,15
DA:27,2
DA:36,1
DA:52,1
DA:68,15
DA:69,15
DA:70,15
DA:72,15
DA:73,15
DA:75,15
DA:76,15
DA:78,3
DA:79,1
DA:81,2
DA:82,2
DA:83,2
DA:87,15
DA:88,16
DA:90,1
DA:91,1
DA:92,1
DA:96,15
DA:97,15
DA:99,15
DA:102,15
DA:103,16
DA:105,16
LF:28
LH:28
BRDA:78,0,0,1
BRDA:78,0,1,2
BRDA:1,1,0,16
BRDA:1,1,1,15
BRDA:1,2,0,16
BRDA:1,2,1,15
BRDA:1,3,0,16
BRDA:1,3,1,15
BRF:8
BRH:8
end_of_record
TN:
SF:components/pages/game-lobby/GameLobbyOptionsHub/GameLobbyOptionsHubTabView/GameLobbyOptionsHubRolesTab/GameLobbyOptionsHubRolesTabFox/GameLobbyOptionsHubRolesTabFox.vue
FN:42,(anonymous_1)
FN:43,(anonymous_2)
FN:50,(anonymous_3)
FN:7,(anonymous_5)
FN:1,(anonymous_8)
FNF:5
FNH:5
FNDA:10,(anonymous_1)
FNDA:1,(anonymous_2)
FNDA:10,(anonymous_3)
FNDA:9,(anonymous_5)
FNDA:1,(anonymous_8)
DA:2,10
DA:7,9
DA:18,1
DA:34,9
DA:35,9
DA:36,9
DA:38,9
DA:39,9
DA:41,9
DA:42,10
DA:44,1
DA:45,1
DA:46,1
DA:50,9
DA:51,10
DA:53,10
LF:16
LH:16
BRDA:1,0,0,10
BRDA:1,0,1,9
BRF:2
BRH:2
end_of_record
TN:
SF:components/pages/game-lobby/GameLobbyOptionsHub/GameLobbyOptionsHubTabView/GameLobbyOptionsHubRolesTab/GameLobbyOptionsHubRolesTabGeneral/GameLobbyOptionsHubRolesTabGeneral.vue
FN:63,(anonymous_1)
FN:64,(anonymous_2)
FN:72,(anonymous_3)
FN:73,(anonymous_4)
FN:80,(anonymous_5)
FN:86,(anonymous_6)
FN:1,(anonymous_11)
FNF:7
FNH:7
FNDA:15,(anonymous_1)
FNDA:1,(anonymous_2)
FNDA:15,(anonymous_3)
FNDA:1,(anonymous_4)
FNDA:15,(anonymous_5)
FNDA:15,(anonymous_6)
FNDA:2,(anonymous_11)
DA:2,16
DA:7,5
DA:10,5
DA:25,1
DA:38,1
DA:54,14
DA:55,14
DA:56,14
DA:58,14
DA:60,14
DA:62,14
DA:63,15
DA:65,1
DA:66,1
DA:67,1
DA:71,14
DA:72,15
DA:74,1
DA:75,1
DA:76,1
DA:80,14
DA:81,15
DA:83,15
DA:86,14
DA:87,15
DA:89,15
LF:26
LH:26
BRDA:1,0,0,16
BRDA:1,0,1,14
BRDA:1,1,0,16
BRDA:1,1,1,14
BRF:4
BRH:4
end_of_record
TN:
SF:components/pages/game-lobby/GameLobbyOptionsHub/GameLobbyOptionsHubTabView/GameLobbyOptionsHubRolesTab/GameLobbyOptionsHubRolesTabIdiot/GameLobbyOptionsHubRolesTabIdiot.vue
FN:42,(anonymous_1)
FN:43,(anonymous_2)
FN:50,(anonymous_3)
FN:7,(anonymous_5)
FN:1,(anonymous_8)
FNF:5
FNH:5
FNDA:10,(anonymous_1)
FNDA:1,(anonymous_2)
FNDA:10,(anonymous_3)
FNDA:9,(anonymous_5)
FNDA:1,(anonymous_8)
DA:2,10
DA:7,9
DA:18,1
DA:34,9
DA:35,9
DA:36,9
DA:38,9
DA:39,9
DA:41,9
DA:42,10
DA:44,1
DA:45,1
DA:46,1
DA:50,9
DA:51,10
DA:53,10
LF:16
LH:16
BRDA:1,0,0,10
BRDA:1,0,1,9
BRF:2
BRH:2
end_of_record
TN:
SF:components/pages/game-lobby/GameLobbyOptionsHub/GameLobbyOptionsHubTabView/GameLobbyOptionsHubRolesTab/GameLobbyOptionsHubRolesTabLittleGirl/GameLobbyOptionsHubRolesTabLittleGirl.vue
FN:42,(anonymous_1)
FN:43,(anonymous_2)
FN:50,(anonymous_3)
FN:7,(anonymous_5)
FN:1,(anonymous_8)
FNF:5
FNH:5
FNDA:10,(anonymous_1)
FNDA:1,(anonymous_2)
FNDA:10,(anonymous_3)
FNDA:9,(anonymous_5)
FNDA:1,(anonymous_8)
DA:2,10
DA:7,9
DA:18,1
DA:34,9
DA:35,9
DA:36,9
DA:38,9
DA:39,9
DA:41,9
DA:42,10
DA:44,1
DA:45,1
DA:46,1
DA:50,9
DA:51,10
DA:53,10
LF:16
LH:16
BRDA:1,0,0,10
BRDA:1,0,1,9
BRF:2
BRH:2
end_of_record
TN:
SF:components/pages/game-lobby/GameLobbyOptionsHub/GameLobbyOptionsHubTabView/GameLobbyOptionsHubRolesTab/GameLobbyOptionsHubRolesTabPiedPiper/GameLobbyOptionsHubRolesTabPiedPiper.vue
FN:77,(anonymous_1)
FN:78,(anonymous_2)
FN:89,(anonymous_3)
FN:90,(anonymous_4)
FN:97,(anonymous_5)
FN:103,(anonymous_6)
FN:7,(anonymous_8)
FN:1,(anonymous_12)
FNF:8
FNH:8
FNDA:15,(anonymous_1)
FNDA:3,(anonymous_2)
FNDA:16,(anonymous_3)
FNDA:1,(anonymous_4)
FNDA:15,(anonymous_5)
FNDA:16,(anonymous_6)
FNDA:15,(anonymous_8)
FNDA:4,(anonymous_12)
DA:2,16
DA:7,15
DA:27,2
DA:35,1
DA:52,1
DA:68,15
DA:69,15
DA:70,15
DA:72,15
DA:74,15
DA:76,15
DA:77,15
DA:79,3
DA:80,1
DA:82,2
DA:83,2
DA:84,2
DA:88,15
DA:89,16
DA:91,1
DA:92,1
DA:93,1
DA:97,15
DA:98,15
DA:100,15
DA:103,15
DA:104,16
DA:106,16
LF:28
LH:28
BRDA:79,0,0,1
BRDA:79,0,1,2
BRDA:1,1,0,16
BRDA:1,1,1,15
BRDA:1,2,0,16
BRDA:1,2,1,15
BRDA:1,3,0,16
BRDA:1,3,1,15
BRF:8
BRH:8
end_of_record
TN:
SF:components/pages/game-lobby/GameLobbyOptionsHub/GameLobbyOptionsHubTabView/GameLobbyOptionsHubRolesTab/GameLobbyOptionsHubRolesTabPrejudicedManipulator/GameLobbyOptionsHubRolesTabPrejudicedManipulator.vue
FN:43,(anonymous_1)
FN:44,(anonymous_2)
FN:51,(anonymous_3)
FN:7,(anonymous_5)
FN:1,(anonymous_8)
FNF:5
FNH:5
FNDA:10,(anonymous_1)
FNDA:1,(anonymous_2)
FNDA:10,(anonymous_3)
FNDA:9,(anonymous_5)
FNDA:1,(anonymous_8)
DA:2,10
DA:7,9
DA:18,1
DA:34,9
DA:35,9
DA:36,9
DA:38,9
DA:40,9
DA:42,9
DA:43,10
DA:45,1
DA:46,1
DA:47,1
DA:51,9
DA:52,10
DA:54,10
LF:16
LH:16
BRDA:1,0,0,10
BRDA:1,0,1,9
BRF:2
BRH:2
end_of_record
TN:
SF:components/pages/game-lobby/GameLobbyOptionsHub/GameLobbyOptionsHubTabView/GameLobbyOptionsHubRolesTab/GameLobbyOptionsHubRolesTabScandalmonger/GameLobbyOptionsHubRolesTabScandalmonger.vue
FN:59,(anonymous_1)
FN:60,(anonymous_2)
FN:70,(anonymous_3)
FN:7,(anonymous_5)
FN:1,(anonymous_9)
FNF:5
FNH:5
FNDA:11,(anonymous_1)
FNDA:3,(anonymous_2)
FNDA:11,(anonymous_3)
FNDA:11,(anonymous_5)
FNDA:3,(anonymous_9)
DA:2,11
DA:7,11
DA:26,1
DA:34,2
DA:52,11
DA:53,11
DA:54,11
DA:56,11
DA:58,11
DA:59,11
DA:61,3
DA:62,1
DA:64,2
DA:65,2
DA:66,2
DA:70,11
DA:71,11
DA:73,11
LF:18
LH:18
BRDA:61,0,0,1
BRDA:61,0,1,2
BRDA:1,1,0,11
BRDA:1,1,1,11
BRDA:1,2,0,11
BRDA:1,2,1,11
BRF:6
BRH:6
end_of_record
TN:
SF:components/pages/game-lobby/GameLobbyOptionsHub/GameLobbyOptionsHubTabView/GameLobbyOptionsHubRolesTab/GameLobbyOptionsHubRolesTabSeer/GameLobbyOptionsHubRolesTabSeer.vue
FN:56,(anonymous_1)
FN:57,(anonymous_2)
FN:65,(anonymous_3)
FN:66,(anonymous_4)
FN:73,(anonymous_5)
FN:79,(anonymous_6)
FN:7,(anonymous_8)
FN:1,(anonymous_11)
FNF:8
FNH:8
FNDA:14,(anonymous_1)
FNDA:1,(anonymous_2)
FNDA:14,(anonymous_3)
FNDA:1,(anonymous_4)
FNDA:14,(anonymous_5)
FNDA:14,(anonymous_6)
FNDA:13,(anonymous_8)
FNDA:2,(anonymous_11)
DA:2,15
DA:7,13
DA:19,1
DA:32,1
DA:48,13
DA:49,13
DA:50,13
DA:52,13
DA:53,13
DA:55,13
DA:56,14
DA:58,1
DA:59,1
DA:60,1
DA:64,13
DA:65,14
DA:67,1
DA:68,1
DA:69,1
DA:73,13
DA:74,14
DA:76,14
DA:79,13
DA:80,14
DA:82,14
LF:25
LH:25
BRDA:1,0,0,15
BRDA:1,0,1,13
BRDA:1,1,0,15
BRDA:1,1,1,13
BRF:4
BRH:4
end_of_record
TN:
SF:components/pages/game-lobby/GameLobbyOptionsHub/GameLobbyOptionsHubTabView/GameLobbyOptionsHubRolesTab/GameLobbyOptionsHubRolesTabSheriff/GameLobbyOptionsHubRolesTabSheriff.vue
FN:87,(anonymous_1)
FN:88,(anonymous_2)
FN:96,(anonymous_3)
FN:97,(anonymous_4)
FN:105,(anonymous_5)
FN:106,(anonymous_6)
FN:113,(anonymous_7)
FN:119,(anonymous_8)
FN:125,(anonymous_9)
FN:23,(anonymous_12)
FN:1,(anonymous_14)
FNF:11
FNH:11
FNDA:22,(anonymous_1)
FNDA:1,(anonymous_2)
FNDA:21,(anonymous_3)
FNDA:1,(anonymous_4)
FNDA:21,(anonymous_5)
FNDA:1,(anonymous_6)
FNDA:22,(anonymous_7)
FNDA:21,(anonymous_8)
FNDA:21,(anonymous_9)
FNDA:24,(anonymous_12)
FNDA:3,(anonymous_14)
DA:2,24
DA:7,5
DA:17,5
DA:32,1
DA:35,24
DA:46,1
DA:60,1
DA:78,20
DA:79,20
DA:80,20
DA:82,20
DA:84,20
DA:86,20
DA:87,22
DA:89,1
DA:90,1
DA:91,1
DA:95,20
DA:96,21
DA:98,1
DA:99,1
DA:100,1
DA:104,20
DA:105,21
DA:107,1
DA:108,1
DA:109,1
DA:113,20
DA:114,22
DA:116,22
DA:119,20
DA:120,21
DA:122,21
DA:125,20
DA:126,21
DA:128,21
LF:36
LH:36
BRDA:1,0,0,24
BRDA:1,0,1,20
BRDA:1,1,0,24
BRDA:1,1,1,20
BRDA:1,2,0,24
BRDA:1,2,1,20
BRF:6
BRH:6
end_of_record
TN:
SF:components/pages/game-lobby/GameLobbyOptionsHub/GameLobbyOptionsHubTabView/GameLobbyOptionsHubRolesTab/GameLobbyOptionsHubRolesTabSheriff/GameLobbyOptionsHubRolesTabSheriffElection/GameLobbyOptionsHubRolesTabSheriffElection.vue
FN:59,(anonymous_1)
FN:60,(anonymous_2)
FN:71,(anonymous_3)
FN:72,(anonymous_4)
FN:79,(anonymous_5)
FN:1,(anonymous_8)
FNF:6
FNH:6
FNDA:17,(anonymous_1)
FNDA:3,(anonymous_2)
FNDA:18,(anonymous_3)
FNDA:2,(anonymous_4)
FNDA:18,(anonymous_5)
FNDA:5,(anonymous_8)
DA:2,18
DA:10,2
DA:28,2
DA:37,1
DA:52,16
DA:53,16
DA:54,16
DA:56,16
DA:58,16
DA:59,17
DA:61,3
DA:62,1
DA:64,2
DA:65,2
DA:66,2
DA:70,16
DA:71,18
DA:73,2
DA:74,2
DA:75,2
DA:79,16
DA:80,18
DA:82,18
LF:23
LH:23
BRDA:61,0,0,1
BRDA:61,0,1,2
BRDA:74,1,0,1
BRDA:74,1,1,1
BRDA:1,2,0,18
BRDA:1,2,1,16
BRDA:1,3,0,17
BRDA:1,3,1,16
BRDA:1,4,0,18
BRDA:1,4,1,16
BRF:10
BRH:10
end_of_record
TN:
SF:components/pages/game-lobby/GameLobbyOptionsHub/GameLobbyOptionsHubTabView/GameLobbyOptionsHubRolesTab/GameLobbyOptionsHubRolesTabStutteringJudge/GameLobbyOptionsHubRolesTabStutteringJudge.vue
FN:59,(anonymous_1)
FN:60,(anonymous_2)
FN:70,(anonymous_3)
FN:7,(anonymous_5)
FN:1,(anonymous_9)
FNF:5
FNH:5
FNDA:11,(anonymous_1)
FNDA:3,(anonymous_2)
FNDA:11,(anonymous_3)
FNDA:11,(anonymous_5)
FNDA:3,(anonymous_9)
DA:2,11
DA:7,11
DA:26,2
DA:35,1
DA:52,11
DA:53,11
DA:54,11
DA:56,11
DA:58,11
DA:59,11
DA:61,3
DA:62,1
DA:64,2
DA:65,2
DA:66,2
DA:70,11
DA:71,11
DA:73,11
LF:18
LH:18
BRDA:61,0,0,1
BRDA:61,0,1,2
BRDA:1,1,0,11
BRDA:1,1,1,11
BRDA:1,2,0,11
BRDA:1,2,1,11
BRF:6
BRH:6
end_of_record
TN:
SF:components/pages/game-lobby/GameLobbyOptionsHub/GameLobbyOptionsHubTabView/GameLobbyOptionsHubRolesTab/GameLobbyOptionsHubRolesTabThief/GameLobbyOptionsHubRolesTabThief.vue
FN:57,(anonymous_1)
FN:58,(anonymous_2)
FN:66,(anonymous_3)
FN:67,(anonymous_4)
FN:74,(anonymous_5)
FN:80,(anonymous_6)
FN:7,(anonymous_8)
FN:1,(anonymous_11)
FNF:8
FNH:8
FNDA:14,(anonymous_1)
FNDA:1,(anonymous_2)
FNDA:14,(anonymous_3)
FNDA:1,(anonymous_4)
FNDA:14,(anonymous_5)
FNDA:14,(anonymous_6)
FNDA:13,(anonymous_8)
FNDA:2,(anonymous_11)
DA:2,15
DA:7,13
DA:19,1
DA:32,1
DA:48,13
DA:49,13
DA:50,13
DA:52,13
DA:54,13
DA:56,13
DA:57,14
DA:59,1
DA:60,1
DA:61,1
DA:65,13
DA:66,14
DA:68,1
DA:69,1
DA:70,1
DA:74,13
DA:75,14
DA:77,14
DA:80,13
DA:81,14
DA:83,14
LF:25
LH:25
BRDA:1,0,0,15
BRDA:1,0,1,13
BRDA:1,1,0,15
BRDA:1,1,1,13
BRF:4
BRH:4
end_of_record
TN:
SF:components/pages/game-lobby/GameLobbyOptionsHub/GameLobbyOptionsHubTabView/GameLobbyOptionsHubRolesTab/GameLobbyOptionsHubRolesTabThreeBrothers/GameLobbyOptionsHubRolesTabThreeBrothers.vue
FN:59,(anonymous_1)
FN:60,(anonymous_2)
FN:70,(anonymous_3)
FN:7,(anonymous_5)
FN:1,(anonymous_9)
FNF:5
FNH:5
FNDA:11,(anonymous_1)
FNDA:3,(anonymous_2)
FNDA:11,(anonymous_3)
FNDA:11,(anonymous_5)
FNDA:3,(anonymous_9)
DA:2,11
DA:7,11
DA:26,2
DA:35,1
DA:52,11
DA:53,11
DA:54,11
DA:56,11
DA:58,11
DA:59,11
DA:61,3
DA:62,1
DA:64,2
DA:65,2
DA:66,2
DA:70,11
DA:71,11
DA:73,11
LF:18
LH:18
BRDA:61,0,0,1
BRDA:61,0,1,2
BRDA:1,1,0,11
BRDA:1,1,1,11
BRDA:1,2,0,11
BRDA:1,2,1,11
BRF:6
BRH:6
end_of_record
TN:
SF:components/pages/game-lobby/GameLobbyOptionsHub/GameLobbyOptionsHubTabView/GameLobbyOptionsHubRolesTab/GameLobbyOptionsHubRolesTabTwoSisters/GameLobbyOptionsHubRolesTabTwoSisters.vue
FN:59,(anonymous_1)
FN:60,(anonymous_2)
FN:70,(anonymous_3)
FN:7,(anonymous_5)
FN:1,(anonymous_9)
FNF:5
FNH:5
FNDA:11,(anonymous_1)
FNDA:3,(anonymous_2)
FNDA:11,(anonymous_3)
FNDA:11,(anonymous_5)
FNDA:3,(anonymous_9)
DA:2,11
DA:7,11
DA:26,2
DA:35,1
DA:52,11
DA:53,11
DA:54,11
DA:56,11
DA:58,11
DA:59,11
DA:61,3
DA:62,1
DA:64,2
DA:65,2
DA:66,2
DA:70,11
DA:71,11
DA:73,11
LF:18
LH:18
BRDA:61,0,0,1
BRDA:61,0,1,2
BRDA:1,1,0,11
BRDA:1,1,1,11
BRDA:1,2,0,11
BRDA:1,2,1,11
BRF:6
BRH:6
end_of_record
TN:
SF:components/pages/game-lobby/GameLobbyOptionsHub/GameLobbyOptionsHubTabView/GameLobbyOptionsHubRolesTab/GameLobbyOptionsHubRolesTabWhiteWerewolf/GameLobbyOptionsHubRolesTabWhiteWerewolf.vue
FN:59,(anonymous_1)
FN:60,(anonymous_2)
FN:70,(anonymous_3)
FN:7,(anonymous_5)
FN:1,(anonymous_9)
FNF:5
FNH:5
FNDA:11,(anonymous_1)
FNDA:3,(anonymous_2)
FNDA:11,(anonymous_3)
FNDA:11,(anonymous_5)
FNDA:3,(anonymous_9)
DA:2,11
DA:7,11
DA:26,2
DA:35,1
DA:52,11
DA:53,11
DA:54,11
DA:56,11
DA:58,11
DA:59,11
DA:61,3
DA:62,1
DA:64,2
DA:65,2
DA:66,2
DA:70,11
DA:71,11
DA:73,11
LF:18
LH:18
BRDA:61,0,0,1
BRDA:61,0,1,2
BRDA:1,1,0,11
BRDA:1,1,1,11
BRDA:1,2,0,11
BRDA:1,2,1,11
BRF:6
BRH:6
end_of_record
TN:
SF:components/pages/game-lobby/GameLobbyOptionsHub/GameLobbyOptionsHubTabView/GameLobbyOptionsHubRolesTab/GameLobbyOptionsHubRolesTabWildChild/GameLobbyOptionsHubRolesTabWildChild.vue
FN:42,(anonymous_1)
FN:43,(anonymous_2)
FN:50,(anonymous_3)
FN:7,(anonymous_5)
FN:1,(anonymous_8)
FNF:5
FNH:5
FNDA:10,(anonymous_1)
FNDA:1,(anonymous_2)
FNDA:10,(anonymous_3)
FNDA:9,(anonymous_5)
FNDA:1,(anonymous_8)
DA:2,10
DA:7,9
DA:18,1
DA:34,9
DA:35,9
DA:36,9
DA:38,9
DA:39,9
DA:41,9
DA:42,10
DA:44,1
DA:45,1
DA:46,1
DA:50,9
DA:51,10
DA:53,10
LF:16
LH:16
BRDA:1,0,0,10
BRDA:1,0,1,9
BRF:2
BRH:2
end_of_record
TN:
SF:components/pages/game-lobby/GameLobbyOptionsHub/GameLobbyOptionsHubTabView/GameLobbyOptionsHubRolesTab/GameLobbyOptionsHubRolesTabWitch/GameLobbyOptionsHubRolesTabWitch.vue
FN:43,(anonymous_1)
FN:44,(anonymous_2)
FN:51,(anonymous_3)
FN:7,(anonymous_5)
FN:1,(anonymous_8)
FNF:5
FNH:5
FNDA:10,(anonymous_1)
FNDA:1,(anonymous_2)
FNDA:10,(anonymous_3)
FNDA:9,(anonymous_5)
FNDA:1,(anonymous_8)
DA:2,10
DA:7,9
DA:18,1
DA:34,9
DA:35,9
DA:36,9
DA:38,9
DA:40,9
DA:42,9
DA:43,10
DA:45,1
DA:46,1
DA:47,1
DA:51,9
DA:52,10
DA:54,10
LF:16
LH:16
BRDA:1,0,0,10
BRDA:1,0,1,9
BRF:2
BRH:2
end_of_record
TN:
SF:components/pages/game-lobby/GameLobbyOptionsHub/GameLobbyOptionsHubTabView/GameLobbyOptionsHubRolesTab/GameLobbyOptionsHubRolesTabWolfHound/GameLobbyOptionsHubRolesTabWolfHound.vue
FN:57,(anonymous_1)
FN:58,(anonymous_2)
FN:66,(anonymous_3)
FN:67,(anonymous_4)
FN:74,(anonymous_5)
FN:80,(anonymous_6)
FN:7,(anonymous_8)
FN:1,(anonymous_11)
FNF:8
FNH:8
FNDA:14,(anonymous_1)
FNDA:1,(anonymous_2)
FNDA:14,(anonymous_3)
FNDA:1,(anonymous_4)
FNDA:14,(anonymous_5)
FNDA:14,(anonymous_6)
FNDA:13,(anonymous_8)
FNDA:2,(anonymous_11)
DA:2,15
DA:7,13
DA:19,1
DA:32,1
DA:48,13
DA:49,13
DA:50,13
DA:52,13
DA:54,13
DA:56,13
DA:57,14
DA:59,1
DA:60,1
DA:61,1
DA:65,13
DA:66,14
DA:68,1
DA:69,1
DA:70,1
DA:74,13
DA:75,14
DA:77,14
DA:80,13
DA:81,14
DA:83,14
LF:25
LH:25
BRDA:1,0,0,15
BRDA:1,0,1,13
BRDA:1,1,0,15
BRDA:1,1,1,13
BRF:4
BRH:4
end_of_record
TN:
SF:components/pages/game-lobby/GameLobbyOptionsHub/GameLobbyOptionsHubTabView/GameLobbyOptionsHubVotesTab/GameLobbyOptionsHubVotesTab.vue
FN:35,(anonymous_1)
FN:36,(anonymous_2)
FN:43,(anonymous_3)
FN:1,(anonymous_6)
FNF:4
FNH:4
FNDA:10,(anonymous_1)
FNDA:1,(anonymous_2)
FNDA:10,(anonymous_3)
FNDA:1,(anonymous_6)
DA:2,4
DA:11,1
DA:26,9
DA:27,9
DA:28,9
DA:30,9
DA:32,9
DA:34,9
DA:35,10
DA:37,1
DA:38,1
DA:39,1
DA:43,9
DA:44,10
DA:46,10
LF:15
LH:15
BRDA:1,0,0,10
BRDA:1,0,1,9
BRF:2
BRH:2
end_of_record
TN:
SF:components/pages/game-lobby/GameLobbyPlayersParty/GameLobbyPlayersParty.vue
FN:48,pickRoleForPlayer
FNF:1
FNH:1
FNDA:2,pickRoleForPlayer
DA:11,2
DA:23,12
DA:42,6
DA:44,6
DA:46,6
DA:49,2
DA:50,1
DA:52,1
LF:8
LH:8
BRDA:49,0,0,1
BRDA:49,0,1,1
BRDA:7,1,0,6
BRF:3
BRH:3
end_of_record
TN:
SF:components/pages/game-lobby/GameLobbyPlayersParty/GameLobbyPlayerCard/GameLobbyPlayerCard.vue
FN:47,(anonymous_1)
FN:54,removePlayerFromCreateGameDto
FN:58,pickRoleForPlayer
FNF:3
FNH:3
FNDA:11,(anonymous_1)
FNDA:1,removePlayerFromCreateGameDto
FNDA:1,pickRoleForPlayer
DA:1,3
DA:2,11
DA:25,3
DA:37,11
DA:39,11
DA:41,11
DA:43,11
DA:45,11
DA:47,11
DA:48,11
DA:49,1
DA:51,10
DA:55,1
DA:59,1
LF:14
LH:14
BRDA:48,0,0,1
BRDA:48,0,1,10
BRF:2
BRH:2
end_of_record
TN:
SF:components/pages/game-lobby/GameLobbyRolePicker/GameLobbyRolePicker.vue
FN:69,openToPickRoleForPlayer
FN:75,pickRole
FN:79,close
FNF:3
FNH:3
FNDA:10,openToPickRoleForPlayer
FNDA:2,pickRole
FNDA:1,close
DA:2,36
DA:65,25
DA:66,25
DA:67,25
DA:70,10
DA:71,10
DA:72,10
DA:76,2
DA:80,1
DA:83,25
LF:10
LH:10
BRF:0
BRH:0
end_of_record
TN:
SF:components/pages/game-lobby/GameLobbyRolePicker/GameLobbyRolePickerDescription/GameLobbyRolePickerDescription.vue
FN:44,(anonymous_1)
FN:44,(anonymous_2)
FNF:2
FNH:2
FNDA:9,(anonymous_1)
FNDA:1,(anonymous_2)
DA:23,3
DA:39,8
DA:41,8
DA:42,8
DA:44,9
DA:45,1
LF:6
LH:6
BRDA:15,0,0,2
BRDA:15,0,1,7
BRF:2
BRH:2
end_of_record
TN:
SF:components/pages/game-lobby/GameLobbyRolePicker/GameLobbyRolePickerDescription/GameLobbyRolePickerDescriptionContent/GameLobbyRolePickerDescriptionContent.vue
FN:57,(anonymous_1)
FNF:1
FNH:1
FNDA:2,(anonymous_1)
DA:6,4
DA:16,4
DA:53,2
DA:55,2
DA:57,2
LF:5
LH:5
BRF:0
BRH:0
end_of_record
TN:
SF:components/pages/game-lobby/GameLobbyRolePicker/GameLobbyRolePickerDescription/GameLobbyRolePickerDescriptionContent/GameLobbyRolePickerDescriptionBoundaries/GameLobbyRolePickerDescriptionBoundaries.vue
FN:66,(anonymous_1)
FN:68,(anonymous_2)
FN:70,(anonymous_3)
FN:72,(anonymous_4)
FNF:4
FNH:4
FNDA:14,(anonymous_1)
FNDA:14,(anonymous_2)
FNDA:14,(anonymous_3)
FNDA:14,(anonymous_4)
DA:2,14
DA:3,5
DA:9,5
DA:11,5
DA:29,5
DA:41,5
DA:54,14
DA:56,14
DA:62,14
DA:64,14
DA:66,14
DA:68,14
DA:70,14
DA:72,14
LF:14
LH:14
BRDA:16,0,0,1
BRDA:16,0,1,13
BRDA:25,1,0,13
BRDA:25,1,1,1
BRDA:37,2,0,12
BRDA:37,2,1,2
BRDA:37,3,0,14
BRDA:37,3,1,13
BRF:8
BRH:8
end_of_record
TN:
SF:components/pages/game-lobby/GameLobbyRolePicker/GameLobbyRolePickerFooter/GameLobbyRolePickerFooter.vue
FN:34,(anonymous_1)
FN:36,(anonymous_2)
FN:38,swapRoleWithFirstPlayerWithRole
FN:55,pickRoleForPlayer
FNF:4
FNH:4
FNDA:22,(anonymous_1)
FNDA:22,(anonymous_2)
FNDA:2,swapRoleWithFirstPlayerWithRole
FNDA:8,pickRoleForPlayer
DA:23,22
DA:25,22
DA:27,22
DA:32,22
DA:34,22
DA:36,22
DA:39,2
DA:40,2
DA:41,1
DA:43,1
DA:44,1
DA:52,1
DA:56,8
DA:57,1
DA:59,7
DA:60,2
DA:62,7
DA:70,7
DA:71,7
LF:19
LH:19
BRDA:36,0,0,22
BRDA:36,0,1,21
BRDA:36,0,2,19
BRDA:40,1,0,1
BRDA:40,1,1,1
BRDA:56,2,0,1
BRDA:56,2,1,7
BRDA:56,3,0,8
BRDA:56,3,1,7
BRDA:59,4,0,2
BRDA:59,4,1,5
BRF:11
BRH:11
end_of_record
TN:
SF:components/pages/game-lobby/GameLobbyRolePicker/GameLobbyRolePickerGrid/GameLobbyRolePickerGrid.vue
FN:39,pickRole
FNF:1
FNH:1
FNDA:1,pickRole
DA:12,9
DA:33,3
DA:35,3
DA:37,3
DA:40,1
LF:5
LH:5
BRF:0
BRH:0
end_of_record
TN:
SF:components/pages/game-lobby/GameLobbyRolePicker/GameLobbyRolePickerGrid/GameLobbyRolePickerGridElement/GameLobbyRolePickerGridElement.vue
FN:68,(anonymous_1)
FN:75,(anonymous_2)
FN:77,pickRole
FN:83,(anonymous_4)
FNF:4
FNH:4
FNDA:22,(anonymous_1)
FNDA:22,(anonymous_2)
FNDA:5,pickRole
FNDA:6,(anonymous_4)
DA:57,22
DA:59,22
DA:61,22
DA:62,22
DA:64,22
DA:66,22
DA:68,22
DA:69,22
DA:70,6
DA:72,16
DA:75,22
DA:78,5
DA:79,1
DA:82,4
DA:83,6
DA:84,2
DA:85,2
DA:87,2
DA:90,2
LF:19
LH:19
BRDA:69,0,0,6
BRDA:69,0,1,16
BRDA:75,1,0,22
BRDA:75,1,1,16
BRDA:78,2,0,1
BRDA:78,2,1,4
BRDA:82,3,0,2
BRDA:82,3,1,2
BRDA:83,4,0,6
BRDA:83,4,1,3
BRDA:34,5,0,6
BRDA:34,5,1,16
BRF:12
BRH:12
end_of_record
TN:
SF:components/pages/game-lobby/GameLobbyRolePicker/GameLobbyRolePickerGrid/GameLobbyRolePickerGridElement/GameLobbyRolePickerGridElementBadges/GameLobbyRolePickerGridElementBadges.vue
FN:44,(anonymous_1)
FN:51,(anonymous_2)
FN:12,(anonymous_4)
FN:27,(anonymous_5)
FNF:4
FNH:4
FNDA:17,(anonymous_1)
FNDA:17,(anonymous_2)
FNDA:10,(anonymous_4)
FNDA:10,(anonymous_5)
DA:2,17
DA:3,5
DA:12,10
DA:27,10
DA:36,17
DA:38,17
DA:42,17
DA:44,17
DA:45,17
DA:46,2
DA:48,15
DA:51,17
DA:52,17
DA:53,2
DA:55,15
LF:15
LH:15
BRDA:45,0,0,2
BRDA:45,0,1,15
BRDA:52,1,0,2
BRDA:52,1,1,15
BRDA:6,2,0,13
BRDA:6,2,1,4
BRDA:20,3,0,12
BRDA:20,3,1,5
BRDA:20,4,0,17
BRDA:20,4,1,13
BRF:10
BRH:10
end_of_record
TN:
SF:components/pages/game-lobby/GameLobbyRolePicker/GameLobbyRolePickerHeader/GameLobbyRolePickerHeader.vue
FN:64,(anonymous_1)
FN:66,(anonymous_2)
FNF:2
FNH:2
FNDA:10,(anonymous_1)
FNDA:10,(anonymous_2)
DA:2,10
DA:33,3
DA:46,3
DA:58,10
DA:60,10
DA:62,10
DA:64,10
DA:66,10
DA:67,10
DA:68,3
DA:70,7
LF:11
LH:11
BRDA:67,0,0,3
BRDA:67,0,1,7
BRF:2
BRH:2
end_of_record
TN:
SF:components/pages/game/GameCanceled/GameCanceled.vue
FNF:0
FNH:0
DA:10,2
DA:31,3
DA:33,3
LF:3
LH:3
BRF:0
BRH:0
end_of_record
TN:
SF:components/pages/game/GameNotFound/GameNotFound.vue
FNF:0
FNH:0
DA:10,2
DA:31,3
DA:33,3
LF:3
LH:3
BRF:0
BRH:0
end_of_record
TN:
SF:components/pages/game/GameOver/GameOver.vue
FN:48,(anonymous_1)
FN:50,showGameHistory
FNF:2
FNH:2
FNDA:10,(anonymous_1)
FNDA:2,showGameHistory
DA:2,10
DA:36,8
DA:37,8
DA:39,8
DA:40,8
DA:42,8
DA:44,8
DA:46,8
DA:48,10
DA:51,2
DA:52,1
DA:54,1
DA:57,8
LF:13
LH:13
BRDA:51,0,0,1
BRDA:51,0,1,1
BRDA:6,1,0,8
BRDA:6,1,1,2
BRF:4
BRH:4
end_of_record
TN:
SF:components/pages/game/GameOver/GameOverActions/GameOverActions.vue
FN:46,(anonymous_1)
FN:53,showGameHistory
FN:11,(anonymous_4)
FN:24,(anonymous_5)
FNF:4
FNH:4
FNDA:7,(anonymous_1)
FNDA:1,showGameHistory
FNDA:6,(anonymous_4)
FNDA:7,(anonymous_5)
DA:11,6
DA:24,7
DA:39,6
DA:41,6
DA:42,6
DA:44,6
DA:46,6
DA:47,7
DA:48,1
DA:50,6
DA:54,1
LF:11
LH:11
BRDA:47,0,0,1
BRDA:47,0,1,6
BRF:2
BRH:2
end_of_record
TN:
SF:components/pages/game/GameOver/GameOverHistory/GameOverHistory.vue
FN:48,showGameHistory
FN:52,close
FN:18,(anonymous_4)
FN:22,(anonymous_5)
FNF:4
FNH:4
FNDA:5,showGameHistory
FNDA:1,close
FNDA:5,(anonymous_4)
FNDA:5,(anonymous_5)
DA:2,22
DA:18,5
DA:22,5
DA:46,16
DA:49,5
DA:53,1
DA:56,16
LF:7
LH:7
BRF:0
BRH:0
end_of_record
TN:
SF:components/pages/game/GameOver/GameOverHistory/GameOverHistoryHeader/GameOverHistoryHeader.vue
FNF:0
FNH:0
DA:3,4
LF:1
LH:1
BRF:0
BRH:0
end_of_record
TN:
SF:components/pages/game/GameOver/GameOverHistory/GameOverHistoryRecords/GameOverHistoryRecords.vue
FN:24,(anonymous_4)
FNF:1
FNH:1
FNDA:9,(anonymous_4)
DA:2,3
DA:23,9
DA:42,3
DA:43,3
LF:4
LH:4
BRF:0
BRH:0
end_of_record
TN:
SF:components/pages/game/GameOver/GameOverHistory/GameOverHistoryRecords/GameOverHistoryRecord/GameOverHistoryRecord.vue
FN:40,(anonymous_1)
FNF:1
FNH:1
FNDA:14,(anonymous_1)
DA:18,5
DA:36,14
DA:38,14
DA:40,14
DA:41,14
DA:42,14
DA:44,14
LF:7
LH:7
BRDA:44,0,0,14
BRDA:44,0,1,13
BRDA:20,1,0,12
BRDA:20,1,1,2
BRF:4
BRH:4
end_of_record
TN:
SF:components/pages/game/GameOver/GameOverHistory/GameOverHistoryRecords/GameOverHistoryRecord/GameOverHistoryRecordAction/GameOverHistoryRecordAction.vue
FN:30,(anonymous_1)
FN:41,(anonymous_2)
FNF:2
FNH:2
FNDA:73,(anonymous_1)
FNDA:73,(anonymous_2)
DA:6,6
DA:24,73
DA:26,73
DA:28,73
DA:30,73
DA:31,73
DA:32,39
DA:34,34
DA:35,34
DA:36,2
DA:38,32
DA:41,73
DA:42,73
DA:43,73
DA:44,39
DA:46,34
DA:47,4
DA:49,30
DA:50,5
DA:52,25
LF:20
LH:20
BRDA:31,0,0,39
BRDA:31,0,1,34
BRDA:35,1,0,2
BRDA:35,1,1,32
BRDA:43,2,0,39
BRDA:43,2,1,34
BRDA:46,3,0,4
BRDA:46,3,1,30
BRDA:46,4,0,34
BRDA:46,4,1,32
BRDA:49,5,0,5
BRDA:49,5,1,25
BRF:12
BRH:12
end_of_record
TN:
SF:components/pages/game/GameOver/GameOverHistory/GameOverHistoryRecords/GameOverHistoryRecord/GameOverHistoryRecordAction/game-over-history-record-action.constants.ts
FNF:0
FNH:0
DA:6,6
LF:1
LH:1
BRF:0
BRH:0
end_of_record
TN:
SF:components/pages/game/GameOver/GameOverHistory/GameOverHistoryRecords/GameOverHistoryRecord/GameOverHistoryRecordDecision/GameOverHistoryRecordDecision.vue
FNF:0
FNH:0
DA:2,22
LF:1
LH:1
BRDA:4,0,0,5
BRDA:4,0,1,17
BRDA:10,1,0,13
BRDA:10,1,1,4
BRDA:16,2,0,1
BRDA:16,2,1,3
BRDA:22,3,0,1
BRDA:22,3,1,2
BRDA:28,4,0,1
BRDA:28,4,1,1
BRF:10
BRH:10
end_of_record
TN:
SF:components/pages/game/GameOver/GameOverHistory/GameOverHistoryRecords/GameOverHistoryRecord/GameOverHistoryRecordDecision/GameOverHistoryRecordDecisionBuriedPlayers/GameOverHistoryRecordDecisionBuriedPlayers.vue
FN:32,(anonymous_1)
FN:34,(anonymous_2)
FN:39,(anonymous_3)
FNF:3
FNH:3
FNDA:9,(anonymous_1)
FNDA:14,(anonymous_2)
FNDA:9,(anonymous_3)
DA:6,20
DA:28,9
DA:30,7
DA:32,9
DA:33,9
DA:34,14
DA:36,9
DA:39,9
LF:8
LH:8
BRDA:36,0,0,9
BRDA:36,0,1,1
BRF:2
BRH:2
end_of_record
TN:
SF:components/pages/game/GameOver/GameOverHistory/GameOverHistoryRecords/GameOverHistoryRecord/GameOverHistoryRecordDecision/GameOverHistoryRecordDecisionBuriedPlayers/GameOverHistoryRecordDecisionBuriedPlayer/GameOverHistoryRecordDecisionBuriedPlayer.vue
FN:36,(anonymous_1)
FN:15,(anonymous_3)
FNF:2
FNH:2
FNDA:11,(anonymous_1)
FNDA:2,(anonymous_3)
DA:2,11
DA:21,2
DA:23,8
DA:34,11
DA:36,11
DA:37,11
DA:39,11
LF:7
LH:7
BRDA:39,0,0,11
BRDA:39,0,1,4
BRDA:10,1,0,3
BRDA:10,1,1,8
BRF:4
BRH:4
end_of_record
TN:
SF:components/pages/game/GameOver/GameOverHistory/GameOverHistoryRecords/GameOverHistoryRecord/GameOverHistoryRecordDecision/GameOverHistoryRecordDecisionChosenSide/GameOverHistoryRecordDecisionChosenSide.vue
FN:26,(anonymous_1)
FN:33,(anonymous_2)
FNF:2
FNH:2
FNDA:5,(anonymous_1)
FNDA:5,(anonymous_2)
DA:6,7
DA:22,5
DA:24,5
DA:26,5
DA:27,5
DA:28,1
DA:30,4
DA:33,5
LF:8
LH:8
BRDA:27,0,0,1
BRDA:27,0,1,4
BRF:2
BRH:2
end_of_record
TN:
SF:components/pages/game/GameOver/GameOverHistory/GameOverHistoryRecords/GameOverHistoryRecord/GameOverHistoryRecordDecision/GameOverHistoryRecordDecisionNominatedPlayers/GameOverHistoryRecordDecisionNominatedPlayers.vue
FN:36,(anonymous_1)
FN:42,(anonymous_2)
FNF:2
FNH:2
FNDA:9,(anonymous_1)
FNDA:9,(anonymous_2)
DA:32,9
DA:34,7
DA:36,9
DA:37,9
DA:39,9
DA:42,9
LF:6
LH:6
BRDA:39,0,0,9
BRDA:39,0,1,2
BRF:2
BRH:2
end_of_record
TN:
SF:components/pages/game/GameOver/GameOverHistory/GameOverHistoryRecords/GameOverHistoryRecord/GameOverHistoryRecordDecision/GameOverHistoryRecordDecisionTargets/GameOverHistoryRecordDecisionTargets.vue
FN:31,(anonymous_1)
FN:33,(anonymous_2)
FNF:2
FNH:2
FNDA:7,(anonymous_1)
FNDA:7,(anonymous_2)
DA:6,17
DA:27,7
DA:29,7
DA:31,7
DA:33,7
LF:5
LH:5
BRDA:31,0,0,7
BRDA:31,0,1,1
BRF:2
BRH:2
end_of_record
TN:
SF:components/pages/game/GameOver/GameOverHistory/GameOverHistoryRecords/GameOverHistoryRecord/GameOverHistoryRecordDecision/GameOverHistoryRecordDecisionTargets/GameOverHistoryRecordDecisionTarget/GameOverHistoryRecordDecisionTarget.vue
FN:37,(anonymous_1)
FN:39,(anonymous_2)
FN:46,(anonymous_3)
FN:53,(anonymous_4)
FN:15,(anonymous_6)
FNF:5
FNH:5
FNDA:15,(anonymous_1)
FNDA:15,(anonymous_2)
FNDA:15,(anonymous_3)
FNDA:15,(anonymous_4)
FNDA:6,(anonymous_6)
DA:2,15
DA:20,6
DA:22,8
DA:33,15
DA:35,15
DA:37,15
DA:39,15
DA:40,15
DA:41,3
DA:43,12
DA:46,15
DA:47,15
DA:48,3
DA:50,12
DA:53,15
DA:54,15
DA:55,3
DA:57,12
LF:18
LH:18
BRDA:40,0,0,3
BRDA:40,0,1,12
BRDA:47,1,0,3
BRDA:47,1,1,12
BRDA:54,2,0,3
BRDA:54,2,1,12
BRDA:10,3,0,6
BRDA:10,3,1,9
BRF:8
BRH:8
end_of_record
TN:
SF:components/pages/game/GameOver/GameOverHistory/GameOverHistoryRecords/GameOverHistoryRecord/GameOverHistoryRecordSource/GameOverHistoryRecordSource.vue
FN:47,(anonymous_1)
FN:55,(anonymous_2)
FNF:2
FNH:2
FNDA:6,(anonymous_1)
FNDA:6,(anonymous_2)
DA:6,6
DA:43,6
DA:45,6
DA:47,6
DA:48,6
DA:50,6
DA:53,6
DA:55,6
LF:8
LH:8
BRF:0
BRH:0
end_of_record
TN:
SF:components/pages/game/GameOver/GameOverHistory/GameOverHistoryRecords/GameOverHistoryRecordIcon/GameOverHistoryRecordIcon.vue
FN:19,(anonymous_1)
FNF:1
FNH:1
FNDA:4,(anonymous_1)
DA:17,4
DA:19,4
DA:20,4
DA:21,4
DA:23,4
DA:25,4
LF:6
LH:6
BRDA:25,0,0,4
BRDA:25,0,1,1
BRF:2
BRH:2
end_of_record
TN:
SF:components/pages/game/GameOver/GameOverHistory/GameOverHistoryRecords/GameOverHistoryRecordPhase/GameOverHistoryRecordPhase.vue
FNF:0
FNH:0
DA:2,1
DA:26,1
LF:2
LH:2
BRF:0
BRH:0
end_of_record
TN:
SF:components/pages/game/GameOver/GameOverVictoryText/GameOverVictoryText.vue
FN:52,(anonymous_1)
FNF:1
FNH:1
FNDA:53,(anonymous_1)
DA:2,53
DA:6,3
DA:29,3
DA:47,29
DA:48,29
DA:50,29
DA:52,29
DA:53,53
DA:54,53
DA:59,53
DA:60,29
DA:62,24
DA:64,24
LF:13
LH:13
BRDA:59,0,0,29
BRDA:59,0,1,24
BRF:2
BRH:2
end_of_record
TN:
SF:components/pages/game/GameOver/GameOverVictoryText/game-over-victory-text.constants.ts
FNF:0
FNH:0
DA:9,3
LF:1
LH:1
BRF:0
BRH:0
end_of_record
TN:
SF:components/pages/game/GameOver/GameOverWinners/GameOverWinners.vue
FN:25,(anonymous_1)
FNF:1
FNH:1
FNDA:6,(anonymous_1)
DA:2,6
DA:22,4
DA:23,4
DA:25,6
LF:4
LH:4
BRDA:12,0,0,4
BRDA:12,0,1,2
BRF:2
BRH:2
end_of_record
TN:
SF:components/pages/game/GamePlaying/GamePlaying.vue
FNF:0
FNH:0
DA:11,2
DA:42,3
DA:43,3
LF:3
LH:3
BRDA:17,0,0,1
BRDA:17,0,1,3
BRF:2
BRH:2
end_of_record
TN:
SF:components/pages/game/GamePlaying/GameEventsMonitor/GameEventsMonitor.vue
FNF:0
FNH:0
DA:2,1
LF:1
LH:1
BRF:0
BRH:0
end_of_record
TN:
SF:components/pages/game/GamePlaying/GameEventsMonitor/GameEventsMonitorCurrentEvent/GameEventsMonitorCurrentEvent.vue
FN:33,(anonymous_1)
FN:10,(anonymous_3)
FNF:2
FNH:2
FNDA:8,(anonymous_1)
FNDA:8,(anonymous_3)
DA:16,8
DA:30,5
DA:31,5
DA:33,5
DA:34,8
DA:39,8
DA:40,1
DA:42,7
LF:8
LH:8
BRDA:39,0,0,1
BRDA:39,0,1,7
BRDA:12,1,0,7
BRDA:12,1,1,1
BRF:4
BRH:4
end_of_record
TN:
SF:components/pages/game/GamePlaying/GameEventsMonitor/GameEventsMonitorCurrentEvent/GameStartsEvent/GameStartsEvent.vue
FN:30,(anonymous_1)
FN:36,(anonymous_2)
FN:40,(anonymous_3)
FN:41,(anonymous_4)
FN:56,(anonymous_5)
FNF:5
FNH:5
FNDA:8,(anonymous_1)
FNDA:12,(anonymous_2)
FNDA:25,(anonymous_3)
FNDA:4,(anonymous_4)
FNDA:13,(anonymous_5)
DA:2,13
DA:6,5
DA:23,7
DA:24,7
DA:26,7
DA:28,7
DA:30,7
DA:31,8
DA:33,8
DA:36,7
DA:37,12
DA:38,7
DA:40,25
DA:41,5
DA:42,4
DA:44,4
DA:45,1
DA:47,3
DA:48,1
DA:50,2
DA:53,5
DA:56,13
LF:22
LH:22
BRDA:37,0,0,7
BRDA:37,0,1,5
BRDA:44,1,0,1
BRDA:44,1,1,3
BRDA:47,2,0,1
BRDA:47,2,1,2
BRF:6
BRH:6
end_of_record
TN:
SF:components/pages/game/GamePlaying/GameEventsMonitor/GameEventsMonitorFooter/GameEventsMonitorFooter.vue
FN:38,handlePreviousGameEventClick
FN:42,handleNextGameEventClick
FNF:2
FNH:2
FNDA:1,handlePreviousGameEventClick
FNDA:1,handleNextGameEventClick
DA:2,4
DA:5,4
DA:34,13
DA:35,13
DA:36,13
DA:39,1
DA:43,1
LF:7
LH:7
BRF:0
BRH:0
end_of_record
TN:
SF:components/pages/game/GamePlaying/GamePlayground/GamePlayground.vue
FNF:0
FNH:0
DA:2,1
LF:1
LH:1
BRF:0
BRH:0
end_of_record
TN:
SF:components/pages/game/GamePlaying/GamePlayground/CurrentPlayExpectedPlayersToAct/CurrentPlayExpectedPlayersToAct.vue
FN:23,(anonymous_1)
FNF:1
FNH:1
FNDA:6,(anonymous_1)
DA:20,4
DA:21,4
DA:23,6
LF:3
LH:3
BRDA:23,0,0,6
BRDA:23,0,1,1
BRF:2
BRH:2
end_of_record
TN:
SF:components/pages/game/GamePlaying/GamePlayground/CurrentPlayQuestion/CurrentPlayQuestion.vue
FN:21,(anonymous_1)
FNF:1
FNH:1
FNDA:71,(anonymous_1)
DA:2,70
DA:16,36
DA:17,36
DA:19,36
DA:21,36
DA:22,71
DA:23,71
DA:24,1
DA:27,70
DA:28,70
DA:30,70
DA:31,2
DA:33,68
LF:13
LH:13
BRDA:23,0,0,1
BRDA:23,0,1,70
BRDA:28,1,0,69
BRDA:28,1,1,64
BRDA:30,2,0,2
BRDA:30,2,1,68
BRF:6
BRH:6
end_of_record
TN:
SF:components/pages/game/GamePlaying/GamePlayground/CurrentPlayQuestion/current-play-question.constants.ts
FNF:0
FNH:0
DA:8,4
LF:1
LH:1
BRF:0
BRH:0
end_of_record
TN:
SF:components/pages/game/GamePlaying/GamePlayground/GamePlaygroundContent/GamePlaygroundContent.vue
FN:29,(anonymous_1)
FNF:1
FNH:1
FNDA:19,(anonymous_1)
DA:2,4
DA:26,10
DA:27,10
DA:29,10
DA:30,19
DA:31,19
DA:32,1
DA:34,18
DA:44,18
LF:9
LH:9
BRDA:31,0,0,1
BRDA:31,0,1,18
BRDA:44,1,0,17
BRDA:44,1,1,1
BRF:4
BRH:4
end_of_record
TN:
SF:components/pages/game/GamePlaying/GamePlayground/GamePlaygroundContent/GameBuryDeadBodiesPlayground/GameBuryDeadBodiesPlayground.vue
FN:32,(anonymous_1)
FNF:1
FNH:1
FNDA:9,(anonymous_1)
DA:27,5
DA:28,5
DA:30,5
DA:32,9
LF:4
LH:4
BRDA:7,0,0,2
BRDA:7,0,1,5
BRF:2
BRH:2
end_of_record
TN:
SF:components/pages/game/GamePlaying/GamePlayground/GamePlaygroundContent/GameBuryDeadBodiesPlayground/GameDevotedServantStealsRolePlayground/GameDevotedServantStealsRolePlayground.vue
FN:55,(anonymous_1)
FN:57,(anonymous_2)
FNF:2
FNH:2
FNDA:9,(anonymous_1)
FNDA:9,(anonymous_2)
DA:28,13
DA:48,6
DA:49,6
DA:51,6
DA:53,6
DA:55,9
DA:57,6
DA:58,9
DA:60,9
LF:9
LH:9
BRDA:58,0,0,9
BRDA:58,0,1,1
BRF:2
BRH:2
end_of_record
TN:
SF:components/pages/game/GamePlaying/GamePlayground/GamePlaygroundContent/GameChooseSidePlayground/GameChooseSidePlayground.vue
FN:68,handleChooseVillagersSideButtonClick
FN:72,handleChooseWerewolvesSideButtonClick
FNF:2
FNH:2
FNDA:1,handleChooseVillagersSideButtonClick
FNDA:1,handleChooseWerewolvesSideButtonClick
DA:25,5
DA:48,5
DA:64,9
DA:65,9
DA:66,9
DA:69,1
DA:73,1
LF:7
LH:7
BRF:0
BRH:0
end_of_record
TN:
SF:components/pages/game/GamePlaying/GamePlayground/GamePlaygroundContent/GameNoActionPlayground/GameNoActionPlayground.vue
FNF:0
FNH:0
DA:2,1
LF:1
LH:1
BRF:0
BRH:0
end_of_record
TN:
SF:components/pages/game/GamePlaying/GamePlayground/GamePlaygroundContent/GamePlaygroundPlayerCard/GamePlaygroundPlayerCard.vue
FN:47,(anonymous_1)
FN:53,(anonymous_2)
FN:57,(anonymous_3)
FN:60,handleWitchGivesPotionClick
FN:61,(anonymous_5)
FN:62,(anonymous_6)
FN:74,handlePlayerCardSelectorClick
FN:75,(anonymous_8)
FNF:8
FNH:8
FNDA:41,(anonymous_1)
FNDA:34,(anonymous_2)
FNDA:7,(anonymous_3)
FNDA:6,handleWitchGivesPotionClick
FNDA:4,(anonymous_5)
FNDA:4,(anonymous_6)
FNDA:14,handlePlayerCardSelectorClick
FNDA:11,(anonymous_8)
DA:1,13
DA:2,42
DA:33,27
DA:35,27
DA:36,27
DA:38,27
DA:39,27
DA:45,27
DA:47,27
DA:48,41
DA:50,41
DA:53,27
DA:54,34
DA:55,27
DA:57,7
DA:61,6
DA:62,6
DA:63,6
DA:64,6
DA:66,2
DA:68,6
DA:75,14
DA:76,14
DA:77,5
DA:79,9
DA:80,1
DA:82,1
DA:84,8
DA:85,6
DA:87,6
DA:89,2
DA:90,1
DA:92,2
LF:33
LH:33
BRDA:48,0,0,41
BRDA:48,0,1,27
BRDA:50,1,0,41
BRDA:50,1,1,30
BRDA:54,2,0,27
BRDA:54,2,1,7
BRDA:63,3,0,3
BRDA:63,3,1,3
BRDA:64,4,0,2
BRDA:64,4,1,4
BRDA:64,5,0,6
BRDA:64,5,1,3
BRDA:64,5,2,5
BRDA:64,5,3,3
BRDA:76,6,0,5
BRDA:76,6,1,9
BRDA:76,7,0,14
BRDA:76,7,1,10
BRDA:79,8,0,1
BRDA:79,8,1,8
BRDA:84,9,0,6
BRDA:84,9,1,2
BRDA:84,10,0,8
BRDA:84,10,1,5
BRDA:89,11,0,1
BRDA:89,11,1,1
BRDA:16,12,0,2
BRDA:16,12,1,40
BRF:28
BRH:28
end_of_record
TN:
SF:components/pages/game/GamePlaying/GamePlayground/GamePlaygroundContent/GamePlaygroundPlayerCard/GamePlaygroundPlayerCardVoteInput/GamePlaygroundPlayerCardVoteInput.vue
FN:74,(anonymous_1)
FN:79,(anonymous_2)
FN:82,searchVoteOptions
FN:90,(anonymous_4)
FN:93,handleHideEvent
FN:97,handleUpdateModelValueEvent
FN:4,(anonymous_8)
FNF:7
FNH:7
FNDA:21,(anonymous_1)
FNDA:68,(anonymous_2)
FNDA:7,searchVoteOptions
FNDA:4,(anonymous_4)
FNDA:1,handleHideEvent
FNDA:5,handleUpdateModelValueEvent
FNDA:29,(anonymous_8)
DA:2,14
DA:19,14
DA:32,14
DA:33,14
DA:40,29
DA:63,17
DA:65,17
DA:66,17
DA:68,17
DA:70,17
DA:72,17
DA:74,17
DA:75,21
DA:76,21
DA:77,4
DA:79,68
DA:83,7
DA:84,7
DA:85,1
DA:87,1
DA:89,6
DA:90,6
DA:94,1
DA:98,5
DA:99,5
DA:100,1
DA:102,4
DA:103,1
DA:105,1
DA:107,3
DA:108,3
LF:31
LH:31
BRDA:76,0,0,4
BRDA:76,0,1,17
BRDA:83,1,0,7
BRDA:83,1,1,4
BRDA:84,2,0,1
BRDA:84,2,1,6
BRDA:99,3,0,1
BRDA:99,3,1,4
BRDA:102,4,0,1
BRDA:102,4,1,3
BRF:10
BRH:10
end_of_record
TN:
SF:components/pages/game/GamePlaying/GamePlayground/GamePlaygroundContent/GameRequestAnotherVotePlayground/GameRequestAnotherVotePlayground.vue
FN:27,handleDoesJudgeRequestAnotherVoteChange
FN:1,(anonymous_3)
FNF:2
FNH:2
FNDA:3,handleDoesJudgeRequestAnotherVoteChange
FNDA:3,(anonymous_3)
DA:8,3
DA:22,9
DA:23,9
DA:25,9
DA:28,3
LF:5
LH:5
BRDA:1,0,0,12
BRDA:1,0,1,9
BRF:2
BRH:2
end_of_record
TN:
SF:components/pages/game/GamePlaying/GamePlayground/GamePlaygroundContent/GameTargetPlayground/GameTargetPlayground.vue
FNF:0
FNH:0
DA:2,5
LF:1
LH:1
BRF:0
BRH:0
end_of_record
TN:
SF:components/pages/game/GamePlaying/GamePlayground/GamePlaygroundContent/GameTargetPlayground/GameTargetPlaygroundTargets/GameTargetPlaygroundTargets.vue
FN:41,(anonymous_1)
FNF:1
FNH:1
FNDA:11,(anonymous_1)
DA:2,6
DA:8,6
DA:20,3
DA:38,7
DA:39,7
DA:41,11
LF:6
LH:6
BRDA:4,0,0,7
BRF:1
BRH:1
end_of_record
TN:
SF:components/pages/game/GamePlaying/GamePlayground/GamePlaygroundContent/GameUsePotionsPlayground/GameUsePotionsPlayground.vue
FN:35,(anonymous_1)
FN:37,(anonymous_2)
FN:39,(anonymous_3)
FNF:3
FNH:3
FNDA:9,(anonymous_1)
FNDA:9,(anonymous_2)
FNDA:9,(anonymous_3)
DA:2,5
DA:8,5
DA:30,5
DA:31,5
DA:33,5
DA:35,9
DA:37,9
DA:39,9
LF:8
LH:8
BRDA:39,0,0,9
BRDA:39,0,1,3
BRDA:4,1,0,2
BRDA:4,1,1,7
BRF:4
BRH:4
end_of_record
TN:
SF:components/pages/game/GamePlaying/GamePlayground/GamePlaygroundContent/GameUsePotionsPlayground/WitchUsePotionsTabView/WitchUsePotionsTabView.vue
FN:89,(anonymous_1)
FN:91,(anonymous_2)
FN:93,(anonymous_3)
FN:95,(anonymous_4)
FN:97,(anonymous_5)
FNF:5
FNH:5
FNDA:27,(anonymous_1)
FNDA:27,(anonymous_2)
FNDA:27,(anonymous_3)
FNDA:23,(anonymous_4)
FNDA:23,(anonymous_5)
DA:2,27
DA:13,6
DA:31,28
DA:46,6
DA:64,2
DA:84,19
DA:85,19
DA:87,19
DA:89,27
DA:91,27
DA:93,27
DA:95,23
DA:97,23
LF:13
LH:13
BRDA:97,0,0,4
BRDA:97,0,1,19
BRF:2
BRH:2
end_of_record
TN:
SF:components/pages/game/GamePlaying/GamePlayground/GamePlaygroundContent/GameVotePlayground/GameVotePlayground.vue
FNF:0
FNH:0
DA:2,5
LF:1
LH:1
BRF:0
BRH:0
end_of_record
TN:
SF:components/pages/game/GamePlaying/GamePlayground/GamePlaygroundContent/GameVotePlayground/GameVotePlaygroundVoters/GameVotePlaygroundVoters.vue
FN:41,(anonymous_1)
FNF:1
FNH:1
FNDA:8,(anonymous_1)
DA:2,6
DA:8,6
DA:20,3
DA:38,6
DA:39,6
DA:41,6
DA:42,8
DA:43,7
DA:45,1
LF:9
LH:9
BRDA:42,0,0,7
BRDA:42,0,1,1
BRDA:42,1,0,8
BRDA:42,1,1,2
BRDA:4,2,0,7
BRF:5
BRH:5
end_of_record
TN:
SF:components/pages/game/GamePlaying/GamePlayground/GamePlaygroundFooter/GamePlaygroundFooter.vue
FNF:0
FNH:0
DA:3,4
DA:7,4
DA:8,4
LF:3
LH:3
BRF:0
BRH:0
end_of_record
TN:
SF:components/pages/game/GamePlaying/GamePlayground/GamePlaygroundFooter/GamePlaygroundFooterMakePlayButton/GamePlaygroundFooterMakePlayButton.vue
FN:41,handleMakePlayButtonClick
FNF:1
FNH:1
FNDA:4,handleMakePlayButtonClick
DA:28,8
DA:29,8
DA:30,8
DA:32,8
DA:34,8
DA:35,8
DA:37,8
DA:39,8
DA:42,4
DA:43,4
DA:44,4
DA:45,4
LF:12
LH:12
BRF:0
BRH:0
end_of_record
TN:
SF:components/pages/game/GamePlaying/GamePlayground/GamePlaygroundHeader/GamePlaygroundHeader.vue
FNF:0
FNH:0
DA:2,1
DA:3,4
DA:5,4
LF:3
LH:3
BRF:0
BRH:0
end_of_record
TN:
SF:components/pages/game/GamePlaying/GamePlayground/GamePlaygroundHeader/GamePlaygroundHeaderCard/GamePlaygroundHeaderCard.vue
FN:25,(anonymous_1)
FNF:1
FNH:1
FNDA:19,(anonymous_1)
DA:22,10
DA:23,10
DA:25,10
DA:26,19
DA:27,19
DA:28,1
DA:30,18
DA:31,18
DA:37,18
DA:38,14
DA:40,4
DA:41,1
DA:43,3
LF:13
LH:13
BRDA:27,0,0,1
BRDA:27,0,1,18
BRDA:37,1,0,14
BRDA:37,1,1,4
BRDA:40,2,0,1
BRDA:40,2,1,3
BRF:6
BRH:6
end_of_record
TN:
SF:components/pages/game/GamePlaying/GamePlayground/GamePlaygroundHeader/GamePlaygroundHeaderCurrentPlay/GamePlaygroundHeaderCurrentPlay.vue
FN:36,(anonymous_1)
FN:51,(anonymous_2)
FNF:2
FNH:2
FNDA:119,(anonymous_1)
FNDA:119,(anonymous_2)
DA:2,119
DA:15,5
DA:32,60
DA:33,60
DA:34,60
DA:36,60
DA:37,119
DA:38,119
DA:39,1
DA:41,118
DA:42,118
DA:43,2
DA:45,116
DA:51,60
DA:52,119
DA:53,3
DA:55,116
LF:17
LH:17
BRDA:38,0,0,1
BRDA:38,0,1,118
BRDA:42,1,0,2
BRDA:42,1,1,116
BRDA:52,2,0,3
BRDA:52,2,1,116
BRDA:7,3,0,116
BRDA:7,3,1,3
BRF:8
BRH:8
end_of_record
TN:
SF:components/pages/game/GamePlaying/GamePlayground/GamePlaygroundHeader/GamePlaygroundHeaderPhase/GamePlaygroundHeaderPhase.vue
FNF:0
FNH:0
DA:2,6
DA:27,3
DA:28,3
DA:30,3
LF:4
LH:4
BRF:0
BRH:0
end_of_record
TN:
SF:components/pages/game/GamePlaying/GameTeamSide/GameTeamSide.vue
FN:64,(anonymous_1)
FN:64,(anonymous_2)
FN:66,(anonymous_3)
FN:66,(anonymous_4)
FN:73,(anonymous_5)
FN:74,(anonymous_6)
FN:82,(anonymous_7)
FNF:7
FNH:7
FNDA:21,(anonymous_1)
FNDA:20,(anonymous_2)
FNDA:21,(anonymous_3)
FNDA:17,(anonymous_4)
FNDA:21,(anonymous_5)
FNDA:14,(anonymous_6)
FNDA:17,(anonymous_7)
DA:6,3
DA:30,3
DA:39,14
DA:57,17
DA:59,17
DA:61,17
DA:62,17
DA:64,21
DA:66,21
DA:67,17
DA:68,7
DA:70,10
DA:73,17
DA:74,21
DA:76,21
DA:82,17
DA:83,17
DA:84,13
DA:86,4
LF:19
LH:19
BRDA:67,0,0,7
BRDA:67,0,1,10
BRDA:67,1,0,17
BRDA:67,1,1,14
BRDA:83,2,0,13
BRDA:83,2,1,4
BRF:6
BRH:6
end_of_record
TN:
SF:components/pages/game/GamePlaying/GameTeamSide/GameTeamSidePlayer/GameTeamSidePlayer.vue
FN:87,(anonymous_1)
FN:89,(anonymous_2)
FN:97,(anonymous_3)
FNF:3
FNH:3
FNDA:29,(anonymous_1)
FNDA:29,(anonymous_2)
FNDA:29,(anonymous_3)
DA:2,29
DA:9,4
DA:38,4
DA:54,68
DA:83,29
DA:85,29
DA:87,29
DA:89,29
DA:90,29
DA:91,29
DA:92,6
DA:94,23
DA:97,29
DA:98,29
DA:99,29
DA:100,29
DA:101,6
DA:103,29
LF:18
LH:18
BRDA:91,0,0,6
BRDA:91,0,1,23
BRDA:94,1,0,20
BRDA:94,1,1,3
BRDA:100,2,0,6
BRDA:100,2,1,23
BRDA:27,3,0,12
BRDA:27,3,1,46
BRDA:40,4,0,40
BRDA:40,4,1,18
BRDA:64,5,0,18
BRDA:64,5,1,40
BRF:12
BRH:12
end_of_record
TN:
SF:components/pages/game/GamePlaying/GameTeamSide/GameTeamSidePlayer/GameTeamSidePlayerAttribute/GameTeamSidePlayerAttribute.vue
FN:28,(anonymous_1)
FN:41,(anonymous_2)
FN:48,(anonymous_3)
FN:55,(anonymous_4)
FN:61,(anonymous_5)
FNF:5
FNH:5
FNDA:53,(anonymous_1)
FNDA:53,(anonymous_2)
FNDA:53,(anonymous_3)
FNDA:53,(anonymous_4)
FNDA:53,(anonymous_5)
DA:2,5
DA:22,53
DA:24,53
DA:26,53
DA:28,53
DA:29,53
DA:31,53
DA:32,53
DA:33,1
DA:35,52
DA:41,53
DA:42,53
DA:43,1
DA:45,52
DA:48,53
DA:49,53
DA:50,1
DA:52,52
DA:55,53
DA:56,53
DA:58,53
DA:61,53
DA:62,53
DA:64,53
LF:24
LH:24
BRDA:32,0,0,1
BRDA:32,0,1,52
BRDA:42,1,0,1
BRDA:42,1,1,52
BRDA:49,2,0,1
BRDA:49,2,1,52
BRDA:58,3,0,1
BRDA:58,3,1,52
BRF:8
BRH:8
end_of_record
TN:
SF:components/pages/game/GamePlaying/GameTeamSide/GameTeamSidePlayer/GameTeamSidePlayerAttribute/game-team-side-player-attribute.constants.ts
FNF:0
FNH:0
DA:9,5
LF:1
LH:1
BRF:0
BRH:0
end_of_record
TN:
SF:components/pages/index/IndexFooter.vue
FNF:0
FNH:0
DA:6,213
DA:12,213
DA:20,213
LF:3
LH:3
BRF:0
BRH:0
end_of_record
TN:
SF:components/shared/buttons/AffirmativeToggleButton/AffirmativeToggleButton.vue
FN:1,(anonymous_2)
FNF:1
FNH:1
FNDA:1,(anonymous_2)
DA:2,114
DA:4,1
DA:13,113
LF:3
LH:3
BRDA:1,0,0,114
BRDA:1,0,1,113
BRF:2
BRH:2
end_of_record
TN:
SF:components/shared/buttons/BackToHomeButton/BackToHomeButton.vue
FN:7,(anonymous_1)
FNF:1
FNH:1
FNDA:1,(anonymous_1)
DA:7,1
LF:1
LH:1
BRF:0
BRH:0
end_of_record
TN:
SF:components/shared/buttons/CreateAnotherGameButton/CreateAnotherGameButton.vue
FN:7,(anonymous_1)
FNF:1
FNH:1
FNDA:1,(anonymous_1)
DA:7,1
LF:1
LH:1
BRF:0
BRH:0
end_of_record
TN:
SF:components/shared/dialogs/DialogFooterCloseButtonOnly/DialogFooterCloseButtonOnly.vue
FN:25,close
FNF:1
FNH:1
FNDA:1,close
DA:8,6
DA:23,8
DA:26,1
LF:3
LH:3
BRF:0
BRH:0
end_of_record
TN:
SF:components/shared/external/BuyMeACoffeeButton/BuyMeACoffeeButton.vue
FNF:0
FNH:0
DA:1,3
DA:2,2
DA:18,3
DA:19,2
DA:28,2
LF:5
LH:5
BRF:0
BRH:0
end_of_record
TN:
SF:components/shared/external/GitHubRepositoryButton/GitHubRepositoryButton.vue
FN:24,(anonymous_1)
FNF:1
FNH:1
FNDA:8,(anonymous_1)
DA:2,8
DA:9,216
DA:20,8
DA:22,8
DA:24,8
DA:25,8
DA:26,4
DA:28,4
LF:8
LH:8
BRDA:25,0,0,4
BRDA:25,0,1,4
BRF:2
BRH:2
end_of_record
TN:
SF:components/shared/game/game-event/GameEventFlippingPlayerCard/GameEventFlippingPlayerCard.vue
FN:20,(anonymous_1)
FN:22,flipPlayerCardEachInterval
FN:27,(anonymous_3)
FNF:3
FNH:0
FNDA:0,(anonymous_1)
FNDA:0,flipPlayerCardEachInterval
FNDA:0,(anonymous_3)
DA:2,0
DA:17,0
DA:19,0
DA:20,0
DA:23,0
DA:24,0
DA:25,0
DA:27,0
DA:28,0
DA:29,0
DA:31,0
DA:33,0
DA:37,0
LF:13
LH:0
BRDA:24,0,0,0
BRDA:24,0,1,0
BRDA:28,1,0,0
BRDA:28,1,1,0
BRF:4
BRH:0
end_of_record
TN:
SF:components/shared/game/game-event/GameEventWithTexts/GameEventTextsManager/GameEventTextsManager.vue
FN:63,(anonymous_1)
FN:65,(anonymous_2)
FN:67,(anonymous_3)
FN:74,nextEventText
FN:81,previousGameEventText
FN:27,(anonymous_7)
FNF:6
FNH:6
FNDA:23,(anonymous_1)
FNDA:23,(anonymous_2)
FNDA:19,(anonymous_3)
FNDA:8,nextEventText
FNDA:1,previousGameEventText
FNDA:23,(anonymous_7)
DA:1,14
DA:16,7
DA:33,23
DA:45,7
DA:54,14
DA:56,14
DA:58,14
DA:59,14
DA:61,14
DA:63,23
DA:65,23
DA:67,14
DA:68,19
DA:69,5
DA:71,14
DA:75,8
DA:76,8
DA:77,1
DA:82,1
LF:19
LH:19
BRDA:68,0,0,5
BRDA:68,0,1,14
BRDA:76,1,0,1
BRDA:76,1,1,7
BRF:4
BRH:4
end_of_record
TN:
SF:components/shared/game/game-options/GameOptionInputGroup/GameOptionInputGroup.vue
FNF:0
FNH:0
DA:2,488
DA:3,31
LF:2
LH:2
BRDA:40,0,0,181
BRDA:40,0,1,307
BRF:2
BRH:2
end_of_record
TN:
SF:components/shared/game/game-options/GameOptionRoleLegend/GameOptionRoleLegend.vue
FN:26,(anonymous_1)
FNF:1
FNH:1
FNDA:87,(anonymous_1)
DA:2,87
DA:12,26
DA:22,87
DA:24,87
DA:26,87
LF:5
LH:5
BRF:0
BRH:0
end_of_record
TN:
SF:components/shared/game/game-phase/GamePhaseIcon/GamePhaseIcon.vue
FN:14,(anonymous_1)
FNF:1
FNH:1
FNDA:4,(anonymous_1)
DA:12,4
DA:14,4
DA:15,4
DA:20,4
LF:4
LH:4
BRF:0
BRH:0
end_of_record
TN:
SF:components/shared/game/game-play/game-play.constants.ts
FNF:0
FNH:0
DA:6,9
LF:1
LH:1
BRF:0
BRH:0
end_of_record
TN:
SF:components/shared/game/game-play/NoNeededAction/NoActionNeeded.vue
FNF:0
FNH:0
DA:4,7
LF:1
LH:1
BRF:0
BRH:0
end_of_record
TN:
SF:components/shared/game/player/PlayerCard/PlayerCard.vue
FN:38,(anonymous_1)
FN:40,getPlayerCardRoleImageAlt
FN:44,emitPlayerCardSelectorClickEvent
FNF:3
FNH:3
FNDA:10,(anonymous_1)
FNDA:20,getPlayerCardRoleImageAlt
FNDA:1,emitPlayerCardSelectorClickEvent
DA:1,28
DA:2,28
DA:19,28
DA:29,10
DA:34,10
DA:36,10
DA:38,10
DA:41,20
DA:45,1
LF:9
LH:9
BRDA:38,0,0,1
BRDA:38,0,1,9
BRF:2
BRH:2
end_of_record
TN:
SF:components/shared/game/player/PlayersHorizontalList/PlayersHorizontalList.vue
FNF:0
FNH:0
DA:7,6
DA:21,7
LF:2
LH:2
BRF:0
BRH:0
end_of_record
TN:
SF:components/shared/misc/OverflowTag/OverflowTag.vue
FN:18,(anonymous_1)
FN:20,(anonymous_2)
FN:22,(anonymous_3)
FNF:3
FNH:3
FNDA:4,(anonymous_1)
FNDA:4,(anonymous_2)
FNDA:4,(anonymous_3)
DA:2,11
DA:16,4
DA:18,4
DA:20,4
DA:22,4
LF:5
LH:5
BRDA:4,0,0,3
BRDA:4,0,1,1
BRF:2
BRH:2
end_of_record
TN:
SF:components/shared/misc/TextProgressSpinner/TextProgressSpinner.vue
FNF:0
FNH:0
DA:2,8
DA:8,4
LF:2
LH:2
BRF:0
BRH:0
end_of_record
TN:
SF:components/shared/role/RoleDescriptionLines/RoleDescriptionLines.vue
FN:24,(anonymous_1)
FN:32,(anonymous_2)
FN:1,(anonymous_4)
FNF:3
FNH:3
FNDA:4,(anonymous_1)
FNDA:12,(anonymous_2)
FNDA:12,(anonymous_4)
DA:6,12
DA:20,4
DA:22,4
DA:24,4
DA:27,4
DA:28,4
DA:29,4
DA:30,1
DA:32,12
LF:9
LH:9
BRDA:29,0,0,1
BRDA:29,0,1,3
BRF:2
BRH:2
end_of_record
TN:
SF:components/shared/role/RoleImage/RoleImage.vue
FN:28,(anonymous_1)
FN:39,(anonymous_2)
FN:41,(anonymous_3)
FNF:3
FNH:3
FNDA:130,(anonymous_1)
FNDA:128,(anonymous_2)
FNDA:128,(anonymous_3)
DA:2,130
DA:17,128
DA:22,128
DA:24,128
DA:26,76
DA:28,128
DA:29,130
DA:30,13
DA:33,117
DA:34,117
DA:36,117
DA:39,128
DA:41,128
DA:42,128
DA:43,33
DA:45,95
DA:46,85
DA:48,10
LF:18
LH:18
BRDA:29,0,0,13
BRDA:29,0,1,117
BRDA:34,1,0,114
BRDA:34,1,1,3
BRDA:42,2,0,33
BRDA:42,2,1,95
BRDA:45,3,0,85
BRDA:45,3,1,10
BRF:8
BRH:8
end_of_record
TN:
SF:components/shared/role/RoleImage/RoleFlippingImage/RoleFlippingImage.vue
FN:47,(anonymous_1)
FN:51,(anonymous_2)
FN:51,(anonymous_3)
FNF:3
FNH:3
FNDA:14,(anonymous_1)
FNDA:20,(anonymous_2)
FNDA:6,(anonymous_3)
DA:2,20
DA:38,14
DA:43,14
DA:44,14
DA:45,14
DA:47,14
DA:48,14
DA:51,20
DA:52,6
DA:53,2
DA:54,2
DA:56,2
DA:58,4
DA:59,4
LF:14
LH:14
BRDA:52,0,0,2
BRDA:52,0,1,4
BRF:2
BRH:2
end_of_record
TN:
SF:components/shared/role/RoleOriginBadge/RoleOriginBadge.vue
FNF:0
FNH:0
DA:2,4
LF:1
LH:1
BRF:0
BRH:0
end_of_record
TN:
SF:components/shared/role/RoleSideBadge/RoleSideBadge.vue
FN:20,(anonymous_1)
FN:29,(anonymous_2)
FNF:2
FNH:2
FNDA:7,(anonymous_1)
FNDA:7,(anonymous_2)
DA:2,7
DA:16,7
DA:18,7
DA:20,7
DA:21,7
DA:26,7
DA:29,7
DA:30,7
DA:31,5
DA:33,2
LF:10
LH:10
BRDA:30,0,0,5
BRDA:30,0,1,2
BRF:2
BRH:2
end_of_record
TN:
SF:components/shared/role/RoleTypeBadge/RoleTypeBadge.vue
FN:19,(anonymous_1)
FNF:1
FNH:1
FNDA:11,(anonymous_1)
DA:2,12
DA:17,8
DA:19,8
DA:20,11
DA:27,11
LF:5
LH:5
BRF:0
BRH:0
end_of_record
TN:
SF:composables/api/useWerewolvesAssistantApi.ts
FN:10,useWerewolvesAssistantApi
FNF:1
FNH:1
FNDA:792,useWerewolvesAssistantApi
DA:11,792
DA:12,792
DA:13,792
DA:15,792
DA:21,792
LF:5
LH:5
BRF:0
BRH:0
end_of_record
TN:
SF:composables/api/error/useWerewolvesAssistantApiError.ts
FN:10,useWerewolvesAssistantApiError
FN:14,handleWerewolvesAssistantApiError
FNF:2
FNH:2
FNDA:794,useWerewolvesAssistantApiError
FNDA:2,handleWerewolvesAssistantApiError
DA:11,794
DA:12,794
DA:15,2
DA:17,2
DA:18,2
DA:23,794
LF:6
LH:6
BRF:0
BRH:0
end_of_record
TN:
SF:composables/api/game/useCreateGameDtoValidation.ts
FN:27,useCreateGameDtoValidation
FN:33,(anonymous_1)
FN:35,(anonymous_2)
FN:35,(anonymous_3)
FN:37,(anonymous_4)
FN:37,(anonymous_5)
FN:39,(anonymous_6)
FN:39,(anonymous_7)
FN:41,(anonymous_8)
FN:45,(anonymous_9)
FN:47,(anonymous_10)
FN:50,(anonymous_11)
FN:54,(anonymous_12)
FN:59,(anonymous_13)
FN:63,(anonymous_14)
FN:68,(anonymous_15)
FN:69,(anonymous_16)
FN:70,(anonymous_17)
FN:77,(anonymous_18)
FN:78,(anonymous_19)
FN:79,(anonymous_20)
FN:86,(anonymous_21)
FN:87,(anonymous_22)
FN:88,(anonymous_23)
FN:95,(anonymous_24)
FN:104,(anonymous_25)
FN:117,(anonymous_26)
FN:120,isRolePresentAndMinimumPlayersReached
FN:121,(anonymous_28)
FNF:29
FNH:29
FNDA:75,useCreateGameDtoValidation
FNDA:66,(anonymous_1)
FNDA:40,(anonymous_2)
FNDA:76,(anonymous_3)
FNDA:39,(anonymous_4)
FNDA:77,(anonymous_5)
FNDA:37,(anonymous_6)
FNDA:68,(anonymous_7)
FNDA:6,(anonymous_8)
FNDA:13,(anonymous_9)
FNDA:9,(anonymous_10)
FNDA:43,(anonymous_11)
FNDA:41,(anonymous_12)
FNDA:43,(anonymous_13)
FNDA:70,(anonymous_14)
FNDA:38,(anonymous_15)
FNDA:76,(anonymous_16)
FNDA:3,(anonymous_17)
FNDA:38,(anonymous_18)
FNDA:76,(anonymous_19)
FNDA:4,(anonymous_20)
FNDA:37,(anonymous_21)
FNDA:75,(anonymous_22)
FNDA:24,(anonymous_23)
FNDA:30,(anonymous_24)
FNDA:39,(anonymous_25)
FNDA:351,(anonymous_26)
FNDA:70,isRolePresentAndMinimumPlayersReached
FNDA:185,(anonymous_28)
DA:28,75
DA:29,75
DA:31,75
DA:33,75
DA:35,76
DA:37,77
DA:39,75
DA:41,75
DA:42,6
DA:43,1
DA:45,13
DA:47,9
DA:50,75
DA:51,43
DA:52,14
DA:54,41
DA:56,29
DA:59,75
DA:60,43
DA:61,14
DA:63,70
DA:65,29
DA:68,75
DA:69,76
DA:70,38
DA:71,38
DA:72,4
DA:74,34
DA:77,75
DA:78,76
DA:79,38
DA:80,38
DA:81,4
DA:83,34
DA:86,75
DA:87,75
DA:88,37
DA:89,37
DA:90,3
DA:92,34
DA:95,75
DA:104,75
DA:105,39
DA:117,351
DA:121,185
DA:122,70
DA:124,70
DA:126,75
LF:48
LH:48
BRDA:42,0,0,1
BRDA:42,0,1,5
BRDA:51,1,0,14
BRDA:51,1,1,29
BRDA:60,2,0,14
BRDA:60,2,1,29
BRDA:71,3,0,4
BRDA:71,3,1,34
BRDA:80,4,0,4
BRDA:80,4,1,34
BRDA:89,5,0,3
BRDA:89,5,1,34
BRDA:95,6,0,30
BRDA:95,6,1,13
BRDA:95,6,2,6
BRDA:95,6,3,4
BRDA:95,6,4,3
BRDA:95,6,5,3
BRDA:95,6,6,3
BRDA:95,6,7,3
BRDA:124,7,0,70
BRDA:124,7,1,10
BRF:22
BRH:22
end_of_record
TN:
SF:composables/api/game/useFetchGames.ts
FN:13,useFetchGames
FN:16,createGame
FN:27,getGame
FN:35,cancelGame
FN:43,makeGamePlay
FNF:5
FNH:5
FNDA:333,useFetchGames
FNDA:2,createGame
FNDA:2,getGame
FNDA:2,cancelGame
FNDA:2,makeGamePlay
DA:14,333
DA:17,2
DA:18,2
DA:23,1
DA:28,2
DA:29,2
DA:31,1
DA:36,2
DA:37,2
DA:39,1
DA:44,2
DA:45,2
DA:50,1
DA:53,333
LF:14
LH:14
BRF:0
BRH:0
end_of_record
TN:
SF:composables/api/game/useFetchRandomGameComposition.ts
FN:18,useFetchRandomGameComposition
FN:21,fetchRandomGameComposition
FNF:2
FNH:2
FNDA:1,useFetchRandomGameComposition
FNDA:1,fetchRandomGameComposition
DA:19,1
DA:22,1
DA:24,1
DA:26,1
LF:4
LH:4
BRF:0
BRH:0
end_of_record
TN:
SF:composables/api/game/useGameSource.ts
FN:11,useGameSourceName
FN:15,getDefiniteGameSourceNameLabel
FNF:2
FNH:2
FNDA:10,useGameSourceName
FNDA:10,getDefiniteGameSourceNameLabel
DA:12,10
DA:13,10
DA:16,10
DA:17,1
DA:19,9
DA:20,8
DA:22,1
DA:24,10
LF:8
LH:8
BRDA:16,0,0,1
BRDA:16,0,1,9
BRDA:19,1,0,8
BRDA:19,1,1,1
BRF:4
BRH:4
end_of_record
TN:
SF:composables/api/game/useMakeGamePlayDtoValidation.ts
FN:15,useMakeGamePlayDtoValidation
FN:16,(anonymous_1)
FN:29,(anonymous_2)
FN:43,(anonymous_3)
FN:45,(anonymous_4)
FN:47,(anonymous_5)
FN:49,(anonymous_6)
FNF:7
FNH:7
FNDA:38,useMakeGamePlayDtoValidation
FNDA:21,(anonymous_1)
FNDA:20,(anonymous_2)
FNDA:16,(anonymous_3)
FNDA:15,(anonymous_4)
FNDA:22,(anonymous_5)
FNDA:19,(anonymous_6)
DA:16,38
DA:17,21
DA:18,16
DA:20,5
DA:21,5
DA:22,1
DA:24,4
DA:26,4
DA:29,38
DA:30,20
DA:31,15
DA:34,5
DA:35,5
DA:36,1
DA:38,4
DA:40,4
DA:43,38
DA:45,38
DA:47,38
DA:49,38
DA:55,38
LF:21
LH:21
BRDA:17,0,0,16
BRDA:17,0,1,5
BRDA:17,1,0,21
BRDA:17,1,1,6
BRDA:21,2,0,1
BRDA:21,2,1,4
BRDA:30,3,0,15
BRDA:30,3,1,5
BRDA:30,4,0,20
BRDA:30,4,1,6
BRDA:35,5,0,1
BRDA:35,5,1,4
BRDA:43,6,0,16
BRDA:43,6,1,4
BRDA:45,7,0,15
BRDA:45,7,1,12
BRDA:49,8,0,19
BRDA:49,8,1,13
BRDA:49,8,2,12
BRDA:49,8,3,11
BRDA:49,8,4,10
BRF:21
BRH:21
end_of_record
TN:
SF:composables/api/game/constants/game.constants.ts
FNF:0
FNH:0
DA:7,42
DA:13,42
DA:19,42
DA:21,42
LF:4
LH:4
BRF:0
BRH:0
end_of_record
TN:
SF:composables/api/game/constants/game-additional-card/game-additional-card.constants.ts
FNF:0
FNH:0
DA:3,4
LF:1
LH:1
BRF:0
BRH:0
end_of_record
TN:
SF:composables/api/game/constants/game-history-record/game-history-record.constants.ts
FNF:0
FNH:0
DA:1,17
LF:1
LH:1
BRF:0
BRH:0
end_of_record
TN:
SF:composables/api/game/constants/game-options/game-options.constants.ts
FNF:0
FNH:0
DA:3,47
LF:1
LH:1
BRF:0
BRH:0
end_of_record
TN:
SF:composables/api/game/constants/game-phase/game-phase.constants.ts
FNF:0
FNH:0
DA:1,84
LF:1
LH:1
BRF:0
BRH:0
end_of_record
TN:
SF:composables/api/game/constants/game-play/game-play.constants.ts
FNF:0
FNH:0
DA:1,34
DA:11,34
DA:35,34
DA:41,34
DA:49,34
LF:5
LH:5
BRF:0
BRH:0
end_of_record
TN:
SF:composables/api/game/constants/game-play/game-play-source/game-play-source.constants.ts
FNF:0
FNH:0
DA:4,36
LF:1
LH:1
BRF:0
BRH:0
end_of_record
TN:
SF:composables/api/game/constants/game-victory/game-victory.constants.ts
FNF:0
FNH:0
DA:1,3
LF:1
LH:1
BRF:0
BRH:0
end_of_record
TN:
SF:composables/api/game/constants/player/player.constants.ts
FNF:0
FNH:0
DA:1,48
DA:3,48
LF:2
LH:2
BRF:0
BRH:0
end_of_record
TN:
SF:composables/api/game/constants/player/player-attribute/player-attribute.constants.ts
FNF:0
FNH:0
DA:1,3
LF:1
LH:1
BRF:0
BRH:0
end_of_record
TN:
SF:composables/api/game/constants/player/player-interaction/player-interaction.constants.ts
FNF:0
FNH:0
DA:1,10
LF:1
LH:1
BRF:0
BRH:0
end_of_record
TN:
SF:composables/api/game/dto/create-game/create-game.dto.ts
FN:21,(anonymous_1)
FN:9,(anonymous_2)
FN:13,(anonymous_3)
FN:17,(anonymous_4)
FNF:4
FNH:4
FNDA:883,(anonymous_1)
FNDA:883,(anonymous_2)
FNDA:883,(anonymous_3)
FNDA:883,(anonymous_4)
DA:8,49
DA:9,883
DA:11,884
DA:13,883
DA:15,49
DA:17,883
DA:19,49
DA:22,883
LF:8
LH:8
BRF:0
BRH:0
end_of_record
TN:
SF:composables/api/game/dto/create-game/create-game-additional-card/create-game-additional-card.dto.ts
FN:14,(anonymous_1)
FNF:1
FNH:1
FNDA:9,(anonymous_1)
DA:7,50
DA:9,50
DA:12,50
DA:15,9
LF:4
LH:4
BRF:0
BRH:0
end_of_record
TN:
SF:composables/api/game/dto/create-game/create-game-player/create-game-player-role.dto.ts
FN:10,(anonymous_1)
FNF:1
FNH:1
FNDA:539,(anonymous_1)
DA:6,51
DA:8,51
DA:11,539
LF:3
LH:3
BRF:0
BRH:0
end_of_record
TN:
SF:composables/api/game/dto/create-game/create-game-player/create-game-player-side.dto.ts
FN:13,(anonymous_1)
FNF:1
FNH:1
FNDA:534,(anonymous_1)
DA:6,51
DA:8,51
DA:11,51
DA:14,534
LF:4
LH:4
BRF:0
BRH:0
end_of_record
TN:
SF:composables/api/game/dto/create-game/create-game-player/create-game-player.dto.ts
FN:22,(anonymous_1)
FN:11,(anonymous_2)
FN:15,(anonymous_3)
FNF:3
FNH:3
FNDA:558,(anonymous_1)
FNDA:777,(anonymous_2)
FNDA:777,(anonymous_3)
DA:7,51
DA:9,51
DA:11,777
DA:13,51
DA:15,777
DA:17,51
DA:20,51
DA:23,558
LF:8
LH:8
BRF:0
BRH:0
end_of_record
TN:
SF:composables/api/game/dto/make-game-play/make-game-play.dto.ts
FN:26,(anonymous_1)
FN:9,(anonymous_2)
FN:13,(anonymous_3)
FNF:3
FNH:3
FNDA:160,(anonymous_1)
FNDA:160,(anonymous_2)
FNDA:160,(anonymous_3)
DA:8,22
DA:9,160
DA:11,22
DA:13,160
DA:15,22
DA:18,22
DA:21,22
DA:24,22
DA:27,160
LF:9
LH:9
BRF:0
BRH:0
end_of_record
TN:
SF:composables/api/game/dto/make-game-play/make-game-play-target/make-game-play-target.dto.ts
FN:13,(anonymous_1)
FNF:1
FNH:1
FNDA:38,(anonymous_1)
DA:6,22
DA:8,22
DA:11,22
DA:14,38
LF:4
LH:4
BRF:0
BRH:0
end_of_record
TN:
SF:composables/api/game/dto/make-game-play/make-game-play-vote/make-game-play-vote.dto.ts
FN:12,(anonymous_1)
FNF:1
FNH:1
FNDA:17,(anonymous_1)
DA:5,22
DA:7,22
DA:10,22
DA:13,17
LF:4
LH:4
BRF:0
BRH:0
end_of_record
TN:
SF:composables/api/game/game-history-record/useFetchGameHistoryRecords.ts
FN:8,useFetchGameHistoryRecords
FN:11,getGameHistoryRecords
FNF:2
FNH:2
FNDA:19,useFetchGameHistoryRecords
FNDA:2,getGameHistoryRecords
DA:9,19
DA:12,2
DA:13,2
DA:15,1
DA:18,19
LF:5
LH:5
BRF:0
BRH:0
end_of_record
TN:
SF:composables/api/game/game-history-record/useGameHistoryRecord.ts
FN:7,useGameHistoryRecord
FN:8,didSourceSkipped
FNF:2
FNH:2
FNDA:95,useGameHistoryRecord
FNDA:167,didSourceSkipped
DA:15,167
DA:17,167
DA:22,95
LF:3
LH:3
BRDA:17,0,0,167
BRDA:17,0,1,89
BRDA:17,0,2,87
BRDA:17,0,3,69
BRDA:17,0,4,86
BRDA:17,0,5,2
BRDA:17,0,6,85
BRDA:17,0,7,3
BRF:8
BRH:8
end_of_record
TN:
SF:composables/api/game/game-phase/useGamePhase.ts
FN:7,useGamePhase
FN:10,getGamePhaseWithTurnText
FNF:2
FNH:2
FNDA:5,useGamePhase
FNDA:8,getGamePhaseWithTurnText
DA:8,5
DA:11,8
DA:13,8
DA:15,5
LF:4
LH:4
BRF:0
BRH:0
end_of_record
TN:
SF:composables/api/game/game-play/useCurrentGamePlay.ts
FN:11,useCurrentGamePlay
FN:12,getEligibleTargetsWithInteractionInCurrentGamePlay
FN:16,(anonymous_2)
FNF:3
FNH:3
FNDA:39,useCurrentGamePlay
FNDA:94,getEligibleTargetsWithInteractionInCurrentGamePlay
FNDA:81,(anonymous_2)
DA:13,94
DA:14,13
DA:16,81
DA:17,81
DA:18,36
DA:20,45
DA:22,39
LF:7
LH:7
BRDA:13,0,0,13
BRDA:13,0,1,81
BRDA:17,1,0,36
BRDA:17,1,1,45
BRF:4
BRH:4
end_of_record
TN:
SF:composables/api/game/types/game.class.ts
FN:54,(anonymous_1)
FN:18,(anonymous_2)
FN:28,(anonymous_3)
FN:32,(anonymous_4)
FN:36,(anonymous_5)
FN:40,(anonymous_6)
FN:44,(anonymous_7)
FNF:7
FNH:7
FNDA:82,(anonymous_1)
FNDA:82,(anonymous_2)
FNDA:82,(anonymous_3)
FNDA:82,(anonymous_4)
FNDA:82,(anonymous_5)
FNDA:82,(anonymous_6)
FNDA:82,(anonymous_7)
DA:11,45
DA:13,45
DA:16,45
DA:18,82
DA:20,45
DA:23,45
DA:26,45
DA:28,82
DA:30,45
DA:32,82
DA:34,45
DA:36,82
DA:38,45
DA:40,82
DA:42,45
DA:44,82
DA:46,45
DA:49,45
DA:52,45
DA:55,82
LF:20
LH:20
BRF:0
BRH:0
end_of_record
TN:
SF:composables/api/game/types/game-additional-card/game-additional-card.class.ts
FN:20,(anonymous_1)
FNF:1
FNH:1
FNDA:4,(anonymous_1)
DA:7,18
DA:9,18
DA:12,18
DA:15,18
DA:18,18
DA:21,4
LF:6
LH:6
BRF:0
BRH:0
end_of_record
TN:
SF:composables/api/game/types/game-history-record/game-history-record.class.ts
FN:40,(anonymous_1)
FN:18,(anonymous_2)
FN:26,(anonymous_3)
FN:30,(anonymous_4)
FN:34,(anonymous_5)
FNF:5
FNH:5
FNDA:93,(anonymous_1)
FNDA:93,(anonymous_2)
FNDA:93,(anonymous_3)
FNDA:93,(anonymous_4)
FNDA:93,(anonymous_5)
DA:8,16
DA:10,16
DA:13,16
DA:16,16
DA:18,93
DA:20,16
DA:23,16
DA:26,93
DA:27,16
DA:30,93
DA:31,16
DA:34,93
DA:35,16
DA:38,16
DA:41,93
LF:15
LH:15
BRF:0
BRH:0
end_of_record
TN:
SF:composables/api/game/types/game-history-record/game-history-record-play/game-history-record-play.class.ts
FN:48,(anonymous_1)
FN:20,(anonymous_2)
FN:27,(anonymous_3)
FN:31,(anonymous_4)
FN:35,(anonymous_5)
FN:42,(anonymous_6)
FNF:6
FNH:6
FNDA:94,(anonymous_1)
FNDA:187,(anonymous_2)
FNDA:187,(anonymous_3)
FNDA:187,(anonymous_4)
FNDA:187,(anonymous_5)
FNDA:187,(anonymous_6)
DA:12,17
DA:14,17
DA:17,17
DA:20,187
DA:21,17
DA:24,17
DA:27,187
DA:28,17
DA:31,187
DA:32,17
DA:35,187
DA:36,17
DA:39,17
DA:42,187
DA:43,17
DA:46,17
DA:49,94
LF:17
LH:17
BRF:0
BRH:0
end_of_record
TN:
SF:composables/api/game/types/game-history-record/game-history-record-play/game-history-record-play-source/game-history-record-play-source.class.ts
FN:20,(anonymous_1)
FN:13,(anonymous_2)
FN:17,(anonymous_3)
FNF:3
FNH:3
FNDA:95,(anonymous_1)
FNDA:282,(anonymous_2)
FNDA:282,(anonymous_3)
DA:8,18
DA:10,18
DA:13,282
DA:14,18
DA:17,282
DA:18,18
DA:21,95
LF:7
LH:7
BRF:0
BRH:0
end_of_record
TN:
SF:composables/api/game/types/game-history-record/game-history-record-play/game-history-record-play-target/game-history-record-play-target.class.ts
FN:15,(anonymous_1)
FN:9,(anonymous_2)
FNF:2
FNH:2
FNDA:53,(anonymous_1)
FNDA:145,(anonymous_2)
DA:7,19
DA:9,145
DA:10,19
DA:13,19
DA:16,53
LF:5
LH:5
BRF:0
BRH:0
end_of_record
TN:
SF:composables/api/game/types/game-history-record/game-history-record-play/game-history-record-play-vote/game-history-record-play-vote.class.ts
FN:15,(anonymous_1)
FN:8,(anonymous_2)
FN:12,(anonymous_3)
FNF:3
FNH:3
FNDA:5,(anonymous_1)
FNDA:11,(anonymous_2)
FNDA:11,(anonymous_3)
DA:6,18
DA:8,11
DA:9,18
DA:12,11
DA:13,18
DA:16,5
LF:6
LH:6
BRF:0
BRH:0
end_of_record
TN:
SF:composables/api/game/types/game-history-record/game-history-record-play/game-history-record-play-voting/game-history-record-play-voting.class.ts
FN:15,(anonymous_1)
FN:12,(anonymous_2)
FNF:2
FNH:2
FNDA:8,(anonymous_1)
FNDA:15,(anonymous_2)
DA:7,18
DA:9,18
DA:12,15
DA:13,18
DA:16,8
LF:5
LH:5
BRF:0
BRH:0
end_of_record
TN:
SF:composables/api/game/types/game-options/game-options.class.ts
FN:20,(anonymous_1)
FN:8,(anonymous_2)
FN:12,(anonymous_3)
FN:16,(anonymous_4)
FNF:4
FNH:4
FNDA:212,(anonymous_1)
FNDA:1177,(anonymous_2)
FNDA:1177,(anonymous_3)
FNDA:1177,(anonymous_4)
DA:7,93
DA:8,1177
DA:10,93
DA:12,1177
DA:14,93
DA:16,1177
DA:18,93
DA:21,212
LF:8
LH:8
BRF:0
BRH:0
end_of_record
TN:
SF:composables/api/game/types/game-options/composition-game-options/composition-game-options.class.ts
FN:8,(anonymous_1)
FNF:1
FNH:1
FNDA:213,(anonymous_1)
DA:4,94
DA:6,94
DA:9,213
LF:3
LH:3
BRF:0
BRH:0
end_of_record
TN:
SF:composables/api/game/types/game-options/roles-game-options/roles-game-options.class.ts
FN:121,(anonymous_1)
FN:33,(anonymous_2)
FN:37,(anonymous_3)
FN:41,(anonymous_4)
FN:45,(anonymous_5)
FN:49,(anonymous_6)
FN:53,(anonymous_7)
FN:57,(anonymous_8)
FN:61,(anonymous_9)
FN:65,(anonymous_10)
FN:69,(anonymous_11)
FN:73,(anonymous_12)
FN:77,(anonymous_13)
FN:81,(anonymous_14)
FN:85,(anonymous_15)
FN:89,(anonymous_16)
FN:93,(anonymous_17)
FN:97,(anonymous_18)
FN:101,(anonymous_19)
FN:105,(anonymous_20)
FN:109,(anonymous_21)
FN:113,(anonymous_22)
FN:117,(anonymous_23)
FNF:23
FNH:23
FNDA:212,(anonymous_1)
FNDA:1389,(anonymous_2)
FNDA:1389,(anonymous_3)
FNDA:1389,(anonymous_4)
FNDA:1389,(anonymous_5)
FNDA:1389,(anonymous_6)
FNDA:1389,(anonymous_7)
FNDA:1389,(anonymous_8)
FNDA:1389,(anonymous_9)
FNDA:1389,(anonymous_10)
FNDA:1389,(anonymous_11)
FNDA:1389,(anonymous_12)
FNDA:1389,(anonymous_13)
FNDA:1389,(anonymous_14)
FNDA:1389,(anonymous_15)
FNDA:1389,(anonymous_16)
FNDA:1389,(anonymous_17)
FNDA:1389,(anonymous_18)
FNDA:1389,(anonymous_19)
FNDA:1389,(anonymous_20)
FNDA:1389,(anonymous_21)
FNDA:1389,(anonymous_22)
FNDA:1389,(anonymous_23)
DA:26,93
DA:28,93
DA:31,93
DA:33,1389
DA:35,93
DA:37,1389
DA:39,93
DA:41,1389
DA:43,93
DA:45,1389
DA:47,93
DA:49,1389
DA:51,93
DA:53,1389
DA:55,93
DA:57,1389
DA:59,93
DA:61,1389
DA:63,93
DA:65,1389
DA:67,93
DA:69,1389
DA:71,93
DA:73,1389
DA:75,93
DA:77,1389
DA:79,93
DA:81,1389
DA:83,93
DA:85,1389
DA:87,93
DA:89,1389
DA:91,93
DA:93,1389
DA:95,93
DA:97,1389
DA:99,93
DA:101,1389
DA:103,93
DA:105,1389
DA:107,93
DA:109,1389
DA:111,93
DA:113,1389
DA:115,93
DA:117,1389
DA:119,93
DA:122,212
LF:48
LH:48
BRF:0
BRH:0
end_of_record
TN:
SF:composables/api/game/types/game-options/roles-game-options/actor-game-options/actor-game-options.class.ts
FN:11,(anonymous_1)
FNF:1
FNH:1
FNDA:213,(anonymous_1)
DA:4,94
DA:6,94
DA:9,94
DA:12,213
LF:4
LH:4
BRF:0
BRH:0
end_of_record
TN:
SF:composables/api/game/types/game-options/roles-game-options/bear-tamer-game-options/bear-tamer-game-options.class.ts
FN:8,(anonymous_1)
FNF:1
FNH:1
FNDA:213,(anonymous_1)
DA:4,94
DA:6,94
DA:9,213
LF:3
LH:3
BRF:0
BRH:0
end_of_record
TN:
SF:composables/api/game/types/game-options/roles-game-options/big-bad-wolf-options/big-bad-wolf-options.class.ts
FN:8,(anonymous_1)
FNF:1
FNH:1
FNDA:213,(anonymous_1)
DA:4,94
DA:6,94
DA:9,213
LF:3
LH:3
BRF:0
BRH:0
end_of_record
TN:
SF:composables/api/game/types/game-options/roles-game-options/cupid-game-options/cupid-game-options.class.ts
FN:13,(anonymous_1)
FN:6,(anonymous_2)
FNF:2
FNH:2
FNDA:213,(anonymous_1)
FNDA:1602,(anonymous_2)
DA:5,94
DA:6,1602
DA:8,94
DA:11,94
DA:14,213
LF:5
LH:5
BRF:0
BRH:0
end_of_record
TN:
SF:composables/api/game/types/game-options/roles-game-options/cupid-game-options/cupid-lovers-game-options/cupid-lovers-game-options.class.ts
FN:8,(anonymous_1)
FNF:1
FNH:1
FNDA:214,(anonymous_1)
DA:4,95
DA:6,95
DA:9,214
LF:3
LH:3
BRF:0
BRH:0
end_of_record
TN:
SF:composables/api/game/types/game-options/roles-game-options/defender-game-options/defender-game-options.class.ts
FN:8,(anonymous_1)
FNF:1
FNH:1
FNDA:213,(anonymous_1)
DA:4,94
DA:6,94
DA:9,213
LF:3
LH:3
BRF:0
BRH:0
end_of_record
TN:
SF:composables/api/game/types/game-options/roles-game-options/elder-game-options/elder-game-options.class.ts
FN:11,(anonymous_1)
FNF:1
FNH:1
FNDA:213,(anonymous_1)
DA:4,94
DA:6,94
DA:9,94
DA:12,213
LF:4
LH:4
BRF:0
BRH:0
end_of_record
TN:
SF:composables/api/game/types/game-options/roles-game-options/fox-game-options/fox-game-options.class.ts
FN:8,(anonymous_1)
FNF:1
FNH:1
FNDA:213,(anonymous_1)
DA:4,94
DA:6,94
DA:9,213
LF:3
LH:3
BRF:0
BRH:0
end_of_record
TN:
SF:composables/api/game/types/game-options/roles-game-options/idiot-game-options/idiot-game-options.class.ts
FN:8,(anonymous_1)
FNF:1
FNH:1
FNDA:213,(anonymous_1)
DA:4,94
DA:6,94
DA:9,213
LF:3
LH:3
BRF:0
BRH:0
end_of_record
TN:
SF:composables/api/game/types/game-options/roles-game-options/little-girl-game-options/little-girl-game-options.class.ts
FN:8,(anonymous_1)
FNF:1
FNH:1
FNDA:213,(anonymous_1)
DA:4,94
DA:6,94
DA:9,213
LF:3
LH:3
BRF:0
BRH:0
end_of_record
TN:
SF:composables/api/game/types/game-options/roles-game-options/pied-piper-game-options/pied-piper-game-options.class.ts
FN:11,(anonymous_1)
FNF:1
FNH:1
FNDA:213,(anonymous_1)
DA:4,94
DA:6,94
DA:9,94
DA:12,213
LF:4
LH:4
BRF:0
BRH:0
end_of_record
TN:
SF:composables/api/game/types/game-options/roles-game-options/prejudiced-manipulator-game-options/prejudiced-manipulator-game-options.class.ts
FN:8,(anonymous_1)
FNF:1
FNH:1
FNDA:212,(anonymous_1)
DA:4,93
DA:6,93
DA:9,212
LF:3
LH:3
BRF:0
BRH:0
end_of_record
TN:
SF:composables/api/game/types/game-options/roles-game-options/scandalmonger-game-options/scandalmongonger-game-options.class.ts
FN:8,(anonymous_1)
FNF:1
FNH:1
FNDA:213,(anonymous_1)
DA:4,94
DA:6,94
DA:9,213
LF:3
LH:3
BRF:0
BRH:0
end_of_record
TN:
SF:composables/api/game/types/game-options/roles-game-options/seer-game-options/seer-game-options.class.ts
FN:11,(anonymous_1)
FNF:1
FNH:1
FNDA:213,(anonymous_1)
DA:4,94
DA:6,94
DA:9,94
DA:12,213
LF:4
LH:4
BRF:0
BRH:0
end_of_record
TN:
SF:composables/api/game/types/game-options/roles-game-options/sheriff-game-options/sheriff-game-options.class.ts
FN:19,(anonymous_1)
FN:9,(anonymous_2)
FNF:2
FNH:2
FNDA:213,(anonymous_1)
FNDA:1602,(anonymous_2)
DA:5,94
DA:7,94
DA:9,1602
DA:11,94
DA:14,94
DA:17,94
DA:20,213
LF:7
LH:7
BRF:0
BRH:0
end_of_record
TN:
SF:composables/api/game/types/game-options/roles-game-options/sheriff-game-options/sheriff-election-game-options/sheriff-election-game-options.class.ts
FN:12,(anonymous_1)
FNF:1
FNH:1
FNDA:214,(anonymous_1)
DA:5,95
DA:7,95
DA:10,95
DA:13,214
LF:4
LH:4
BRF:0
BRH:0
end_of_record
TN:
SF:composables/api/game/types/game-options/roles-game-options/stuttering-judge-game-options/stuttering-judge-game-options.class.ts
FN:8,(anonymous_1)
FNF:1
FNH:1
FNDA:213,(anonymous_1)
DA:4,94
DA:6,94
DA:9,213
LF:3
LH:3
BRF:0
BRH:0
end_of_record
TN:
SF:composables/api/game/types/game-options/roles-game-options/thief-game-options/thief-game-options.class.ts
FN:14,(anonymous_1)
FNF:1
FNH:1
FNDA:213,(anonymous_1)
DA:4,94
DA:6,94
DA:9,94
DA:12,94
DA:15,213
LF:5
LH:5
BRF:0
BRH:0
end_of_record
TN:
SF:composables/api/game/types/game-options/roles-game-options/three-brothers-game-options/three-brothers-game-options.class.ts
FN:8,(anonymous_1)
FNF:1
FNH:1
FNDA:213,(anonymous_1)
DA:4,94
DA:6,94
DA:9,213
LF:3
LH:3
BRF:0
BRH:0
end_of_record
TN:
SF:composables/api/game/types/game-options/roles-game-options/two-sisters-game-options/two-sisters-game-options.class.ts
FN:8,(anonymous_1)
FNF:1
FNH:1
FNDA:213,(anonymous_1)
DA:4,94
DA:6,94
DA:9,213
LF:3
LH:3
BRF:0
BRH:0
end_of_record
TN:
SF:composables/api/game/types/game-options/roles-game-options/white-werewolf-options/white-werewolf-game-options.class.ts
FN:8,(anonymous_1)
FNF:1
FNH:1
FNDA:213,(anonymous_1)
DA:4,94
DA:6,94
DA:9,213
LF:3
LH:3
BRF:0
BRH:0
end_of_record
TN:
SF:composables/api/game/types/game-options/roles-game-options/wild-child-game-options/wild-child-game-options.class.ts
FN:8,(anonymous_1)
FNF:1
FNH:1
FNDA:213,(anonymous_1)
DA:4,94
DA:6,94
DA:9,213
LF:3
LH:3
BRF:0
BRH:0
end_of_record
TN:
SF:composables/api/game/types/game-options/roles-game-options/witch-game-options/witch-game-options.class.ts
FN:8,(anonymous_1)
FNF:1
FNH:1
FNDA:213,(anonymous_1)
DA:4,94
DA:6,94
DA:9,213
LF:3
LH:3
BRF:0
BRH:0
end_of_record
TN:
SF:composables/api/game/types/game-options/roles-game-options/wolf-hound-game-options/wolf-hound-game-options.class.ts
FN:11,(anonymous_1)
FNF:1
FNH:1
FNDA:213,(anonymous_1)
DA:4,94
DA:6,94
DA:9,94
DA:12,213
LF:4
LH:4
BRF:0
BRH:0
end_of_record
TN:
SF:composables/api/game/types/game-options/votes-game-options/votes-game-options.class.ts
FN:8,(anonymous_1)
FNF:1
FNH:1
FNDA:212,(anonymous_1)
DA:4,93
DA:6,93
DA:9,212
LF:3
LH:3
BRF:0
BRH:0
end_of_record
TN:
SF:composables/api/game/types/game-phase/game-phase.class.ts
FN:12,(anonymous_1)
FNF:1
FNH:1
FNDA:181,(anonymous_1)
DA:5,62
DA:7,62
DA:10,62
DA:13,181
LF:4
LH:4
BRF:0
BRH:0
end_of_record
TN:
SF:composables/api/game/types/game-play/game-play.class.ts
FN:27,(anonymous_1)
FN:11,(anonymous_2)
FNF:2
FNH:2
FNDA:201,(anonymous_1)
FNDA:245,(anonymous_2)
DA:7,46
DA:9,46
DA:11,245
DA:13,46
DA:16,46
DA:19,46
DA:22,46
DA:25,46
DA:28,201
LF:9
LH:9
BRF:0
BRH:0
end_of_record
TN:
SF:composables/api/game/types/game-play/game-play-source/game-play-source.class.ts
FN:20,(anonymous_1)
FN:12,(anonymous_2)
FN:16,(anonymous_3)
FNF:3
FNH:3
FNDA:432,(anonymous_1)
FNDA:677,(anonymous_2)
FNDA:677,(anonymous_3)
DA:8,47
DA:10,47
DA:12,677
DA:14,47
DA:16,677
DA:18,47
DA:21,432
LF:7
LH:7
BRF:0
BRH:0
end_of_record
TN:
SF:composables/api/game/types/game-play/game-play-source/game-play-source-interaction/game-play-source-interaction.class.ts
FN:25,(anonymous_1)
FNF:1
FNH:1
FNDA:1,(anonymous_1)
DA:9,66
DA:11,66
DA:14,66
DA:17,66
DA:20,66
DA:23,66
DA:26,1
LF:7
LH:7
BRF:0
BRH:0
end_of_record
TN:
SF:composables/api/game/types/game-play/game-play-source/game-play-source-interaction/game-play-source-interaction-boundaries/game-play-source-interaction-boundaries.class.ts
FN:12,(anonymous_1)
FNF:1
FNH:1
FNDA:1,(anonymous_1)
DA:5,67
DA:7,67
DA:10,67
DA:13,1
LF:4
LH:4
BRF:0
BRH:0
end_of_record
TN:
SF:composables/api/game/types/game-victory/game-victory.class.ts
FN:14,(anonymous_1)
FNF:1
FNH:1
FNDA:29,(anonymous_1)
DA:7,46
DA:9,46
DA:12,46
DA:15,29
LF:4
LH:4
BRF:0
BRH:0
end_of_record
TN:
SF:composables/api/game/types/players/player.class.ts
FN:30,(anonymous_1)
FN:16,(anonymous_2)
FN:20,(anonymous_3)
FN:23,(anonymous_4)
FNF:4
FNH:4
FNDA:209,(anonymous_1)
FNDA:703,(anonymous_2)
FNDA:703,(anonymous_3)
FNDA:703,(anonymous_4)
DA:8,74
DA:10,74
DA:13,74
DA:16,703
DA:17,74
DA:20,703
DA:21,74
DA:23,703
DA:25,74
DA:28,74
DA:31,209
LF:11
LH:11
BRF:0
BRH:0
end_of_record
TN:
SF:composables/api/game/types/players/player-attribute/player-attribute.class.ts
FN:25,(anonymous_1)
FN:18,(anonymous_2)
FNF:2
FNH:2
FNDA:31,(anonymous_1)
FNDA:36,(anonymous_2)
DA:8,75
DA:10,75
DA:13,75
DA:16,75
DA:18,36
DA:20,75
DA:23,75
DA:26,31
LF:8
LH:8
BRF:0
BRH:0
end_of_record
TN:
SF:composables/api/game/types/players/player-attribute/player-attribute-activation/player-attribute-activation.class.ts
FN:13,(anonymous_1)
FNF:1
FNH:1
FNDA:2,(anonymous_1)
DA:6,76
DA:8,76
DA:11,76
DA:14,2
LF:4
LH:4
BRF:0
BRH:0
end_of_record
TN:
SF:composables/api/game/types/players/player-role/player-role.class.ts
FN:16,(anonymous_1)
FNF:1
FNH:1
FNDA:100,(anonymous_1)
DA:6,75
DA:8,75
DA:11,75
DA:14,75
DA:17,100
LF:5
LH:5
BRF:0
BRH:0
end_of_record
TN:
SF:composables/api/game/types/players/player-side/player-side.class.ts
FN:13,(anonymous_1)
FNF:1
FNH:1
FNDA:138,(anonymous_1)
DA:6,75
DA:8,75
DA:11,75
DA:14,138
LF:4
LH:4
BRF:0
BRH:0
end_of_record
TN:
SF:composables/api/role/useFetchRoles.ts
FN:8,useFetchRoles
FN:11,fetchRoles
FNF:2
FNH:2
FNDA:451,useFetchRoles
FNDA:2,fetchRoles
DA:9,451
DA:12,2
DA:13,2
DA:15,1
DA:18,451
LF:5
LH:5
BRF:0
BRH:0
end_of_record
TN:
SF:composables/api/role/useRoleName.ts
FN:8,useRoleName
FN:11,getRoleNameLabel
FN:15,getDefiniteRoleNameLabel
FNF:3
FNH:3
FNDA:52,useRoleName
FNDA:38,getRoleNameLabel
FNDA:2,getDefiniteRoleNameLabel
DA:9,52
DA:12,38
DA:16,2
DA:18,52
LF:4
LH:4
BRF:0
BRH:0
end_of_record
TN:
SF:composables/api/role/constants/role.constants.ts
FNF:0
FNH:0
DA:1,74
DA:34,74
DA:39,74
DA:46,74
LF:4
LH:4
BRF:0
BRH:0
end_of_record
TN:
SF:composables/api/role/types/role.class.ts
FN:32,(anonymous_1)
FNF:1
FNH:1
FNDA:100,(anonymous_1)
DA:7,16
DA:9,16
DA:12,16
DA:15,16
DA:18,16
DA:21,16
DA:24,16
DA:27,16
DA:30,16
DA:33,100
LF:10
LH:10
BRF:0
BRH:0
end_of_record
TN:
SF:composables/misc/useArrays.ts
FN:5,useArrays
FN:6,insertIf
FNF:2
FNH:2
FNDA:9,useArrays
FNDA:15,insertIf
DA:7,15
DA:9,9
LF:2
LH:2
BRDA:7,0,0,12
BRDA:7,0,1,3
BRF:2
BRH:2
end_of_record
TN:
SF:composables/misc/useStrings.ts
FN:5,useStrings
FN:6,convertBooleanAsAffirmativeString
FNF:2
FNH:2
FNDA:226,useStrings
FNDA:360,convertBooleanAsAffirmativeString
DA:7,360
DA:9,226
LF:2
LH:2
BRDA:7,0,0,226
BRDA:7,0,1,134
BRF:2
BRH:2
end_of_record
TN:
SF:composables/vue-prime/useVuePrimeToasts.ts
FN:14,useVuePrimeToasts
FN:17,addToast
FN:24,addSuccessToast
FN:28,addInfoToast
FN:32,addWarnToast
FN:36,addErrorToast
FNF:6
FNH:6
FNDA:773,useVuePrimeToasts
FNDA:5,addToast
FNDA:1,addSuccessToast
FNDA:1,addInfoToast
FNDA:1,addWarnToast
FNDA:1,addErrorToast
DA:15,773
DA:18,5
DA:25,1
DA:29,1
DA:33,1
DA:37,1
DA:39,773
LF:7
LH:7
BRF:0
BRH:0
end_of_record
TN:
SF:composables/vue-prime/constants/vue-prime.constants.ts
FNF:0
FNH:0
DA:3,362
LF:1
LH:1
BRF:0
BRH:0
end_of_record
TN:
SF:layouts/default.vue
FNF:0
FNH:0
DA:8,2
LF:1
LH:1
BRF:0
BRH:0
end_of_record
TN:
SF:pages/about.vue
FNF:0
FNH:0
DA:2,4
DA:3,1
DA:34,1
DA:51,4
DA:53,4
LF:5
LH:5
BRF:0
BRH:0
end_of_record
TN:
SF:pages/game-lobby.vue
FN:53,pickRoleForPlayer
FN:63,openGameOptionsHub
FNF:2
FNH:2
FNDA:3,pickRoleForPlayer
FNDA:2,openGameOptionsHub
DA:2,11
DA:38,11
DA:39,11
DA:40,11
DA:41,11
DA:43,11
DA:45,11
DA:46,11
DA:48,11
DA:54,3
DA:55,1
DA:57,2
DA:58,1
DA:60,1
DA:64,2
DA:65,1
DA:67,1
DA:70,11
DA:71,11
LF:19
LH:19
BRDA:54,0,0,1
BRDA:54,0,1,2
BRDA:57,1,0,1
BRDA:57,1,1,1
BRDA:64,2,0,1
BRDA:64,2,1,1
BRF:6
BRH:6
end_of_record
TN:
SF:pages/index.vue
FN:26,(anonymous_2)
FN:38,(anonymous_3)
FNF:2
FNH:2
FNDA:215,(anonymous_2)
FNDA:215,(anonymous_3)
DA:2,212
DA:3,212
DA:4,212
DA:12,212
DA:26,424
DA:28,212
DA:38,424
DA:55,7
LF:8
LH:8
BRF:0
BRH:0
end_of_record
TN:
SF:pages/game/[id].vue
FN:58,(anonymous_1)
FNF:1
FNH:1
FNDA:14,(anonymous_1)
DA:44,11
DA:45,11
DA:46,11
DA:47,11
DA:49,11
DA:51,11
DA:56,11
DA:58,11
DA:59,14
DA:65,14
DA:68,11
DA:69,11
LF:12
LH:12
BRDA:68,0,0,1
BRDA:68,0,1,10
BRDA:7,1,0,10
BRDA:7,1,1,15
BRDA:18,2,0,1
BRDA:18,2,1,14
BRF:6
BRH:6
end_of_record
TN:
SF:stores/enums/store.enum.ts
FN:1,(anonymous_0)
FNF:1
FNH:1
FNDA:357,(anonymous_0)
DA:1,357
DA:2,357
DA:3,357
DA:4,357
DA:5,357
DA:6,357
DA:7,357
LF:7
LH:7
BRDA:1,0,0,357
BRDA:1,0,1,357
BRF:2
BRH:2
end_of_record
TN:
SF:stores/game/useGameStore.ts
FN:10,(anonymous_0)
FN:24,resetGame
FN:28,fetchAndSetGame
FN:41,cancelGame
FN:53,makeGamePlay
FNF:5
FNH:5
FNDA:335,(anonymous_0)
FNDA:1,resetGame
FNDA:3,fetchAndSetGame
FNDA:2,cancelGame
FNDA:3,makeGamePlay
DA:10,35
DA:15,335
DA:17,335
DA:19,335
DA:20,335
DA:21,335
DA:22,335
DA:25,1
DA:29,3
DA:30,3
DA:31,3
DA:32,1
DA:34,1
DA:36,2
DA:37,2
DA:38,2
DA:42,2
DA:43,2
DA:44,2
DA:45,1
DA:47,1
DA:49,1
DA:50,1
DA:54,3
DA:55,3
DA:56,3
DA:57,1
DA:59,1
DA:61,2
DA:62,2
DA:63,2
DA:65,335
LF:32
LH:32
BRDA:31,0,0,1
BRDA:31,0,1,2
BRDA:44,1,0,1
BRDA:44,1,1,1
BRDA:56,2,0,1
BRDA:56,2,1,2
BRF:6
BRH:6
end_of_record
TN:
SF:stores/game/create-game-dto/useCreateGameDtoStore.ts
FN:11,(anonymous_0)
FN:22,setCreateGameDto
FN:26,resetCreateGameDto
FN:30,addPlayerToCreateGameDto
FN:34,updatePlayerInCreateGameDto
FN:35,(anonymous_5)
FN:41,setPlayersToCreateGameDto
FN:42,(anonymous_7)
FN:45,removePlayerFromCreateGameDto
FN:46,(anonymous_9)
FN:52,getPlayersWithRoleNameInCreateGameDto
FN:53,(anonymous_11)
FN:56,isRoleMinReachedInCreateGameDto
FN:63,isRoleMaxReachedInCreateGameDto
FN:70,getRoleLeftCountToReachMinInCreateGameDto
FNF:15
FNH:15
FNDA:354,(anonymous_0)
FNDA:1,setCreateGameDto
FNDA:1,resetCreateGameDto
FNDA:1,addPlayerToCreateGameDto
FNDA:2,updatePlayerInCreateGameDto
FNDA:5,(anonymous_5)
FNDA:1,setPlayersToCreateGameDto
FNDA:3,(anonymous_7)
FNDA:2,removePlayerFromCreateGameDto
FNDA:5,(anonymous_9)
FNDA:16,getPlayersWithRoleNameInCreateGameDto
FNDA:32,(anonymous_11)
FNDA:6,isRoleMinReachedInCreateGameDto
FNDA:4,isRoleMaxReachedInCreateGameDto
FNDA:5,getRoleLeftCountToReachMinInCreateGameDto
DA:11,46
DA:12,354
DA:13,354
DA:15,354
DA:20,354
DA:23,1
DA:27,1
DA:31,1
DA:35,5
DA:36,2
DA:37,1
DA:42,3
DA:46,5
DA:47,2
DA:48,1
DA:53,32
DA:57,6
DA:58,6
DA:60,6
DA:64,4
DA:65,4
DA:67,4
DA:71,5
DA:72,5
DA:73,5
DA:74,1
DA:76,4
DA:78,4
DA:80,354
LF:29
LH:29
BRDA:36,0,0,1
BRDA:36,0,1,1
BRDA:47,1,0,1
BRDA:47,1,1,1
BRDA:60,2,0,6
BRDA:60,2,1,5
BRDA:60,2,2,4
BRDA:67,3,0,4
BRDA:67,3,1,3
BRDA:73,4,0,1
BRDA:73,4,1,4
BRDA:78,5,0,1
BRDA:78,5,1,3
BRF:13
BRH:13
end_of_record
TN:
SF:stores/game/game-event/useGameEventsStore.ts
FN:6,(anonymous_0)
FN:9,(anonymous_1)
FN:10,(anonymous_2)
FN:11,(anonymous_3)
FN:13,resetGameEvents
FN:18,generateAndSetGameEventsFromGame
FN:28,goToNextGameEvent
FN:32,goToPreviousGameEvent
FNF:8
FNH:8
FNDA:372,(anonymous_0)
FNDA:16,(anonymous_1)
FNDA:3,(anonymous_2)
FNDA:18,(anonymous_3)
FNDA:5,resetGameEvents
FNDA:4,generateAndSetGameEventsFromGame
FNDA:4,goToNextGameEvent
FNDA:1,goToPreviousGameEvent
DA:6,39
DA:7,372
DA:8,372
DA:9,372
DA:10,372
DA:11,372
DA:14,5
DA:15,5
DA:19,4
DA:20,4
DA:21,1
DA:22,3
DA:23,2
DA:25,4
DA:29,4
DA:33,1
DA:35,372
LF:17
LH:17
BRDA:20,0,0,1
BRDA:20,0,1,3
BRDA:22,1,0,2
BRDA:22,1,1,1
BRF:4
BRH:4
end_of_record
TN:
SF:stores/game/game-event/constants/game-event.constants.ts
FNF:0
FNH:0
DA:1,5
LF:1
LH:1
BRF:0
BRH:0
end_of_record
TN:
SF:stores/game/game-event/types/game-event.class.ts
FN:9,(anonymous_1)
FNF:1
FNH:1
FNDA:56,(anonymous_1)
DA:5,40
DA:7,40
DA:10,56
LF:3
LH:3
BRF:0
BRH:0
end_of_record
TN:
SF:stores/game/game-history-record/useGameHistoryRecordsStore.ts
FN:8,(anonymous_0)
FN:14,fetchAndSetGameHistoryRecords
FNF:2
FNH:2
FNDA:20,(anonymous_0)
FNDA:2,fetchAndSetGameHistoryRecords
DA:8,6
DA:9,20
DA:11,20
DA:12,20
DA:15,2
DA:16,2
DA:17,2
DA:18,1
DA:20,1
DA:22,1
DA:23,1
DA:25,20
LF:12
LH:12
BRDA:17,0,0,1
BRDA:17,0,1,1
BRF:2
BRH:2
end_of_record
TN:
SF:stores/game/make-game-play-dto/useMakeGamePlayDtoStore.ts
FN:10,(anonymous_0)
FN:13,setMakeGamePlayDto
FN:17,resetMakeGamePlayDto
FN:21,addMakeGamePlayTargetDto
FN:28,removeMakeGamePlayTargetDto
FN:32,(anonymous_5)
FN:41,removeFirstMakeGamePlayTargetDto
FN:49,removeFirstMakeGamePlayTargetDtoWithPotion
FN:50,(anonymous_8)
FN:56,addMakeGamePlayVoteDto
FN:63,removeMakeGamePlayVoteDto
FN:67,(anonymous_11)
FN:76,setDoesJudgeRequestAnotherVote
FN:80,setChosenCardId
FN:84,setChosenSide
FNF:15
FNH:15
FNDA:95,(anonymous_0)
FNDA:1,setMakeGamePlayDto
FNDA:1,resetMakeGamePlayDto
FNDA:2,addMakeGamePlayTargetDto
FNDA:6,removeMakeGamePlayTargetDto
FNDA:6,(anonymous_5)
FNDA:3,removeFirstMakeGamePlayTargetDto
FNDA:4,removeFirstMakeGamePlayTargetDtoWithPotion
FNDA:4,(anonymous_8)
FNDA:2,addMakeGamePlayVoteDto
FNDA:4,removeMakeGamePlayVoteDto
FNDA:4,(anonymous_11)
FNDA:1,setDoesJudgeRequestAnotherVote
FNDA:1,setChosenCardId
FNDA:1,setChosenSide
DA:10,19
DA:11,95
DA:14,1
DA:18,1
DA:22,2
DA:23,1
DA:25,2
DA:29,6
DA:30,1
DA:32,6
DA:33,5
DA:34,4
DA:36,5
DA:37,1
DA:42,3
DA:43,2
DA:45,1
DA:46,1
DA:50,4
DA:51,4
DA:52,1
DA:57,2
DA:58,1
DA:60,2
DA:64,4
DA:65,1
DA:67,4
DA:68,3
DA:69,2
DA:71,3
DA:72,1
DA:77,1
DA:81,1
DA:85,1
DA:87,95
LF:35
LH:35
BRDA:22,0,0,1
BRDA:22,0,1,1
BRDA:29,1,0,1
BRDA:29,1,1,5
BRDA:33,2,0,4
BRDA:33,2,1,1
BRDA:36,3,0,1
BRDA:36,3,1,4
BRDA:42,4,0,2
BRDA:42,4,1,1
BRDA:42,5,0,3
BRDA:42,5,1,2
BRDA:51,6,0,1
BRDA:51,6,1,3
BRDA:57,7,0,1
BRDA:57,7,1,1
BRDA:64,8,0,1
BRDA:64,8,1,3
BRDA:68,9,0,2
BRDA:68,9,1,1
BRDA:71,10,0,1
BRDA:71,10,1,2
BRF:22
BRH:22
end_of_record
TN:
SF:stores/role/useRolesStore.ts
FN:10,(anonymous_0)
FN:16,fetchAndSetRoles
FN:22,getRoleWithNameInRoles
FN:23,(anonymous_3)
FNF:4
FNH:4
FNDA:454,(anonymous_0)
FNDA:2,fetchAndSetRoles
FNDA:17,getRoleWithNameInRoles
FNDA:31,(anonymous_3)
DA:10,353
DA:11,454
DA:13,454
DA:14,454
DA:17,2
DA:18,2
DA:19,2
DA:23,31
DA:25,454
LF:9
LH:9
BRF:0
BRH:0
end_of_record
TN:
SF:utils/url.utils.ts
FN:1,removeTrailingSlashes
FNF:1
FNH:1
FNDA:910,removeTrailingSlashes
DA:2,910
LF:1
LH:1
BRF:0
BRH:0
end_of_record
TN:
SF:utils/constants/class-transformer.constants.ts
FNF:0
FNH:0
DA:3,166
LF:1
LH:1
BRF:0
BRH:0
end_of_record
