<?xml version="1.0" encoding="UTF-8"?>
<coverage generated="1712808910513" clover="3.2.0">
  <project timestamp="1712808910513" name="All files">
    <metrics statements="1096" coveredstatements="1096" conditionals="311" coveredconditionals="311" methods="277" coveredmethods="277" elements="1684" coveredelements="1684" complexity="0" loc="1096" ncloc="1096" packages="113" files="128" classes="128"/>
    <package name="werewolves-assistant-web-next">
      <metrics statements="6" coveredstatements="6" conditionals="0" coveredconditionals="0" methods="1" coveredmethods="1"/>
      <file name="app.vue" path="/home/runner/work/werewolves-assistant-web-next/werewolves-assistant-web-next/app.vue">
        <metrics statements="6" coveredstatements="6" conditionals="0" coveredconditionals="0" methods="1" coveredmethods="1"/>
        <line num="2" count="5" type="stmt"/>
        <line num="5" count="1" type="stmt"/>
        <line num="16" count="5" type="stmt"/>
        <line num="18" count="5" type="stmt"/>
        <line num="20" count="5" type="stmt"/>
        <line num="33" count="5" type="stmt"/>
      </file>
    </package>
    <package name="werewolves-assistant-web-next.components.layouts.default.NavBar">
      <metrics statements="3" coveredstatements="3" conditionals="0" coveredconditionals="0" methods="1" coveredmethods="1"/>
      <file name="NavBar.vue" path="/home/runner/work/werewolves-assistant-web-next/werewolves-assistant-web-next/components/layouts/default/NavBar/NavBar.vue">
        <metrics statements="3" coveredstatements="3" conditionals="0" coveredconditionals="0" methods="1" coveredmethods="1"/>
        <line num="1" count="3" type="stmt"/>
        <line num="2" count="9" type="stmt"/>
        <line num="18" count="4" type="stmt"/>
      </file>
    </package>
    <package name="werewolves-assistant-web-next.components.layouts.default.NavBar.ParametersMenu">
      <metrics statements="16" coveredstatements="16" conditionals="2" coveredconditionals="2" methods="6" coveredmethods="6"/>
      <file name="ParametersMenu.vue" path="/home/runner/work/werewolves-assistant-web-next/werewolves-assistant-web-next/components/layouts/default/NavBar/ParametersMenu/ParametersMenu.vue">
        <metrics statements="16" coveredstatements="16" conditionals="2" coveredconditionals="2" methods="6" coveredmethods="6"/>
        <line num="2" count="4" type="stmt"/>
        <line num="30" count="20" type="stmt"/>
        <line num="31" count="20" type="stmt"/>
        <line num="32" count="20" type="stmt"/>
        <line num="33" count="20" type="stmt"/>
        <line num="34" count="20" type="stmt"/>
        <line num="36" count="35" type="stmt"/>
        <line num="45" count="2" type="stmt"/>
        <line num="51" count="35" type="stmt"/>
        <line num="58" count="1" type="stmt"/>
        <line num="63" count="20" type="stmt"/>
        <line num="66" count="8" type="cond" truecount="2" falsecount="0"/>
        <line num="67" count="1" type="stmt"/>
        <line num="69" count="7" type="stmt"/>
        <line num="73" count="2" type="stmt"/>
        <line num="74" count="2" type="stmt"/>
      </file>
    </package>
    <package name="werewolves-assistant-web-next.components.pages.about">
      <metrics statements="25" coveredstatements="25" conditionals="0" coveredconditionals="0" methods="0" coveredmethods="0"/>
      <file name="AboutCreator.vue" path="/home/runner/work/werewolves-assistant-web-next/werewolves-assistant-web-next/components/pages/about/AboutCreator.vue">
        <metrics statements="7" coveredstatements="7" conditionals="0" coveredconditionals="0" methods="0" coveredmethods="0"/>
        <line num="4" count="2" type="stmt"/>
        <line num="16" count="2" type="stmt"/>
        <line num="20" count="2" type="stmt"/>
        <line num="22" count="2" type="stmt"/>
        <line num="33" count="2" type="stmt"/>
        <line num="37" count="2" type="stmt"/>
        <line num="41" count="2" type="stmt"/>
      </file>
      <file name="AboutHowToContribute.vue" path="/home/runner/work/werewolves-assistant-web-next/werewolves-assistant-web-next/components/pages/about/AboutHowToContribute.vue">
        <metrics statements="6" coveredstatements="6" conditionals="0" coveredconditionals="0" methods="0" coveredmethods="0"/>
        <line num="2" count="2" type="stmt"/>
        <line num="7" count="2" type="stmt"/>
        <line num="16" count="2" type="stmt"/>
        <line num="20" count="2" type="stmt"/>
        <line num="23" count="2" type="stmt"/>
        <line num="34" count="2" type="stmt"/>
      </file>
      <file name="AboutWerewolvesAssistant.vue" path="/home/runner/work/werewolves-assistant-web-next/werewolves-assistant-web-next/components/pages/about/AboutWerewolvesAssistant.vue">
        <metrics statements="8" coveredstatements="8" conditionals="0" coveredconditionals="0" methods="0" coveredmethods="0"/>
        <line num="4" count="2" type="stmt"/>
        <line num="16" count="2" type="stmt"/>
        <line num="20" count="2" type="stmt"/>
        <line num="24" count="2" type="stmt"/>
        <line num="36" count="2" type="stmt"/>
        <line num="41" count="2" type="stmt"/>
        <line num="53" count="2" type="stmt"/>
        <line num="57" count="2" type="stmt"/>
      </file>
      <file name="AboutWerewolvesGame.vue" path="/home/runner/work/werewolves-assistant-web-next/werewolves-assistant-web-next/components/pages/about/AboutWerewolvesGame.vue">
        <metrics statements="4" coveredstatements="4" conditionals="0" coveredconditionals="0" methods="0" coveredmethods="0"/>
        <line num="3" count="2" type="stmt"/>
        <line num="5" count="2" type="stmt"/>
        <line num="16" count="2" type="stmt"/>
        <line num="31" count="2" type="stmt"/>
      </file>
    </package>
    <package name="werewolves-assistant-web-next.components.pages.about.AboutAvailableRoles">
      <metrics statements="18" coveredstatements="18" conditionals="3" coveredconditionals="3" methods="4" coveredmethods="4"/>
      <file name="AboutAvailableRoles.vue" path="/home/runner/work/werewolves-assistant-web-next/werewolves-assistant-web-next/components/pages/about/AboutAvailableRoles/AboutAvailableRoles.vue">
        <metrics statements="18" coveredstatements="18" conditionals="3" coveredconditionals="3" methods="4" coveredmethods="4"/>
        <line num="1" count="2" type="stmt"/>
        <line num="2" count="2" type="stmt"/>
        <line num="3" count="2" type="stmt"/>
        <line num="12" count="2" type="stmt"/>
        <line num="31" count="2" type="stmt"/>
        <line num="39" count="15" type="stmt"/>
        <line num="45" count="2" type="stmt"/>
        <line num="52" count="2" type="stmt"/>
        <line num="58" count="30" type="stmt"/>
        <line num="75" count="15" type="stmt"/>
        <line num="76" count="15" type="stmt"/>
        <line num="77" count="15" type="stmt"/>
        <line num="79" count="15" type="stmt"/>
        <line num="80" count="20" type="cond" truecount="2" falsecount="0"/>
        <line num="81" count="15" type="stmt"/>
        <line num="83" count="5" type="stmt"/>
        <line num="87" count="15" type="stmt"/>
        <line num="91" count="15" type="stmt"/>
      </file>
    </package>
    <package name="werewolves-assistant-web-next.components.pages.about.AboutAvailableRoles.AboutAvailableRoleDescription">
      <metrics statements="5" coveredstatements="5" conditionals="0" coveredconditionals="0" methods="1" coveredmethods="1"/>
      <file name="AboutAvailableRoleDescription.vue" path="/home/runner/work/werewolves-assistant-web-next/werewolves-assistant-web-next/components/pages/about/AboutAvailableRoles/AboutAvailableRoleDescription/AboutAvailableRoleDescription.vue">
        <metrics statements="5" coveredstatements="5" conditionals="0" coveredconditionals="0" methods="1" coveredmethods="1"/>
        <line num="2" count="6" type="stmt"/>
        <line num="14" count="3" type="stmt"/>
        <line num="44" count="6" type="stmt"/>
        <line num="46" count="6" type="stmt"/>
        <line num="49" count="6" type="stmt"/>
      </file>
    </package>
    <package name="werewolves-assistant-web-next.components.pages.game-lobby.GameLobbyFooter">
      <metrics statements="4" coveredstatements="4" conditionals="0" coveredconditionals="0" methods="0" coveredmethods="0"/>
      <file name="GameLobbyFooter.vue" path="/home/runner/work/werewolves-assistant-web-next/werewolves-assistant-web-next/components/pages/game-lobby/GameLobbyFooter/GameLobbyFooter.vue">
        <metrics statements="4" coveredstatements="4" conditionals="0" coveredconditionals="0" methods="0" coveredmethods="0"/>
        <line num="2" count="1" type="stmt"/>
        <line num="6" count="2" type="stmt"/>
        <line num="10" count="2" type="stmt"/>
        <line num="14" count="2" type="stmt"/>
      </file>
    </package>
    <package name="werewolves-assistant-web-next.components.pages.game-lobby.GameLobbyFooter.GameLobbyRandomCompositionButton">
      <metrics statements="17" coveredstatements="17" conditionals="4" coveredconditionals="4" methods="2" coveredmethods="2"/>
      <file name="GameLobbyRandomCompositionButton.vue" path="/home/runner/work/werewolves-assistant-web-next/werewolves-assistant-web-next/components/pages/game-lobby/GameLobbyFooter/GameLobbyRandomCompositionButton/GameLobbyRandomCompositionButton.vue">
        <metrics statements="17" coveredstatements="17" conditionals="4" coveredconditionals="4" methods="2" coveredmethods="2"/>
        <line num="3" count="3" type="stmt"/>
        <line num="28" count="12" type="stmt"/>
        <line num="30" count="12" type="stmt"/>
        <line num="32" count="12" type="stmt"/>
        <line num="33" count="12" type="stmt"/>
        <line num="34" count="12" type="stmt"/>
        <line num="35" count="12" type="stmt"/>
        <line num="37" count="12" type="stmt"/>
        <line num="39" count="12" type="stmt"/>
        <line num="40" count="19" type="cond" truecount="2" falsecount="0"/>
        <line num="41" count="12" type="stmt"/>
        <line num="43" count="7" type="stmt"/>
        <line num="47" count="5" type="stmt"/>
        <line num="48" count="5" type="stmt"/>
        <line num="56" count="5" type="cond" truecount="2" falsecount="0"/>
        <line num="57" count="4" type="stmt"/>
        <line num="59" count="5" type="stmt"/>
      </file>
    </package>
    <package name="werewolves-assistant-web-next.components.pages.game-lobby.GameLobbyFooter.GameLobbyStartGameButton">
      <metrics statements="15" coveredstatements="15" conditionals="2" coveredconditionals="2" methods="2" coveredmethods="2"/>
      <file name="GameLobbyStartGameButton.vue" path="/home/runner/work/werewolves-assistant-web-next/werewolves-assistant-web-next/components/pages/game-lobby/GameLobbyFooter/GameLobbyStartGameButton/GameLobbyStartGameButton.vue">
        <metrics statements="15" coveredstatements="15" conditionals="2" coveredconditionals="2" methods="2" coveredmethods="2"/>
        <line num="3" count="3" type="stmt"/>
        <line num="28" count="13" type="stmt"/>
        <line num="30" count="13" type="stmt"/>
        <line num="32" count="13" type="stmt"/>
        <line num="34" count="13" type="stmt"/>
        <line num="35" count="13" type="stmt"/>
        <line num="36" count="13" type="stmt"/>
        <line num="38" count="13" type="stmt"/>
        <line num="40" count="29" type="stmt"/>
        <line num="43" count="6" type="stmt"/>
        <line num="44" count="6" type="stmt"/>
        <line num="45" count="6" type="cond" truecount="2" falsecount="0"/>
        <line num="46" count="2" type="stmt"/>
        <line num="47" count="2" type="stmt"/>
        <line num="49" count="6" type="stmt"/>
      </file>
    </package>
    <package name="werewolves-assistant-web-next.components.pages.game-lobby.GameLobbyHeader">
      <metrics statements="17" coveredstatements="17" conditionals="8" coveredconditionals="8" methods="2" coveredmethods="2"/>
      <file name="GameLobbyHeader.vue" path="/home/runner/work/werewolves-assistant-web-next/werewolves-assistant-web-next/components/pages/game-lobby/GameLobbyHeader/GameLobbyHeader.vue">
        <metrics statements="17" coveredstatements="17" conditionals="8" coveredconditionals="8" methods="2" coveredmethods="2"/>
        <line num="2" count="2" type="stmt"/>
        <line num="10" count="2" type="stmt"/>
        <line num="11" count="2" type="stmt"/>
        <line num="19" count="7" type="stmt"/>
        <line num="33" count="10" type="stmt"/>
        <line num="35" count="10" type="stmt"/>
        <line num="37" count="10" type="stmt"/>
        <line num="40" count="6" type="cond" truecount="2" falsecount="0"/>
        <line num="41" count="1" type="stmt"/>
        <line num="43" count="5" type="cond" truecount="2" falsecount="0"/>
        <line num="44" count="2" type="stmt"/>
        <line num="46" count="3" type="stmt"/>
        <line num="47" count="3" type="stmt"/>
        <line num="48" count="3" type="cond" truecount="2" falsecount="0"/>
        <line num="49" count="1" type="stmt"/>
        <line num="51" count="2" type="stmt"/>
        <line num="56" count="2" type="stmt"/>
      </file>
    </package>
    <package name="werewolves-assistant-web-next.components.pages.game-lobby.GameLobbyHeader.GameLobbyPlayerInput">
      <metrics statements="24" coveredstatements="24" conditionals="10" coveredconditionals="10" methods="10" coveredmethods="10"/>
      <file name="GameLobbyPlayerInput.vue" path="/home/runner/work/werewolves-assistant-web-next/werewolves-assistant-web-next/components/pages/game-lobby/GameLobbyHeader/GameLobbyPlayerInput/GameLobbyPlayerInput.vue">
        <metrics statements="24" coveredstatements="24" conditionals="10" coveredconditionals="10" methods="10" coveredmethods="10"/>
        <line num="2" count="3" type="stmt"/>
        <line num="7" count="3" type="stmt"/>
        <line num="10" count="7" type="stmt"/>
        <line num="19" count="3" type="stmt"/>
        <line num="30" count="3" type="stmt"/>
        <line num="47" count="25" type="stmt"/>
        <line num="60" count="17" type="stmt"/>
        <line num="62" count="17" type="stmt"/>
        <line num="64" count="17" type="stmt"/>
        <line num="66" count="17" type="stmt"/>
        <line num="68" count="204" type="stmt"/>
        <line num="70" count="24" type="stmt"/>
        <line num="72" count="26" type="stmt"/>
        <line num="74" count="20" type="stmt"/>
        <line num="76" count="24" type="cond" truecount="2" falsecount="0"/>
        <line num="78" count="17" type="stmt"/>
        <line num="79" count="25" type="cond" truecount="2" falsecount="0"/>
        <line num="80" count="3" type="stmt"/>
        <line num="82" count="22" type="cond" truecount="2" falsecount="0"/>
        <line num="83" count="4" type="stmt"/>
        <line num="85" count="18" type="cond" truecount="2" falsecount="0"/>
        <line num="86" count="1" type="stmt"/>
        <line num="88" count="17" type="stmt"/>
        <line num="91" count="17" type="stmt"/>
      </file>
    </package>
    <package name="werewolves-assistant-web-next.components.pages.game-lobby.GameLobbyPlayersParty">
      <metrics statements="8" coveredstatements="8" conditionals="3" coveredconditionals="3" methods="1" coveredmethods="1"/>
      <file name="GameLobbyPlayersParty.vue" path="/home/runner/work/werewolves-assistant-web-next/werewolves-assistant-web-next/components/pages/game-lobby/GameLobbyPlayersParty/GameLobbyPlayersParty.vue">
        <metrics statements="8" coveredstatements="8" conditionals="3" coveredconditionals="3" methods="1" coveredmethods="1"/>
        <line num="11" count="2" type="stmt"/>
        <line num="23" count="12" type="stmt"/>
        <line num="42" count="6" type="stmt"/>
        <line num="44" count="6" type="stmt"/>
        <line num="46" count="6" type="stmt"/>
        <line num="49" count="2" type="cond" truecount="2" falsecount="0"/>
        <line num="50" count="1" type="stmt"/>
        <line num="52" count="1" type="stmt"/>
      </file>
    </package>
    <package name="werewolves-assistant-web-next.components.pages.game-lobby.GameLobbyPlayersParty.GameLobbyPlayerCard">
      <metrics statements="14" coveredstatements="14" conditionals="2" coveredconditionals="2" methods="3" coveredmethods="3"/>
      <file name="GameLobbyPlayerCard.vue" path="/home/runner/work/werewolves-assistant-web-next/werewolves-assistant-web-next/components/pages/game-lobby/GameLobbyPlayersParty/GameLobbyPlayerCard/GameLobbyPlayerCard.vue">
        <metrics statements="14" coveredstatements="14" conditionals="2" coveredconditionals="2" methods="3" coveredmethods="3"/>
        <line num="1" count="3" type="stmt"/>
        <line num="2" count="11" type="stmt"/>
        <line num="25" count="3" type="stmt"/>
        <line num="37" count="11" type="stmt"/>
        <line num="39" count="11" type="stmt"/>
        <line num="41" count="11" type="stmt"/>
        <line num="43" count="11" type="stmt"/>
        <line num="45" count="11" type="stmt"/>
        <line num="47" count="11" type="stmt"/>
        <line num="48" count="11" type="cond" truecount="2" falsecount="0"/>
        <line num="49" count="1" type="stmt"/>
        <line num="51" count="10" type="stmt"/>
        <line num="55" count="1" type="stmt"/>
        <line num="59" count="1" type="stmt"/>
      </file>
    </package>
    <package name="werewolves-assistant-web-next.components.pages.game-lobby.GameLobbyRolePicker">
      <metrics statements="10" coveredstatements="10" conditionals="0" coveredconditionals="0" methods="3" coveredmethods="3"/>
      <file name="GameLobbyRolePicker.vue" path="/home/runner/work/werewolves-assistant-web-next/werewolves-assistant-web-next/components/pages/game-lobby/GameLobbyRolePicker/GameLobbyRolePicker.vue">
        <metrics statements="10" coveredstatements="10" conditionals="0" coveredconditionals="0" methods="3" coveredmethods="3"/>
        <line num="2" count="36" type="stmt"/>
        <line num="65" count="25" type="stmt"/>
        <line num="66" count="25" type="stmt"/>
        <line num="67" count="25" type="stmt"/>
        <line num="70" count="10" type="stmt"/>
        <line num="71" count="10" type="stmt"/>
        <line num="72" count="10" type="stmt"/>
        <line num="76" count="2" type="stmt"/>
        <line num="80" count="1" type="stmt"/>
        <line num="83" count="25" type="stmt"/>
      </file>
    </package>
    <package name="werewolves-assistant-web-next.components.pages.game-lobby.GameLobbyRolePicker.GameLobbyRolePickerDescription">
      <metrics statements="6" coveredstatements="6" conditionals="2" coveredconditionals="2" methods="2" coveredmethods="2"/>
      <file name="GameLobbyRolePickerDescription.vue" path="/home/runner/work/werewolves-assistant-web-next/werewolves-assistant-web-next/components/pages/game-lobby/GameLobbyRolePicker/GameLobbyRolePickerDescription/GameLobbyRolePickerDescription.vue">
        <metrics statements="6" coveredstatements="6" conditionals="2" coveredconditionals="2" methods="2" coveredmethods="2"/>
        <line num="23" count="3" type="stmt"/>
        <line num="39" count="8" type="stmt"/>
        <line num="41" count="8" type="stmt"/>
        <line num="42" count="8" type="stmt"/>
        <line num="44" count="9" type="stmt"/>
        <line num="45" count="1" type="stmt"/>
      </file>
    </package>
    <package name="werewolves-assistant-web-next.components.pages.game-lobby.GameLobbyRolePicker.GameLobbyRolePickerDescription.GameLobbyRolePickerDescriptionContent">
      <metrics statements="5" coveredstatements="5" conditionals="0" coveredconditionals="0" methods="1" coveredmethods="1"/>
      <file name="GameLobbyRolePickerDescriptionContent.vue" path="/home/runner/work/werewolves-assistant-web-next/werewolves-assistant-web-next/components/pages/game-lobby/GameLobbyRolePicker/GameLobbyRolePickerDescription/GameLobbyRolePickerDescriptionContent/GameLobbyRolePickerDescriptionContent.vue">
        <metrics statements="5" coveredstatements="5" conditionals="0" coveredconditionals="0" methods="1" coveredmethods="1"/>
        <line num="6" count="4" type="stmt"/>
        <line num="16" count="4" type="stmt"/>
        <line num="53" count="2" type="stmt"/>
        <line num="55" count="2" type="stmt"/>
        <line num="57" count="2" type="stmt"/>
      </file>
    </package>
    <package name="werewolves-assistant-web-next.components.pages.game-lobby.GameLobbyRolePicker.GameLobbyRolePickerDescription.GameLobbyRolePickerDescriptionContent.GameLobbyRolePickerDescriptionBoundaries">
      <metrics statements="14" coveredstatements="14" conditionals="8" coveredconditionals="8" methods="4" coveredmethods="4"/>
      <file name="GameLobbyRolePickerDescriptionBoundaries.vue" path="/home/runner/work/werewolves-assistant-web-next/werewolves-assistant-web-next/components/pages/game-lobby/GameLobbyRolePicker/GameLobbyRolePickerDescription/GameLobbyRolePickerDescriptionContent/GameLobbyRolePickerDescriptionBoundaries/GameLobbyRolePickerDescriptionBoundaries.vue">
        <metrics statements="14" coveredstatements="14" conditionals="8" coveredconditionals="8" methods="4" coveredmethods="4"/>
        <line num="2" count="14" type="stmt"/>
        <line num="3" count="5" type="stmt"/>
        <line num="9" count="5" type="stmt"/>
        <line num="11" count="5" type="stmt"/>
        <line num="29" count="5" type="stmt"/>
        <line num="41" count="5" type="stmt"/>
        <line num="54" count="14" type="stmt"/>
        <line num="56" count="14" type="stmt"/>
        <line num="62" count="14" type="stmt"/>
        <line num="64" count="14" type="stmt"/>
        <line num="66" count="14" type="stmt"/>
        <line num="68" count="14" type="stmt"/>
        <line num="70" count="14" type="stmt"/>
        <line num="72" count="14" type="stmt"/>
      </file>
    </package>
    <package name="werewolves-assistant-web-next.components.pages.game-lobby.GameLobbyRolePicker.GameLobbyRolePickerFooter">
      <metrics statements="19" coveredstatements="19" conditionals="11" coveredconditionals="11" methods="4" coveredmethods="4"/>
      <file name="GameLobbyRolePickerFooter.vue" path="/home/runner/work/werewolves-assistant-web-next/werewolves-assistant-web-next/components/pages/game-lobby/GameLobbyRolePicker/GameLobbyRolePickerFooter/GameLobbyRolePickerFooter.vue">
        <metrics statements="19" coveredstatements="19" conditionals="11" coveredconditionals="11" methods="4" coveredmethods="4"/>
        <line num="23" count="22" type="stmt"/>
        <line num="25" count="22" type="stmt"/>
        <line num="27" count="22" type="stmt"/>
        <line num="32" count="22" type="stmt"/>
        <line num="34" count="22" type="stmt"/>
        <line num="36" count="22" type="cond" truecount="3" falsecount="0"/>
        <line num="39" count="2" type="stmt"/>
        <line num="40" count="2" type="cond" truecount="2" falsecount="0"/>
        <line num="41" count="1" type="stmt"/>
        <line num="43" count="1" type="stmt"/>
        <line num="44" count="1" type="stmt"/>
        <line num="52" count="1" type="stmt"/>
        <line num="56" count="8" type="cond" truecount="4" falsecount="0"/>
        <line num="57" count="1" type="stmt"/>
        <line num="59" count="7" type="cond" truecount="2" falsecount="0"/>
        <line num="60" count="2" type="stmt"/>
        <line num="62" count="7" type="stmt"/>
        <line num="70" count="7" type="stmt"/>
        <line num="71" count="7" type="stmt"/>
      </file>
    </package>
    <package name="werewolves-assistant-web-next.components.pages.game-lobby.GameLobbyRolePicker.GameLobbyRolePickerGrid">
      <metrics statements="5" coveredstatements="5" conditionals="0" coveredconditionals="0" methods="1" coveredmethods="1"/>
      <file name="GameLobbyRolePickerGrid.vue" path="/home/runner/work/werewolves-assistant-web-next/werewolves-assistant-web-next/components/pages/game-lobby/GameLobbyRolePicker/GameLobbyRolePickerGrid/GameLobbyRolePickerGrid.vue">
        <metrics statements="5" coveredstatements="5" conditionals="0" coveredconditionals="0" methods="1" coveredmethods="1"/>
        <line num="12" count="9" type="stmt"/>
        <line num="33" count="3" type="stmt"/>
        <line num="35" count="3" type="stmt"/>
        <line num="37" count="3" type="stmt"/>
        <line num="40" count="1" type="stmt"/>
      </file>
    </package>
    <package name="werewolves-assistant-web-next.components.pages.game-lobby.GameLobbyRolePicker.GameLobbyRolePickerGrid.GameLobbyRolePickerGridElement">
      <metrics statements="19" coveredstatements="19" conditionals="12" coveredconditionals="12" methods="4" coveredmethods="4"/>
      <file name="GameLobbyRolePickerGridElement.vue" path="/home/runner/work/werewolves-assistant-web-next/werewolves-assistant-web-next/components/pages/game-lobby/GameLobbyRolePicker/GameLobbyRolePickerGrid/GameLobbyRolePickerGridElement/GameLobbyRolePickerGridElement.vue">
        <metrics statements="19" coveredstatements="19" conditionals="12" coveredconditionals="12" methods="4" coveredmethods="4"/>
        <line num="57" count="22" type="stmt"/>
        <line num="59" count="22" type="stmt"/>
        <line num="61" count="22" type="stmt"/>
        <line num="62" count="22" type="stmt"/>
        <line num="64" count="22" type="stmt"/>
        <line num="66" count="22" type="stmt"/>
        <line num="68" count="22" type="stmt"/>
        <line num="69" count="22" type="cond" truecount="2" falsecount="0"/>
        <line num="70" count="6" type="stmt"/>
        <line num="72" count="16" type="stmt"/>
        <line num="75" count="22" type="cond" truecount="2" falsecount="0"/>
        <line num="78" count="5" type="cond" truecount="2" falsecount="0"/>
        <line num="79" count="1" type="stmt"/>
        <line num="82" count="4" type="cond" truecount="2" falsecount="0"/>
        <line num="83" count="6" type="cond" truecount="2" falsecount="0"/>
        <line num="84" count="2" type="stmt"/>
        <line num="85" count="2" type="stmt"/>
        <line num="87" count="2" type="stmt"/>
        <line num="90" count="2" type="stmt"/>
      </file>
    </package>
    <package name="werewolves-assistant-web-next.components.pages.game-lobby.GameLobbyRolePicker.GameLobbyRolePickerGrid.GameLobbyRolePickerGridElement.GameLobbyRolePickerGridElementBadges">
      <metrics statements="15" coveredstatements="15" conditionals="10" coveredconditionals="10" methods="4" coveredmethods="4"/>
      <file name="GameLobbyRolePickerGridElementBadges.vue" path="/home/runner/work/werewolves-assistant-web-next/werewolves-assistant-web-next/components/pages/game-lobby/GameLobbyRolePicker/GameLobbyRolePickerGrid/GameLobbyRolePickerGridElement/GameLobbyRolePickerGridElementBadges/GameLobbyRolePickerGridElementBadges.vue">
        <metrics statements="15" coveredstatements="15" conditionals="10" coveredconditionals="10" methods="4" coveredmethods="4"/>
        <line num="2" count="17" type="stmt"/>
        <line num="3" count="5" type="stmt"/>
        <line num="12" count="10" type="stmt"/>
        <line num="27" count="10" type="stmt"/>
        <line num="36" count="17" type="stmt"/>
        <line num="38" count="17" type="stmt"/>
        <line num="42" count="17" type="stmt"/>
        <line num="44" count="17" type="stmt"/>
        <line num="45" count="17" type="cond" truecount="2" falsecount="0"/>
        <line num="46" count="2" type="stmt"/>
        <line num="48" count="15" type="stmt"/>
        <line num="51" count="17" type="stmt"/>
        <line num="52" count="17" type="cond" truecount="2" falsecount="0"/>
        <line num="53" count="2" type="stmt"/>
        <line num="55" count="15" type="stmt"/>
      </file>
    </package>
    <package name="werewolves-assistant-web-next.components.pages.game-lobby.GameLobbyRolePicker.GameLobbyRolePickerHeader">
      <metrics statements="11" coveredstatements="11" conditionals="2" coveredconditionals="2" methods="2" coveredmethods="2"/>
      <file name="GameLobbyRolePickerHeader.vue" path="/home/runner/work/werewolves-assistant-web-next/werewolves-assistant-web-next/components/pages/game-lobby/GameLobbyRolePicker/GameLobbyRolePickerHeader/GameLobbyRolePickerHeader.vue">
        <metrics statements="11" coveredstatements="11" conditionals="2" coveredconditionals="2" methods="2" coveredmethods="2"/>
        <line num="2" count="10" type="stmt"/>
        <line num="33" count="3" type="stmt"/>
        <line num="46" count="3" type="stmt"/>
        <line num="58" count="10" type="stmt"/>
        <line num="60" count="10" type="stmt"/>
        <line num="62" count="10" type="stmt"/>
        <line num="64" count="10" type="stmt"/>
        <line num="66" count="10" type="stmt"/>
        <line num="67" count="10" type="cond" truecount="2" falsecount="0"/>
        <line num="68" count="3" type="stmt"/>
        <line num="70" count="7" type="stmt"/>
      </file>
    </package>
    <package name="werewolves-assistant-web-next.components.pages.game.GameCanceled">
      <metrics statements="3" coveredstatements="3" conditionals="0" coveredconditionals="0" methods="0" coveredmethods="0"/>
      <file name="GameCanceled.vue" path="/home/runner/work/werewolves-assistant-web-next/werewolves-assistant-web-next/components/pages/game/GameCanceled/GameCanceled.vue">
        <metrics statements="3" coveredstatements="3" conditionals="0" coveredconditionals="0" methods="0" coveredmethods="0"/>
        <line num="10" count="2" type="stmt"/>
        <line num="31" count="3" type="stmt"/>
        <line num="33" count="3" type="stmt"/>
      </file>
    </package>
    <package name="werewolves-assistant-web-next.components.pages.game.GameNotFound">
      <metrics statements="3" coveredstatements="3" conditionals="0" coveredconditionals="0" methods="0" coveredmethods="0"/>
      <file name="GameNotFound.vue" path="/home/runner/work/werewolves-assistant-web-next/werewolves-assistant-web-next/components/pages/game/GameNotFound/GameNotFound.vue">
        <metrics statements="3" coveredstatements="3" conditionals="0" coveredconditionals="0" methods="0" coveredmethods="0"/>
        <line num="10" count="2" type="stmt"/>
        <line num="31" count="3" type="stmt"/>
        <line num="33" count="3" type="stmt"/>
      </file>
    </package>
    <package name="werewolves-assistant-web-next.components.pages.game.GameOver">
      <metrics statements="6" coveredstatements="6" conditionals="2" coveredconditionals="2" methods="1" coveredmethods="1"/>
      <file name="GameOver.vue" path="/home/runner/work/werewolves-assistant-web-next/werewolves-assistant-web-next/components/pages/game/GameOver/GameOver.vue">
        <metrics statements="6" coveredstatements="6" conditionals="2" coveredconditionals="2" methods="1" coveredmethods="1"/>
        <line num="2" count="7" type="stmt"/>
        <line num="28" count="5" type="stmt"/>
        <line num="29" count="5" type="stmt"/>
        <line num="31" count="5" type="stmt"/>
        <line num="33" count="5" type="stmt"/>
        <line num="35" count="7" type="stmt"/>
      </file>
    </package>
    <package name="werewolves-assistant-web-next.components.pages.game.GameOver.GameOverActions">
      <metrics statements="1" coveredstatements="1" conditionals="0" coveredconditionals="0" methods="1" coveredmethods="1"/>
      <file name="GameOverActions.vue" path="/home/runner/work/werewolves-assistant-web-next/werewolves-assistant-web-next/components/pages/game/GameOver/GameOverActions/GameOverActions.vue">
        <metrics statements="1" coveredstatements="1" conditionals="0" coveredconditionals="0" methods="1" coveredmethods="1"/>
        <line num="10" count="3" type="stmt"/>
      </file>
    </package>
    <package name="werewolves-assistant-web-next.components.pages.game.GameOver.GameOverVictoryText">
      <metrics statements="14" coveredstatements="14" conditionals="2" coveredconditionals="2" methods="1" coveredmethods="1"/>
      <file name="GameOverVictoryText.vue" path="/home/runner/work/werewolves-assistant-web-next/werewolves-assistant-web-next/components/pages/game/GameOver/GameOverVictoryText/GameOverVictoryText.vue">
        <metrics statements="13" coveredstatements="13" conditionals="2" coveredconditionals="2" methods="1" coveredmethods="1"/>
        <line num="2" count="53" type="stmt"/>
        <line num="6" count="3" type="stmt"/>
        <line num="29" count="3" type="stmt"/>
        <line num="47" count="29" type="stmt"/>
        <line num="48" count="29" type="stmt"/>
        <line num="50" count="29" type="stmt"/>
        <line num="52" count="29" type="stmt"/>
        <line num="53" count="53" type="stmt"/>
        <line num="54" count="53" type="stmt"/>
        <line num="59" count="53" type="cond" truecount="2" falsecount="0"/>
        <line num="60" count="29" type="stmt"/>
        <line num="62" count="24" type="stmt"/>
        <line num="64" count="24" type="stmt"/>
      </file>
      <file name="game-over-victory-text.constants.ts" path="/home/runner/work/werewolves-assistant-web-next/werewolves-assistant-web-next/components/pages/game/GameOver/GameOverVictoryText/game-over-victory-text.constants.ts">
        <metrics statements="1" coveredstatements="1" conditionals="0" coveredconditionals="0" methods="0" coveredmethods="0"/>
        <line num="9" count="3" type="stmt"/>
      </file>
    </package>
    <package name="werewolves-assistant-web-next.components.pages.game.GameOver.GameOverWinners">
      <metrics statements="4" coveredstatements="4" conditionals="2" coveredconditionals="2" methods="1" coveredmethods="1"/>
      <file name="GameOverWinners.vue" path="/home/runner/work/werewolves-assistant-web-next/werewolves-assistant-web-next/components/pages/game/GameOver/GameOverWinners/GameOverWinners.vue">
        <metrics statements="4" coveredstatements="4" conditionals="2" coveredconditionals="2" methods="1" coveredmethods="1"/>
        <line num="2" count="6" type="stmt"/>
        <line num="22" count="4" type="stmt"/>
        <line num="23" count="4" type="stmt"/>
        <line num="25" count="6" type="stmt"/>
      </file>
    </package>
    <package name="werewolves-assistant-web-next.components.pages.game.GamePlaying.GamePlayground">
      <metrics statements="1" coveredstatements="1" conditionals="0" coveredconditionals="0" methods="0" coveredmethods="0"/>
      <file name="GamePlayground.vue" path="/home/runner/work/werewolves-assistant-web-next/werewolves-assistant-web-next/components/pages/game/GamePlaying/GamePlayground/GamePlayground.vue">
        <metrics statements="1" coveredstatements="1" conditionals="0" coveredconditionals="0" methods="0" coveredmethods="0"/>
        <line num="2" count="1" type="stmt"/>
      </file>
    </package>
    <package name="werewolves-assistant-web-next.components.pages.game.GamePlaying.GamePlayground.CurrentPlayExpectedPlayersToAct">
      <metrics statements="3" coveredstatements="3" conditionals="2" coveredconditionals="2" methods="1" coveredmethods="1"/>
      <file name="CurrentPlayExpectedPlayersToAct.vue" path="/home/runner/work/werewolves-assistant-web-next/werewolves-assistant-web-next/components/pages/game/GamePlaying/GamePlayground/CurrentPlayExpectedPlayersToAct/CurrentPlayExpectedPlayersToAct.vue">
        <metrics statements="3" coveredstatements="3" conditionals="2" coveredconditionals="2" methods="1" coveredmethods="1"/>
        <line num="20" count="4" type="stmt"/>
        <line num="21" count="4" type="stmt"/>
        <line num="23" count="6" type="cond" truecount="2" falsecount="0"/>
      </file>
    </package>
    <package name="werewolves-assistant-web-next.components.pages.game.GamePlaying.GamePlayground.CurrentPlayQuestion">
      <metrics statements="14" coveredstatements="14" conditionals="6" coveredconditionals="6" methods="1" coveredmethods="1"/>
      <file name="CurrentPlayQuestion.vue" path="/home/runner/work/werewolves-assistant-web-next/werewolves-assistant-web-next/components/pages/game/GamePlaying/GamePlayground/CurrentPlayQuestion/CurrentPlayQuestion.vue">
        <metrics statements="13" coveredstatements="13" conditionals="6" coveredconditionals="6" methods="1" coveredmethods="1"/>
        <line num="2" count="70" type="stmt"/>
        <line num="16" count="36" type="stmt"/>
        <line num="17" count="36" type="stmt"/>
        <line num="19" count="36" type="stmt"/>
        <line num="21" count="36" type="stmt"/>
        <line num="22" count="71" type="stmt"/>
        <line num="23" count="71" type="cond" truecount="2" falsecount="0"/>
        <line num="24" count="1" type="stmt"/>
        <line num="27" count="70" type="stmt"/>
        <line num="28" count="70" type="cond" truecount="2" falsecount="0"/>
        <line num="30" count="70" type="cond" truecount="2" falsecount="0"/>
        <line num="31" count="2" type="stmt"/>
        <line num="33" count="68" type="stmt"/>
      </file>
      <file name="current-play-question.constants.ts" path="/home/runner/work/werewolves-assistant-web-next/werewolves-assistant-web-next/components/pages/game/GamePlaying/GamePlayground/CurrentPlayQuestion/current-play-question.constants.ts">
        <metrics statements="1" coveredstatements="1" conditionals="0" coveredconditionals="0" methods="0" coveredmethods="0"/>
        <line num="8" count="4" type="stmt"/>
      </file>
    </package>
    <package name="werewolves-assistant-web-next.components.pages.game.GamePlaying.GamePlayground.GamePlaygroundContent">
      <metrics statements="9" coveredstatements="9" conditionals="4" coveredconditionals="4" methods="1" coveredmethods="1"/>
      <file name="GamePlaygroundContent.vue" path="/home/runner/work/werewolves-assistant-web-next/werewolves-assistant-web-next/components/pages/game/GamePlaying/GamePlayground/GamePlaygroundContent/GamePlaygroundContent.vue">
        <metrics statements="9" coveredstatements="9" conditionals="4" coveredconditionals="4" methods="1" coveredmethods="1"/>
        <line num="2" count="4" type="stmt"/>
        <line num="35" count="10" type="stmt"/>
        <line num="36" count="10" type="stmt"/>
        <line num="38" count="10" type="stmt"/>
        <line num="39" count="19" type="stmt"/>
        <line num="40" count="19" type="cond" truecount="2" falsecount="0"/>
        <line num="41" count="1" type="stmt"/>
        <line num="43" count="18" type="stmt"/>
        <line num="53" count="18" type="cond" truecount="2" falsecount="0"/>
      </file>
    </package>
    <package name="werewolves-assistant-web-next.components.pages.game.GamePlaying.GamePlayground.GamePlaygroundContent.GameBuryDeadBodiesPlayground">
      <metrics statements="4" coveredstatements="4" conditionals="2" coveredconditionals="2" methods="1" coveredmethods="1"/>
      <file name="GameBuryDeadBodiesPlayground.vue" path="/home/runner/work/werewolves-assistant-web-next/werewolves-assistant-web-next/components/pages/game/GamePlaying/GamePlayground/GamePlaygroundContent/GameBuryDeadBodiesPlayground/GameBuryDeadBodiesPlayground.vue">
        <metrics statements="4" coveredstatements="4" conditionals="2" coveredconditionals="2" methods="1" coveredmethods="1"/>
        <line num="27" count="5" type="stmt"/>
        <line num="28" count="5" type="stmt"/>
        <line num="30" count="5" type="stmt"/>
        <line num="32" count="9" type="stmt"/>
      </file>
    </package>
    <package name="werewolves-assistant-web-next.components.pages.game.GamePlaying.GamePlayground.GamePlaygroundContent.GameBuryDeadBodiesPlayground.GameDevotedServantStealsRolePlayground">
      <metrics statements="9" coveredstatements="9" conditionals="2" coveredconditionals="2" methods="2" coveredmethods="2"/>
      <file name="GameDevotedServantStealsRolePlayground.vue" path="/home/runner/work/werewolves-assistant-web-next/werewolves-assistant-web-next/components/pages/game/GamePlaying/GamePlayground/GamePlaygroundContent/GameBuryDeadBodiesPlayground/GameDevotedServantStealsRolePlayground/GameDevotedServantStealsRolePlayground.vue">
        <metrics statements="9" coveredstatements="9" conditionals="2" coveredconditionals="2" methods="2" coveredmethods="2"/>
        <line num="28" count="13" type="stmt"/>
        <line num="48" count="6" type="stmt"/>
        <line num="49" count="6" type="stmt"/>
        <line num="51" count="6" type="stmt"/>
        <line num="53" count="6" type="stmt"/>
        <line num="55" count="9" type="stmt"/>
        <line num="57" count="6" type="stmt"/>
        <line num="58" count="9" type="cond" truecount="2" falsecount="0"/>
        <line num="60" count="9" type="stmt"/>
      </file>
    </package>
    <package name="werewolves-assistant-web-next.components.pages.game.GamePlaying.GamePlayground.GamePlaygroundContent.GameChooseSidePlayground">
      <metrics statements="7" coveredstatements="7" conditionals="0" coveredconditionals="0" methods="2" coveredmethods="2"/>
      <file name="GameChooseSidePlayground.vue" path="/home/runner/work/werewolves-assistant-web-next/werewolves-assistant-web-next/components/pages/game/GamePlaying/GamePlayground/GamePlaygroundContent/GameChooseSidePlayground/GameChooseSidePlayground.vue">
        <metrics statements="7" coveredstatements="7" conditionals="0" coveredconditionals="0" methods="2" coveredmethods="2"/>
        <line num="25" count="5" type="stmt"/>
        <line num="48" count="5" type="stmt"/>
        <line num="64" count="9" type="stmt"/>
        <line num="65" count="9" type="stmt"/>
        <line num="66" count="9" type="stmt"/>
        <line num="69" count="1" type="stmt"/>
        <line num="73" count="1" type="stmt"/>
      </file>
    </package>
    <package name="werewolves-assistant-web-next.components.pages.game.GamePlaying.GamePlayground.GamePlaygroundContent.GameNoActionPlayground">
      <metrics statements="1" coveredstatements="1" conditionals="0" coveredconditionals="0" methods="0" coveredmethods="0"/>
      <file name="GameNoActionPlayground.vue" path="/home/runner/work/werewolves-assistant-web-next/werewolves-assistant-web-next/components/pages/game/GamePlaying/GamePlayground/GamePlaygroundContent/GameNoActionPlayground/GameNoActionPlayground.vue">
        <metrics statements="1" coveredstatements="1" conditionals="0" coveredconditionals="0" methods="0" coveredmethods="0"/>
        <line num="2" count="1" type="stmt"/>
      </file>
    </package>
    <package name="werewolves-assistant-web-next.components.pages.game.GamePlaying.GamePlayground.GamePlaygroundContent.GamePlaygroundPlayerCard">
      <metrics statements="33" coveredstatements="33" conditionals="28" coveredconditionals="28" methods="8" coveredmethods="8"/>
      <file name="GamePlaygroundPlayerCard.vue" path="/home/runner/work/werewolves-assistant-web-next/werewolves-assistant-web-next/components/pages/game/GamePlaying/GamePlayground/GamePlaygroundContent/GamePlaygroundPlayerCard/GamePlaygroundPlayerCard.vue">
        <metrics statements="33" coveredstatements="33" conditionals="28" coveredconditionals="28" methods="8" coveredmethods="8"/>
        <line num="1" count="13" type="stmt"/>
        <line num="2" count="42" type="stmt"/>
        <line num="33" count="27" type="stmt"/>
        <line num="35" count="27" type="stmt"/>
        <line num="36" count="27" type="stmt"/>
        <line num="38" count="27" type="stmt"/>
        <line num="39" count="27" type="stmt"/>
        <line num="45" count="27" type="stmt"/>
        <line num="47" count="27" type="stmt"/>
        <line num="48" count="41" type="cond" truecount="2" falsecount="0"/>
        <line num="50" count="41" type="cond" truecount="2" falsecount="0"/>
        <line num="53" count="27" type="stmt"/>
        <line num="54" count="34" type="cond" truecount="2" falsecount="0"/>
        <line num="55" count="27" type="stmt"/>
        <line num="57" count="7" type="stmt"/>
        <line num="61" count="6" type="stmt"/>
        <line num="62" count="6" type="stmt"/>
        <line num="63" count="6" type="cond" truecount="2" falsecount="0"/>
        <line num="64" count="6" type="cond" truecount="6" falsecount="0"/>
        <line num="66" count="2" type="stmt"/>
        <line num="68" count="6" type="stmt"/>
        <line num="75" count="14" type="stmt"/>
        <line num="76" count="14" type="cond" truecount="4" falsecount="0"/>
        <line num="77" count="5" type="stmt"/>
        <line num="79" count="9" type="cond" truecount="2" falsecount="0"/>
        <line num="80" count="1" type="stmt"/>
        <line num="82" count="1" type="stmt"/>
        <line num="84" count="8" type="cond" truecount="4" falsecount="0"/>
        <line num="85" count="6" type="stmt"/>
        <line num="87" count="6" type="stmt"/>
        <line num="89" count="2" type="cond" truecount="2" falsecount="0"/>
        <line num="90" count="1" type="stmt"/>
        <line num="92" count="2" type="stmt"/>
      </file>
    </package>
    <package name="werewolves-assistant-web-next.components.pages.game.GamePlaying.GamePlayground.GamePlaygroundContent.GamePlaygroundPlayerCard.GamePlaygroundPlayerCardVoteInput">
      <metrics statements="31" coveredstatements="31" conditionals="10" coveredconditionals="10" methods="7" coveredmethods="7"/>
      <file name="GamePlaygroundPlayerCardVoteInput.vue" path="/home/runner/work/werewolves-assistant-web-next/werewolves-assistant-web-next/components/pages/game/GamePlaying/GamePlayground/GamePlaygroundContent/GamePlaygroundPlayerCard/GamePlaygroundPlayerCardVoteInput/GamePlaygroundPlayerCardVoteInput.vue">
        <metrics statements="31" coveredstatements="31" conditionals="10" coveredconditionals="10" methods="7" coveredmethods="7"/>
        <line num="2" count="14" type="stmt"/>
        <line num="19" count="14" type="stmt"/>
        <line num="32" count="14" type="stmt"/>
        <line num="33" count="14" type="stmt"/>
        <line num="40" count="29" type="stmt"/>
        <line num="63" count="17" type="stmt"/>
        <line num="65" count="17" type="stmt"/>
        <line num="66" count="17" type="stmt"/>
        <line num="68" count="17" type="stmt"/>
        <line num="70" count="17" type="stmt"/>
        <line num="72" count="17" type="stmt"/>
        <line num="74" count="17" type="stmt"/>
        <line num="75" count="21" type="stmt"/>
        <line num="76" count="21" type="cond" truecount="2" falsecount="0"/>
        <line num="77" count="4" type="stmt"/>
        <line num="79" count="68" type="stmt"/>
        <line num="83" count="7" type="cond" truecount="2" falsecount="0"/>
        <line num="84" count="7" type="cond" truecount="2" falsecount="0"/>
        <line num="85" count="1" type="stmt"/>
        <line num="87" count="1" type="stmt"/>
        <line num="89" count="6" type="stmt"/>
        <line num="90" count="6" type="stmt"/>
        <line num="94" count="1" type="stmt"/>
        <line num="98" count="5" type="stmt"/>
        <line num="99" count="5" type="cond" truecount="2" falsecount="0"/>
        <line num="100" count="1" type="stmt"/>
        <line num="102" count="4" type="cond" truecount="2" falsecount="0"/>
        <line num="103" count="1" type="stmt"/>
        <line num="105" count="1" type="stmt"/>
        <line num="107" count="3" type="stmt"/>
        <line num="108" count="3" type="stmt"/>
      </file>
    </package>
    <package name="werewolves-assistant-web-next.components.pages.game.GamePlaying.GamePlayground.GamePlaygroundContent.GameRequestAnotherVotePlayground">
      <metrics statements="5" coveredstatements="5" conditionals="2" coveredconditionals="2" methods="2" coveredmethods="2"/>
      <file name="GameRequestAnotherVotePlayground.vue" path="/home/runner/work/werewolves-assistant-web-next/werewolves-assistant-web-next/components/pages/game/GamePlaying/GamePlayground/GamePlaygroundContent/GameRequestAnotherVotePlayground/GameRequestAnotherVotePlayground.vue">
        <metrics statements="5" coveredstatements="5" conditionals="2" coveredconditionals="2" methods="2" coveredmethods="2"/>
        <line num="8" count="3" type="stmt"/>
        <line num="22" count="9" type="stmt"/>
        <line num="23" count="9" type="stmt"/>
        <line num="25" count="9" type="stmt"/>
        <line num="28" count="3" type="stmt"/>
      </file>
    </package>
    <package name="werewolves-assistant-web-next.components.pages.game.GamePlaying.GamePlayground.GamePlaygroundContent.GameTargetPlayground">
      <metrics statements="1" coveredstatements="1" conditionals="0" coveredconditionals="0" methods="0" coveredmethods="0"/>
      <file name="GameTargetPlayground.vue" path="/home/runner/work/werewolves-assistant-web-next/werewolves-assistant-web-next/components/pages/game/GamePlaying/GamePlayground/GamePlaygroundContent/GameTargetPlayground/GameTargetPlayground.vue">
        <metrics statements="1" coveredstatements="1" conditionals="0" coveredconditionals="0" methods="0" coveredmethods="0"/>
        <line num="2" count="5" type="stmt"/>
      </file>
    </package>
    <package name="werewolves-assistant-web-next.components.pages.game.GamePlaying.GamePlayground.GamePlaygroundContent.GameTargetPlayground.GameTargetPlaygroundTargets">
      <metrics statements="6" coveredstatements="6" conditionals="1" coveredconditionals="1" methods="1" coveredmethods="1"/>
      <file name="GameTargetPlaygroundTargets.vue" path="/home/runner/work/werewolves-assistant-web-next/werewolves-assistant-web-next/components/pages/game/GamePlaying/GamePlayground/GamePlaygroundContent/GameTargetPlayground/GameTargetPlaygroundTargets/GameTargetPlaygroundTargets.vue">
        <metrics statements="6" coveredstatements="6" conditionals="1" coveredconditionals="1" methods="1" coveredmethods="1"/>
        <line num="2" count="6" type="stmt"/>
        <line num="8" count="6" type="stmt"/>
        <line num="20" count="3" type="stmt"/>
        <line num="38" count="7" type="stmt"/>
        <line num="39" count="7" type="stmt"/>
        <line num="41" count="11" type="stmt"/>
      </file>
    </package>
    <package name="werewolves-assistant-web-next.components.pages.game.GamePlaying.GamePlayground.GamePlaygroundContent.GameUsePotionsPlayground">
      <metrics statements="8" coveredstatements="8" conditionals="4" coveredconditionals="4" methods="3" coveredmethods="3"/>
      <file name="GameUsePotionsPlayground.vue" path="/home/runner/work/werewolves-assistant-web-next/werewolves-assistant-web-next/components/pages/game/GamePlaying/GamePlayground/GamePlaygroundContent/GameUsePotionsPlayground/GameUsePotionsPlayground.vue">
        <metrics statements="8" coveredstatements="8" conditionals="4" coveredconditionals="4" methods="3" coveredmethods="3"/>
        <line num="2" count="5" type="stmt"/>
        <line num="8" count="5" type="stmt"/>
        <line num="30" count="5" type="stmt"/>
        <line num="31" count="5" type="stmt"/>
        <line num="33" count="5" type="stmt"/>
        <line num="35" count="9" type="stmt"/>
        <line num="37" count="9" type="stmt"/>
        <line num="39" count="9" type="cond" truecount="2" falsecount="0"/>
      </file>
    </package>
    <package name="werewolves-assistant-web-next.components.pages.game.GamePlaying.GamePlayground.GamePlaygroundContent.GameUsePotionsPlayground.WitchUsePotionsTabView">
      <metrics statements="13" coveredstatements="13" conditionals="2" coveredconditionals="2" methods="5" coveredmethods="5"/>
      <file name="WitchUsePotionsTabView.vue" path="/home/runner/work/werewolves-assistant-web-next/werewolves-assistant-web-next/components/pages/game/GamePlaying/GamePlayground/GamePlaygroundContent/GameUsePotionsPlayground/WitchUsePotionsTabView/WitchUsePotionsTabView.vue">
        <metrics statements="13" coveredstatements="13" conditionals="2" coveredconditionals="2" methods="5" coveredmethods="5"/>
        <line num="2" count="27" type="stmt"/>
        <line num="13" count="6" type="stmt"/>
        <line num="31" count="28" type="stmt"/>
        <line num="46" count="6" type="stmt"/>
        <line num="64" count="2" type="stmt"/>
        <line num="84" count="19" type="stmt"/>
        <line num="85" count="19" type="stmt"/>
        <line num="87" count="19" type="stmt"/>
        <line num="89" count="27" type="stmt"/>
        <line num="91" count="27" type="stmt"/>
        <line num="93" count="27" type="stmt"/>
        <line num="95" count="23" type="stmt"/>
        <line num="97" count="23" type="cond" truecount="2" falsecount="0"/>
      </file>
    </package>
    <package name="werewolves-assistant-web-next.components.pages.game.GamePlaying.GamePlayground.GamePlaygroundContent.GameVotePlayground">
      <metrics statements="1" coveredstatements="1" conditionals="0" coveredconditionals="0" methods="0" coveredmethods="0"/>
      <file name="GameVotePlayground.vue" path="/home/runner/work/werewolves-assistant-web-next/werewolves-assistant-web-next/components/pages/game/GamePlaying/GamePlayground/GamePlaygroundContent/GameVotePlayground/GameVotePlayground.vue">
        <metrics statements="1" coveredstatements="1" conditionals="0" coveredconditionals="0" methods="0" coveredmethods="0"/>
        <line num="2" count="5" type="stmt"/>
      </file>
    </package>
    <package name="werewolves-assistant-web-next.components.pages.game.GamePlaying.GamePlayground.GamePlaygroundContent.GameVotePlayground.GameVotePlaygroundVoters">
      <metrics statements="9" coveredstatements="9" conditionals="5" coveredconditionals="5" methods="1" coveredmethods="1"/>
      <file name="GameVotePlaygroundVoters.vue" path="/home/runner/work/werewolves-assistant-web-next/werewolves-assistant-web-next/components/pages/game/GamePlaying/GamePlayground/GamePlaygroundContent/GameVotePlayground/GameVotePlaygroundVoters/GameVotePlaygroundVoters.vue">
        <metrics statements="9" coveredstatements="9" conditionals="5" coveredconditionals="5" methods="1" coveredmethods="1"/>
        <line num="2" count="6" type="stmt"/>
        <line num="8" count="6" type="stmt"/>
        <line num="20" count="3" type="stmt"/>
        <line num="38" count="6" type="stmt"/>
        <line num="39" count="6" type="stmt"/>
        <line num="41" count="6" type="stmt"/>
        <line num="42" count="8" type="cond" truecount="4" falsecount="0"/>
        <line num="43" count="7" type="stmt"/>
        <line num="45" count="1" type="stmt"/>
      </file>
    </package>
    <package name="werewolves-assistant-web-next.components.pages.game.GamePlaying.GamePlayground.GamePlaygroundFooter">
      <metrics statements="3" coveredstatements="3" conditionals="0" coveredconditionals="0" methods="0" coveredmethods="0"/>
      <file name="GamePlaygroundFooter.vue" path="/home/runner/work/werewolves-assistant-web-next/werewolves-assistant-web-next/components/pages/game/GamePlaying/GamePlayground/GamePlaygroundFooter/GamePlaygroundFooter.vue">
        <metrics statements="3" coveredstatements="3" conditionals="0" coveredconditionals="0" methods="0" coveredmethods="0"/>
        <line num="3" count="4" type="stmt"/>
        <line num="7" count="4" type="stmt"/>
        <line num="8" count="4" type="stmt"/>
      </file>
    </package>
    <package name="werewolves-assistant-web-next.components.pages.game.GamePlaying.GamePlayground.GamePlaygroundFooter.GamePlaygroundFooterMakePlayButton">
      <metrics statements="12" coveredstatements="12" conditionals="0" coveredconditionals="0" methods="1" coveredmethods="1"/>
      <file name="GamePlaygroundFooterMakePlayButton.vue" path="/home/runner/work/werewolves-assistant-web-next/werewolves-assistant-web-next/components/pages/game/GamePlaying/GamePlayground/GamePlaygroundFooter/GamePlaygroundFooterMakePlayButton/GamePlaygroundFooterMakePlayButton.vue">
        <metrics statements="12" coveredstatements="12" conditionals="0" coveredconditionals="0" methods="1" coveredmethods="1"/>
        <line num="28" count="8" type="stmt"/>
        <line num="29" count="8" type="stmt"/>
        <line num="30" count="8" type="stmt"/>
        <line num="32" count="8" type="stmt"/>
        <line num="34" count="8" type="stmt"/>
        <line num="35" count="8" type="stmt"/>
        <line num="37" count="8" type="stmt"/>
        <line num="39" count="8" type="stmt"/>
        <line num="42" count="4" type="stmt"/>
        <line num="43" count="4" type="stmt"/>
        <line num="44" count="4" type="stmt"/>
        <line num="45" count="4" type="stmt"/>
      </file>
    </package>
    <package name="werewolves-assistant-web-next.components.pages.game.GamePlaying.GamePlayground.GamePlaygroundHeader">
      <metrics statements="3" coveredstatements="3" conditionals="0" coveredconditionals="0" methods="0" coveredmethods="0"/>
      <file name="GamePlaygroundHeader.vue" path="/home/runner/work/werewolves-assistant-web-next/werewolves-assistant-web-next/components/pages/game/GamePlaying/GamePlayground/GamePlaygroundHeader/GamePlaygroundHeader.vue">
        <metrics statements="3" coveredstatements="3" conditionals="0" coveredconditionals="0" methods="0" coveredmethods="0"/>
        <line num="2" count="1" type="stmt"/>
        <line num="3" count="4" type="stmt"/>
        <line num="5" count="4" type="stmt"/>
      </file>
    </package>
    <package name="werewolves-assistant-web-next.components.pages.game.GamePlaying.GamePlayground.GamePlaygroundHeader.GamePlaygroundHeaderCard">
      <metrics statements="13" coveredstatements="13" conditionals="6" coveredconditionals="6" methods="1" coveredmethods="1"/>
      <file name="GamePlaygroundHeaderCard.vue" path="/home/runner/work/werewolves-assistant-web-next/werewolves-assistant-web-next/components/pages/game/GamePlaying/GamePlayground/GamePlaygroundHeader/GamePlaygroundHeaderCard/GamePlaygroundHeaderCard.vue">
        <metrics statements="13" coveredstatements="13" conditionals="6" coveredconditionals="6" methods="1" coveredmethods="1"/>
        <line num="22" count="10" type="stmt"/>
        <line num="23" count="10" type="stmt"/>
        <line num="25" count="10" type="stmt"/>
        <line num="26" count="19" type="stmt"/>
        <line num="27" count="19" type="cond" truecount="2" falsecount="0"/>
        <line num="28" count="1" type="stmt"/>
        <line num="30" count="18" type="stmt"/>
        <line num="31" count="18" type="stmt"/>
        <line num="37" count="18" type="cond" truecount="2" falsecount="0"/>
        <line num="38" count="14" type="stmt"/>
        <line num="40" count="4" type="cond" truecount="2" falsecount="0"/>
        <line num="41" count="1" type="stmt"/>
        <line num="43" count="3" type="stmt"/>
      </file>
    </package>
    <package name="werewolves-assistant-web-next.components.pages.game.GamePlaying.GamePlayground.GamePlaygroundHeader.GamePlaygroundHeaderCurrentPlay">
      <metrics statements="18" coveredstatements="18" conditionals="8" coveredconditionals="8" methods="2" coveredmethods="2"/>
      <file name="GamePlaygroundHeaderCurrentPlay.vue" path="/home/runner/work/werewolves-assistant-web-next/werewolves-assistant-web-next/components/pages/game/GamePlaying/GamePlayground/GamePlaygroundHeader/GamePlaygroundHeaderCurrentPlay/GamePlaygroundHeaderCurrentPlay.vue">
        <metrics statements="17" coveredstatements="17" conditionals="8" coveredconditionals="8" methods="2" coveredmethods="2"/>
        <line num="2" count="119" type="stmt"/>
        <line num="15" count="5" type="stmt"/>
        <line num="32" count="60" type="stmt"/>
        <line num="33" count="60" type="stmt"/>
        <line num="34" count="60" type="stmt"/>
        <line num="36" count="60" type="stmt"/>
        <line num="37" count="119" type="stmt"/>
        <line num="38" count="119" type="cond" truecount="2" falsecount="0"/>
        <line num="39" count="1" type="stmt"/>
        <line num="41" count="118" type="stmt"/>
        <line num="42" count="118" type="cond" truecount="2" falsecount="0"/>
        <line num="43" count="2" type="stmt"/>
        <line num="45" count="116" type="stmt"/>
        <line num="51" count="60" type="stmt"/>
        <line num="52" count="119" type="cond" truecount="2" falsecount="0"/>
        <line num="53" count="3" type="stmt"/>
        <line num="55" count="116" type="stmt"/>
      </file>
      <file name="game-playground-header-current-play.constants.ts" path="/home/runner/work/werewolves-assistant-web-next/werewolves-assistant-web-next/components/pages/game/GamePlaying/GamePlayground/GamePlaygroundHeader/GamePlaygroundHeaderCurrentPlay/game-playground-header-current-play.constants.ts">
        <metrics statements="1" coveredstatements="1" conditionals="0" coveredconditionals="0" methods="0" coveredmethods="0"/>
        <line num="6" count="5" type="stmt"/>
      </file>
    </package>
    <package name="werewolves-assistant-web-next.components.pages.game.GamePlaying.GamePlayground.GamePlaygroundHeader.GamePlaygroundHeaderPhase">
      <metrics statements="12" coveredstatements="12" conditionals="0" coveredconditionals="0" methods="2" coveredmethods="2"/>
      <file name="GamePlaygroundHeaderPhase.vue" path="/home/runner/work/werewolves-assistant-web-next/werewolves-assistant-web-next/components/pages/game/GamePlaying/GamePlayground/GamePlaygroundHeader/GamePlaygroundHeaderPhase/GamePlaygroundHeaderPhase.vue">
        <metrics statements="12" coveredstatements="12" conditionals="0" coveredconditionals="0" methods="2" coveredmethods="2"/>
        <line num="2" count="7" type="stmt"/>
        <line num="27" count="5" type="stmt"/>
        <line num="28" count="5" type="stmt"/>
        <line num="30" count="5" type="stmt"/>
        <line num="32" count="5" type="stmt"/>
        <line num="33" count="7" type="stmt"/>
        <line num="34" count="7" type="stmt"/>
        <line num="36" count="7" type="stmt"/>
        <line num="39" count="5" type="stmt"/>
        <line num="40" count="7" type="stmt"/>
        <line num="41" count="7" type="stmt"/>
        <line num="46" count="7" type="stmt"/>
      </file>
    </package>
    <package name="werewolves-assistant-web-next.components.pages.game.GamePlaying.GameTeamSide">
      <metrics statements="19" coveredstatements="19" conditionals="6" coveredconditionals="6" methods="7" coveredmethods="7"/>
      <file name="GameTeamSide.vue" path="/home/runner/work/werewolves-assistant-web-next/werewolves-assistant-web-next/components/pages/game/GamePlaying/GameTeamSide/GameTeamSide.vue">
        <metrics statements="19" coveredstatements="19" conditionals="6" coveredconditionals="6" methods="7" coveredmethods="7"/>
        <line num="6" count="3" type="stmt"/>
        <line num="30" count="3" type="stmt"/>
        <line num="39" count="14" type="stmt"/>
        <line num="57" count="17" type="stmt"/>
        <line num="59" count="17" type="stmt"/>
        <line num="61" count="17" type="stmt"/>
        <line num="62" count="17" type="stmt"/>
        <line num="64" count="21" type="stmt"/>
        <line num="66" count="21" type="stmt"/>
        <line num="67" count="17" type="cond" truecount="4" falsecount="0"/>
        <line num="68" count="7" type="stmt"/>
        <line num="70" count="10" type="stmt"/>
        <line num="73" count="17" type="stmt"/>
        <line num="74" count="21" type="stmt"/>
        <line num="76" count="21" type="stmt"/>
        <line num="82" count="17" type="stmt"/>
        <line num="83" count="17" type="cond" truecount="2" falsecount="0"/>
        <line num="84" count="13" type="stmt"/>
        <line num="86" count="4" type="stmt"/>
      </file>
    </package>
    <package name="werewolves-assistant-web-next.components.pages.game.GamePlaying.GameTeamSide.GameTeamSidePlayer">
      <metrics statements="18" coveredstatements="18" conditionals="12" coveredconditionals="12" methods="3" coveredmethods="3"/>
      <file name="GameTeamSidePlayer.vue" path="/home/runner/work/werewolves-assistant-web-next/werewolves-assistant-web-next/components/pages/game/GamePlaying/GameTeamSide/GameTeamSidePlayer/GameTeamSidePlayer.vue">
        <metrics statements="18" coveredstatements="18" conditionals="12" coveredconditionals="12" methods="3" coveredmethods="3"/>
        <line num="2" count="29" type="stmt"/>
        <line num="9" count="4" type="stmt"/>
        <line num="38" count="4" type="stmt"/>
        <line num="54" count="68" type="stmt"/>
        <line num="83" count="29" type="stmt"/>
        <line num="85" count="29" type="stmt"/>
        <line num="87" count="29" type="stmt"/>
        <line num="89" count="29" type="stmt"/>
        <line num="90" count="29" type="stmt"/>
        <line num="91" count="29" type="cond" truecount="2" falsecount="0"/>
        <line num="92" count="6" type="stmt"/>
        <line num="94" count="23" type="cond" truecount="2" falsecount="0"/>
        <line num="97" count="29" type="stmt"/>
        <line num="98" count="29" type="stmt"/>
        <line num="99" count="29" type="stmt"/>
        <line num="100" count="29" type="cond" truecount="2" falsecount="0"/>
        <line num="101" count="6" type="stmt"/>
        <line num="103" count="29" type="stmt"/>
      </file>
    </package>
    <package name="werewolves-assistant-web-next.components.pages.game.GamePlaying.GameTeamSide.GameTeamSidePlayer.GameTeamSidePlayerAttribute">
      <metrics statements="25" coveredstatements="25" conditionals="8" coveredconditionals="8" methods="5" coveredmethods="5"/>
      <file name="GameTeamSidePlayerAttribute.vue" path="/home/runner/work/werewolves-assistant-web-next/werewolves-assistant-web-next/components/pages/game/GamePlaying/GameTeamSide/GameTeamSidePlayer/GameTeamSidePlayerAttribute/GameTeamSidePlayerAttribute.vue">
        <metrics statements="24" coveredstatements="24" conditionals="8" coveredconditionals="8" methods="5" coveredmethods="5"/>
        <line num="2" count="5" type="stmt"/>
        <line num="22" count="53" type="stmt"/>
        <line num="24" count="53" type="stmt"/>
        <line num="26" count="53" type="stmt"/>
        <line num="28" count="53" type="stmt"/>
        <line num="29" count="53" type="stmt"/>
        <line num="31" count="53" type="stmt"/>
        <line num="32" count="53" type="cond" truecount="2" falsecount="0"/>
        <line num="33" count="1" type="stmt"/>
        <line num="35" count="52" type="stmt"/>
        <line num="41" count="53" type="stmt"/>
        <line num="42" count="53" type="cond" truecount="2" falsecount="0"/>
        <line num="43" count="1" type="stmt"/>
        <line num="45" count="52" type="stmt"/>
        <line num="48" count="53" type="stmt"/>
        <line num="49" count="53" type="cond" truecount="2" falsecount="0"/>
        <line num="50" count="1" type="stmt"/>
        <line num="52" count="52" type="stmt"/>
        <line num="55" count="53" type="stmt"/>
        <line num="56" count="53" type="stmt"/>
        <line num="58" count="53" type="cond" truecount="2" falsecount="0"/>
        <line num="61" count="53" type="stmt"/>
        <line num="62" count="53" type="stmt"/>
        <line num="64" count="53" type="stmt"/>
      </file>
      <file name="game-team-side-player-attribute.constants.ts" path="/home/runner/work/werewolves-assistant-web-next/werewolves-assistant-web-next/components/pages/game/GamePlaying/GameTeamSide/GameTeamSidePlayer/GameTeamSidePlayerAttribute/game-team-side-player-attribute.constants.ts">
        <metrics statements="1" coveredstatements="1" conditionals="0" coveredconditionals="0" methods="0" coveredmethods="0"/>
        <line num="9" count="5" type="stmt"/>
      </file>
    </package>
    <package name="werewolves-assistant-web-next.components.pages.index">
      <metrics statements="3" coveredstatements="3" conditionals="0" coveredconditionals="0" methods="0" coveredmethods="0"/>
      <file name="IndexFooter.vue" path="/home/runner/work/werewolves-assistant-web-next/werewolves-assistant-web-next/components/pages/index/IndexFooter.vue">
        <metrics statements="3" coveredstatements="3" conditionals="0" coveredconditionals="0" methods="0" coveredmethods="0"/>
        <line num="6" count="112" type="stmt"/>
        <line num="12" count="112" type="stmt"/>
        <line num="20" count="112" type="stmt"/>
      </file>
    </package>
    <package name="werewolves-assistant-web-next.components.shared.buttons.BackToHomeButton">
      <metrics statements="1" coveredstatements="1" conditionals="0" coveredconditionals="0" methods="1" coveredmethods="1"/>
      <file name="BackToHomeButton.vue" path="/home/runner/work/werewolves-assistant-web-next/werewolves-assistant-web-next/components/shared/buttons/BackToHomeButton/BackToHomeButton.vue">
        <metrics statements="1" coveredstatements="1" conditionals="0" coveredconditionals="0" methods="1" coveredmethods="1"/>
        <line num="7" count="1" type="stmt"/>
      </file>
    </package>
    <package name="werewolves-assistant-web-next.components.shared.buttons.CreateAnotherGameButton">
      <metrics statements="1" coveredstatements="1" conditionals="0" coveredconditionals="0" methods="1" coveredmethods="1"/>
      <file name="CreateAnotherGameButton.vue" path="/home/runner/work/werewolves-assistant-web-next/werewolves-assistant-web-next/components/shared/buttons/CreateAnotherGameButton/CreateAnotherGameButton.vue">
        <metrics statements="1" coveredstatements="1" conditionals="0" coveredconditionals="0" methods="1" coveredmethods="1"/>
        <line num="7" count="1" type="stmt"/>
      </file>
    </package>
    <package name="werewolves-assistant-web-next.components.shared.external.BuyMeACoffeeButton">
      <metrics statements="5" coveredstatements="5" conditionals="0" coveredconditionals="0" methods="0" coveredmethods="0"/>
      <file name="BuyMeACoffeeButton.vue" path="/home/runner/work/werewolves-assistant-web-next/werewolves-assistant-web-next/components/shared/external/BuyMeACoffeeButton/BuyMeACoffeeButton.vue">
        <metrics statements="5" coveredstatements="5" conditionals="0" coveredconditionals="0" methods="0" coveredmethods="0"/>
        <line num="1" count="3" type="stmt"/>
        <line num="2" count="2" type="stmt"/>
        <line num="18" count="3" type="stmt"/>
        <line num="19" count="2" type="stmt"/>
        <line num="28" count="2" type="stmt"/>
      </file>
    </package>
    <package name="werewolves-assistant-web-next.components.shared.external.GitHubRepositoryButton">
      <metrics statements="8" coveredstatements="8" conditionals="2" coveredconditionals="2" methods="1" coveredmethods="1"/>
      <file name="GitHubRepositoryButton.vue" path="/home/runner/work/werewolves-assistant-web-next/werewolves-assistant-web-next/components/shared/external/GitHubRepositoryButton/GitHubRepositoryButton.vue">
        <metrics statements="8" coveredstatements="8" conditionals="2" coveredconditionals="2" methods="1" coveredmethods="1"/>
        <line num="2" count="8" type="stmt"/>
        <line num="9" count="115" type="stmt"/>
        <line num="20" count="8" type="stmt"/>
        <line num="22" count="8" type="stmt"/>
        <line num="24" count="8" type="stmt"/>
        <line num="25" count="8" type="cond" truecount="2" falsecount="0"/>
        <line num="26" count="4" type="stmt"/>
        <line num="28" count="4" type="stmt"/>
      </file>
    </package>
    <package name="werewolves-assistant-web-next.components.shared.game.game-play.NoNeededAction">
      <metrics statements="1" coveredstatements="1" conditionals="0" coveredconditionals="0" methods="0" coveredmethods="0"/>
      <file name="NoActionNeeded.vue" path="/home/runner/work/werewolves-assistant-web-next/werewolves-assistant-web-next/components/shared/game/game-play/NoNeededAction/NoActionNeeded.vue">
        <metrics statements="1" coveredstatements="1" conditionals="0" coveredconditionals="0" methods="0" coveredmethods="0"/>
        <line num="4" count="7" type="stmt"/>
      </file>
    </package>
    <package name="werewolves-assistant-web-next.components.shared.game.player.PlayerCard">
      <metrics statements="9" coveredstatements="9" conditionals="2" coveredconditionals="2" methods="3" coveredmethods="3"/>
      <file name="PlayerCard.vue" path="/home/runner/work/werewolves-assistant-web-next/werewolves-assistant-web-next/components/shared/game/player/PlayerCard/PlayerCard.vue">
        <metrics statements="9" coveredstatements="9" conditionals="2" coveredconditionals="2" methods="3" coveredmethods="3"/>
        <line num="1" count="17" type="stmt"/>
        <line num="2" count="17" type="stmt"/>
        <line num="19" count="17" type="stmt"/>
        <line num="29" count="10" type="stmt"/>
        <line num="34" count="10" type="stmt"/>
        <line num="36" count="10" type="stmt"/>
        <line num="38" count="10" type="cond" truecount="2" falsecount="0"/>
        <line num="41" count="20" type="stmt"/>
        <line num="45" count="1" type="stmt"/>
      </file>
    </package>
    <package name="werewolves-assistant-web-next.components.shared.game.player.PlayersHorizontalList">
      <metrics statements="2" coveredstatements="2" conditionals="0" coveredconditionals="0" methods="0" coveredmethods="0"/>
      <file name="PlayersHorizontalList.vue" path="/home/runner/work/werewolves-assistant-web-next/werewolves-assistant-web-next/components/shared/game/player/PlayersHorizontalList/PlayersHorizontalList.vue">
        <metrics statements="2" coveredstatements="2" conditionals="0" coveredconditionals="0" methods="0" coveredmethods="0"/>
        <line num="8" count="6" type="stmt"/>
        <line num="23" count="7" type="stmt"/>
      </file>
    </package>
    <package name="werewolves-assistant-web-next.components.shared.misc.TextProgressSpinner">
      <metrics statements="2" coveredstatements="2" conditionals="0" coveredconditionals="0" methods="0" coveredmethods="0"/>
      <file name="TextProgressSpinner.vue" path="/home/runner/work/werewolves-assistant-web-next/werewolves-assistant-web-next/components/shared/misc/TextProgressSpinner/TextProgressSpinner.vue">
        <metrics statements="2" coveredstatements="2" conditionals="0" coveredconditionals="0" methods="0" coveredmethods="0"/>
        <line num="2" count="8" type="stmt"/>
        <line num="8" count="4" type="stmt"/>
      </file>
    </package>
    <package name="werewolves-assistant-web-next.components.shared.role.RoleDescriptionLines">
      <metrics statements="9" coveredstatements="9" conditionals="2" coveredconditionals="2" methods="3" coveredmethods="3"/>
      <file name="RoleDescriptionLines.vue" path="/home/runner/work/werewolves-assistant-web-next/werewolves-assistant-web-next/components/shared/role/RoleDescriptionLines/RoleDescriptionLines.vue">
        <metrics statements="9" coveredstatements="9" conditionals="2" coveredconditionals="2" methods="3" coveredmethods="3"/>
        <line num="6" count="12" type="stmt"/>
        <line num="20" count="4" type="stmt"/>
        <line num="22" count="4" type="stmt"/>
        <line num="24" count="4" type="stmt"/>
        <line num="27" count="4" type="stmt"/>
        <line num="28" count="4" type="stmt"/>
        <line num="29" count="4" type="cond" truecount="2" falsecount="0"/>
        <line num="30" count="1" type="stmt"/>
        <line num="32" count="12" type="stmt"/>
      </file>
    </package>
    <package name="werewolves-assistant-web-next.components.shared.role.RoleImage">
      <metrics statements="18" coveredstatements="18" conditionals="8" coveredconditionals="8" methods="3" coveredmethods="3"/>
      <file name="RoleImage.vue" path="/home/runner/work/werewolves-assistant-web-next/werewolves-assistant-web-next/components/shared/role/RoleImage/RoleImage.vue">
        <metrics statements="18" coveredstatements="18" conditionals="8" coveredconditionals="8" methods="3" coveredmethods="3"/>
        <line num="2" count="38" type="stmt"/>
        <line num="17" count="36" type="stmt"/>
        <line num="22" count="36" type="stmt"/>
        <line num="24" count="36" type="stmt"/>
        <line num="26" count="37" type="stmt"/>
        <line num="28" count="36" type="stmt"/>
        <line num="29" count="38" type="cond" truecount="2" falsecount="0"/>
        <line num="30" count="5" type="stmt"/>
        <line num="33" count="33" type="stmt"/>
        <line num="34" count="33" type="cond" truecount="2" falsecount="0"/>
        <line num="36" count="33" type="stmt"/>
        <line num="39" count="36" type="stmt"/>
        <line num="41" count="36" type="stmt"/>
        <line num="42" count="36" type="cond" truecount="2" falsecount="0"/>
        <line num="43" count="33" type="stmt"/>
        <line num="45" count="3" type="cond" truecount="2" falsecount="0"/>
        <line num="46" count="1" type="stmt"/>
        <line num="48" count="2" type="stmt"/>
      </file>
    </package>
    <package name="werewolves-assistant-web-next.components.shared.role.RoleImage.RoleFlippingImage">
      <metrics statements="14" coveredstatements="14" conditionals="2" coveredconditionals="2" methods="3" coveredmethods="3"/>
      <file name="RoleFlippingImage.vue" path="/home/runner/work/werewolves-assistant-web-next/werewolves-assistant-web-next/components/shared/role/RoleImage/RoleFlippingImage/RoleFlippingImage.vue">
        <metrics statements="14" coveredstatements="14" conditionals="2" coveredconditionals="2" methods="3" coveredmethods="3"/>
        <line num="2" count="20" type="stmt"/>
        <line num="38" count="14" type="stmt"/>
        <line num="43" count="14" type="stmt"/>
        <line num="44" count="14" type="stmt"/>
        <line num="45" count="14" type="stmt"/>
        <line num="47" count="14" type="stmt"/>
        <line num="48" count="14" type="stmt"/>
        <line num="51" count="20" type="stmt"/>
        <line num="52" count="6" type="cond" truecount="2" falsecount="0"/>
        <line num="53" count="2" type="stmt"/>
        <line num="54" count="2" type="stmt"/>
        <line num="56" count="2" type="stmt"/>
        <line num="58" count="4" type="stmt"/>
        <line num="59" count="4" type="stmt"/>
      </file>
    </package>
    <package name="werewolves-assistant-web-next.components.shared.role.RoleOriginBadge">
      <metrics statements="1" coveredstatements="1" conditionals="0" coveredconditionals="0" methods="0" coveredmethods="0"/>
      <file name="RoleOriginBadge.vue" path="/home/runner/work/werewolves-assistant-web-next/werewolves-assistant-web-next/components/shared/role/RoleOriginBadge/RoleOriginBadge.vue">
        <metrics statements="1" coveredstatements="1" conditionals="0" coveredconditionals="0" methods="0" coveredmethods="0"/>
        <line num="2" count="4" type="stmt"/>
      </file>
    </package>
    <package name="werewolves-assistant-web-next.components.shared.role.RoleSideBadge">
      <metrics statements="10" coveredstatements="10" conditionals="2" coveredconditionals="2" methods="2" coveredmethods="2"/>
      <file name="RoleSideBadge.vue" path="/home/runner/work/werewolves-assistant-web-next/werewolves-assistant-web-next/components/shared/role/RoleSideBadge/RoleSideBadge.vue">
        <metrics statements="10" coveredstatements="10" conditionals="2" coveredconditionals="2" methods="2" coveredmethods="2"/>
        <line num="2" count="7" type="stmt"/>
        <line num="16" count="7" type="stmt"/>
        <line num="18" count="7" type="stmt"/>
        <line num="20" count="7" type="stmt"/>
        <line num="21" count="7" type="stmt"/>
        <line num="26" count="7" type="stmt"/>
        <line num="29" count="7" type="stmt"/>
        <line num="30" count="7" type="cond" truecount="2" falsecount="0"/>
        <line num="31" count="5" type="stmt"/>
        <line num="33" count="2" type="stmt"/>
      </file>
    </package>
[...]
      <file name="player-attribute-activation.class.ts" path="/home/runner/work/werewolves-assistant-web-next/werewolves-assistant-web-next/composables/api/game/types/players/player-attribute/player-attribute-activation/player-attribute-activation.class.ts">
        <metrics statements="4" coveredstatements="4" conditionals="0" coveredconditionals="0" methods="1" coveredmethods="1"/>
        <line num="7" count="50" type="stmt"/>
        <line num="9" count="50" type="stmt"/>
        <line num="12" count="50" type="stmt"/>
        <line num="15" count="2" type="stmt"/>
      </file>
    </package>
    <package name="werewolves-assistant-web-next.composables.api.game.types.players.player-role">
      <metrics statements="5" coveredstatements="5" conditionals="0" coveredconditionals="0" methods="1" coveredmethods="1"/>
      <file name="player-role.class.ts" path="/home/runner/work/werewolves-assistant-web-next/werewolves-assistant-web-next/composables/api/game/types/players/player-role/player-role.class.ts">
        <metrics statements="5" coveredstatements="5" conditionals="0" coveredconditionals="0" methods="1" coveredmethods="1"/>
        <line num="6" count="49" type="stmt"/>
        <line num="8" count="49" type="stmt"/>
        <line num="11" count="49" type="stmt"/>
        <line num="14" count="49" type="stmt"/>
        <line num="17" count="46" type="stmt"/>
      </file>
    </package>
    <package name="werewolves-assistant-web-next.composables.api.game.types.players.player-side">
      <metrics statements="4" coveredstatements="4" conditionals="0" coveredconditionals="0" methods="1" coveredmethods="1"/>
      <file name="player-side.class.ts" path="/home/runner/work/werewolves-assistant-web-next/werewolves-assistant-web-next/composables/api/game/types/players/player-side/player-side.class.ts">
        <metrics statements="4" coveredstatements="4" conditionals="0" coveredconditionals="0" methods="1" coveredmethods="1"/>
        <line num="6" count="49" type="stmt"/>
        <line num="8" count="49" type="stmt"/>
        <line num="11" count="49" type="stmt"/>
        <line num="14" count="70" type="stmt"/>
      </file>
    </package>
    <package name="werewolves-assistant-web-next.composables.api.role">
      <metrics statements="8" coveredstatements="8" conditionals="0" coveredconditionals="0" methods="4" coveredmethods="4"/>
      <file name="useFetchRoles.ts" path="/home/runner/work/werewolves-assistant-web-next/werewolves-assistant-web-next/composables/api/role/useFetchRoles.ts">
        <metrics statements="5" coveredstatements="5" conditionals="0" coveredconditionals="0" methods="2" coveredmethods="2"/>
        <line num="9" count="252" type="stmt"/>
        <line num="12" count="2" type="stmt"/>
        <line num="13" count="2" type="stmt"/>
        <line num="15" count="1" type="stmt"/>
        <line num="18" count="252" type="stmt"/>
      </file>
      <file name="useRoleName.ts" path="/home/runner/work/werewolves-assistant-web-next/werewolves-assistant-web-next/composables/api/role/useRoleName.ts">
        <metrics statements="3" coveredstatements="3" conditionals="0" coveredconditionals="0" methods="2" coveredmethods="2"/>
        <line num="8" count="41" type="stmt"/>
        <line num="11" count="38" type="stmt"/>
        <line num="13" count="41" type="stmt"/>
      </file>
    </package>
    <package name="werewolves-assistant-web-next.composables.api.role.constants">
      <metrics statements="4" coveredstatements="4" conditionals="0" coveredconditionals="0" methods="0" coveredmethods="0"/>
      <file name="role.constants.ts" path="/home/runner/work/werewolves-assistant-web-next/werewolves-assistant-web-next/composables/api/role/constants/role.constants.ts">
        <metrics statements="4" coveredstatements="4" conditionals="0" coveredconditionals="0" methods="0" coveredmethods="0"/>
        <line num="1" count="58" type="stmt"/>
        <line num="34" count="58" type="stmt"/>
        <line num="39" count="58" type="stmt"/>
        <line num="46" count="58" type="stmt"/>
      </file>
    </package>
    <package name="werewolves-assistant-web-next.composables.api.role.types">
      <metrics statements="10" coveredstatements="10" conditionals="0" coveredconditionals="0" methods="1" coveredmethods="1"/>
      <file name="role.class.ts" path="/home/runner/work/werewolves-assistant-web-next/werewolves-assistant-web-next/composables/api/role/types/role.class.ts">
        <metrics statements="10" coveredstatements="10" conditionals="0" coveredconditionals="0" methods="1" coveredmethods="1"/>
        <line num="7" count="16" type="stmt"/>
        <line num="9" count="16" type="stmt"/>
        <line num="12" count="16" type="stmt"/>
        <line num="15" count="16" type="stmt"/>
        <line num="18" count="16" type="stmt"/>
        <line num="21" count="16" type="stmt"/>
        <line num="24" count="16" type="stmt"/>
        <line num="27" count="16" type="stmt"/>
        <line num="30" count="16" type="stmt"/>
        <line num="33" count="100" type="stmt"/>
      </file>
    </package>
    <package name="werewolves-assistant-web-next.composables.vue-prime">
      <metrics statements="7" coveredstatements="7" conditionals="0" coveredconditionals="0" methods="6" coveredmethods="6"/>
      <file name="useVuePrimeToasts.ts" path="/home/runner/work/werewolves-assistant-web-next/werewolves-assistant-web-next/composables/vue-prime/useVuePrimeToasts.ts">
        <metrics statements="7" coveredstatements="7" conditionals="0" coveredconditionals="0" methods="6" coveredmethods="6"/>
        <line num="15" count="546" type="stmt"/>
        <line num="18" count="5" type="stmt"/>
        <line num="25" count="1" type="stmt"/>
        <line num="29" count="1" type="stmt"/>
        <line num="33" count="1" type="stmt"/>
        <line num="37" count="1" type="stmt"/>
        <line num="39" count="546" type="stmt"/>
      </file>
    </package>
    <package name="werewolves-assistant-web-next.composables.vue-prime.constants">
      <metrics statements="1" coveredstatements="1" conditionals="0" coveredconditionals="0" methods="0" coveredmethods="0"/>
      <file name="vue-prime.constants.ts" path="/home/runner/work/werewolves-assistant-web-next/werewolves-assistant-web-next/composables/vue-prime/constants/vue-prime.constants.ts">
        <metrics statements="1" coveredstatements="1" conditionals="0" coveredconditionals="0" methods="0" coveredmethods="0"/>
        <line num="3" count="200" type="stmt"/>
      </file>
    </package>
    <package name="werewolves-assistant-web-next.layouts">
      <metrics statements="1" coveredstatements="1" conditionals="0" coveredconditionals="0" methods="0" coveredmethods="0"/>
      <file name="default.vue" path="/home/runner/work/werewolves-assistant-web-next/werewolves-assistant-web-next/layouts/default.vue">
        <metrics statements="1" coveredstatements="1" conditionals="0" coveredconditionals="0" methods="0" coveredmethods="0"/>
        <line num="8" count="2" type="stmt"/>
      </file>
    </package>
    <package name="werewolves-assistant-web-next.pages">
      <metrics statements="28" coveredstatements="28" conditionals="4" coveredconditionals="4" methods="3" coveredmethods="3"/>
      <file name="about.vue" path="/home/runner/work/werewolves-assistant-web-next/werewolves-assistant-web-next/pages/about.vue">
        <metrics statements="5" coveredstatements="5" conditionals="0" coveredconditionals="0" methods="0" coveredmethods="0"/>
        <line num="2" count="4" type="stmt"/>
        <line num="3" count="1" type="stmt"/>
        <line num="34" count="1" type="stmt"/>
        <line num="51" count="4" type="stmt"/>
        <line num="53" count="4" type="stmt"/>
      </file>
      <file name="game-lobby.vue" path="/home/runner/work/werewolves-assistant-web-next/werewolves-assistant-web-next/pages/game-lobby.vue">
        <metrics statements="15" coveredstatements="15" conditionals="4" coveredconditionals="4" methods="1" coveredmethods="1"/>
        <line num="2" count="8" type="stmt"/>
        <line num="31" count="8" type="stmt"/>
        <line num="32" count="8" type="stmt"/>
        <line num="33" count="8" type="stmt"/>
        <line num="34" count="8" type="stmt"/>
        <line num="36" count="8" type="stmt"/>
        <line num="38" count="8" type="stmt"/>
        <line num="40" count="8" type="stmt"/>
        <line num="46" count="3" type="cond" truecount="2" falsecount="0"/>
        <line num="47" count="1" type="stmt"/>
        <line num="49" count="2" type="cond" truecount="2" falsecount="0"/>
        <line num="50" count="1" type="stmt"/>
        <line num="52" count="1" type="stmt"/>
        <line num="55" count="8" type="stmt"/>
        <line num="56" count="8" type="stmt"/>
      </file>
      <file name="index.vue" path="/home/runner/work/werewolves-assistant-web-next/werewolves-assistant-web-next/pages/index.vue">
        <metrics statements="8" coveredstatements="8" conditionals="0" coveredconditionals="0" methods="2" coveredmethods="2"/>
        <line num="2" count="111" type="stmt"/>
        <line num="3" count="111" type="stmt"/>
        <line num="4" count="111" type="stmt"/>
        <line num="12" count="111" type="stmt"/>
        <line num="26" count="111" type="stmt"/>
        <line num="28" count="111" type="stmt"/>
        <line num="38" count="111" type="stmt"/>
        <line num="55" count="7" type="stmt"/>
      </file>
    </package>
    <package name="werewolves-assistant-web-next.pages.game">
      <metrics statements="12" coveredstatements="12" conditionals="6" coveredconditionals="6" methods="1" coveredmethods="1"/>
      <file name="[id].vue" path="/home/runner/work/werewolves-assistant-web-next/werewolves-assistant-web-next/pages/game/[id].vue">
        <metrics statements="12" coveredstatements="12" conditionals="6" coveredconditionals="6" methods="1" coveredmethods="1"/>
        <line num="44" count="11" type="stmt"/>
        <line num="45" count="11" type="stmt"/>
        <line num="46" count="11" type="stmt"/>
        <line num="47" count="11" type="stmt"/>
        <line num="49" count="11" type="stmt"/>
        <line num="51" count="11" type="stmt"/>
        <line num="56" count="11" type="stmt"/>
        <line num="58" count="11" type="stmt"/>
        <line num="59" count="14" type="stmt"/>
        <line num="65" count="14" type="stmt"/>
        <line num="68" count="11" type="cond" truecount="2" falsecount="0"/>
        <line num="69" count="11" type="stmt"/>
      </file>
    </package>
    <package name="werewolves-assistant-web-next.stores.enums">
      <metrics statements="5" coveredstatements="5" conditionals="2" coveredconditionals="2" methods="1" coveredmethods="1"/>
      <file name="store.enum.ts" path="/home/runner/work/werewolves-assistant-web-next/werewolves-assistant-web-next/stores/enums/store.enum.ts">
        <metrics statements="5" coveredstatements="5" conditionals="2" coveredconditionals="2" methods="1" coveredmethods="1"/>
        <line num="1" count="195" type="cond" truecount="2" falsecount="0"/>
        <line num="2" count="195" type="stmt"/>
        <line num="3" count="195" type="stmt"/>
        <line num="4" count="195" type="stmt"/>
        <line num="5" count="195" type="stmt"/>
      </file>
    </package>
    <package name="werewolves-assistant-web-next.stores.game">
      <metrics statements="29" coveredstatements="29" conditionals="6" coveredconditionals="6" methods="5" coveredmethods="5"/>
      <file name="useGameStore.ts" path="/home/runner/work/werewolves-assistant-web-next/werewolves-assistant-web-next/stores/game/useGameStore.ts">
        <metrics statements="29" coveredstatements="29" conditionals="6" coveredconditionals="6" methods="5" coveredmethods="5"/>
        <line num="9" count="32" type="stmt"/>
        <line num="14" count="322" type="stmt"/>
        <line num="16" count="322" type="stmt"/>
        <line num="17" count="322" type="stmt"/>
        <line num="18" count="322" type="stmt"/>
        <line num="19" count="322" type="stmt"/>
        <line num="22" count="1" type="stmt"/>
        <line num="26" count="2" type="stmt"/>
        <line num="27" count="2" type="stmt"/>
        <line num="28" count="2" type="cond" truecount="2" falsecount="0"/>
        <line num="29" count="1" type="stmt"/>
        <line num="31" count="1" type="stmt"/>
        <line num="33" count="1" type="stmt"/>
        <line num="34" count="1" type="stmt"/>
        <line num="38" count="2" type="stmt"/>
        <line num="39" count="2" type="stmt"/>
        <line num="40" count="2" type="cond" truecount="2" falsecount="0"/>
        <line num="41" count="1" type="stmt"/>
        <line num="43" count="1" type="stmt"/>
        <line num="45" count="1" type="stmt"/>
        <line num="46" count="1" type="stmt"/>
        <line num="50" count="2" type="stmt"/>
        <line num="51" count="2" type="stmt"/>
        <line num="52" count="2" type="cond" truecount="2" falsecount="0"/>
        <line num="53" count="1" type="stmt"/>
        <line num="55" count="1" type="stmt"/>
        <line num="57" count="1" type="stmt"/>
        <line num="58" count="1" type="stmt"/>
        <line num="60" count="322" type="stmt"/>
      </file>
    </package>
    <package name="werewolves-assistant-web-next.stores.game.create-game-dto">
      <metrics statements="28" coveredstatements="28" conditionals="13" coveredconditionals="13" methods="15" coveredmethods="15"/>
      <file name="useCreateGameDtoStore.ts" path="/home/runner/work/werewolves-assistant-web-next/werewolves-assistant-web-next/stores/game/create-game-dto/useCreateGameDtoStore.ts">
        <metrics statements="28" coveredstatements="28" conditionals="13" coveredconditionals="13" methods="15" coveredmethods="15"/>
        <line num="10" count="17" type="stmt"/>
        <line num="11" count="155" type="stmt"/>
        <line num="12" count="155" type="stmt"/>
        <line num="14" count="155" type="stmt"/>
        <line num="17" count="1" type="stmt"/>
        <line num="21" count="1" type="stmt"/>
        <line num="25" count="1" type="stmt"/>
        <line num="29" count="5" type="stmt"/>
        <line num="30" count="2" type="cond" truecount="2" falsecount="0"/>
        <line num="31" count="1" type="stmt"/>
        <line num="36" count="3" type="stmt"/>
        <line num="40" count="5" type="stmt"/>
        <line num="41" count="2" type="cond" truecount="2" falsecount="0"/>
        <line num="42" count="1" type="stmt"/>
        <line num="47" count="32" type="stmt"/>
        <line num="51" count="6" type="stmt"/>
        <line num="52" count="6" type="stmt"/>
        <line num="54" count="6" type="cond" truecount="3" falsecount="0"/>
        <line num="58" count="4" type="stmt"/>
        <line num="59" count="4" type="stmt"/>
        <line num="61" count="4" type="cond" truecount="2" falsecount="0"/>
        <line num="65" count="5" type="stmt"/>
        <line num="66" count="5" type="stmt"/>
        <line num="67" count="5" type="cond" truecount="2" falsecount="0"/>
        <line num="68" count="1" type="stmt"/>
        <line num="70" count="4" type="stmt"/>
        <line num="72" count="4" type="cond" truecount="2" falsecount="0"/>
        <line num="74" count="155" type="stmt"/>
      </file>
    </package>
    <package name="werewolves-assistant-web-next.stores.game.make-game-play-dto">
      <metrics statements="35" coveredstatements="35" conditionals="22" coveredconditionals="22" methods="15" coveredmethods="15"/>
      <file name="useMakeGamePlayDtoStore.ts" path="/home/runner/work/werewolves-assistant-web-next/werewolves-assistant-web-next/stores/game/make-game-play-dto/useMakeGamePlayDtoStore.ts">
        <metrics statements="35" coveredstatements="35" conditionals="22" coveredconditionals="22" methods="15" coveredmethods="15"/>
        <line num="10" count="19" type="stmt"/>
        <line num="11" count="95" type="stmt"/>
        <line num="14" count="1" type="stmt"/>
        <line num="18" count="1" type="stmt"/>
        <line num="22" count="2" type="cond" truecount="2" falsecount="0"/>
        <line num="23" count="1" type="stmt"/>
        <line num="25" count="2" type="stmt"/>
        <line num="29" count="6" type="cond" truecount="2" falsecount="0"/>
        <line num="30" count="1" type="stmt"/>
        <line num="32" count="6" type="stmt"/>
        <line num="33" count="5" type="cond" truecount="2" falsecount="0"/>
        <line num="34" count="4" type="stmt"/>
        <line num="36" count="5" type="cond" truecount="2" falsecount="0"/>
        <line num="37" count="1" type="stmt"/>
        <line num="42" count="3" type="cond" truecount="4" falsecount="0"/>
        <line num="43" count="2" type="stmt"/>
        <line num="45" count="1" type="stmt"/>
        <line num="46" count="1" type="stmt"/>
        <line num="50" count="4" type="stmt"/>
        <line num="51" count="4" type="cond" truecount="2" falsecount="0"/>
        <line num="52" count="1" type="stmt"/>
        <line num="57" count="2" type="cond" truecount="2" falsecount="0"/>
        <line num="58" count="1" type="stmt"/>
        <line num="60" count="2" type="stmt"/>
        <line num="64" count="4" type="cond" truecount="2" falsecount="0"/>
        <line num="65" count="1" type="stmt"/>
        <line num="67" count="4" type="stmt"/>
        <line num="68" count="3" type="cond" truecount="2" falsecount="0"/>
        <line num="69" count="2" type="stmt"/>
        <line num="71" count="3" type="cond" truecount="2" falsecount="0"/>
        <line num="72" count="1" type="stmt"/>
        <line num="77" count="1" type="stmt"/>
        <line num="81" count="1" type="stmt"/>
        <line num="85" count="1" type="stmt"/>
        <line num="87" count="95" type="stmt"/>
      </file>
    </package>
    <package name="werewolves-assistant-web-next.stores.role">
      <metrics statements="9" coveredstatements="9" conditionals="0" coveredconditionals="0" methods="4" coveredmethods="4"/>
      <file name="useRolesStore.ts" path="/home/runner/work/werewolves-assistant-web-next/werewolves-assistant-web-next/stores/role/useRolesStore.ts">
        <metrics statements="9" coveredstatements="9" conditionals="0" coveredconditionals="0" methods="4" coveredmethods="4"/>
        <line num="10" count="193" type="stmt"/>
        <line num="11" count="255" type="stmt"/>
        <line num="13" count="255" type="stmt"/>
        <line num="14" count="255" type="stmt"/>
        <line num="17" count="2" type="stmt"/>
        <line num="18" count="2" type="stmt"/>
        <line num="19" count="2" type="stmt"/>
        <line num="23" count="31" type="stmt"/>
        <line num="25" count="255" type="stmt"/>
      </file>
    </package>
    <package name="werewolves-assistant-web-next.utils">
      <metrics statements="1" coveredstatements="1" conditionals="0" coveredconditionals="0" methods="1" coveredmethods="1"/>
      <file name="url.utils.ts" path="/home/runner/work/werewolves-assistant-web-next/werewolves-assistant-web-next/utils/url.utils.ts">
        <metrics statements="1" coveredstatements="1" conditionals="0" coveredconditionals="0" methods="1" coveredmethods="1"/>
        <line num="2" count="599" type="stmt"/>
      </file>
    </package>
    <package name="werewolves-assistant-web-next.utils.constants">
      <metrics statements="1" coveredstatements="1" conditionals="0" coveredconditionals="0" methods="0" coveredmethods="0"/>
      <file name="class-transformer.constants.ts" path="/home/runner/work/werewolves-assistant-web-next/werewolves-assistant-web-next/utils/constants/class-transformer.constants.ts">
        <metrics statements="1" coveredstatements="1" conditionals="0" coveredconditionals="0" methods="0" coveredmethods="0"/>
        <line num="3" count="80" type="stmt"/>
      </file>
    </package>
  </project>
</coverage>
