<?xml version="1.0"?>
<testsuite failures="5" skipped="0" name="cucumber-js" time="61.26514705799998" tests="42">
  <testcase classname="❓ About Page" name="❓ About Page is displayed with title and various sections" time="5.425686821">
    <system-out><![CDATA[Given the user is on about page...........................................passed
Then the heading with name "Why an assistant ?" should be visible.........passed
And the heading with name "The Werewolves of Miller's Hollow™ game" sho...passed
And the heading with name "The Werewolves Assistant takes the stage !" ...passed
And the heading with name "Available roles" should be visible.............passed
And the heading with name "How to contribute to this project?" should b...passed
And the heading with name "A word from the creator" should be visible.....passed
And the link with name "Back to home" should be visible...................passed
And the page should match the snapshot with name "About Page".............passed]]></system-out>
  </testcase>
  <testcase classname="❓ About Page" name="❓ About Page loads roles and display them in accordions with descriptions and illustrations" time="2.965375128">
    <system-out><![CDATA[Given the user is on about page...........................................passed
When the progressbar with name "Loading roles…" is hidden.................passed
Then the button with name "Click to expand the description of the Werew...passed
And the button with name "Click to expand the description of the Three ...passed
And the button with name "Click to expand the description of the Witch ...passed
And the button with name "Click to expand the description of the Actor ...passed
And the img with name "Illustration of the Werewolf role on the left de...passed
And the text "Each night, they devour a Villager. During the day, they ...passed
When the user clicks on the button with name "Click to expand the descr...passed
Then the text "Each night, they devour a Villager. During the day, they...passed
And the text "Base Game" under the region with name "Click to expand th...passed
And the img with name "Illustration of the Werewolf role on the left de...passed
When the user clicks on the button with name "Click to expand the descr...passed
Then the text "Each night, they devour a Villager. During the day, they...passed
And the img with name "Illustration of the Werewolf role on the left de...passed
And the text "Base Game" under the region with name "Click to expand th...passed
And the text "Ignominiously chased from the village, he returned years ...passed
And the img with name "Illustration of the Pied Piper role on the left ...passed
And the text "Lonely" under the region with name "Click to expand the d...passed
And the text "New Moon Expansion" under the region with name "Click to ...passed
When the user clicks on the button with name "Click to expand the descr...passed
Then the img with name "Illustration of the Pied Piper role on the left...passed]]></system-out>
  </testcase>
  <testcase classname="❓ About Page" name="❓ User goes on YouTube to watch a tutorial by clicking on the link" time="6.554364902">
    <failure type="Error" message="Timed out 5000ms waiting for expect(locator).toBeVisible()&#xA;&#xA;Locator: getByRole('tooltip', { name: 'Watch an explanatory video on YouTube', exact: true })&#xA;Expected: visible&#xA;Received: hidden&#xA;Call log:&#xA;  - locator._expect with timeout 5000ms&#xA;  - waiting for getByRole('tooltip', { name: 'Watch an explanatory video on YouTube', exact: true })&#xA;"><![CDATA[Error: Timed out 5000ms waiting for expect(locator).toBeVisible()

Locator: getByRole('tooltip', { name: 'Watch an explanatory video on YouTube', exact: true })
Expected: visible
Received: hidden
Call log:
  - locator._expect with timeout 5000ms
  - waiting for getByRole('tooltip', { name: 'Watch an explanatory video on YouTube', exact: true })

    at Proxy.<anonymous> (/home/runner/work/werewolves-assistant-web-next/werewolves-assistant-web-next/node_modules/.pnpm/playwright@1.42.0/node_modules/playwright/lib/matchers/expect.js:174:37)
    at World.<anonymous> (file:///home/runner/work/werewolves-assistant-web-next/werewolves-assistant-web-next/tests/acceptance/features/playwright/step-definitions/tooltips/playwright-tooltips.then-steps.ts:1:223)]]></failure>
    <system-out><![CDATA[Given the user is on about page...........................................passed
And the user is about to open a page on new tab...........................passed
When the user hovers the link with name "I don't know this game"..........passed
Then the tooltip with text "Watch an explanatory video on YouTube" shou...failed
When the user clicks on the link with name "I don't know this game"......skipped
Then a new page should be opened with url "https://www.youtube.com/wat...skipped]]></system-out>
  </testcase>
  <testcase classname="❓ About Page" name="❓ User goes on GitHub to contribute to the project by clicking on the link" time="2.3704321740000003">
    <system-out><![CDATA[Given the user is on about page...........................................passed
And the user is about to open a page on new tab...........................passed
When the user clicks on the link with name "Access the project on GitHu...passed
Then a new page should be opened with url "https://github.com/antoineza...passed]]></system-out>
  </testcase>
  <testcase classname="❓ About Page" name="❓ User goes on BuyMeACoffee to donate by clicking on the link" time="0.869619721">
    <system-out><![CDATA[Given the user is on about page...........................................passed
And the user is about to open a page on new tab...........................passed
When the user clicks on the link with name "Buy me a coffee"..............passed
Then a new page should be opened with url "https://www.buymeacoffee.com...passed]]></system-out>
  </testcase>
  <testcase classname="❓ About Page" name="❓ User goes on creator's portfolio by clicking on the link" time="0.959671763">
    <system-out><![CDATA[Given the user is on about page...........................................passed
And the user is about to open a page on new tab...........................passed
When the user clicks on the link with name "My portfolio".................passed
Then a new page should be opened with url "https://antoinezanardi.fr/"....passed]]></system-out>
  </testcase>
  <testcase classname="❓ About Page" name="❓ User goes back on home page by clicking on werewolves assistant logo in navigation bar" time="0.5589729219999999">
    <system-out><![CDATA[Given the user is on about page...........................................passed
When the user clicks on werewolves assistant logo in navigation bar.......passed
Then the user should be on home page......................................passed]]></system-out>
  </testcase>
  <testcase classname="❓ About Page" name="❓ User goes back on home page by clicking on back to home page button in parameters dropdown" time="0.838996685">
    <system-out><![CDATA[Given the user is on about page...........................................passed
When the user clicks on parameters button in navigation bar...............passed
And the user clicks on the back to home button in parameters in navigat...passed
Then the user should be on home page......................................passed]]></system-out>
  </testcase>
  <testcase classname="❓ About Page" name="❓ User goes back on home page by clicking on back to home page button at the bottom of the page" time="0.655135941">
    <system-out><![CDATA[Given the user is on about page...........................................passed
When the user clicks on the link with name "Back to home".................passed
Then the user should be on home page......................................passed]]></system-out>
  </testcase>
  <testcase classname="🃏 Game Lobby Page" name="🃏 Game Lobby page is displayed with title, inputs and buttons" time="1.030178936">
    <system-out><![CDATA[Given the user is on game-lobby page......................................passed
Then the heading with name "Game Lobby" should be visible.................passed
And the input with label "Player name" should be visible..................passed
And the button with name "Add" should be visible..........................passed
And the heading with name "Add player names with the input above" shoul...passed
And the button with name "Random composition" should be visible...........passed
And the button with name "Start game" should be visible...................passed
And the page should match the snapshot with name "Game Lobby Page witho...passed]]></system-out>
  </testcase>
  <testcase classname="🃏 Game Lobby Page" name="🃏 User adds a player" time="0.332573605">
    <system-out><![CDATA[Given the user is on game-lobby page......................................passed
Then the input with label "Player name" should be empty...................passed
And the input with label "Please enter a player name" should be visible...passed
When the user enters the player with name "Antoine" in game lobby.........passed
Then the input with label "Player name" should be empty...................passed
And the heading with name "Add player names with the input above" shoul...passed
And the player with name "Antoine" should be in the lobby.................passed
And the player with name "Antoine" should not have a role.................passed]]></system-out>
  </testcase>
  <testcase classname="🃏 Game Lobby Page" name="🃏 User can't add twice the same player" time="0.7252976010000001">
    <system-out><![CDATA[Given the user is on game-lobby page......................................passed
When the user enters the player with name "Antoine" in game lobby.........passed
Then the input with label "Player name" should be empty...................passed
When the user types "Antoine" in the input with label "Player name".......passed
Then the button with name "Add" should be disabled........................passed
And the input with label "This player name is already taken" should be ...passed]]></system-out>
  </testcase>
  <testcase classname="🃏 Game Lobby Page" name="🃏 User can't add a player with an empty name but input is emptied" time="0.3194394669999999">
    <system-out><![CDATA[Given the user is on game-lobby page......................................passed
When the user types "          " in the input with label "Player name"....passed
And the user clicks on the button with name "Add".........................passed
Then the input with label "Player name" should be empty...................passed
And the heading with name "Add player names with the input above" shoul...passed]]></system-out>
  </testcase>
  <testcase classname="🃏 Game Lobby Page" name="🃏 User can't add a player with a name longer than 30 characters" time="0.61641928">
    <system-out><![CDATA[Given the user is on game-lobby page......................................passed
When the user types "AntoineAntoineAntoineAntoineAn" in the input with ...passed
Then the input with label "The player name must not exceed 30 character...passed]]></system-out>
  </testcase>
  <testcase classname="🃏 Game Lobby Page" name="🃏 User can't add a player if game has reached 40 players" time="3.2281908290000008">
    <system-out><![CDATA[Given the user is on game-lobby page......................................passed
When the user enters the player with name "Antoine" in game lobby.........passed
And the user enters the player with name "Benoit" in game lobby...........passed
And the user enters the player with name "Clement" in game lobby..........passed
And the user enters the player with name "David" in game lobby............passed
And the user enters the player with name "Eliott" in game lobby...........passed
And the user enters the player with name "Fabien" in game lobby...........passed
And the user enters the player with name "Gael" in game lobby.............passed
And the user enters the player with name "Hugo" in game lobby.............passed
And the user enters the player with name "Isaac" in game lobby............passed
And the user enters the player with name "Julien" in game lobby...........passed
And the user enters the player with name "Kevin" in game lobby............passed
And the user enters the player with name "Louis" in game lobby............passed
And the user enters the player with name "Maxime" in game lobby...........passed
And the user enters the player with name "Nathan" in game lobby...........passed
And the user enters the player with name "Olivier" in game lobby..........passed
And the user enters the player with name "Paul" in game lobby.............passed
And the user enters the player with name "Quentin" in game lobby..........passed
And the user enters the player with name "Romain" in game lobby...........passed
And the user enters the player with name "Sylvain" in game lobby..........passed
And the user enters the player with name "Theo" in game lobby.............passed
And the user enters the player with name "Ulysse" in game lobby...........passed
And the user enters the player with name "Valentin" in game lobby.........passed
And the user enters the player with name "William" in game lobby..........passed
And the user enters the player with name "Xavier" in game lobby...........passed
And the user enters the player with name "Yann" in game lobby.............passed
And the user enters the player with name "Zacharie" in game lobby.........passed
And the user enters the player with name "Aurelien" in game lobby.........passed
And the user enters the player with name "Bastien" in game lobby..........passed
And the user enters the player with name "Cedric" in game lobby...........passed
And the user enters the player with name "Dorian" in game lobby...........passed
And the user enters the player with name "Emmanuel" in game lobby.........passed
And the user enters the player with name "Florian" in game lobby..........passed
And the user enters the player with name "Guillaume" in game lobby........passed
And the user enters the player with name "Herve" in game lobby............passed
And the user enters the player with name "Ibrahim" in game lobby..........passed
And the user enters the player with name "Jerome" in game lobby...........passed
And the user enters the player with name "Kamel" in game lobby............passed
And the user enters the player with name "Lionel" in game lobby...........passed
And the user enters the player with name "Mathieu" in game lobby..........passed
And the user enters the player with name "Nabil" in game lobby............passed
Then the input with label "Player name" should be disabled................passed
And the input with label "Maximum number of players reached" should be ...passed
And the button with name "Add" should be disabled.........................passed
And the page should match the snapshot with name "Game Lobby Page with ...passed]]></system-out>
  </testcase>
  <testcase classname="🃏 Game Lobby Page" name="🃏 User deletes a player" time="0.358963723">
    <system-out><![CDATA[Given the user is on game-lobby page......................................passed
When the user enters the player with name "Antoine" in game lobby.........passed
Then the player with name "Antoine" should be in the lobby................passed
When the user clicks on the button with name "Remove player Antoine"......passed
Then the heading with name "Add player names with the input above" shou...passed
And the player with name "Antoine" should not be in the lobby.............passed]]></system-out>
  </testcase>
  <testcase classname="🃏 Game Lobby Page" name="🃏 User generates a random composition for 4 players" time="0.5434958879999999">
    <system-out><![CDATA[Given the user is on game-lobby page......................................passed
When the user enters the player with name "Antoine" in game lobby.........passed
And the user enters the player with name "Benoit" in game lobby...........passed
And the user enters the player with name "Clement" in game lobby..........passed
And the user enters the player with name "David" in game lobby............passed
And the user clicks on the button with name "Random composition"..........passed
Then the player with name "Antoine" should have a role....................passed
And the player with name "Benoit" should have a role......................passed
And the player with name "Clement" should have a role.....................passed
And the player with name "David" should have a role.......................passed]]></system-out>
  </testcase>
  <testcase classname="🃏 Game Lobby Page" name="🃏 User can't generate random composition if there is less than 4 players" time="0.5086038">
    <system-out><![CDATA[Given the user is on game-lobby page......................................passed
Then the button with name "Random composition" should be disabled.........passed
When the user hovers the button with name "Random composition"............passed
Then the tooltip with text "The minimum number of players is not reache...passed
When the user enters the player with name "Antoine" in game lobby.........passed
And the user enters the player with name "Benoit" in game lobby...........passed
And the user enters the player with name "Clement" in game lobby..........passed
And the user enters the player with name "David" in game lobby............passed
Then the button with name "Random composition" should be enabled..........passed
When the user hovers the button with name "Random composition"............passed
Then the tooltip with text "The minimum number of players is not reache...passed]]></system-out>
  </testcase>
  <testcase classname="🃏 Game Lobby Page" name="🃏 User can't start the game if there is less than 4 players" time="0.283699702">
    <system-out><![CDATA[Given the user is on game-lobby page......................................passed
Then the button with name "Start game" should be disabled.................passed
When the user hovers the button with name "Start game"....................passed
Then the tooltip with text "The minimum number of players is not reache...passed]]></system-out>
  </testcase>
  <testcase classname="🃏 Game Lobby Page" name="🃏 User starts a game with random composition" time="0.739171521">
    <system-out><![CDATA[Given the user is on game-lobby page......................................passed
When the user enters the player with name "Antoine" in game lobby.........passed
And the user enters the player with name "Benoit" in game lobby...........passed
And the user enters the player with name "Clement" in game lobby..........passed
And the user enters the player with name "David" in game lobby............passed
And the user clicks on the button with name "Random composition"..........passed
And the user clicks on the button with name "Start game"..................passed
Then the user should be on game page with any id..........................passed
And the toast with text "Game created" should be visible..................passed]]></system-out>
  </testcase>
  <testcase classname="🃏 Game Lobby Page" name="🃏 User goes back on home page by clicking on werewolves assistant logo in navigation bar" time="0.283310796">
    <system-out><![CDATA[Given the user is on game-lobby page......................................passed
When the user clicks on werewolves assistant logo in navigation bar.......passed
Then the user should be on home page......................................passed]]></system-out>
  </testcase>
  <testcase classname="🃏 Game Lobby Page" name="🃏 User goes back on home page by clicking on back to home page button in parameters dropdown" time="0.551438067">
    <system-out><![CDATA[Given the user is on game-lobby page......................................passed
When the user clicks on parameters button in navigation bar...............passed
And the user clicks on the back to home button in parameters in navigat...passed
Then the user should be on home page......................................passed]]></system-out>
  </testcase>
  <testcase classname="🎲🚫 Game Canceled" name="🎲🚫 User cancels a game when it is playing" time="1.781629182">
    <system-out><![CDATA[Given the user creates a game with 4 random role players..................passed
When the user clicks on parameters button in navigation bar...............passed
And the user clicks on the cancel game button in parameters in navigati...passed
Then the heading with name "Game canceled" should be visible..............passed
And the link with name "Create another game" should be visible............passed
And the link with name "Back to home" should be visible...................passed
And the toast with text "Game canceled" should be visible.................passed
And the page should match the snapshot with name "Game canceled"..........passed]]></system-out>
  </testcase>
  <testcase classname="🎲🚫 Game Canceled" name="🎲🚫 User can't cancel a game when it is already canceled" time="0.890863174">
    <system-out><![CDATA[Given the user creates a game with 4 random role players..................passed
When the user clicks on parameters button in navigation bar...............passed
And the user clicks on the cancel game button in parameters in navigati...passed
When the user clicks on parameters button in navigation bar...............passed
Then the cancel game button in parameters in navigation bar should be d...passed]]></system-out>
  </testcase>
  <testcase classname="🎲🚫 Game Canceled" name="🎲🚫 User creates a new game after canceling a game" time="5.145837279">
    <failure type="Error" message="function timed out, ensure the promise resolves within 5000 milliseconds"><![CDATA[Error: function timed out, ensure the promise resolves within 5000 milliseconds
    at Timeout.<anonymous> (/home/runner/work/werewolves-assistant-web-next/werewolves-assistant-web-next/node_modules/.pnpm/@cucumber+cucumber@10.3.1/node_modules/@cucumber/cucumber/lib/time.js:54:20)
    at listOnTimeout (node:internal/timers:573:17)
    at process.processTimers (node:internal/timers:514:7)]]></failure>
    <system-out><![CDATA[Given the user creates a game with 4 random role players..................failed
When the user clicks on parameters button in navigation bar..............skipped
And the user clicks on the cancel game button in parameters in navigat...skipped
And the user clicks on the link with name "Create another game"..........skipped
Then the user should be on game-lobby page...............................skipped]]></system-out>
  </testcase>
  <testcase classname="🎲🚫 Game Canceled" name="🎲🚫 User goes back to home after canceling a game" time="5.13556048">
    <failure type="Error" message="function timed out, ensure the promise resolves within 5000 milliseconds"><![CDATA[Error: function timed out, ensure the promise resolves within 5000 milliseconds
    at Timeout.<anonymous> (/home/runner/work/werewolves-assistant-web-next/werewolves-assistant-web-next/node_modules/.pnpm/@cucumber+cucumber@10.3.1/node_modules/@cucumber/cucumber/lib/time.js:54:20)
    at listOnTimeout (node:internal/timers:573:17)
    at process.processTimers (node:internal/timers:514:7)]]></failure>
    <system-out><![CDATA[Given the user creates a game with 4 random role players..................failed
When the user clicks on parameters button in navigation bar..............skipped
And the user clicks on the cancel game button in parameters in navigat...skipped
And the user clicks on the link with name "Back to home".................skipped
Then the user should be on home page.....................................skipped]]></system-out>
  </testcase>
  <testcase classname="🎲🚫 Game Canceled" name="🎲🚫User goes back on home page by clicking on werewolves assistant logo in navigation bar" time="5.1299231469999995">
    <failure type="Error" message="function timed out, ensure the promise resolves within 5000 milliseconds"><![CDATA[Error: function timed out, ensure the promise resolves within 5000 milliseconds
    at Timeout.<anonymous> (/home/runner/work/werewolves-assistant-web-next/werewolves-assistant-web-next/node_modules/.pnpm/@cucumber+cucumber@10.3.1/node_modules/@cucumber/cucumber/lib/time.js:54:20)
    at listOnTimeout (node:internal/timers:573:17)
    at process.processTimers (node:internal/timers:514:7)]]></failure>
    <system-out><![CDATA[Given the user creates a game with 4 random role players..................failed
When the user clicks on parameters button in navigation bar..............skipped
And the user clicks on the cancel game button in parameters in navigat...skipped
And the user clicks on werewolves assistant logo in navigation bar.......skipped
Then the user should be on home page.....................................skipped]]></system-out>
  </testcase>
  <testcase classname="🎲🚫 Game Canceled" name="🎲🚫User goes back on home page by clicking on back to home page button in parameters dropdown" time="5.1315671919999994">
    <failure type="Error" message="function timed out, ensure the promise resolves within 5000 milliseconds"><![CDATA[Error: function timed out, ensure the promise resolves within 5000 milliseconds
    at Timeout.<anonymous> (/home/runner/work/werewolves-assistant-web-next/werewolves-assistant-web-next/node_modules/.pnpm/@cucumber+cucumber@10.3.1/node_modules/@cucumber/cucumber/lib/time.js:54:20)
    at listOnTimeout (node:internal/timers:573:17)
    at process.processTimers (node:internal/timers:514:7)]]></failure>
    <system-out><![CDATA[Given the user creates a game with 4 random role players..................failed
When the user clicks on parameters button in navigation bar..............skipped
And the user clicks on the cancel game button in parameters in navigat...skipped
And the user clicks on parameters button in navigation bar...............skipped
And the user clicks on the back to home button in parameters in naviga...skipped
Then the user should be on home page.....................................skipped]]></system-out>
  </testcase>
  <testcase classname="🎲❓Game Not Found" name="🎲❓Game not found page is displayed when game is not found" time="1.015737822">
    <system-out><![CDATA[Given the user goes on an unknown game....................................passed
Then the heading with name "Game not found… Did you get lost ?" should ...passed
And the link with name "Create another game" should be visible............passed
And the link with name "Back to home" should be visible...................passed
And the toast with text "Bad request" should be visible...................passed
And the page should match the snapshot with name "Game not found".........passed]]></system-out>
  </testcase>
  <testcase classname="🎲❓Game Not Found" name="🎲❓User creates a new game from the game not found page" time="0.31653550900000005">
    <system-out><![CDATA[Given the user goes on an unknown game....................................passed
When the user clicks on the link with name "Create another game"..........passed
Then the user should be on game-lobby page................................passed]]></system-out>
  </testcase>
  <testcase classname="🎲❓Game Not Found" name="🎲❓User goes to home from the game not found page" time="0.37739257100000007">
    <system-out><![CDATA[Given the user goes on an unknown game....................................passed
When the user clicks on the link with name "Back to home".................passed
Then the user should be on home page......................................passed]]></system-out>
  </testcase>
  <testcase classname="🎲❓Game Not Found" name="🎲❓User goes back on home page by clicking on werewolves assistant logo in navigation bar" time="0.26875207799999995">
    <system-out><![CDATA[Given the user goes on an unknown game....................................passed
When the user clicks on werewolves assistant logo in navigation bar.......passed
Then the user should be on home page......................................passed]]></system-out>
  </testcase>
  <testcase classname="🎲❓Game Not Found" name="🎲❓User goes back on home page by clicking on back to home page button in parameters dropdown" time="0.330912674">
    <system-out><![CDATA[Given the user goes on an unknown game....................................passed
When the user clicks on parameters button in navigation bar...............passed
And the user clicks on the back to home button in parameters in navigat...passed
Then the user should be on home page......................................passed]]></system-out>
  </testcase>
  <testcase classname="🏠 Home Page" name="🏠 Home Page is displayed with logo, title and many links" time="1.023411169">
    <system-out><![CDATA[Given the user is on home page............................................passed
Then the img with name "Werewolves Assistant logo" should be visible......passed
And the heading with name "Werewolves Assistant" should be visible........passed
And the link with name "Play" should be visible...........................passed
And the link with name "What is it ?" should be visible...................passed
And the link with name "Contact me" should be visible.....................passed
And the link with name "Contact me" should have the following attribute...passed
And the link with name "This project is open-source!" should be visible...passed
And the page should match the snapshot with name "Home Page"..............passed]]></system-out>
  </testcase>
  <testcase classname="🏠 Home Page" name="🏠 Home Page doesn't have navigation bar" time="0.22812819699999998">
    <system-out><![CDATA[Given the user is on home page............................................passed
Then the navigation with name "Navigation bar" should be hidden...........passed]]></system-out>
  </testcase>
  <testcase classname="🏠 Home Page" name="🏠 User goes on the game lobby page" time="0.280038526">
    <system-out><![CDATA[Given the user is on home page............................................passed
When the user clicks on the link with name "Play".........................passed
Then the user should be on game-lobby page................................passed]]></system-out>
  </testcase>
  <testcase classname="🏠 Home Page" name="🏠 User goes on the about page" time="0.30332153999999995">
    <system-out><![CDATA[Given the user is on home page............................................passed
When the user clicks on the link with name "What is it ?".................passed
Then the user should be on about page.....................................passed]]></system-out>
  </testcase>
  <testcase classname="🏠 Home Page" name="🏠 User goes on the GitHub repository page through the link" time="0.8521769799999999">
    <system-out><![CDATA[Given the user is on home page............................................passed
And the user is about to open a page on new tab...........................passed
When the user clicks on the link with name "This project is open-source...passed
Then a new page should be opened with url "https://github.com/antoineza...passed]]></system-out>
  </testcase>
  <testcase classname="🧭 Navigation bar" name="🧭 Navigation bar is displayed with logo and many buttons" time="0.6537262309999999">
    <system-out><![CDATA[Given the user is on about page...........................................passed
Then the link with name "Werewolves Assistant" in navigation bar should...passed
And the img with name "Werewolves Assistant" in navigation bar should b...passed
And the button with name "Parameters" in navigation bar should be visib...passed
When the user hovers the button with name "Parameters" in navigation ba...passed
Then the tooltip with text "Parameters" should be visible.................passed]]></system-out>
  </testcase>
  <testcase classname="🧭 Navigation bar" name="🧭 Navigation bar doesn't display the game section in parameters when the user is not on the game page" time="0.616110153">
    <system-out><![CDATA[Given the user is on about page...........................................passed
When the user clicks on parameters button in navigation bar...............passed
Then the game section in parameters in navigation bar should be hidden....passed]]></system-out>
  </testcase>
  <testcase classname="🧭 Navigation bar" name="🧭 Navigation bar doesn't display the game section in parameters when the user is on unknown game page" time="0.28913094199999995">
    <system-out><![CDATA[Given the user goes on an unknown game....................................passed
When the user clicks on parameters button in navigation bar...............passed
Then the game section in parameters in navigation bar should be hidden....passed]]></system-out>
  </testcase>
  <testcase classname="🧭 Navigation bar" name="🧭 Navigation bar displays the game section in parameters when the user is on the game page" time="0.7753529400000001">
    <system-out><![CDATA[Given the user creates a game with 4 random role players..................passed
When the user clicks on parameters button in navigation bar...............passed
Then the game section in parameters in navigation bar should be visible...passed]]></system-out>
  </testcase>
</testsuite>