{"/home/runner/work/werewolves-assistant-web-next/werewolves-assistant-web-next/app.vue": {"path":"/home/runner/work/werewolves-assistant-web-next/werewolves-assistant-web-next/app.vue","statementMap":{"0":{"start":{"line":16,"column":19},"end":{"line":16,"column":null}},"1":{"start":{"line":17,"column":0},"end":{"line":17,"column":null}},"2":{"start":{"line":2,"column":2},"end":{"line":1,"column":null}},"3":{"start":{"line":5,"column":6},"end":{"line":7,"column":44}}},"fnMap":{"0":{"name":"(anonymous_2)","decl":{"start":{"line":3,"column":4},"end":{"line":3,"column":null}},"loc":{"start":{"line":5,"column":6},"end":{"line":7,"column":44}}}},"branchMap":{},"s":{"0":4,"1":4,"2":4,"3":1},"f":{"0":1},"b":{}}
,"/home/runner/work/werewolves-assistant-web-next/werewolves-assistant-web-next/components/layouts/default/NavBar/NavBar.vue": {"path":"/home/runner/work/werewolves-assistant-web-next/werewolves-assistant-web-next/components/layouts/default/NavBar/NavBar.vue","statementMap":{"0":{"start":{"line":1,"column":0},"end":{"line":1,"column":null}},"1":{"start":{"line":2,"column":2},"end":{"line":1,"column":null}},"2":{"start":{"line":18,"column":8},"end":{"line":24,"column":null}}},"fnMap":{"0":{"name":"(anonymous_3)","decl":{"start":{"line":14,"column":6},"end":{"line":14,"column":null}},"loc":{"start":{"line":18,"column":8},"end":{"line":24,"column":null}}}},"branchMap":{},"s":{"0":3,"1":9,"2":4},"f":{"0":4},"b":{}}
,"/home/runner/work/werewolves-assistant-web-next/werewolves-assistant-web-next/components/layouts/default/NavBar/ParametersMenu/ParametersMenu.vue": {"path":"/home/runner/work/werewolves-assistant-web-next/werewolves-assistant-web-next/components/layouts/default/NavBar/ParametersMenu/ParametersMenu.vue","statementMap":{"0":{"start":{"line":30,"column":18},"end":{"line":30,"column":null}},"1":{"start":{"line":31,"column":44},"end":{"line":31,"column":null}},"2":{"start":{"line":32,"column":17},"end":{"line":32,"column":null}},"3":{"start":{"line":33,"column":14},"end":{"line":33,"column":null}},"4":{"start":{"line":34,"column":28},"end":{"line":34,"column":null}},"5":{"start":{"line":36,"column":22},"end":{"line":49,"column":null}},"6":{"start":{"line":36,"column":48},"end":{"line":49,"column":2}},"7":{"start":{"line":45,"column":8},"end":{"line":45,"column":null}},"8":{"start":{"line":51,"column":28},"end":{"line":61,"column":null}},"9":{"start":{"line":51,"column":55},"end":{"line":61,"column":1}},"10":{"start":{"line":58,"column":6},"end":{"line":58,"column":null}},"11":{"start":{"line":63,"column":23},"end":{"line":63,"column":null}},"12":{"start":{"line":66,"column":2},"end":{"line":68,"column":null}},"13":{"start":{"line":67,"column":4},"end":{"line":67,"column":null}},"14":{"start":{"line":69,"column":2},"end":{"line":69,"column":null}},"15":{"start":{"line":73,"column":2},"end":{"line":73,"column":null}},"16":{"start":{"line":74,"column":2},"end":{"line":74,"column":null}},"17":{"start":{"line":2,"column":7},"end":{"line":2,"column":null}}},"fnMap":{"0":{"name":"(anonymous_1)","decl":{"start":{"line":36,"column":41},"end":{"line":36,"column":48}},"loc":{"start":{"line":36,"column":48},"end":{"line":49,"column":2}}},"1":{"name":"(anonymous_2)","decl":{"start":{"line":44,"column":15},"end":{"line":44,"column":27}},"loc":{"start":{"line":44,"column":27},"end":{"line":46,"column":null}}},"2":{"name":"(anonymous_3)","decl":{"start":{"line":51,"column":49},"end":{"line":51,"column":55}},"loc":{"start":{"line":51,"column":55},"end":{"line":61,"column":1}}},"3":{"name":"(anonymous_4)","decl":{"start":{"line":57,"column":4},"end":{"line":57,"column":20}},"loc":{"start":{"line":57,"column":20},"end":{"line":59,"column":null}}},"4":{"name":"toggleParametersMenu","decl":{"start":{"line":65,"column":9},"end":{"line":65,"column":30}},"loc":{"start":{"line":65,"column":55},"end":{"line":70,"column":null}}},"5":{"name":"cancelGame","decl":{"start":{"line":72,"column":9},"end":{"line":72,"column":28}},"loc":{"start":{"line":72,"column":28},"end":{"line":75,"column":null}}}},"branchMap":{"0":{"loc":{"start":{"line":66,"column":2},"end":{"line":68,"column":null}},"type":"if","locations":[{"start":{"line":66,"column":2},"end":{"line":68,"column":null}},{"start":{"line":66,"column":2},"end":{"line":68,"column":null}}]}},"s":{"0":20,"1":20,"2":20,"3":20,"4":20,"5":20,"6":35,"7":2,"8":20,"9":35,"10":1,"11":20,"12":8,"13":1,"14":7,"15":2,"16":2,"17":4},"f":{"0":35,"1":2,"2":35,"3":1,"4":8,"5":2},"b":{"0":[1,7]}}
,"/home/runner/work/werewolves-assistant-web-next/werewolves-assistant-web-next/components/pages/about/AboutCreator.vue": {"path":"/home/runner/work/werewolves-assistant-web-next/werewolves-assistant-web-next/components/pages/about/AboutCreator.vue","statementMap":{"0":{"start":{"line":4,"column":9},"end":{"line":7,"column":9}},"1":{"start":{"line":16,"column":10},"end":{"line":16,"column":null}},"2":{"start":{"line":20,"column":9},"end":{"line":20,"column":null}},"3":{"start":{"line":22,"column":11},"end":{"line":28,"column":14}},"4":{"start":{"line":33,"column":10},"end":{"line":33,"column":null}},"5":{"start":{"line":37,"column":7},"end":{"line":37,"column":null}},"6":{"start":{"line":41,"column":7},"end":{"line":41,"column":null}}},"fnMap":{},"branchMap":{},"s":{"0":2,"1":2,"2":2,"3":2,"4":2,"5":2,"6":2},"f":{},"b":{}}
,"/home/runner/work/werewolves-assistant-web-next/werewolves-assistant-web-next/components/pages/about/AboutHowToContribute.vue": {"path":"/home/runner/work/werewolves-assistant-web-next/werewolves-assistant-web-next/components/pages/about/AboutHowToContribute.vue","statementMap":{"0":{"start":{"line":2,"column":7},"end":{"line":2,"column":null}},"1":{"start":{"line":7,"column":6},"end":{"line":7,"column":66}},"2":{"start":{"line":16,"column":7},"end":{"line":16,"column":null}},"3":{"start":{"line":20,"column":8},"end":{"line":20,"column":null}},"4":{"start":{"line":23,"column":13},"end":{"line":23,"column":null}},"5":{"start":{"line":34,"column":13},"end":{"line":34,"column":null}}},"fnMap":{},"branchMap":{},"s":{"0":2,"1":2,"2":2,"3":2,"4":2,"5":2},"f":{},"b":{}}
,"/home/runner/work/werewolves-assistant-web-next/werewolves-assistant-web-next/components/pages/about/AboutWerewolvesAssistant.vue": {"path":"/home/runner/work/werewolves-assistant-web-next/werewolves-assistant-web-next/components/pages/about/AboutWerewolvesAssistant.vue","statementMap":{"0":{"start":{"line":4,"column":9},"end":{"line":7,"column":9}},"1":{"start":{"line":16,"column":10},"end":{"line":16,"column":null}},"2":{"start":{"line":20,"column":7},"end":{"line":20,"column":null}},"3":{"start":{"line":24,"column":8},"end":{"line":24,"column":null}},"4":{"start":{"line":36,"column":7},"end":{"line":36,"column":null}},"5":{"start":{"line":41,"column":9},"end":{"line":44,"column":9}},"6":{"start":{"line":53,"column":10},"end":{"line":53,"column":null}},"7":{"start":{"line":57,"column":7},"end":{"line":57,"column":null}}},"fnMap":{},"branchMap":{},"s":{"0":2,"1":2,"2":2,"3":2,"4":2,"5":2,"6":2,"7":2},"f":{},"b":{}}
,"/home/runner/work/werewolves-assistant-web-next/werewolves-assistant-web-next/components/pages/about/AboutWerewolvesGame.vue": {"path":"/home/runner/work/werewolves-assistant-web-next/werewolves-assistant-web-next/components/pages/about/AboutWerewolvesGame.vue","statementMap":{"0":{"start":{"line":3,"column":9},"end":{"line":3,"column":50}},"1":{"start":{"line":5,"column":11},"end":{"line":8,"column":11}},"2":{"start":{"line":16,"column":11},"end":{"line":23,"column":14}},"3":{"start":{"line":31,"column":9},"end":{"line":37,"column":9}}},"fnMap":{},"branchMap":{},"s":{"0":2,"1":2,"2":2,"3":2},"f":{},"b":{}}
,"/home/runner/work/werewolves-assistant-web-next/werewolves-assistant-web-next/components/pages/about/AboutAvailableRoles/AboutAvailableRoles.vue": {"path":"/home/runner/work/werewolves-assistant-web-next/werewolves-assistant-web-next/components/pages/about/AboutAvailableRoles/AboutAvailableRoles.vue","statementMap":{"0":{"start":{"line":72,"column":14},"end":{"line":72,"column":null}},"1":{"start":{"line":73,"column":29},"end":{"line":73,"column":null}},"2":{"start":{"line":74,"column":18},"end":{"line":74,"column":null}},"3":{"start":{"line":76,"column":27},"end":{"line":81,"column":null}},"4":{"start":{"line":77,"column":2},"end":{"line":79,"column":null}},"5":{"start":{"line":78,"column":4},"end":{"line":78,"column":null}},"6":{"start":{"line":80,"column":2},"end":{"line":80,"column":null}},"7":{"start":{"line":84,"column":2},"end":{"line":84,"column":null}},"8":{"start":{"line":88,"column":2},"end":{"line":88,"column":null}},"9":{"start":{"line":2,"column":7},"end":{"line":2,"column":null}},"10":{"start":{"line":3,"column":9},"end":{"line":3,"column":null}},"11":{"start":{"line":12,"column":10},"end":{"line":12,"column":null}},"12":{"start":{"line":1,"column":0},"end":{"line":1,"column":null}},"13":{"start":{"line":31,"column":9},"end":{"line":31,"column":null}},"14":{"start":{"line":42,"column":17},"end":{"line":42,"column":null}},"15":{"start":{"line":49,"column":19},"end":{"line":49,"column":null}},"16":{"start":{"line":36,"column":8},"end":{"line":1,"column":null}},"17":{"start":{"line":55,"column":55},"end":{"line":null,"column":-1}}},"fnMap":{"0":{"name":"(anonymous_1)","decl":{"start":{"line":76,"column":56},"end":{"line":76,"column":62}},"loc":{"start":{"line":76,"column":62},"end":{"line":81,"column":1}}},"1":{"name":"getAvailableRoleAccordionHeaderAriaLabel","decl":{"start":{"line":83,"column":9},"end":{"line":83,"column":50}},"loc":{"start":{"line":83,"column":79},"end":{"line":85,"column":null}}},"2":{"name":"getAvailableRoleHeaderImageAlt","decl":{"start":{"line":87,"column":9},"end":{"line":87,"column":40}},"loc":{"start":{"line":87,"column":69},"end":{"line":89,"column":null}}},"3":{"name":"(anonymous_9)","decl":{"start":{"line":55,"column":10},"end":{"line":55,"column":42}},"loc":{"start":{"line":55,"column":55},"end":{"line":null,"column":-1}}}},"branchMap":{"0":{"loc":{"start":{"line":77,"column":2},"end":{"line":79,"column":null}},"type":"if","locations":[{"start":{"line":77,"column":2},"end":{"line":79,"column":null}},{"start":{"line":77,"column":2},"end":{"line":79,"column":null}}]},"1":{"loc":{"start":{"line":20,"column":13},"end":{"line":30,"column":null}},"type":"cond-expr","locations":[{"start":{"line":20,"column":13},"end":{"line":30,"column":null}}]}},"s":{"0":15,"1":15,"2":15,"3":15,"4":20,"5":15,"6":5,"7":15,"8":15,"9":2,"10":2,"11":2,"12":2,"13":2,"14":2,"15":2,"16":15,"17":30},"f":{"0":20,"1":15,"2":15,"3":30},"b":{"0":[15,5],"1":[15]}}
,"/home/runner/work/werewolves-assistant-web-next/werewolves-assistant-web-next/components/pages/about/AboutAvailableRoles/AboutAvailableRoleDescription/AboutAvailableRoleDescription.vue": {"path":"/home/runner/work/werewolves-assistant-web-next/werewolves-assistant-web-next/components/pages/about/AboutAvailableRoles/AboutAvailableRoleDescription/AboutAvailableRoleDescription.vue","statementMap":{"0":{"start":{"line":52,"column":14},"end":{"line":52,"column":null}},"1":{"start":{"line":54,"column":32},"end":{"line":54,"column":null}},"2":{"start":{"line":56,"column":29},"end":{"line":56,"column":null}},"3":{"start":{"line":58,"column":29},"end":{"line":67,"column":null}},"4":{"start":{"line":61,"column":29},"end":{"line":61,"column":null}},"5":{"start":{"line":62,"column":34},"end":{"line":62,"column":null}},"6":{"start":{"line":63,"column":2},"end":{"line":65,"column":null}},"7":{"start":{"line":64,"column":4},"end":{"line":64,"column":null}},"8":{"start":{"line":66,"column":2},"end":{"line":66,"column":null}},"9":{"start":{"line":66,"column":57},"end":{"line":66,"column":141}},"10":{"start":{"line":70,"column":2},"end":{"line":70,"column":null}},"11":{"start":{"line":2,"column":7},"end":{"line":2,"column":null}},"12":{"start":{"line":14,"column":10},"end":{"line":14,"column":null}},"13":{"start":{"line":33,"column":6},"end":{"line":38,"column":null}}},"fnMap":{"0":{"name":"(anonymous_1)","decl":{"start":{"line":58,"column":48},"end":{"line":58,"column":54}},"loc":{"start":{"line":58,"column":54},"end":{"line":67,"column":1}}},"1":{"name":"(anonymous_2)","decl":{"start":{"line":66,"column":50},"end":{"line":66,"column":57}},"loc":{"start":{"line":66,"column":57},"end":{"line":66,"column":141}}},"2":{"name":"getRoleDescriptionLeftImageAlt","decl":{"start":{"line":69,"column":9},"end":{"line":69,"column":40}},"loc":{"start":{"line":69,"column":69},"end":{"line":71,"column":null}}},"3":{"name":"(anonymous_5)","decl":{"start":{"line":1,"column":0},"end":{"line":1,"column":null}},"loc":{"start":{"line":34,"column":19},"end":{"line":38,"column":null}}}},"branchMap":{"0":{"loc":{"start":{"line":63,"column":2},"end":{"line":65,"column":null}},"type":"if","locations":[{"start":{"line":63,"column":2},"end":{"line":65,"column":null}},{"start":{"line":63,"column":2},"end":{"line":65,"column":null}}]}},"s":{"0":9,"1":9,"2":9,"3":9,"4":9,"5":9,"6":9,"7":1,"8":8,"9":32,"10":9,"11":3,"12":3,"13":32},"f":{"0":9,"1":32,"2":9,"3":32},"b":{"0":[1,8]}}
,"/home/runner/work/werewolves-assistant-web-next/werewolves-assistant-web-next/components/pages/game-lobby/GameLobbyFooter/GameLobbyFooter.vue": {"path":"/home/runner/work/werewolves-assistant-web-next/werewolves-assistant-web-next/components/pages/game-lobby/GameLobbyFooter/GameLobbyFooter.vue","statementMap":{"0":{"start":{"line":6,"column":9},"end":{"line":6,"column":null}},"1":{"start":{"line":10,"column":9},"end":{"line":10,"column":null}},"2":{"start":{"line":14,"column":4},"end":{"line":14,"column":25}},"3":{"start":{"line":2,"column":2},"end":{"line":14,"column":9}}},"fnMap":{},"branchMap":{},"s":{"0":2,"1":2,"2":2,"3":1},"f":{},"b":{}}
,"/home/runner/work/werewolves-assistant-web-next/werewolves-assistant-web-next/components/pages/game-lobby/GameLobbyFooter/GameLobbyRandomCompositionButton/GameLobbyRandomCompositionButton.vue": {"path":"/home/runner/work/werewolves-assistant-web-next/werewolves-assistant-web-next/components/pages/game-lobby/GameLobbyFooter/GameLobbyRandomCompositionButton/GameLobbyRandomCompositionButton.vue","statementMap":{"0":{"start":{"line":29,"column":39},"end":{"line":29,"column":null}},"1":{"start":{"line":31,"column":14},"end":{"line":31,"column":null}},"2":{"start":{"line":33,"column":27},"end":{"line":33,"column":null}},"3":{"start":{"line":34,"column":26},"end":{"line":34,"column":null}},"4":{"start":{"line":35,"column":38},"end":{"line":35,"column":null}},"5":{"start":{"line":36,"column":36},"end":{"line":36,"column":null}},"6":{"start":{"line":38,"column":42},"end":{"line":38,"column":null}},"7":{"start":{"line":40,"column":25},"end":{"line":45,"column":null}},"8":{"start":{"line":41,"column":2},"end":{"line":43,"column":null}},"9":{"start":{"line":42,"column":4},"end":{"line":42,"column":null}},"10":{"start":{"line":44,"column":2},"end":{"line":44,"column":null}},"11":{"start":{"line":48,"column":2},"end":{"line":48,"column":null}},"12":{"start":{"line":49,"column":32},"end":{"line":56,"column":null}},"13":{"start":{"line":57,"column":2},"end":{"line":59,"column":null}},"14":{"start":{"line":58,"column":4},"end":{"line":58,"column":null}},"15":{"start":{"line":60,"column":2},"end":{"line":60,"column":null}},"16":{"start":{"line":3,"column":4},"end":{"line":3,"column":null}}},"fnMap":{"0":{"name":"(anonymous_1)","decl":{"start":{"line":40,"column":54},"end":{"line":40,"column":60}},"loc":{"start":{"line":40,"column":60},"end":{"line":45,"column":1}}},"1":{"name":"handleRandomCompositionButtonClick","decl":{"start":{"line":47,"column":15},"end":{"line":47,"column":67}},"loc":{"start":{"line":47,"column":67},"end":{"line":61,"column":null}}}},"branchMap":{"0":{"loc":{"start":{"line":41,"column":2},"end":{"line":43,"column":null}},"type":"if","locations":[{"start":{"line":41,"column":2},"end":{"line":43,"column":null}},{"start":{"line":41,"column":2},"end":{"line":43,"column":null}}]},"1":{"loc":{"start":{"line":57,"column":2},"end":{"line":59,"column":null}},"type":"if","locations":[{"start":{"line":57,"column":2},"end":{"line":59,"column":null}},{"start":{"line":57,"column":2},"end":{"line":59,"column":null}}]}},"s":{"0":12,"1":12,"2":12,"3":12,"4":12,"5":12,"6":12,"7":12,"8":19,"9":12,"10":7,"11":5,"12":5,"13":5,"14":4,"15":5,"16":3},"f":{"0":19,"1":5},"b":{"0":[12,7],"1":[4,1]}}
,"/home/runner/work/werewolves-assistant-web-next/werewolves-assistant-web-next/components/pages/game-lobby/GameLobbyFooter/GameLobbyStartGameButton/GameLobbyStartGameButton.vue": {"path":"/home/runner/work/werewolves-assistant-web-next/werewolves-assistant-web-next/components/pages/game-lobby/GameLobbyFooter/GameLobbyStartGameButton/GameLobbyStartGameButton.vue","statementMap":{"0":{"start":{"line":28,"column":14},"end":{"line":28,"column":null}},"1":{"start":{"line":30,"column":28},"end":{"line":30,"column":null}},"2":{"start":{"line":32,"column":23},"end":{"line":32,"column":null}},"3":{"start":{"line":34,"column":27},"end":{"line":34,"column":null}},"4":{"start":{"line":35,"column":26},"end":{"line":35,"column":null}},"5":{"start":{"line":36,"column":56},"end":{"line":36,"column":null}},"6":{"start":{"line":38,"column":28},"end":{"line":38,"column":null}},"7":{"start":{"line":40,"column":25},"end":{"line":40,"column":null}},"8":{"start":{"line":40,"column":60},"end":{"line":40,"column":97}},"9":{"start":{"line":43,"column":2},"end":{"line":43,"column":null}},"10":{"start":{"line":44,"column":22},"end":{"line":44,"column":null}},"11":{"start":{"line":45,"column":2},"end":{"line":48,"column":null}},"12":{"start":{"line":46,"column":4},"end":{"line":46,"column":null}},"13":{"start":{"line":47,"column":4},"end":{"line":47,"column":null}},"14":{"start":{"line":49,"column":2},"end":{"line":49,"column":null}},"15":{"start":{"line":3,"column":4},"end":{"line":3,"column":null}}},"fnMap":{"0":{"name":"(anonymous_1)","decl":{"start":{"line":40,"column":54},"end":{"line":40,"column":60}},"loc":{"start":{"line":40,"column":60},"end":{"line":40,"column":97}}},"1":{"name":"handleStartGameButtonClick","decl":{"start":{"line":42,"column":15},"end":{"line":42,"column":59}},"loc":{"start":{"line":42,"column":59},"end":{"line":50,"column":null}}}},"branchMap":{"0":{"loc":{"start":{"line":45,"column":2},"end":{"line":48,"column":null}},"type":"if","locations":[{"start":{"line":45,"column":2},"end":{"line":48,"column":null}},{"start":{"line":45,"column":2},"end":{"line":48,"column":null}}]}},"s":{"0":13,"1":13,"2":13,"3":13,"4":13,"5":13,"6":13,"7":13,"8":21,"9":6,"10":6,"11":6,"12":2,"13":2,"14":6,"15":3},"f":{"0":21,"1":6},"b":{"0":[2,4]}}
,"/home/runner/work/werewolves-assistant-web-next/werewolves-assistant-web-next/components/pages/game-lobby/GameLobbyHeader/GameLobbyHeader.vue": {"path":"/home/runner/work/werewolves-assistant-web-next/werewolves-assistant-web-next/components/pages/game-lobby/GameLobbyHeader/GameLobbyHeader.vue","statementMap":{"0":{"start":{"line":33,"column":27},"end":{"line":33,"column":null}},"1":{"start":{"line":35,"column":25},"end":{"line":35,"column":null}},"2":{"start":{"line":37,"column":29},"end":{"line":37,"column":null}},"3":{"start":{"line":40,"column":2},"end":{"line":42,"column":null}},"4":{"start":{"line":41,"column":4},"end":{"line":41,"column":null}},"5":{"start":{"line":43,"column":2},"end":{"line":45,"column":null}},"6":{"start":{"line":44,"column":4},"end":{"line":44,"column":null}},"7":{"start":{"line":46,"column":34},"end":{"line":46,"column":null}},"8":{"start":{"line":47,"column":2},"end":{"line":47,"column":null}},"9":{"start":{"line":48,"column":2},"end":{"line":50,"column":null}},"10":{"start":{"line":49,"column":4},"end":{"line":49,"column":null}},"11":{"start":{"line":51,"column":43},"end":{"line":55,"column":null}},"12":{"start":{"line":56,"column":2},"end":{"line":56,"column":null}},"13":{"start":{"line":2,"column":7},"end":{"line":2,"column":null}},"14":{"start":{"line":10,"column":9},"end":{"line":10,"column":null}},"15":{"start":{"line":11,"column":11},"end":{"line":11,"column":null}},"16":{"start":{"line":19,"column":21},"end":{"line":19,"column":null}}},"fnMap":{"0":{"name":"addPlayerToCreateGameDto","decl":{"start":{"line":39,"column":9},"end":{"line":39,"column":42}},"loc":{"start":{"line":39,"column":42},"end":{"line":57,"column":null}}},"1":{"name":"(anonymous_3)","decl":{"start":{"line":1,"column":0},"end":{"line":1,"column":null}},"loc":{"start":{"line":19,"column":21},"end":{"line":19,"column":null}}}},"branchMap":{"0":{"loc":{"start":{"line":40,"column":2},"end":{"line":42,"column":null}},"type":"if","locations":[{"start":{"line":40,"column":2},"end":{"line":42,"column":null}},{"start":{"line":40,"column":2},"end":{"line":42,"column":null}}]},"1":{"loc":{"start":{"line":43,"column":2},"end":{"line":45,"column":null}},"type":"if","locations":[{"start":{"line":43,"column":2},"end":{"line":45,"column":null}},{"start":{"line":43,"column":2},"end":{"line":45,"column":null}}]},"2":{"loc":{"start":{"line":48,"column":2},"end":{"line":50,"column":null}},"type":"if","locations":[{"start":{"line":48,"column":2},"end":{"line":50,"column":null}},{"start":{"line":48,"column":2},"end":{"line":50,"column":null}}]},"3":{"loc":{"start":{"line":1,"column":0},"end":{"line":19,"column":null}},"type":"binary-expr","locations":[{"start":{"line":1,"column":0},"end":{"line":1,"column":null}},{"start":{"line":1,"column":0},"end":{"line":19,"column":null}}]}},"s":{"0":10,"1":10,"2":10,"3":6,"4":1,"5":5,"6":2,"7":3,"8":3,"9":3,"10":1,"11":2,"12":2,"13":2,"14":2,"15":2,"16":7},"f":{"0":6,"1":7},"b":{"0":[1,5],"1":[2,3],"2":[1,2],"3":[17,10]}}
,"/home/runner/work/werewolves-assistant-web-next/werewolves-assistant-web-next/components/pages/game-lobby/GameLobbyHeader/GameLobbyPlayerInput/GameLobbyPlayerInput.vue": {"path":"/home/runner/work/werewolves-assistant-web-next/werewolves-assistant-web-next/components/pages/game-lobby/GameLobbyHeader/GameLobbyPlayerInput/GameLobbyPlayerInput.vue","statementMap":{"0":{"start":{"line":60,"column":14},"end":{"line":60,"column":null}},"1":{"start":{"line":62,"column":27},"end":{"line":62,"column":null}},"2":{"start":{"line":64,"column":26},"end":{"line":64,"column":null}},"3":{"start":{"line":66,"column":19},"end":{"line":66,"column":null}},"4":{"start":{"line":68,"column":34},"end":{"line":68,"column":null}},"5":{"start":{"line":68,"column":58},"end":{"line":68,"column":138}},"6":{"start":{"line":68,"column":105},"end":{"line":68,"column":137}},"7":{"start":{"line":70,"column":38},"end":{"line":70,"column":null}},"8":{"start":{"line":70,"column":62},"end":{"line":70,"column":118}},"9":{"start":{"line":72,"column":31},"end":{"line":72,"column":null}},"10":{"start":{"line":72,"column":55},"end":{"line":72,"column":112}},"11":{"start":{"line":74,"column":24},"end":{"line":74,"column":null}},"12":{"start":{"line":74,"column":48},"end":{"line":74,"column":76}},"13":{"start":{"line":76,"column":28},"end":{"line":76,"column":null}},"14":{"start":{"line":76,"column":52},"end":{"line":76,"column":108}},"15":{"start":{"line":78,"column":32},"end":{"line":89,"column":null}},"16":{"start":{"line":79,"column":2},"end":{"line":81,"column":null}},"17":{"start":{"line":80,"column":4},"end":{"line":80,"column":null}},"18":{"start":{"line":82,"column":2},"end":{"line":84,"column":null}},"19":{"start":{"line":83,"column":4},"end":{"line":83,"column":null}},"20":{"start":{"line":85,"column":2},"end":{"line":87,"column":null}},"21":{"start":{"line":86,"column":4},"end":{"line":86,"column":null}},"22":{"start":{"line":88,"column":2},"end":{"line":88,"column":null}},"23":{"start":{"line":91,"column":0},"end":{"line":91,"column":null}},"24":{"start":{"line":2,"column":7},"end":{"line":2,"column":null}},"25":{"start":{"line":7,"column":12},"end":{"line":7,"column":null}},"26":{"start":{"line":19,"column":15},"end":{"line":19,"column":null}},"27":{"start":{"line":30,"column":8},"end":{"line":30,"column":36}},"28":{"start":{"line":10,"column":19},"end":{"line":10,"column":null}},"29":{"start":{"line":30,"column":36},"end":{"line":33,"column":null}},"30":{"start":{"line":47,"column":14},"end":{"line":46,"column":null}}},"fnMap":{"0":{"name":"(anonymous_1)","decl":{"start":{"line":68,"column":52},"end":{"line":68,"column":58}},"loc":{"start":{"line":68,"column":58},"end":{"line":68,"column":138}}},"1":{"name":"(anonymous_2)","decl":{"start":{"line":68,"column":91},"end":{"line":68,"column":92}},"loc":{"start":{"line":68,"column":105},"end":{"line":68,"column":137}}},"2":{"name":"(anonymous_3)","decl":{"start":{"line":70,"column":56},"end":{"line":70,"column":62}},"loc":{"start":{"line":70,"column":62},"end":{"line":70,"column":118}}},"3":{"name":"(anonymous_4)","decl":{"start":{"line":72,"column":49},"end":{"line":72,"column":55}},"loc":{"start":{"line":72,"column":55},"end":{"line":72,"column":112}}},"4":{"name":"(anonymous_5)","decl":{"start":{"line":74,"column":42},"end":{"line":74,"column":48}},"loc":{"start":{"line":74,"column":48},"end":{"line":74,"column":76}}},"5":{"name":"(anonymous_6)","decl":{"start":{"line":76,"column":46},"end":{"line":76,"column":52}},"loc":{"start":{"line":76,"column":52},"end":{"line":76,"column":108}}},"6":{"name":"(anonymous_7)","decl":{"start":{"line":78,"column":49},"end":{"line":78,"column":55}},"loc":{"start":{"line":78,"column":55},"end":{"line":89,"column":1}}},"7":{"name":"(anonymous_11)","decl":{"start":{"line":1,"column":0},"end":{"line":1,"column":null}},"loc":{"start":{"line":10,"column":19},"end":{"line":10,"column":null}}},"8":{"name":"(anonymous_12)","decl":{"start":{"line":30,"column":8},"end":{"line":30,"column":11}},"loc":{"start":{"line":30,"column":36},"end":{"line":33,"column":null}}},"9":{"name":"(anonymous_13)","decl":{"start":{"line":42,"column":6},"end":{"line":42,"column":null}},"loc":{"start":{"line":47,"column":14},"end":{"line":46,"column":null}}}},"branchMap":{"0":{"loc":{"start":{"line":76,"column":52},"end":{"line":76,"column":108}},"type":"binary-expr","locations":[{"start":{"line":76,"column":52},"end":{"line":76,"column":87}},{"start":{"line":76,"column":87},"end":{"line":76,"column":108}}]},"1":{"loc":{"start":{"line":79,"column":2},"end":{"line":81,"column":null}},"type":"if","locations":[{"start":{"line":79,"column":2},"end":{"line":81,"column":null}},{"start":{"line":79,"column":2},"end":{"line":81,"column":null}}]},"2":{"loc":{"start":{"line":82,"column":2},"end":{"line":84,"column":null}},"type":"if","locations":[{"start":{"line":82,"column":2},"end":{"line":84,"column":null}},{"start":{"line":82,"column":2},"end":{"line":84,"column":null}}]},"3":{"loc":{"start":{"line":85,"column":2},"end":{"line":87,"column":null}},"type":"if","locations":[{"start":{"line":85,"column":2},"end":{"line":87,"column":null}},{"start":{"line":85,"column":2},"end":{"line":87,"column":null}}]},"4":{"loc":{"start":{"line":1,"column":0},"end":{"line":10,"column":null}},"type":"binary-expr","locations":[{"start":{"line":1,"column":0},"end":{"line":1,"column":null}},{"start":{"line":1,"column":0},"end":{"line":10,"column":null}}]}},"s":{"0":17,"1":17,"2":17,"3":17,"4":17,"5":26,"6":204,"7":17,"8":24,"9":17,"10":26,"11":17,"12":20,"13":17,"14":24,"15":17,"16":25,"17":3,"18":22,"19":4,"20":18,"21":1,"22":17,"23":17,"24":3,"25":3,"26":3,"27":3,"28":7,"29":1,"30":25},"f":{"0":26,"1":204,"2":24,"3":26,"4":20,"5":24,"6":25,"7":7,"8":1,"9":25},"b":{"0":[24,20],"1":[3,22],"2":[4,18],"3":[1,17],"4":[27,17]}}
,"/home/runner/work/werewolves-assistant-web-next/werewolves-assistant-web-next/components/pages/game-lobby/GameLobbyPlayersParty/GameLobbyPlayersParty.vue": {"path":"/home/runner/work/werewolves-assistant-web-next/werewolves-assistant-web-next/components/pages/game-lobby/GameLobbyPlayersParty/GameLobbyPlayersParty.vue","statementMap":{"0":{"start":{"line":38,"column":27},"end":{"line":38,"column":null}},"1":{"start":{"line":40,"column":26},"end":{"line":40,"column":null}},"2":{"start":{"line":11,"column":6},"end":{"line":11,"column":34}},"3":{"start":{"line":23,"column":6},"end":{"line":26,"column":null}}},"fnMap":{},"branchMap":{"0":{"loc":{"start":{"line":7,"column":35},"end":{"line":14,"column":null}},"type":"cond-expr","locations":[{"start":{"line":7,"column":35},"end":{"line":14,"column":null}}]}},"s":{"0":4,"1":4,"2":2,"3":4},"f":{},"b":{"0":[4]}}
,"/home/runner/work/werewolves-assistant-web-next/werewolves-assistant-web-next/components/pages/game-lobby/GameLobbyPlayersParty/GameLobbyPlayerCard/GameLobbyPlayerCard.vue": {"path":"/home/runner/work/werewolves-assistant-web-next/werewolves-assistant-web-next/components/pages/game-lobby/GameLobbyPlayersParty/GameLobbyPlayerCard/GameLobbyPlayerCard.vue","statementMap":{"0":{"start":{"line":35,"column":14},"end":{"line":35,"column":null}},"1":{"start":{"line":37,"column":29},"end":{"line":37,"column":null}},"2":{"start":{"line":39,"column":14},"end":{"line":39,"column":null}},"3":{"start":{"line":41,"column":27},"end":{"line":41,"column":null}},"4":{"start":{"line":43,"column":27},"end":{"line":48,"column":null}},"5":{"start":{"line":44,"column":2},"end":{"line":46,"column":null}},"6":{"start":{"line":45,"column":4},"end":{"line":45,"column":null}},"7":{"start":{"line":47,"column":2},"end":{"line":47,"column":null}},"8":{"start":{"line":51,"column":2},"end":{"line":51,"column":null}},"9":{"start":{"line":1,"column":0},"end":{"line":1,"column":null}},"10":{"start":{"line":23,"column":11},"end":{"line":23,"column":null}},"11":{"start":{"line":2,"column":2},"end":{"line":1,"column":null}}},"fnMap":{"0":{"name":"(anonymous_1)","decl":{"start":{"line":43,"column":44},"end":{"line":43,"column":50}},"loc":{"start":{"line":43,"column":50},"end":{"line":48,"column":1}}},"1":{"name":"removePlayerFromCreateGameDto","decl":{"start":{"line":50,"column":9},"end":{"line":50,"column":47}},"loc":{"start":{"line":50,"column":47},"end":{"line":52,"column":null}}}},"branchMap":{"0":{"loc":{"start":{"line":44,"column":2},"end":{"line":46,"column":null}},"type":"if","locations":[{"start":{"line":44,"column":2},"end":{"line":46,"column":null}},{"start":{"line":44,"column":2},"end":{"line":46,"column":null}}]}},"s":{"0":8,"1":8,"2":8,"3":8,"4":8,"5":8,"6":1,"7":7,"8":1,"9":3,"10":3,"11":8},"f":{"0":8,"1":1},"b":{"0":[1,7]}}
,"/home/runner/work/werewolves-assistant-web-next/werewolves-assistant-web-next/components/pages/game/GameCanceled/GameCanceled.vue": {"path":"/home/runner/work/werewolves-assistant-web-next/werewolves-assistant-web-next/components/pages/game/GameCanceled/GameCanceled.vue","statementMap":{"0":{"start":{"line":10,"column":6},"end":{"line":10,"column":50}}},"fnMap":{},"branchMap":{},"s":{"0":2},"f":{},"b":{}}
,"/home/runner/work/werewolves-assistant-web-next/werewolves-assistant-web-next/components/pages/game/GameNotFound/GameNotFound.vue": {"path":"/home/runner/work/werewolves-assistant-web-next/werewolves-assistant-web-next/components/pages/game/GameNotFound/GameNotFound.vue","statementMap":{"0":{"start":{"line":10,"column":6},"end":{"line":10,"column":64}}},"fnMap":{},"branchMap":{},"s":{"0":2},"f":{},"b":{}}
,"/home/runner/work/werewolves-assistant-web-next/werewolves-assistant-web-next/components/pages/game/GamePlaying/GamePlayground/GamePlayground.vue": {"path":"/home/runner/work/werewolves-assistant-web-next/werewolves-assistant-web-next/components/pages/game/GamePlaying/GamePlayground/GamePlayground.vue","statementMap":{"0":{"start":{"line":2,"column":2},"end":{"line":10,"column":null}}},"fnMap":{},"branchMap":{},"s":{"0":1},"f":{},"b":{}}
,"/home/runner/work/werewolves-assistant-web-next/werewolves-assistant-web-next/components/pages/game/GamePlaying/GamePlayground/GamePlaygroundContent/GamePlaygroundContent.vue": {"path":"/home/runner/work/werewolves-assistant-web-next/werewolves-assistant-web-next/components/pages/game/GamePlaying/GamePlayground/GamePlaygroundContent/GamePlaygroundContent.vue","statementMap":{"0":{"start":{"line":35,"column":18},"end":{"line":35,"column":null}},"1":{"start":{"line":36,"column":17},"end":{"line":36,"column":null}},"2":{"start":{"line":38,"column":28},"end":{"line":38,"column":null}},"3":{"start":{"line":40,"column":44},"end":{"line":55,"column":null}},"4":{"start":{"line":41,"column":26},"end":{"line":41,"column":null}},"5":{"start":{"line":42,"column":2},"end":{"line":44,"column":null}},"6":{"start":{"line":43,"column":4},"end":{"line":43,"column":null}},"7":{"start":{"line":45,"column":91},"end":{"line":52,"column":null}},"8":{"start":{"line":54,"column":2},"end":{"line":54,"column":null}},"9":{"start":{"line":2,"column":7},"end":{"line":2,"column":null}}},"fnMap":{"0":{"name":"(anonymous_1)","decl":{"start":{"line":40,"column":94},"end":{"line":40,"column":100}},"loc":{"start":{"line":40,"column":100},"end":{"line":55,"column":1}}}},"branchMap":{"0":{"loc":{"start":{"line":42,"column":2},"end":{"line":44,"column":null}},"type":"if","locations":[{"start":{"line":42,"column":2},"end":{"line":44,"column":null}},{"start":{"line":42,"column":2},"end":{"line":44,"column":null}}]},"1":{"loc":{"start":{"line":54,"column":9},"end":{"line":54,"column":null}},"type":"cond-expr","locations":[{"start":{"line":54,"column":33},"end":{"line":54,"column":88}},{"start":{"line":54,"column":88},"end":{"line":54,"column":null}}]}},"s":{"0":9,"1":9,"2":9,"3":9,"4":17,"5":17,"6":1,"7":16,"8":16,"9":4},"f":{"0":17},"b":{"0":[1,16],"1":[15,1]}}
,"/home/runner/work/werewolves-assistant-web-next/werewolves-assistant-web-next/components/pages/game/GamePlaying/GamePlayground/GamePlaygroundContent/GamePlaygroundPlayerCard/GamePlaygroundPlayerCard.vue": {"path":"/home/runner/work/werewolves-assistant-web-next/werewolves-assistant-web-next/components/pages/game/GamePlaying/GamePlayground/GamePlaygroundContent/GamePlaygroundPlayerCard/GamePlaygroundPlayerCard.vue","statementMap":{"0":{"start":{"line":32,"column":18},"end":{"line":32,"column":null}},"1":{"start":{"line":33,"column":17},"end":{"line":33,"column":null}},"2":{"start":{"line":35,"column":28},"end":{"line":35,"column":null}},"3":{"start":{"line":2,"column":2},"end":{"line":1,"column":null}}},"fnMap":{},"branchMap":{"0":{"loc":{"start":{"line":12,"column":12},"end":{"line":1,"column":null}},"type":"cond-expr","locations":[{"start":{"line":12,"column":27},"end":{"line":14,"column":null}},{"start":{"line":1,"column":0},"end":{"line":1,"column":null}}]}},"s":{"0":3,"1":3,"2":3,"3":5},"f":{},"b":{"0":[1,4]}}
,"/home/runner/work/werewolves-assistant-web-next/werewolves-assistant-web-next/components/pages/game/GamePlaying/GamePlayground/GamePlaygroundContent/GamePlaygroundPlayerCard/GamePlaygroundPlayerCardVoteInput/GamePlaygroundPlayerCardVoteInput.vue": {"path":"/home/runner/work/werewolves-assistant-web-next/werewolves-assistant-web-next/components/pages/game/GamePlaying/GamePlayground/GamePlaygroundContent/GamePlaygroundPlayerCard/GamePlaygroundPlayerCardVoteInput/GamePlaygroundPlayerCardVoteInput.vue","statementMap":{"0":{"start":{"line":64,"column":14},"end":{"line":64,"column":null}},"1":{"start":{"line":66,"column":18},"end":{"line":66,"column":null}},"2":{"start":{"line":67,"column":17},"end":{"line":67,"column":null}},"3":{"start":{"line":69,"column":62},"end":{"line":69,"column":null}},"4":{"start":{"line":71,"column":28},"end":{"line":71,"column":null}},"5":{"start":{"line":73,"column":20},"end":{"line":73,"column":null}},"6":{"start":{"line":75,"column":20},"end":{"line":82,"column":null}},"7":{"start":{"line":76,"column":2},"end":{"line":78,"column":null}},"8":{"start":{"line":77,"column":4},"end":{"line":77,"column":null}},"9":{"start":{"line":79,"column":41},"end":{"line":79,"column":null}},"10":{"start":{"line":79,"column":123},"end":{"line":79,"column":154}},"11":{"start":{"line":81,"column":2},"end":{"line":81,"column":null}},"12":{"start":{"line":81,"column":60},"end":{"line":81,"column":66}},"13":{"start":{"line":85,"column":28},"end":{"line":85,"column":null}},"14":{"start":{"line":86,"column":2},"end":{"line":90,"column":null}},"15":{"start":{"line":87,"column":4},"end":{"line":87,"column":null}},"16":{"start":{"line":89,"column":4},"end":{"line":89,"column":null}},"17":{"start":{"line":91,"column":29},"end":{"line":91,"column":null}},"18":{"start":{"line":92,"column":2},"end":{"line":92,"column":null}},"19":{"start":{"line":92,"column":67},"end":{"line":92,"column":71}},"20":{"start":{"line":96,"column":2},"end":{"line":96,"column":null}},"21":{"start":{"line":100,"column":2},"end":{"line":100,"column":null}},"22":{"start":{"line":101,"column":2},"end":{"line":103,"column":null}},"23":{"start":{"line":102,"column":4},"end":{"line":102,"column":null}},"24":{"start":{"line":104,"column":2},"end":{"line":108,"column":null}},"25":{"start":{"line":105,"column":4},"end":{"line":105,"column":null}},"26":{"start":{"line":107,"column":4},"end":{"line":107,"column":null}},"27":{"start":{"line":109,"column":2},"end":{"line":109,"column":null}},"28":{"start":{"line":110,"column":2},"end":{"line":113,"column":null}},"29":{"start":{"line":2,"column":7},"end":{"line":2,"column":null}},"30":{"start":{"line":19,"column":15},"end":{"line":19,"column":null}},"31":{"start":{"line":33,"column":15},"end":{"line":33,"column":null}},"32":{"start":{"line":34,"column":12},"end":{"line":34,"column":50}},"33":{"start":{"line":41,"column":29},"end":{"line":47,"column":null}}},"fnMap":{"0":{"name":"(anonymous_1)","decl":{"start":{"line":75,"column":51},"end":{"line":75,"column":57}},"loc":{"start":{"line":75,"column":57},"end":{"line":82,"column":1}}},"1":{"name":"(anonymous_2)","decl":{"start":{"line":79,"column":107},"end":{"line":79,"column":108}},"loc":{"start":{"line":79,"column":123},"end":{"line":79,"column":154}}},"2":{"name":"(anonymous_3)","decl":{"start":{"line":81,"column":44},"end":{"line":81,"column":45}},"loc":{"start":{"line":81,"column":60},"end":{"line":81,"column":66}}},"3":{"name":"searchVoteOptions","decl":{"start":{"line":84,"column":9},"end":{"line":84,"column":27}},"loc":{"start":{"line":84,"column":71},"end":{"line":93,"column":null}}},"4":{"name":"(anonymous_5)","decl":{"start":{"line":92,"column":53},"end":{"line":92,"column":54}},"loc":{"start":{"line":92,"column":67},"end":{"line":92,"column":71}}},"5":{"name":"handleHideEvent","decl":{"start":{"line":95,"column":9},"end":{"line":95,"column":33}},"loc":{"start":{"line":95,"column":33},"end":{"line":97,"column":null}}},"6":{"name":"handleUpdateModelValueEvent","decl":{"start":{"line":99,"column":9},"end":{"line":99,"column":37}},"loc":{"start":{"line":99,"column":79},"end":{"line":114,"column":null}}},"7":{"name":"(anonymous_9)","decl":{"start":{"line":4,"column":6},"end":{"line":4,"column":null}},"loc":{"start":{"line":41,"column":29},"end":{"line":47,"column":null}}}},"branchMap":{"0":{"loc":{"start":{"line":76,"column":2},"end":{"line":78,"column":null}},"type":"if","locations":[{"start":{"line":76,"column":2},"end":{"line":78,"column":null}},{"start":{"line":76,"column":2},"end":{"line":78,"column":null}}]},"1":{"loc":{"start":{"line":85,"column":28},"end":{"line":85,"column":null}},"type":"binary-expr","locations":[{"start":{"line":85,"column":28},"end":{"line":85,"column":49}},{"start":{"line":85,"column":49},"end":{"line":85,"column":null}}]},"2":{"loc":{"start":{"line":86,"column":2},"end":{"line":90,"column":null}},"type":"if","locations":[{"start":{"line":86,"column":2},"end":{"line":90,"column":null}},{"start":{"line":86,"column":2},"end":{"line":90,"column":null}}]},"3":{"loc":{"start":{"line":101,"column":2},"end":{"line":103,"column":null}},"type":"if","locations":[{"start":{"line":101,"column":2},"end":{"line":103,"column":null}},{"start":{"line":101,"column":2},"end":{"line":103,"column":null}}]},"4":{"loc":{"start":{"line":104,"column":2},"end":{"line":108,"column":null}},"type":"if","locations":[{"start":{"line":104,"column":2},"end":{"line":108,"column":null}},{"start":{"line":104,"column":2},"end":{"line":108,"column":null}}]}},"s":{"0":17,"1":17,"2":17,"3":17,"4":17,"5":17,"6":17,"7":21,"8":4,"9":17,"10":68,"11":17,"12":51,"13":7,"14":7,"15":1,"16":1,"17":6,"18":6,"19":4,"20":1,"21":5,"22":5,"23":1,"24":4,"25":1,"26":1,"27":3,"28":3,"29":8,"30":8,"31":8,"32":8,"33":29},"f":{"0":21,"1":68,"2":51,"3":7,"4":4,"5":1,"6":5,"7":29},"b":{"0":[4,17],"1":[7,4],"2":[1,6],"3":[1,4],"4":[1,3]}}
,"/home/runner/work/werewolves-assistant-web-next/werewolves-assistant-web-next/components/pages/game/GamePlaying/GamePlayground/GamePlaygroundContent/GameVotePlayground/GameVotePlayground.vue": {"path":"/home/runner/work/werewolves-assistant-web-next/werewolves-assistant-web-next/components/pages/game/GamePlaying/GamePlayground/GamePlaygroundContent/GameVotePlayground/GameVotePlayground.vue","statementMap":{"0":{"start":{"line":2,"column":7},"end":{"line":2,"column":null}},"1":{"start":{"line":2,"column":2},"end":{"line":3,"column":null}}},"fnMap":{},"branchMap":{},"s":{"0":5,"1":1},"f":{},"b":{}}
,"/home/runner/work/werewolves-assistant-web-next/werewolves-assistant-web-next/components/pages/game/GamePlaying/GamePlayground/GamePlaygroundContent/GameVotePlayground/GameVotePlaygroundVoters/GameVotePlaygroundVoters.vue": {"path":"/home/runner/work/werewolves-assistant-web-next/werewolves-assistant-web-next/components/pages/game/GamePlaying/GamePlayground/GamePlaygroundContent/GameVotePlayground/GameVotePlaygroundVoters/GameVotePlaygroundVoters.vue","statementMap":{"0":{"start":{"line":38,"column":18},"end":{"line":38,"column":null}},"1":{"start":{"line":39,"column":17},"end":{"line":39,"column":null}},"2":{"start":{"line":41,"column":15},"end":{"line":46,"column":null}},"3":{"start":{"line":42,"column":2},"end":{"line":44,"column":null}},"4":{"start":{"line":43,"column":4},"end":{"line":43,"column":null}},"5":{"start":{"line":45,"column":2},"end":{"line":45,"column":null}},"6":{"start":{"line":2,"column":7},"end":{"line":2,"column":null}},"7":{"start":{"line":8,"column":6},"end":{"line":8,"column":60}},"8":{"start":{"line":20,"column":6},"end":{"line":24,"column":null}}},"fnMap":{"0":{"name":"(anonymous_1)","decl":{"start":{"line":41,"column":34},"end":{"line":41,"column":40}},"loc":{"start":{"line":41,"column":40},"end":{"line":46,"column":1}}}},"branchMap":{"0":{"loc":{"start":{"line":42,"column":2},"end":{"line":44,"column":null}},"type":"if","locations":[{"start":{"line":42,"column":2},"end":{"line":44,"column":null}},{"start":{"line":42,"column":2},"end":{"line":44,"column":null}}]},"1":{"loc":{"start":{"line":42,"column":6},"end":{"line":42,"column":114}},"type":"binary-expr","locations":[{"start":{"line":42,"column":6},"end":{"line":42,"column":62}},{"start":{"line":42,"column":62},"end":{"line":42,"column":114}}]},"2":{"loc":{"start":{"line":4,"column":20},"end":{"line":11,"column":null}},"type":"cond-expr","locations":[{"start":{"line":4,"column":20},"end":{"line":11,"column":null}}]}},"s":{"0":6,"1":6,"2":6,"3":8,"4":7,"5":1,"6":6,"7":6,"8":3},"f":{"0":8},"b":{"0":[7,1],"1":[8,2],"2":[7]}}
,"/home/runner/work/werewolves-assistant-web-next/werewolves-assistant-web-next/components/pages/game/GamePlaying/GamePlayground/GamePlaygroundFooter/GamePlaygroundFooter.vue": {"path":"/home/runner/work/werewolves-assistant-web-next/werewolves-assistant-web-next/components/pages/game/GamePlaying/GamePlayground/GamePlaygroundFooter/GamePlaygroundFooter.vue","statementMap":{"0":{"start":{"line":3,"column":4},"end":{"line":3,"column":null}},"1":{"start":{"line":7,"column":9},"end":{"line":7,"column":null}},"2":{"start":{"line":8,"column":11},"end":{"line":8,"column":null}}},"fnMap":{},"branchMap":{},"s":{"0":4,"1":4,"2":4},"f":{},"b":{}}
,"/home/runner/work/werewolves-assistant-web-next/werewolves-assistant-web-next/components/pages/game/GamePlaying/GamePlayground/GamePlaygroundFooter/GamePlaygroundFooterMakePlayButton/GamePlaygroundFooterMakePlayButton.vue": {"path":"/home/runner/work/werewolves-assistant-web-next/werewolves-assistant-web-next/components/pages/game/GamePlaying/GamePlayground/GamePlaygroundFooter/GamePlaygroundFooterMakePlayButton/GamePlaygroundFooterMakePlayButton.vue","statementMap":{"0":{"start":{"line":28,"column":18},"end":{"line":28,"column":null}},"1":{"start":{"line":29,"column":17},"end":{"line":29,"column":null}},"2":{"start":{"line":30,"column":25},"end":{"line":30,"column":null}},"3":{"start":{"line":32,"column":33},"end":{"line":32,"column":null}},"4":{"start":{"line":34,"column":29},"end":{"line":34,"column":null}},"5":{"start":{"line":35,"column":28},"end":{"line":35,"column":null}},"6":{"start":{"line":37,"column":28},"end":{"line":37,"column":null}},"7":{"start":{"line":39,"column":26},"end":{"line":39,"column":null}},"8":{"start":{"line":42,"column":2},"end":{"line":42,"column":null}},"9":{"start":{"line":43,"column":2},"end":{"line":43,"column":null}},"10":{"start":{"line":44,"column":2},"end":{"line":44,"column":null}},"11":{"start":{"line":45,"column":2},"end":{"line":45,"column":null}}},"fnMap":{"0":{"name":"handleMakePlayButtonClick","decl":{"start":{"line":41,"column":15},"end":{"line":41,"column":58}},"loc":{"start":{"line":41,"column":58},"end":{"line":46,"column":null}}}},"branchMap":{},"s":{"0":8,"1":8,"2":8,"3":8,"4":8,"5":8,"6":8,"7":8,"8":4,"9":4,"10":4,"11":4},"f":{"0":4},"b":{}}
,"/home/runner/work/werewolves-assistant-web-next/werewolves-assistant-web-next/components/pages/game/GamePlaying/GamePlayground/GamePlaygroundHeader/GamePlaygroundHeader.vue": {"path":"/home/runner/work/werewolves-assistant-web-next/werewolves-assistant-web-next/components/pages/game/GamePlaying/GamePlayground/GamePlaygroundHeader/GamePlaygroundHeader.vue","statementMap":{"0":{"start":{"line":3,"column":4},"end":{"line":3,"column":null}},"1":{"start":{"line":5,"column":9},"end":{"line":5,"column":null}},"2":{"start":{"line":2,"column":2},"end":{"line":13,"column":36}}},"fnMap":{},"branchMap":{},"s":{"0":4,"1":4,"2":1},"f":{},"b":{}}
,"/home/runner/work/werewolves-assistant-web-next/werewolves-assistant-web-next/components/pages/game/GamePlaying/GamePlayground/GamePlaygroundHeader/GamePlaygroundHeaderCard/GamePlaygroundHeaderCard.vue": {"path":"/home/runner/work/werewolves-assistant-web-next/werewolves-assistant-web-next/components/pages/game/GamePlaying/GamePlayground/GamePlaygroundHeader/GamePlaygroundHeaderCard/GamePlaygroundHeaderCard.vue","statementMap":{"0":{"start":{"line":22,"column":18},"end":{"line":22,"column":null}},"1":{"start":{"line":23,"column":17},"end":{"line":23,"column":null}},"2":{"start":{"line":25,"column":33},"end":{"line":44,"column":null}},"3":{"start":{"line":26,"column":26},"end":{"line":26,"column":null}},"4":{"start":{"line":27,"column":2},"end":{"line":29,"column":null}},"5":{"start":{"line":28,"column":4},"end":{"line":28,"column":null}},"6":{"start":{"line":30,"column":31},"end":{"line":30,"column":null}},"7":{"start":{"line":31,"column":73},"end":{"line":36,"column":null}},"8":{"start":{"line":37,"column":2},"end":{"line":39,"column":null}},"9":{"start":{"line":38,"column":4},"end":{"line":38,"column":null}},"10":{"start":{"line":40,"column":2},"end":{"line":42,"column":null}},"11":{"start":{"line":41,"column":4},"end":{"line":41,"column":null}},"12":{"start":{"line":43,"column":2},"end":{"line":43,"column":null}}},"fnMap":{"0":{"name":"(anonymous_1)","decl":{"start":{"line":25,"column":65},"end":{"line":25,"column":71}},"loc":{"start":{"line":25,"column":71},"end":{"line":44,"column":1}}}},"branchMap":{"0":{"loc":{"start":{"line":27,"column":2},"end":{"line":29,"column":null}},"type":"if","locations":[{"start":{"line":27,"column":2},"end":{"line":29,"column":null}},{"start":{"line":27,"column":2},"end":{"line":29,"column":null}}]},"1":{"loc":{"start":{"line":37,"column":2},"end":{"line":39,"column":null}},"type":"if","locations":[{"start":{"line":37,"column":2},"end":{"line":39,"column":null}},{"start":{"line":37,"column":2},"end":{"line":39,"column":null}}]},"2":{"loc":{"start":{"line":40,"column":2},"end":{"line":42,"column":null}},"type":"if","locations":[{"start":{"line":40,"column":2},"end":{"line":42,"column":null}},{"start":{"line":40,"column":2},"end":{"line":42,"column":null}}]}},"s":{"0":10,"1":10,"2":10,"3":19,"4":19,"5":1,"6":18,"7":18,"8":18,"9":14,"10":4,"11":1,"12":3},"f":{"0":19},"b":{"0":[1,18],"1":[14,4],"2":[1,3]}}
,"/home/runner/work/werewolves-assistant-web-next/werewolves-assistant-web-next/components/pages/game/GamePlaying/GamePlayground/GamePlaygroundHeader/GamePlaygroundHeaderCurrentPlay/GamePlaygroundHeaderCurrentPlay.vue": {"path":"/home/runner/work/werewolves-assistant-web-next/werewolves-assistant-web-next/components/pages/game/GamePlaying/GamePlayground/GamePlaygroundHeader/GamePlaygroundHeaderCurrentPlay/GamePlaygroundHeaderCurrentPlay.vue","statementMap":{"0":{"start":{"line":30,"column":18},"end":{"line":30,"column":null}},"1":{"start":{"line":31,"column":17},"end":{"line":31,"column":null}},"2":{"start":{"line":32,"column":14},"end":{"line":32,"column":null}},"3":{"start":{"line":34,"column":115},"end":{"line":197,"column":null}},"4":{"start":{"line":199,"column":30},"end":{"line":205,"column":null}},"5":{"start":{"line":200,"column":26},"end":{"line":200,"column":null}},"6":{"start":{"line":201,"column":2},"end":{"line":203,"column":null}},"7":{"start":{"line":202,"column":4},"end":{"line":202,"column":null}},"8":{"start":{"line":204,"column":2},"end":{"line":204,"column":null}},"9":{"start":{"line":207,"column":24},"end":{"line":212,"column":null}},"10":{"start":{"line":208,"column":2},"end":{"line":210,"column":null}},"11":{"start":{"line":209,"column":4},"end":{"line":209,"column":null}},"12":{"start":{"line":211,"column":2},"end":{"line":211,"column":null}},"13":{"start":{"line":15,"column":8},"end":{"line":15,"column":null}},"14":{"start":{"line":2,"column":2},"end":{"line":16,"column":null}}},"fnMap":{"0":{"name":"(anonymous_1)","decl":{"start":{"line":199,"column":74},"end":{"line":199,"column":80}},"loc":{"start":{"line":199,"column":80},"end":{"line":205,"column":1}}},"1":{"name":"(anonymous_2)","decl":{"start":{"line":207,"column":41},"end":{"line":207,"column":47}},"loc":{"start":{"line":207,"column":47},"end":{"line":212,"column":1}}}},"branchMap":{"0":{"loc":{"start":{"line":201,"column":2},"end":{"line":203,"column":null}},"type":"if","locations":[{"start":{"line":201,"column":2},"end":{"line":203,"column":null}},{"start":{"line":201,"column":2},"end":{"line":203,"column":null}}]},"1":{"loc":{"start":{"line":208,"column":2},"end":{"line":210,"column":null}},"type":"if","locations":[{"start":{"line":208,"column":2},"end":{"line":210,"column":null}},{"start":{"line":208,"column":2},"end":{"line":210,"column":null}}]},"2":{"loc":{"start":{"line":7,"column":12},"end":{"line":1,"column":null}},"type":"cond-expr","locations":[{"start":{"line":7,"column":12},"end":{"line":12,"column":null}},{"start":{"line":1,"column":0},"end":{"line":1,"column":null}}]}},"s":{"0":60,"1":60,"2":60,"3":60,"4":60,"5":119,"6":119,"7":1,"8":118,"9":60,"10":117,"11":3,"12":114,"13":5,"14":117},"f":{"0":119,"1":117},"b":{"0":[1,118],"1":[3,114],"2":[114,3]}}
,"/home/runner/work/werewolves-assistant-web-next/werewolves-assistant-web-next/components/pages/game/GamePlaying/GamePlayground/GamePlaygroundHeader/GamePlaygroundHeaderPhase/GamePlaygroundHeaderPhase.vue": {"path":"/home/runner/work/werewolves-assistant-web-next/werewolves-assistant-web-next/components/pages/game/GamePlaying/GamePlayground/GamePlaygroundHeader/GamePlaygroundHeaderPhase/GamePlaygroundHeaderPhase.vue","statementMap":{"0":{"start":{"line":27,"column":18},"end":{"line":27,"column":null}},"1":{"start":{"line":28,"column":17},"end":{"line":28,"column":null}},"2":{"start":{"line":30,"column":14},"end":{"line":30,"column":null}},"3":{"start":{"line":32,"column":26},"end":{"line":37,"column":null}},"4":{"start":{"line":33,"column":26},"end":{"line":33,"column":null}},"5":{"start":{"line":34,"column":20},"end":{"line":34,"column":null}},"6":{"start":{"line":36,"column":2},"end":{"line":36,"column":null}},"7":{"start":{"line":39,"column":18},"end":{"line":47,"column":null}},"8":{"start":{"line":40,"column":20},"end":{"line":40,"column":null}},"9":{"start":{"line":41,"column":48},"end":{"line":44,"column":null}},"10":{"start":{"line":46,"column":2},"end":{"line":46,"column":null}},"11":{"start":{"line":2,"column":2},"end":{"line":16,"column":null}}},"fnMap":{"0":{"name":"(anonymous_1)","decl":{"start":{"line":32,"column":43},"end":{"line":32,"column":49}},"loc":{"start":{"line":32,"column":49},"end":{"line":37,"column":1}}},"1":{"name":"(anonymous_2)","decl":{"start":{"line":39,"column":35},"end":{"line":39,"column":41}},"loc":{"start":{"line":39,"column":41},"end":{"line":47,"column":1}}}},"branchMap":{},"s":{"0":5,"1":5,"2":5,"3":5,"4":7,"5":7,"6":7,"7":5,"8":7,"9":7,"10":7,"11":7},"f":{"0":7,"1":7},"b":{}}
,"/home/runner/work/werewolves-assistant-web-next/werewolves-assistant-web-next/components/pages/game/GamePlaying/GameTeamSide/GameTeamSide.vue": {"path":"/home/runner/work/werewolves-assistant-web-next/werewolves-assistant-web-next/components/pages/game/GamePlaying/GameTeamSide/GameTeamSide.vue","statementMap":{"0":{"start":{"line":58,"column":14},"end":{"line":58,"column":null}},"1":{"start":{"line":60,"column":14},"end":{"line":60,"column":null}},"2":{"start":{"line":62,"column":18},"end":{"line":62,"column":null}},"3":{"start":{"line":63,"column":17},"end":{"line":63,"column":null}},"4":{"start":{"line":65,"column":20},"end":{"line":65,"column":null}},"5":{"start":{"line":65,"column":45},"end":{"line":65,"column":116}},"6":{"start":{"line":65,"column":81},"end":{"line":65,"column":115}},"7":{"start":{"line":67,"column":30},"end":{"line":72,"column":null}},"8":{"start":{"line":67,"column":55},"end":{"line":72,"column":2}},"9":{"start":{"line":68,"column":2},"end":{"line":70,"column":null}},"10":{"start":{"line":69,"column":4},"end":{"line":69,"column":null}},"11":{"start":{"line":71,"column":2},"end":{"line":71,"column":null}},"12":{"start":{"line":74,"column":25},"end":{"line":81,"column":null}},"13":{"start":{"line":75,"column":23},"end":{"line":75,"column":null}},"14":{"start":{"line":75,"column":58},"end":{"line":75,"column":72}},"15":{"start":{"line":77,"column":2},"end":{"line":80,"column":null}},"16":{"start":{"line":83,"column":24},"end":{"line":88,"column":null}},"17":{"start":{"line":84,"column":2},"end":{"line":86,"column":null}},"18":{"start":{"line":85,"column":4},"end":{"line":85,"column":null}},"19":{"start":{"line":87,"column":2},"end":{"line":87,"column":null}},"20":{"start":{"line":6,"column":9},"end":{"line":6,"column":null}},"21":{"start":{"line":30,"column":6},"end":{"line":30,"column":null}},"22":{"start":{"line":39,"column":6},"end":{"line":43,"column":null}}},"fnMap":{"0":{"name":"(anonymous_1)","decl":{"start":{"line":65,"column":39},"end":{"line":65,"column":45}},"loc":{"start":{"line":65,"column":45},"end":{"line":65,"column":116}}},"1":{"name":"(anonymous_2)","decl":{"start":{"line":65,"column":71},"end":{"line":65,"column":81}},"loc":{"start":{"line":65,"column":81},"end":{"line":65,"column":115}}},"2":{"name":"(anonymous_3)","decl":{"start":{"line":67,"column":49},"end":{"line":67,"column":55}},"loc":{"start":{"line":67,"column":55},"end":{"line":72,"column":2}}},"3":{"name":"(anonymous_4)","decl":{"start":{"line":67,"column":82},"end":{"line":67,"column":83}},"loc":{"start":{"line":67,"column":104},"end":{"line":72,"column":1}}},"4":{"name":"(anonymous_5)","decl":{"start":{"line":74,"column":42},"end":{"line":74,"column":48}},"loc":{"start":{"line":74,"column":48},"end":{"line":81,"column":1}}},"5":{"name":"(anonymous_6)","decl":{"start":{"line":75,"column":48},"end":{"line":75,"column":58}},"loc":{"start":{"line":75,"column":58},"end":{"line":75,"column":72}}},"6":{"name":"(anonymous_7)","decl":{"start":{"line":83,"column":41},"end":{"line":83,"column":47}},"loc":{"start":{"line":83,"column":47},"end":{"line":88,"column":1}}}},"branchMap":{"0":{"loc":{"start":{"line":68,"column":2},"end":{"line":70,"column":null}},"type":"if","locations":[{"start":{"line":68,"column":2},"end":{"line":70,"column":null}},{"start":{"line":68,"column":2},"end":{"line":70,"column":null}}]},"1":{"loc":{"start":{"line":68,"column":6},"end":{"line":68,"column":43}},"type":"binary-expr","locations":[{"start":{"line":68,"column":6},"end":{"line":68,"column":25}},{"start":{"line":68,"column":25},"end":{"line":68,"column":43}}]},"2":{"loc":{"start":{"line":84,"column":2},"end":{"line":86,"column":null}},"type":"if","locations":[{"start":{"line":84,"column":2},"end":{"line":86,"column":null}},{"start":{"line":84,"column":2},"end":{"line":86,"column":null}}]}},"s":{"0":17,"1":17,"2":17,"3":17,"4":17,"5":21,"6":20,"7":17,"8":21,"9":17,"10":7,"11":10,"12":17,"13":21,"14":14,"15":21,"16":17,"17":17,"18":13,"19":4,"20":3,"21":3,"22":14},"f":{"0":21,"1":20,"2":21,"3":17,"4":21,"5":14,"6":17},"b":{"0":[7,10],"1":[17,14],"2":[13,4]}}
,"/home/runner/work/werewolves-assistant-web-next/werewolves-assistant-web-next/components/pages/game/GamePlaying/GameTeamSide/GameTeamSidePlayer/GameTeamSidePlayer.vue": {"path":"/home/runner/work/werewolves-assistant-web-next/werewolves-assistant-web-next/components/pages/game/GamePlaying/GameTeamSide/GameTeamSidePlayer/GameTeamSidePlayer.vue","statementMap":{"0":{"start":{"line":68,"column":14},"end":{"line":68,"column":null}},"1":{"start":{"line":70,"column":14},"end":{"line":70,"column":null}},"2":{"start":{"line":72,"column":21},"end":{"line":72,"column":null}},"3":{"start":{"line":72,"column":44},"end":{"line":72,"column":126}},"4":{"start":{"line":74,"column":28},"end":{"line":74,"column":null}},"5":{"start":{"line":74,"column":52},"end":{"line":74,"column":153}},"6":{"start":{"line":25,"column":13},"end":{"line":25,"column":null}},"7":{"start":{"line":2,"column":2},"end":{"line":1,"column":null}},"8":{"start":{"line":40,"column":12},"end":{"line":43,"column":null}}},"fnMap":{"0":{"name":"(anonymous_1)","decl":{"start":{"line":72,"column":38},"end":{"line":72,"column":44}},"loc":{"start":{"line":72,"column":44},"end":{"line":72,"column":126}}},"1":{"name":"(anonymous_2)","decl":{"start":{"line":74,"column":45},"end":{"line":74,"column":52}},"loc":{"start":{"line":74,"column":52},"end":{"line":74,"column":153}}}},"branchMap":{"0":{"loc":{"start":{"line":74,"column":52},"end":{"line":74,"column":153}},"type":"cond-expr","locations":[{"start":{"line":74,"column":105},"end":{"line":74,"column":129}},{"start":{"line":74,"column":129},"end":{"line":74,"column":153}}]},"1":{"loc":{"start":{"line":27,"column":18},"end":{"line":1,"column":null}},"type":"cond-expr","locations":[{"start":{"line":27,"column":52},"end":{"line":33,"column":null}},{"start":{"line":1,"column":0},"end":{"line":1,"column":null}}]},"2":{"loc":{"start":{"line":48,"column":18},"end":{"line":1,"column":null}},"type":"cond-expr","locations":[{"start":{"line":48,"column":52},"end":{"line":54,"column":null}},{"start":{"line":1,"column":0},"end":{"line":1,"column":null}}]}},"s":{"0":11,"1":11,"2":11,"3":11,"4":11,"5":11,"6":4,"7":11,"8":0},"f":{"0":11,"1":11},"b":{"0":[9,2],"1":[18,4],"2":[4,18]}}
,"/home/runner/work/werewolves-assistant-web-next/werewolves-assistant-web-next/components/pages/game/GamePlaying/GameTeamSide/GameTeamSidePlayer/GameTeamSidePlayerAttribute/GameTeamSidePlayerAttribute.vue": {"path":"/home/runner/work/werewolves-assistant-web-next/werewolves-assistant-web-next/components/pages/game/GamePlaying/GameTeamSide/GameTeamSidePlayer/GameTeamSidePlayerAttribute/GameTeamSidePlayerAttribute.vue","statementMap":{"0":{"start":{"line":16,"column":14},"end":{"line":16,"column":null}},"1":{"start":{"line":18,"column":14},"end":{"line":18,"column":null}},"2":{"start":{"line":20,"column":105},"end":{"line":143,"column":null}},"3":{"start":{"line":145,"column":40},"end":{"line":149,"column":null}},"4":{"start":{"line":146,"column":24},"end":{"line":146,"column":null}},"5":{"start":{"line":148,"column":2},"end":{"line":148,"column":null}},"6":{"start":{"line":151,"column":28},"end":{"line":156,"column":null}},"7":{"start":{"line":152,"column":2},"end":{"line":154,"column":null}},"8":{"start":{"line":153,"column":4},"end":{"line":153,"column":null}},"9":{"start":{"line":155,"column":2},"end":{"line":155,"column":null}},"10":{"start":{"line":158,"column":31},"end":{"line":163,"column":null}},"11":{"start":{"line":159,"column":2},"end":{"line":161,"column":null}},"12":{"start":{"line":160,"column":4},"end":{"line":160,"column":null}},"13":{"start":{"line":162,"column":2},"end":{"line":162,"column":null}},"14":{"start":{"line":2,"column":7},"end":{"line":2,"column":null}},"15":{"start":{"line":2,"column":2},"end":{"line":3,"column":null}}},"fnMap":{"0":{"name":"(anonymous_1)","decl":{"start":{"line":145,"column":88},"end":{"line":145,"column":94}},"loc":{"start":{"line":145,"column":94},"end":{"line":149,"column":1}}},"1":{"name":"(anonymous_2)","decl":{"start":{"line":151,"column":45},"end":{"line":151,"column":51}},"loc":{"start":{"line":151,"column":51},"end":{"line":156,"column":1}}},"2":{"name":"(anonymous_3)","decl":{"start":{"line":158,"column":48},"end":{"line":158,"column":54}},"loc":{"start":{"line":158,"column":54},"end":{"line":163,"column":1}}}},"branchMap":{"0":{"loc":{"start":{"line":152,"column":2},"end":{"line":154,"column":null}},"type":"if","locations":[{"start":{"line":152,"column":2},"end":{"line":154,"column":null}},{"start":{"line":152,"column":2},"end":{"line":154,"column":null}}]},"1":{"loc":{"start":{"line":159,"column":2},"end":{"line":161,"column":null}},"type":"if","locations":[{"start":{"line":159,"column":2},"end":{"line":161,"column":null}},{"start":{"line":159,"column":2},"end":{"line":161,"column":null}}]}},"s":{"0":0,"1":0,"2":0,"3":0,"4":0,"5":0,"6":0,"7":0,"8":0,"9":0,"10":0,"11":0,"12":0,"13":0,"14":4,"15":0},"f":{"0":0,"1":0,"2":0},"b":{"0":[0,0],"1":[0,0]}}
,"/home/runner/work/werewolves-assistant-web-next/werewolves-assistant-web-next/components/pages/index/IndexFooter.vue": {"path":"/home/runner/work/werewolves-assistant-web-next/werewolves-assistant-web-next/components/pages/index/IndexFooter.vue","statementMap":{"0":{"start":{"line":6,"column":9},"end":{"line":6,"column":null}},"1":{"start":{"line":12,"column":8},"end":{"line":12,"column":43}},"2":{"start":{"line":20,"column":9},"end":{"line":20,"column":null}}},"fnMap":{},"branchMap":{},"s":{"0":88,"1":88,"2":88},"f":{},"b":{}}
,"/home/runner/work/werewolves-assistant-web-next/werewolves-assistant-web-next/components/shared/buttons/BackToHomeButton/BackToHomeButton.vue": {"path":"/home/runner/work/werewolves-assistant-web-next/werewolves-assistant-web-next/components/shared/buttons/BackToHomeButton/BackToHomeButton.vue","statementMap":{"0":{"start":{"line":7,"column":37},"end":{"line":1,"column":null}}},"fnMap":{"0":{"name":"(anonymous_1)","decl":{"start":{"line":7,"column":37},"end":{"line":7,"column":null}},"loc":{"start":{"line":7,"column":37},"end":{"line":1,"column":null}}}},"branchMap":{},"s":{"0":1},"f":{"0":1},"b":{}}
,"/home/runner/work/werewolves-assistant-web-next/werewolves-assistant-web-next/components/shared/buttons/CreateAnotherGameButton/CreateAnotherGameButton.vue": {"path":"/home/runner/work/werewolves-assistant-web-next/werewolves-assistant-web-next/components/shared/buttons/CreateAnotherGameButton/CreateAnotherGameButton.vue","statementMap":{"0":{"start":{"line":7,"column":36},"end":{"line":1,"column":null}}},"fnMap":{"0":{"name":"(anonymous_1)","decl":{"start":{"line":7,"column":36},"end":{"line":7,"column":null}},"loc":{"start":{"line":7,"column":36},"end":{"line":1,"column":null}}}},"branchMap":{},"s":{"0":1},"f":{"0":1},"b":{}}
,"/home/runner/work/werewolves-assistant-web-next/werewolves-assistant-web-next/components/shared/external/BuyMeACoffeeButton/BuyMeACoffeeButton.vue": {"path":"/home/runner/work/werewolves-assistant-web-next/werewolves-assistant-web-next/components/shared/external/BuyMeACoffeeButton/BuyMeACoffeeButton.vue","statementMap":{"0":{"start":{"line":18,"column":16},"end":{"line":18,"column":null}},"1":{"start":{"line":19,"column":23},"end":{"line":27,"column":null}},"2":{"start":{"line":28,"column":12},"end":{"line":28,"column":null}}},"fnMap":{},"branchMap":{},"s":{"0":3,"1":2,"2":2},"f":{},"b":{}}
,"/home/runner/work/werewolves-assistant-web-next/werewolves-assistant-web-next/components/shared/external/GitHubRepositoryButton/GitHubRepositoryButton.vue": {"path":"/home/runner/work/werewolves-assistant-web-next/werewolves-assistant-web-next/components/shared/external/GitHubRepositoryButton/GitHubRepositoryButton.vue","statementMap":{"0":{"start":{"line":20,"column":14},"end":{"line":20,"column":null}},"1":{"start":{"line":22,"column":14},"end":{"line":22,"column":null}},"2":{"start":{"line":24,"column":19},"end":{"line":29,"column":null}},"3":{"start":{"line":25,"column":2},"end":{"line":27,"column":null}},"4":{"start":{"line":26,"column":4},"end":{"line":26,"column":null}},"5":{"start":{"line":28,"column":2},"end":{"line":28,"column":null}},"6":{"start":{"line":9,"column":4},"end":{"line":9,"column":38}},"7":{"start":{"line":2,"column":2},"end":{"line":12,"column":null}}},"fnMap":{"0":{"name":"(anonymous_1)","decl":{"start":{"line":24,"column":36},"end":{"line":24,"column":42}},"loc":{"start":{"line":24,"column":42},"end":{"line":29,"column":1}}}},"branchMap":{"0":{"loc":{"start":{"line":25,"column":2},"end":{"line":27,"column":null}},"type":"if","locations":[{"start":{"line":25,"column":2},"end":{"line":27,"column":null}},{"start":{"line":25,"column":2},"end":{"line":27,"column":null}}]}},"s":{"0":8,"1":8,"2":8,"3":8,"4":4,"5":4,"6":91,"7":8},"f":{"0":8},"b":{"0":[4,4]}}
,"/home/runner/work/werewolves-assistant-web-next/werewolves-assistant-web-next/components/shared/game/player/PlayerCard/PlayerCard.vue": {"path":"/home/runner/work/werewolves-assistant-web-next/werewolves-assistant-web-next/components/shared/game/player/PlayerCard/PlayerCard.vue","statementMap":{"0":{"start":{"line":27,"column":14},"end":{"line":27,"column":null}},"1":{"start":{"line":29,"column":13},"end":{"line":29,"column":null}},"2":{"start":{"line":31,"column":14},"end":{"line":31,"column":null}},"3":{"start":{"line":33,"column":23},"end":{"line":33,"column":null}},"4":{"start":{"line":33,"column":59},"end":{"line":33,"column":127}},"5":{"start":{"line":36,"column":2},"end":{"line":36,"column":null}},"6":{"start":{"line":40,"column":2},"end":{"line":40,"column":null}},"7":{"start":{"line":2,"column":7},"end":{"line":2,"column":null}},"8":{"start":{"line":1,"column":0},"end":{"line":1,"column":null}},"9":{"start":{"line":17,"column":10},"end":{"line":17,"column":null}},"10":{"start":{"line":2,"column":2},"end":{"line":18,"column":null}}},"fnMap":{"0":{"name":"(anonymous_1)","decl":{"start":{"line":33,"column":52},"end":{"line":33,"column":59}},"loc":{"start":{"line":33,"column":59},"end":{"line":33,"column":127}}},"1":{"name":"getPlayerCardRoleImageAlt","decl":{"start":{"line":35,"column":9},"end":{"line":35,"column":45}},"loc":{"start":{"line":35,"column":45},"end":{"line":37,"column":null}}},"2":{"name":"emitPlayerCardSelectorClickEvent","decl":{"start":{"line":39,"column":9},"end":{"line":39,"column":50}},"loc":{"start":{"line":39,"column":50},"end":{"line":41,"column":null}}}},"branchMap":{"0":{"loc":{"start":{"line":33,"column":59},"end":{"line":33,"column":127}},"type":"cond-expr","locations":[{"start":{"line":33,"column":91},"end":{"line":33,"column":117}},{"start":{"line":33,"column":117},"end":{"line":33,"column":127}}]}},"s":{"0":9,"1":9,"2":9,"3":9,"4":9,"5":9,"6":1,"7":11,"8":11,"9":11,"10":9},"f":{"0":9,"1":9,"2":1},"b":{"0":[1,8]}}
,"/home/runner/work/werewolves-assistant-web-next/werewolves-assistant-web-next/components/shared/misc/TextProgressSpinner/TextProgressSpinner.vue": {"path":"/home/runner/work/werewolves-assistant-web-next/werewolves-assistant-web-next/components/shared/misc/TextProgressSpinner/TextProgressSpinner.vue","statementMap":{"0":{"start":{"line":8,"column":11},"end":{"line":8,"column":49}},"1":{"start":{"line":2,"column":2},"end":{"line":8,"column":64}}},"fnMap":{},"branchMap":{},"s":{"0":4,"1":8},"f":{},"b":{}}
,"/home/runner/work/werewolves-assistant-web-next/werewolves-assistant-web-next/components/shared/role/RoleImage/RoleImage.vue": {"path":"/home/runner/work/werewolves-assistant-web-next/werewolves-assistant-web-next/components/shared/role/RoleImage/RoleImage.vue","statementMap":{"0":{"start":{"line":23,"column":21},"end":{"line":23,"column":null}},"1":{"start":{"line":16,"column":14},"end":{"line":16,"column":null}},"2":{"start":{"line":21,"column":22},"end":{"line":21,"column":null}},"3":{"start":{"line":25,"column":21},"end":{"line":34,"column":null}},"4":{"start":{"line":26,"column":2},"end":{"line":28,"column":null}},"5":{"start":{"line":27,"column":4},"end":{"line":27,"column":null}},"6":{"start":{"line":30,"column":21},"end":{"line":30,"column":null}},"7":{"start":{"line":31,"column":22},"end":{"line":31,"column":null}},"8":{"start":{"line":33,"column":2},"end":{"line":33,"column":null}},"9":{"start":{"line":2,"column":2},"end":{"line":8,"column":null}}},"fnMap":{"0":{"name":"(anonymous_1)","decl":{"start":{"line":25,"column":38},"end":{"line":25,"column":44}},"loc":{"start":{"line":25,"column":44},"end":{"line":34,"column":1}}}},"branchMap":{"0":{"loc":{"start":{"line":26,"column":2},"end":{"line":28,"column":null}},"type":"if","locations":[{"start":{"line":26,"column":2},"end":{"line":28,"column":null}},{"start":{"line":26,"column":2},"end":{"line":28,"column":null}}]},"1":{"loc":{"start":{"line":31,"column":22},"end":{"line":31,"column":null}},"type":"cond-expr","locations":[{"start":{"line":31,"column":54},"end":{"line":31,"column":59}},{"start":{"line":31,"column":59},"end":{"line":31,"column":null}}]}},"s":{"0":20,"1":26,"2":26,"3":26,"4":27,"5":1,"6":26,"7":26,"8":26,"9":27},"f":{"0":27},"b":{"0":[1,26],"1":[25,1]}}
,"/home/runner/work/werewolves-assistant-web-next/werewolves-assistant-web-next/components/shared/role/RoleOriginBadge/RoleOriginBadge.vue": {"path":"/home/runner/work/werewolves-assistant-web-next/werewolves-assistant-web-next/components/shared/role/RoleOriginBadge/RoleOriginBadge.vue","statementMap":{"0":{"start":{"line":2,"column":2},"end":{"line":3,"column":null}}},"fnMap":{},"branchMap":{},"s":{"0":4},"f":{},"b":{}}
,"/home/runner/work/werewolves-assistant-web-next/werewolves-assistant-web-next/components/shared/role/RoleTypeBadge/RoleTypeBadge.vue": {"path":"/home/runner/work/werewolves-assistant-web-next/werewolves-assistant-web-next/components/shared/role/RoleTypeBadge/RoleTypeBadge.vue","statementMap":{"0":{"start":{"line":17,"column":14},"end":{"line":17,"column":null}},"1":{"start":{"line":19,"column":32},"end":{"line":28,"column":null}},"2":{"start":{"line":20,"column":66},"end":{"line":25,"column":null}},"3":{"start":{"line":27,"column":2},"end":{"line":27,"column":null}},"4":{"start":{"line":2,"column":2},"end":{"line":3,"column":null}}},"fnMap":{"0":{"name":"(anonymous_1)","decl":{"start":{"line":19,"column":53},"end":{"line":19,"column":59}},"loc":{"start":{"line":19,"column":59},"end":{"line":28,"column":1}}}},"branchMap":{},"s":{"0":8,"1":8,"2":11,"3":11,"4":12},"f":{"0":11},"b":{}}
,"/home/runner/work/werewolves-assistant-web-next/werewolves-assistant-web-next/composables/api/useWerewolvesAssistantApi.ts": {"path":"/home/runner/work/werewolves-assistant-web-next/werewolves-assistant-web-next/composables/api/useWerewolvesAssistantApi.ts","statementMap":{"0":{"start":{"line":11,"column":17},"end":{"line":11,"column":null}},"1":{"start":{"line":12,"column":22},"end":{"line":12,"column":null}},"2":{"start":{"line":13,"column":48},"end":{"line":13,"column":null}},"3":{"start":{"line":15,"column":38},"end":{"line":19,"column":null}},"4":{"start":{"line":21,"column":2},"end":{"line":21,"column":null}}},"fnMap":{"0":{"name":"useWerewolvesAssistantApi","decl":{"start":{"line":10,"column":9},"end":{"line":10,"column":64}},"loc":{"start":{"line":10,"column":64},"end":{"line":22,"column":null}}}},"branchMap":{},"s":{"0":183,"1":183,"2":183,"3":183,"4":183},"f":{"0":183},"b":{}}
,"/home/runner/work/werewolves-assistant-web-next/werewolves-assistant-web-next/composables/api/error/useWerewolvesAssistantApiError.ts": {"path":"/home/runner/work/werewolves-assistant-web-next/werewolves-assistant-web-next/composables/api/error/useWerewolvesAssistantApiError.ts","statementMap":{"0":{"start":{"line":11,"column":28},"end":{"line":11,"column":null}},"1":{"start":{"line":12,"column":16},"end":{"line":12,"column":null}},"2":{"start":{"line":15,"column":33},"end":{"line":15,"column":null}},"3":{"start":{"line":17,"column":4},"end":{"line":17,"column":null}},"4":{"start":{"line":18,"column":4},"end":{"line":21,"column":null}},"5":{"start":{"line":23,"column":2},"end":{"line":23,"column":null}}},"fnMap":{"0":{"name":"useWerewolvesAssistantApiError","decl":{"start":{"line":10,"column":9},"end":{"line":10,"column":74}},"loc":{"start":{"line":10,"column":74},"end":{"line":24,"column":null}}},"1":{"name":"handleWerewolvesAssistantApiError","decl":{"start":{"line":14,"column":11},"end":{"line":14,"column":45}},"loc":{"start":{"line":14,"column":123},"end":{"line":22,"column":null}}}},"branchMap":{},"s":{"0":185,"1":185,"2":2,"3":2,"4":2,"5":185},"f":{"0":185,"1":2},"b":{}}
,"/home/runner/work/werewolves-assistant-web-next/werewolves-assistant-web-next/composables/api/game/useCreateGameDtoValidation.ts": {"path":"/home/runner/work/werewolves-assistant-web-next/werewolves-assistant-web-next/composables/api/game/useCreateGameDtoValidation.ts","statementMap":{"0":{"start":{"line":20,"column":16},"end":{"line":20,"column":null}},"1":{"start":{"line":22,"column":34},"end":{"line":22,"column":null}},"2":{"start":{"line":22,"column":58},"end":{"line":22,"column":115}},"3":{"start":{"line":24,"column":25},"end":{"line":24,"column":null}},"4":{"start":{"line":24,"column":49},"end":{"line":24,"column":124}},"5":{"start":{"line":24,"column":93},"end":{"line":24,"column":123}},"6":{"start":{"line":26,"column":42},"end":{"line":26,"column":null}},"7":{"start":{"line":26,"column":66},"end":{"line":26,"column":153}},"8":{"start":{"line":26,"column":109},"end":{"line":26,"column":152}},"9":{"start":{"line":28,"column":42},"end":{"line":28,"column":null}},"10":{"start":{"line":28,"column":66},"end":{"line":28,"column":154}},"11":{"start":{"line":28,"column":109},"end":{"line":28,"column":153}},"12":{"start":{"line":30,"column":49},"end":{"line":37,"column":null}},"13":{"start":{"line":31,"column":27},"end":{"line":31,"column":null}},"14":{"start":{"line":31,"column":70},"end":{"line":31,"column":106}},"15":{"start":{"line":32,"column":42},"end":{"line":32,"column":null}},"16":{"start":{"line":32,"column":92},"end":{"line":32,"column":126}},"17":{"start":{"line":33,"column":4},"end":{"line":35,"column":null}},"18":{"start":{"line":34,"column":6},"end":{"line":34,"column":null}},"19":{"start":{"line":36,"column":4},"end":{"line":36,"column":null}},"20":{"start":{"line":39,"column":49},"end":{"line":46,"column":null}},"21":{"start":{"line":40,"column":27},"end":{"line":40,"column":null}},"22":{"start":{"line":40,"column":70},"end":{"line":40,"column":106}},"23":{"start":{"line":41,"column":42},"end":{"line":41,"column":null}},"24":{"start":{"line":41,"column":92},"end":{"line":41,"column":126}},"25":{"start":{"line":42,"column":4},"end":{"line":44,"column":null}},"26":{"start":{"line":43,"column":6},"end":{"line":43,"column":null}},"27":{"start":{"line":45,"column":4},"end":{"line":45,"column":null}},"28":{"start":{"line":48,"column":62},"end":{"line":55,"column":null}},"29":{"start":{"line":49,"column":43},"end":{"line":49,"column":null}},"30":{"start":{"line":49,"column":86},"end":{"line":49,"column":139}},"31":{"start":{"line":50,"column":31},"end":{"line":50,"column":null}},"32":{"start":{"line":50,"column":75},"end":{"line":50,"column":87}},"33":{"start":{"line":51,"column":4},"end":{"line":53,"column":null}},"34":{"start":{"line":52,"column":6},"end":{"line":52,"column":null}},"35":{"start":{"line":54,"column":4},"end":{"line":54,"column":null}},"36":{"start":{"line":57,"column":24},"end":{"line":63,"column":null}},"37":{"start":{"line":57,"column":48},"end":{"line":63,"column":61}},"38":{"start":{"line":65,"column":39},"end":{"line":77,"column":null}},"39":{"start":{"line":66,"column":44},"end":{"line":74,"column":null}},"40":{"start":{"line":76,"column":4},"end":{"line":76,"column":null}},"41":{"start":{"line":76,"column":68},"end":{"line":76,"column":79}},"42":{"start":{"line":79,"column":2},"end":{"line":89,"column":null}}},"fnMap":{"0":{"name":"useCreateGameDtoValidation","decl":{"start":{"line":19,"column":9},"end":{"line":19,"column":36}},"loc":{"start":{"line":19,"column":99},"end":{"line":90,"column":null}}},"1":{"name":"(anonymous_1)","decl":{"start":{"line":22,"column":52},"end":{"line":22,"column":58}},"loc":{"start":{"line":22,"column":58},"end":{"line":22,"column":115}}},"2":{"name":"(anonymous_2)","decl":{"start":{"line":24,"column":43},"end":{"line":24,"column":49}},"loc":{"start":{"line":24,"column":49},"end":{"line":24,"column":124}}},"3":{"name":"(anonymous_3)","decl":{"start":{"line":24,"column":83},"end":{"line":24,"column":93}},"loc":{"start":{"line":24,"column":93},"end":{"line":24,"column":123}}},"4":{"name":"(anonymous_4)","decl":{"start":{"line":26,"column":60},"end":{"line":26,"column":66}},"loc":{"start":{"line":26,"column":66},"end":{"line":26,"column":153}}},"5":{"name":"(anonymous_5)","decl":{"start":{"line":26,"column":99},"end":{"line":26,"column":109}},"loc":{"start":{"line":26,"column":109},"end":{"line":26,"column":152}}},"6":{"name":"(anonymous_6)","decl":{"start":{"line":28,"column":60},"end":{"line":28,"column":66}},"loc":{"start":{"line":28,"column":66},"end":{"line":28,"column":154}}},"7":{"name":"(anonymous_7)","decl":{"start":{"line":28,"column":99},"end":{"line":28,"column":109}},"loc":{"start":{"line":28,"column":109},"end":{"line":28,"column":153}}},"8":{"name":"(anonymous_8)","decl":{"start":{"line":30,"column":67},"end":{"line":30,"column":73}},"loc":{"start":{"line":30,"column":73},"end":{"line":37,"column":3}}},"9":{"name":"(anonymous_9)","decl":{"start":{"line":31,"column":60},"end":{"line":31,"column":70}},"loc":{"start":{"line":31,"column":70},"end":{"line":31,"column":106}}},"10":{"name":"(anonymous_10)","decl":{"start":{"line":32,"column":84},"end":{"line":32,"column":92}},"loc":{"start":{"line":32,"column":92},"end":{"line":32,"column":126}}},"11":{"name":"(anonymous_11)","decl":{"start":{"line":39,"column":67},"end":{"line":39,"column":73}},"loc":{"start":{"line":39,"column":73},"end":{"line":46,"column":3}}},"12":{"name":"(anonymous_12)","decl":{"start":{"line":40,"column":60},"end":{"line":40,"column":70}},"loc":{"start":{"line":40,"column":70},"end":{"line":40,"column":106}}},"13":{"name":"(anonymous_13)","decl":{"start":{"line":41,"column":84},"end":{"line":41,"column":92}},"loc":{"start":{"line":41,"column":92},"end":{"line":41,"column":126}}},"14":{"name":"(anonymous_14)","decl":{"start":{"line":48,"column":80},"end":{"line":48,"column":86}},"loc":{"start":{"line":48,"column":86},"end":{"line":55,"column":3}}},"15":{"name":"(anonymous_15)","decl":{"start":{"line":49,"column":76},"end":{"line":49,"column":86}},"loc":{"start":{"line":49,"column":86},"end":{"line":49,"column":139}}},"16":{"name":"(anonymous_16)","decl":{"start":{"line":50,"column":65},"end":{"line":50,"column":75}},"loc":{"start":{"line":50,"column":75},"end":{"line":50,"column":87}}},"17":{"name":"(anonymous_17)","decl":{"start":{"line":57,"column":42},"end":{"line":57,"column":48}},"loc":{"start":{"line":57,"column":48},"end":{"line":63,"column":61}}},"18":{"name":"(anonymous_18)","decl":{"start":{"line":65,"column":58},"end":{"line":65,"column":64}},"loc":{"start":{"line":65,"column":64},"end":{"line":77,"column":3}}},"19":{"name":"(anonymous_19)","decl":{"start":{"line":76,"column":38},"end":{"line":76,"column":39}},"loc":{"start":{"line":76,"column":68},"end":{"lin
[...]
,"/home/runner/work/werewolves-assistant-web-next/werewolves-assistant-web-next/pages/game/[id].vue": {"path":"/home/runner/work/werewolves-assistant-web-next/werewolves-assistant-web-next/pages/game/[id].vue","statementMap":{"0":{"start":{"line":44,"column":14},"end":{"line":44,"column":null}},"1":{"start":{"line":45,"column":18},"end":{"line":45,"column":null}},"2":{"start":{"line":46,"column":28},"end":{"line":46,"column":null}},"3":{"start":{"line":47,"column":37},"end":{"line":47,"column":null}},"4":{"start":{"line":49,"column":15},"end":{"line":49,"column":null}},"5":{"start":{"line":51,"column":15},"end":{"line":51,"column":null}},"6":{"start":{"line":52,"column":0},"end":{"line":52,"column":null}},"7":{"start":{"line":54,"column":36},"end":{"line":62,"column":null}},"8":{"start":{"line":55,"column":72},"end":{"line":59,"column":null}},"9":{"start":{"line":61,"column":2},"end":{"line":61,"column":null}}},"fnMap":{"0":{"name":"(anonymous_1)","decl":{"start":{"line":54,"column":66},"end":{"line":54,"column":72}},"loc":{"start":{"line":54,"column":72},"end":{"line":62,"column":1}}}},"branchMap":{"0":{"loc":{"start":{"line":51,"column":15},"end":{"line":51,"column":null}},"type":"cond-expr","locations":[{"start":{"line":51,"column":35},"end":{"line":51,"column":43}},{"start":{"line":51,"column":43},"end":{"line":51,"column":null}}]},"1":{"loc":{"start":{"line":7,"column":12},"end":{"line":26,"column":null}},"type":"cond-expr","locations":[{"start":{"line":7,"column":30},"end":{"line":18,"column":35}},{"start":{"line":18,"column":17},"end":{"line":26,"column":null}}]},"2":{"loc":{"start":{"line":18,"column":17},"end":{"line":26,"column":null}},"type":"cond-expr","locations":[{"start":{"line":18,"column":35},"end":{"line":20,"column":null}},{"start":{"line":20,"column":12},"end":{"line":26,"column":null}}]}},"s":{"0":10,"1":10,"2":10,"3":10,"4":10,"5":10,"6":10,"7":10,"8":13,"9":13},"f":{"0":13},"b":{"0":[1,9],"1":[9,14],"2":[1,13]}}
,"/home/runner/work/werewolves-assistant-web-next/werewolves-assistant-web-next/stores/enums/store.enum.ts": {"path":"/home/runner/work/werewolves-assistant-web-next/werewolves-assistant-web-next/stores/enums/store.enum.ts","statementMap":{"0":{"start":{"line":1,"column":0},"end":{"line":1,"column":null}},"1":{"start":{"line":2,"column":2},"end":{"line":2,"column":null}},"2":{"start":{"line":3,"column":2},"end":{"line":3,"column":null}},"3":{"start":{"line":4,"column":2},"end":{"line":4,"column":null}},"4":{"start":{"line":5,"column":2},"end":{"line":5,"column":null}},"5":{"start":{"line":1,"column":5},"end":{"line":1,"column":null}}},"fnMap":{"0":{"name":"(anonymous_0)","decl":{"start":{"line":1,"column":0},"end":{"line":1,"column":5}},"loc":{"start":{"line":1,"column":0},"end":{"line":1,"column":null}}}},"branchMap":{"0":{"loc":{"start":{"line":1,"column":5},"end":{"line":1,"column":null}},"type":"binary-expr","locations":[{"start":{"line":1,"column":5},"end":{"line":1,"column":null}},{"start":{"line":1,"column":5},"end":{"line":1,"column":null}}]}},"s":{"0":146,"1":146,"2":146,"3":146,"4":146,"5":146},"f":{"0":146},"b":{"0":[146,146]}}
,"/home/runner/work/werewolves-assistant-web-next/werewolves-assistant-web-next/stores/game/useGameStore.ts": {"path":"/home/runner/work/werewolves-assistant-web-next/werewolves-assistant-web-next/stores/game/useGameStore.ts","statementMap":{"0":{"start":{"line":9,"column":21},"end":{"line":70,"column":null}},"1":{"start":{"line":14,"column":6},"end":{"line":14,"column":null}},"2":{"start":{"line":16,"column":15},"end":{"line":16,"column":null}},"3":{"start":{"line":17,"column":29},"end":{"line":17,"column":null}},"4":{"start":{"line":18,"column":30},"end":{"line":18,"column":null}},"5":{"start":{"line":19,"column":31},"end":{"line":19,"column":null}},"6":{"start":{"line":22,"column":4},"end":{"line":22,"column":null}},"7":{"start":{"line":26,"column":4},"end":{"line":26,"column":null}},"8":{"start":{"line":27,"column":24},"end":{"line":27,"column":null}},"9":{"start":{"line":28,"column":4},"end":{"line":32,"column":null}},"10":{"start":{"line":29,"column":6},"end":{"line":29,"column":null}},"11":{"start":{"line":31,"column":6},"end":{"line":31,"column":null}},"12":{"start":{"line":33,"column":4},"end":{"line":33,"column":null}},"13":{"start":{"line":34,"column":4},"end":{"line":34,"column":null}},"14":{"start":{"line":38,"column":4},"end":{"line":38,"column":null}},"15":{"start":{"line":39,"column":25},"end":{"line":39,"column":null}},"16":{"start":{"line":40,"column":4},"end":{"line":44,"column":null}},"17":{"start":{"line":41,"column":6},"end":{"line":41,"column":null}},"18":{"start":{"line":43,"column":6},"end":{"line":43,"column":null}},"19":{"start":{"line":45,"column":4},"end":{"line":45,"column":null}},"20":{"start":{"line":46,"column":4},"end":{"line":46,"column":null}},"21":{"start":{"line":50,"column":4},"end":{"line":50,"column":null}},"22":{"start":{"line":51,"column":23},"end":{"line":51,"column":null}},"23":{"start":{"line":52,"column":4},"end":{"line":56,"column":null}},"24":{"start":{"line":53,"column":6},"end":{"line":53,"column":null}},"25":{"start":{"line":55,"column":6},"end":{"line":55,"column":null}},"26":{"start":{"line":57,"column":4},"end":{"line":57,"column":null}},"27":{"start":{"line":58,"column":4},"end":{"line":58,"column":null}},"28":{"start":{"line":60,"column":2},"end":{"line":69,"column":null}}},"fnMap":{"0":{"name":"(anonymous_0)","decl":{"start":{"line":9,"column":48},"end":{"line":9,"column":54}},"loc":{"start":{"line":9,"column":54},"end":{"line":70,"column":1}}},"1":{"name":"resetGame","decl":{"start":{"line":21,"column":11},"end":{"line":21,"column":29}},"loc":{"start":{"line":21,"column":29},"end":{"line":23,"column":null}}},"2":{"name":"fetchAndSetGame","decl":{"start":{"line":25,"column":17},"end":{"line":25,"column":33}},"loc":{"start":{"line":25,"column":64},"end":{"line":35,"column":null}}},"3":{"name":"cancelGame","decl":{"start":{"line":37,"column":17},"end":{"line":37,"column":45}},"loc":{"start":{"line":37,"column":45},"end":{"line":47,"column":null}}},"4":{"name":"makeGamePlay","decl":{"start":{"line":49,"column":17},"end":{"line":49,"column":30}},"loc":{"start":{"line":49,"column":79},"end":{"line":59,"column":null}}}},"branchMap":{"0":{"loc":{"start":{"line":28,"column":4},"end":{"line":32,"column":null}},"type":"if","locations":[{"start":{"line":28,"column":4},"end":{"line":32,"column":null}},{"start":{"line":28,"column":4},"end":{"line":32,"column":null}}]},"1":{"loc":{"start":{"line":40,"column":4},"end":{"line":44,"column":null}},"type":"if","locations":[{"start":{"line":40,"column":4},"end":{"line":44,"column":null}},{"start":{"line":40,"column":4},"end":{"line":44,"column":null}}]},"2":{"loc":{"start":{"line":52,"column":4},"end":{"line":56,"column":null}},"type":"if","locations":[{"start":{"line":52,"column":4},"end":{"line":56,"column":null}},{"start":{"line":52,"column":4},"end":{"line":56,"column":null}}]}},"s":{"0":21,"1":171,"2":171,"3":171,"4":171,"5":171,"6":1,"7":2,"8":2,"9":2,"10":1,"11":1,"12":1,"13":1,"14":2,"15":2,"16":2,"17":1,"18":1,"19":1,"20":1,"21":2,"22":2,"23":2,"24":1,"25":1,"26":1,"27":1,"28":171},"f":{"0":171,"1":1,"2":2,"3":2,"4":2},"b":{"0":[1,1],"1":[1,1],"2":[1,1]}}
,"/home/runner/work/werewolves-assistant-web-next/werewolves-assistant-web-next/stores/game/create-game-dto/useCreateGameDtoStore.ts": {"path":"/home/runner/work/werewolves-assistant-web-next/werewolves-assistant-web-next/stores/game/create-game-dto/useCreateGameDtoStore.ts","statementMap":{"0":{"start":{"line":8,"column":30},"end":{"line":41,"column":null}},"1":{"start":{"line":9,"column":24},"end":{"line":9,"column":null}},"2":{"start":{"line":12,"column":4},"end":{"line":12,"column":null}},"3":{"start":{"line":16,"column":4},"end":{"line":16,"column":null}},"4":{"start":{"line":20,"column":4},"end":{"line":20,"column":null}},"5":{"start":{"line":24,"column":4},"end":{"line":24,"column":null}},"6":{"start":{"line":24,"column":56},"end":{"line":24,"column":90}},"7":{"start":{"line":28,"column":24},"end":{"line":28,"column":null}},"8":{"start":{"line":28,"column":72},"end":{"line":28,"column":98}},"9":{"start":{"line":29,"column":4},"end":{"line":31,"column":null}},"10":{"start":{"line":30,"column":6},"end":{"line":30,"column":null}},"11":{"start":{"line":33,"column":2},"end":{"line":40,"column":null}}},"fnMap":{"0":{"name":"(anonymous_0)","decl":{"start":{"line":8,"column":68},"end":{"line":8,"column":74}},"loc":{"start":{"line":8,"column":74},"end":{"line":41,"column":1}}},"1":{"name":"setCreateGameDto","decl":{"start":{"line":11,"column":11},"end":{"line":11,"column":28}},"loc":{"start":{"line":11,"column":69},"end":{"line":13,"column":null}}},"2":{"name":"resetCreateGameDto","decl":{"start":{"line":15,"column":11},"end":{"line":15,"column":38}},"loc":{"start":{"line":15,"column":38},"end":{"line":17,"column":null}}},"3":{"name":"addPlayerToCreateGameDto","decl":{"start":{"line":19,"column":11},"end":{"line":19,"column":36}},"loc":{"start":{"line":19,"column":71},"end":{"line":21,"column":null}}},"4":{"name":"setPlayersToCreateGameDto","decl":{"start":{"line":23,"column":11},"end":{"line":23,"column":37}},"loc":{"start":{"line":23,"column":75},"end":{"line":25,"column":null}}},"5":{"name":"(anonymous_5)","decl":{"start":{"line":24,"column":46},"end":{"line":24,"column":56}},"loc":{"start":{"line":24,"column":56},"end":{"line":24,"column":90}}},"6":{"name":"removePlayerFromCreateGameDto","decl":{"start":{"line":27,"column":11},"end":{"line":27,"column":41}},"loc":{"start":{"line":27,"column":67},"end":{"line":32,"column":null}}},"7":{"name":"(anonymous_7)","decl":{"start":{"line":28,"column":62},"end":{"line":28,"column":72}},"loc":{"start":{"line":28,"column":72},"end":{"line":28,"column":98}}}},"branchMap":{"0":{"loc":{"start":{"line":29,"column":4},"end":{"line":31,"column":null}},"type":"if","locations":[{"start":{"line":29,"column":4},"end":{"line":31,"column":null}},{"start":{"line":29,"column":4},"end":{"line":31,"column":null}}]}},"s":{"0":9,"1":74,"2":1,"3":1,"4":1,"5":1,"6":3,"7":2,"8":5,"9":2,"10":1,"11":74},"f":{"0":74,"1":1,"2":1,"3":1,"4":1,"5":3,"6":2,"7":5},"b":{"0":[1,1]}}
,"/home/runner/work/werewolves-assistant-web-next/werewolves-assistant-web-next/stores/game/make-game-play-dto/useMakeGamePlayDtoStore.ts": {"path":"/home/runner/work/werewolves-assistant-web-next/werewolves-assistant-web-next/stores/game/make-game-play-dto/useMakeGamePlayDtoStore.ts","statementMap":{"0":{"start":{"line":9,"column":32},"end":{"line":83,"column":null}},"1":{"start":{"line":10,"column":26},"end":{"line":10,"column":null}},"2":{"start":{"line":13,"column":4},"end":{"line":13,"column":null}},"3":{"start":{"line":17,"column":4},"end":{"line":17,"column":null}},"4":{"start":{"line":21,"column":4},"end":{"line":23,"column":null}},"5":{"start":{"line":22,"column":6},"end":{"line":22,"column":null}},"6":{"start":{"line":24,"column":4},"end":{"line":24,"column":null}},"7":{"start":{"line":28,"column":4},"end":{"line":30,"column":null}},"8":{"start":{"line":29,"column":6},"end":{"line":29,"column":null}},"9":{"start":{"line":31,"column":24},"end":{"line":31,"column":null}},"10":{"start":{"line":31,"column":74},"end":{"line":31,"column":102}},"11":{"start":{"line":32,"column":4},"end":{"line":34,"column":null}},"12":{"start":{"line":33,"column":6},"end":{"line":33,"column":null}},"13":{"start":{"line":35,"column":4},"end":{"line":37,"column":null}},"14":{"start":{"line":36,"column":6},"end":{"line":36,"column":null}},"15":{"start":{"line":41,"column":4},"end":{"line":43,"column":null}},"16":{"start":{"line":42,"column":6},"end":{"line":42,"column":null}},"17":{"start":{"line":44,"column":4},"end":{"line":44,"column":null}},"18":{"start":{"line":48,"column":4},"end":{"line":50,"column":null}},"19":{"start":{"line":49,"column":6},"end":{"line":49,"column":null}},"20":{"start":{"line":51,"column":22},"end":{"line":51,"column":null}},"21":{"start":{"line":51,"column":68},"end":{"line":51,"column":94}},"22":{"start":{"line":52,"column":4},"end":{"line":54,"column":null}},"23":{"start":{"line":53,"column":6},"end":{"line":53,"column":null}},"24":{"start":{"line":55,"column":4},"end":{"line":57,"column":null}},"25":{"start":{"line":56,"column":6},"end":{"line":56,"column":null}},"26":{"start":{"line":61,"column":4},"end":{"line":61,"column":null}},"27":{"start":{"line":65,"column":4},"end":{"line":65,"column":null}},"28":{"start":{"line":69,"column":4},"end":{"line":69,"column":null}},"29":{"start":{"line":71,"column":2},"end":{"line":82,"column":null}}},"fnMap":{"0":{"name":"(anonymous_0)","decl":{"start":{"line":9,"column":73},"end":{"line":9,"column":79}},"loc":{"start":{"line":9,"column":79},"end":{"line":83,"column":1}}},"1":{"name":"setMakeGamePlayDto","decl":{"start":{"line":12,"column":11},"end":{"line":12,"column":30}},"loc":{"start":{"line":12,"column":75},"end":{"line":14,"column":null}}},"2":{"name":"resetMakeGamePlayDto","decl":{"start":{"line":16,"column":11},"end":{"line":16,"column":40}},"loc":{"start":{"line":16,"column":40},"end":{"line":18,"column":null}}},"3":{"name":"addMakeGamePlayTargetDto","decl":{"start":{"line":20,"column":11},"end":{"line":20,"column":36}},"loc":{"start":{"line":20,"column":73},"end":{"line":25,"column":null}}},"4":{"name":"removeMakeGamePlayTargetDto","decl":{"start":{"line":27,"column":11},"end":{"line":27,"column":39}},"loc":{"start":{"line":27,"column":63},"end":{"line":38,"column":null}}},"5":{"name":"(anonymous_5)","decl":{"start":{"line":31,"column":64},"end":{"line":31,"column":74}},"loc":{"start":{"line":31,"column":74},"end":{"line":31,"column":102}}},"6":{"name":"addMakeGamePlayVoteDto","decl":{"start":{"line":40,"column":11},"end":{"line":40,"column":34}},"loc":{"start":{"line":40,"column":67},"end":{"line":45,"column":null}}},"7":{"name":"removeMakeGamePlayVoteDto","decl":{"start":{"line":47,"column":11},"end":{"line":47,"column":37}},"loc":{"start":{"line":47,"column":61},"end":{"line":58,"column":null}}},"8":{"name":"(anonymous_8)","decl":{"start":{"line":51,"column":60},"end":{"line":51,"column":68}},"loc":{"start":{"line":51,"column":68},"end":{"line":51,"column":94}}},"9":{"name":"setDoesJudgeRequestAnotherVote","decl":{"start":{"line":60,"column":11},"end":{"line":60,"column":42}},"loc":{"start":{"line":60,"column":98},"end":{"line":62,"column":null}}},"10":{"name":"setChosenCardId","decl":{"start":{"line":64,"column":11},"end":{"line":64,"column":27}},"loc":{"start":{"line":64,"column":67},"end":{"line":66,"column":null}}},"11":{"name":"setChosenSide","decl":{"start":{"line":68,"column":11},"end":{"line":68,"column":25}},"loc":{"start":{"line":68,"column":66},"end":{"line":70,"column":null}}}},"branchMap":{"0":{"loc":{"start":{"line":21,"column":4},"end":{"line":23,"column":null}},"type":"if","locations":[{"start":{"line":21,"column":4},"end":{"line":23,"column":null}},{"start":{"line":21,"column":4},"end":{"line":23,"column":null}}]},"1":{"loc":{"start":{"line":28,"column":4},"end":{"line":30,"column":null}},"type":"if","locations":[{"start":{"line":28,"column":4},"end":{"line":30,"column":null}},{"start":{"line":28,"column":4},"end":{"line":30,"column":null}}]},"2":{"loc":{"start":{"line":32,"column":4},"end":{"line":34,"column":null}},"type":"if","locations":[{"start":{"line":32,"column":4},"end":{"line":34,"column":null}},{"start":{"line":32,"column":4},"end":{"line":34,"column":null}}]},"3":{"loc":{"start":{"line":35,"column":4},"end":{"line":37,"column":null}},"type":"if","locations":[{"start":{"line":35,"column":4},"end":{"line":37,"column":null}},{"start":{"line":35,"column":4},"end":{"line":37,"column":null}}]},"4":{"loc":{"start":{"line":41,"column":4},"end":{"line":43,"column":null}},"type":"if","locations":[{"start":{"line":41,"column":4},"end":{"line":43,"column":null}},{"start":{"line":41,"column":4},"end":{"line":43,"column":null}}]},"5":{"loc":{"start":{"line":48,"column":4},"end":{"line":50,"column":null}},"type":"if","locations":[{"start":{"line":48,"column":4},"end":{"line":50,"column":null}},{"start":{"line":48,"column":4},"end":{"line":50,"column":null}}]},"6":{"loc":{"start":{"line":52,"column":4},"end":{"line":54,"column":null}},"type":"if","locations":[{"start":{"line":52,"column":4},"end":{"line":54,"column":null}},{"start":{"line":52,"column":4},"end":{"line":54,"column":null}}]},"7":{"loc":{"start":{"line":55,"column":4},"end":{"line":57,"column":null}},"type":"if","locations":[{"start":{"line":55,"column":4},"end":{"line":57,"column":null}},{"start":{"line":55,"column":4},"end":{"line":57,"column":null}}]}},"s":{"0":11,"1":43,"2":1,"3":1,"4":2,"5":1,"6":2,"7":4,"8":1,"9":3,"10":4,"11":3,"12":2,"13":3,"14":1,"15":2,"16":1,"17":2,"18":4,"19":1,"20":3,"21":4,"22":3,"23":2,"24":3,"25":1,"26":1,"27":1,"28":1,"29":43},"f":{"0":43,"1":1,"2":1,"3":2,"4":4,"5":4,"6":2,"7":4,"8":4,"9":1,"10":1,"11":1},"b":{"0":[1,1],"1":[1,3],"2":[2,1],"3":[1,2],"4":[1,1],"5":[1,3],"6":[2,1],"7":[1,2]}}
,"/home/runner/work/werewolves-assistant-web-next/werewolves-assistant-web-next/stores/role/useRolesStore.ts": {"path":"/home/runner/work/werewolves-assistant-web-next/werewolves-assistant-web-next/stores/role/useRolesStore.ts","statementMap":{"0":{"start":{"line":9,"column":22},"end":{"line":25,"column":null}},"1":{"start":{"line":10,"column":25},"end":{"line":10,"column":null}},"2":{"start":{"line":12,"column":29},"end":{"line":12,"column":null}},"3":{"start":{"line":13,"column":16},"end":{"line":13,"column":null}},"4":{"start":{"line":16,"column":4},"end":{"line":16,"column":null}},"5":{"start":{"line":17,"column":4},"end":{"line":17,"column":null}},"6":{"start":{"line":18,"column":4},"end":{"line":18,"column":null}},"7":{"start":{"line":20,"column":2},"end":{"line":24,"column":null}}},"fnMap":{"0":{"name":"(anonymous_0)","decl":{"start":{"line":9,"column":50},"end":{"line":9,"column":56}},"loc":{"start":{"line":9,"column":56},"end":{"line":25,"column":1}}},"1":{"name":"fetchAndSetRoles","decl":{"start":{"line":15,"column":17},"end":{"line":15,"column":51}},"loc":{"start":{"line":15,"column":51},"end":{"line":19,"column":null}}}},"branchMap":{},"s":{"0":143,"1":22,"2":22,"3":22,"4":2,"5":2,"6":2,"7":22},"f":{"0":22,"1":2},"b":{}}
,"/home/runner/work/werewolves-assistant-web-next/werewolves-assistant-web-next/utils/url.utils.ts": {"path":"/home/runner/work/werewolves-assistant-web-next/werewolves-assistant-web-next/utils/url.utils.ts","statementMap":{"0":{"start":{"line":2,"column":2},"end":{"line":2,"column":null}}},"fnMap":{"0":{"name":"removeTrailingSlashes","decl":{"start":{"line":1,"column":9},"end":{"line":1,"column":31}},"loc":{"start":{"line":1,"column":52},"end":{"line":3,"column":null}}}},"branchMap":{},"s":{"0":210},"f":{"0":210},"b":{}}
}
