{"/home/runner/work/werewolves-assistant-web-next/werewolves-assistant-web-next/app.vue": {"path":"/home/runner/work/werewolves-assistant-web-next/werewolves-assistant-web-next/app.vue","statementMap":{"0":{"start":{"line":16,"column":19},"end":{"line":16,"column":null}},"1":{"start":{"line":18,"column":14},"end":{"line":18,"column":null}},"2":{"start":{"line":20,"column":0},"end":{"line":31,"column":null}},"3":{"start":{"line":33,"column":0},"end":{"line":33,"column":null}},"4":{"start":{"line":2,"column":2},"end":{"line":1,"column":null}},"5":{"start":{"line":5,"column":6},"end":{"line":7,"column":44}}},"fnMap":{"0":{"name":"(anonymous_2)","decl":{"start":{"line":3,"column":4},"end":{"line":3,"column":null}},"loc":{"start":{"line":5,"column":6},"end":{"line":7,"column":44}}}},"branchMap":{},"s":{"0":5,"1":5,"2":5,"3":5,"4":5,"5":1},"f":{"0":1},"b":{}}
,"/home/runner/work/werewolves-assistant-web-next/werewolves-assistant-web-next/components/layouts/default/NavBar/NavBar.vue": {"path":"/home/runner/work/werewolves-assistant-web-next/werewolves-assistant-web-next/components/layouts/default/NavBar/NavBar.vue","statementMap":{"0":{"start":{"line":1,"column":0},"end":{"line":1,"column":null}},"1":{"start":{"line":2,"column":2},"end":{"line":1,"column":null}},"2":{"start":{"line":18,"column":8},"end":{"line":24,"column":null}}},"fnMap":{"0":{"name":"(anonymous_3)","decl":{"start":{"line":14,"column":6},"end":{"line":14,"column":null}},"loc":{"start":{"line":18,"column":8},"end":{"line":24,"column":null}}}},"branchMap":{},"s":{"0":3,"1":9,"2":4},"f":{"0":4},"b":{}}
,"/home/runner/work/werewolves-assistant-web-next/werewolves-assistant-web-next/components/layouts/default/NavBar/ParametersMenu/ParametersMenu.vue": {"path":"/home/runner/work/werewolves-assistant-web-next/werewolves-assistant-web-next/components/layouts/default/NavBar/ParametersMenu/ParametersMenu.vue","statementMap":{"0":{"start":{"line":30,"column":18},"end":{"line":30,"column":null}},"1":{"start":{"line":31,"column":44},"end":{"line":31,"column":null}},"2":{"start":{"line":32,"column":17},"end":{"line":32,"column":null}},"3":{"start":{"line":33,"column":14},"end":{"line":33,"column":null}},"4":{"start":{"line":34,"column":28},"end":{"line":34,"column":null}},"5":{"start":{"line":36,"column":22},"end":{"line":49,"column":null}},"6":{"start":{"line":36,"column":48},"end":{"line":49,"column":2}},"7":{"start":{"line":45,"column":8},"end":{"line":45,"column":null}},"8":{"start":{"line":51,"column":28},"end":{"line":61,"column":null}},"9":{"start":{"line":51,"column":55},"end":{"line":61,"column":1}},"10":{"start":{"line":58,"column":6},"end":{"line":58,"column":null}},"11":{"start":{"line":63,"column":23},"end":{"line":63,"column":null}},"12":{"start":{"line":66,"column":2},"end":{"line":68,"column":null}},"13":{"start":{"line":67,"column":4},"end":{"line":67,"column":null}},"14":{"start":{"line":69,"column":2},"end":{"line":69,"column":null}},"15":{"start":{"line":73,"column":2},"end":{"line":73,"column":null}},"16":{"start":{"line":74,"column":2},"end":{"line":74,"column":null}},"17":{"start":{"line":2,"column":7},"end":{"line":2,"column":null}}},"fnMap":{"0":{"name":"(anonymous_1)","decl":{"start":{"line":36,"column":41},"end":{"line":36,"column":48}},"loc":{"start":{"line":36,"column":48},"end":{"line":49,"column":2}}},"1":{"name":"(anonymous_2)","decl":{"start":{"line":44,"column":15},"end":{"line":44,"column":27}},"loc":{"start":{"line":44,"column":27},"end":{"line":46,"column":null}}},"2":{"name":"(anonymous_3)","decl":{"start":{"line":51,"column":49},"end":{"line":51,"column":55}},"loc":{"start":{"line":51,"column":55},"end":{"line":61,"column":1}}},"3":{"name":"(anonymous_4)","decl":{"start":{"line":57,"column":4},"end":{"line":57,"column":20}},"loc":{"start":{"line":57,"column":20},"end":{"line":59,"column":null}}},"4":{"name":"toggleParametersMenu","decl":{"start":{"line":65,"column":9},"end":{"line":65,"column":30}},"loc":{"start":{"line":65,"column":55},"end":{"line":70,"column":null}}},"5":{"name":"cancelGame","decl":{"start":{"line":72,"column":9},"end":{"line":72,"column":28}},"loc":{"start":{"line":72,"column":28},"end":{"line":75,"column":null}}}},"branchMap":{"0":{"loc":{"start":{"line":66,"column":2},"end":{"line":68,"column":null}},"type":"if","locations":[{"start":{"line":66,"column":2},"end":{"line":68,"column":null}},{"start":{"line":66,"column":2},"end":{"line":68,"column":null}}]}},"s":{"0":20,"1":20,"2":20,"3":20,"4":20,"5":20,"6":35,"7":2,"8":20,"9":35,"10":1,"11":20,"12":8,"13":1,"14":7,"15":2,"16":2,"17":4},"f":{"0":35,"1":2,"2":35,"3":1,"4":8,"5":2},"b":{"0":[1,7]}}
,"/home/runner/work/werewolves-assistant-web-next/werewolves-assistant-web-next/components/pages/about/AboutCreator.vue": {"path":"/home/runner/work/werewolves-assistant-web-next/werewolves-assistant-web-next/components/pages/about/AboutCreator.vue","statementMap":{"0":{"start":{"line":4,"column":9},"end":{"line":7,"column":9}},"1":{"start":{"line":16,"column":10},"end":{"line":16,"column":null}},"2":{"start":{"line":20,"column":9},"end":{"line":20,"column":null}},"3":{"start":{"line":22,"column":11},"end":{"line":28,"column":14}},"4":{"start":{"line":33,"column":10},"end":{"line":33,"column":null}},"5":{"start":{"line":37,"column":7},"end":{"line":37,"column":null}},"6":{"start":{"line":41,"column":7},"end":{"line":41,"column":null}}},"fnMap":{},"branchMap":{},"s":{"0":2,"1":2,"2":2,"3":2,"4":2,"5":2,"6":2},"f":{},"b":{}}
,"/home/runner/work/werewolves-assistant-web-next/werewolves-assistant-web-next/components/pages/about/AboutHowToContribute.vue": {"path":"/home/runner/work/werewolves-assistant-web-next/werewolves-assistant-web-next/components/pages/about/AboutHowToContribute.vue","statementMap":{"0":{"start":{"line":2,"column":7},"end":{"line":2,"column":null}},"1":{"start":{"line":7,"column":6},"end":{"line":7,"column":66}},"2":{"start":{"line":16,"column":7},"end":{"line":16,"column":null}},"3":{"start":{"line":20,"column":8},"end":{"line":20,"column":null}},"4":{"start":{"line":23,"column":13},"end":{"line":23,"column":null}},"5":{"start":{"line":34,"column":13},"end":{"line":34,"column":null}}},"fnMap":{},"branchMap":{},"s":{"0":2,"1":2,"2":2,"3":2,"4":2,"5":2},"f":{},"b":{}}
,"/home/runner/work/werewolves-assistant-web-next/werewolves-assistant-web-next/components/pages/about/AboutWerewolvesAssistant.vue": {"path":"/home/runner/work/werewolves-assistant-web-next/werewolves-assistant-web-next/components/pages/about/AboutWerewolvesAssistant.vue","statementMap":{"0":{"start":{"line":4,"column":9},"end":{"line":7,"column":9}},"1":{"start":{"line":16,"column":10},"end":{"line":16,"column":null}},"2":{"start":{"line":20,"column":7},"end":{"line":20,"column":null}},"3":{"start":{"line":24,"column":8},"end":{"line":24,"column":null}},"4":{"start":{"line":36,"column":7},"end":{"line":36,"column":null}},"5":{"start":{"line":41,"column":9},"end":{"line":44,"column":9}},"6":{"start":{"line":53,"column":10},"end":{"line":53,"column":null}},"7":{"start":{"line":57,"column":7},"end":{"line":57,"column":null}}},"fnMap":{},"branchMap":{},"s":{"0":2,"1":2,"2":2,"3":2,"4":2,"5":2,"6":2,"7":2},"f":{},"b":{}}
,"/home/runner/work/werewolves-assistant-web-next/werewolves-assistant-web-next/components/pages/about/AboutWerewolvesGame.vue": {"path":"/home/runner/work/werewolves-assistant-web-next/werewolves-assistant-web-next/components/pages/about/AboutWerewolvesGame.vue","statementMap":{"0":{"start":{"line":3,"column":9},"end":{"line":3,"column":50}},"1":{"start":{"line":5,"column":11},"end":{"line":8,"column":11}},"2":{"start":{"line":16,"column":11},"end":{"line":23,"column":14}},"3":{"start":{"line":31,"column":9},"end":{"line":37,"column":9}}},"fnMap":{},"branchMap":{},"s":{"0":2,"1":2,"2":2,"3":2},"f":{},"b":{}}
,"/home/runner/work/werewolves-assistant-web-next/werewolves-assistant-web-next/components/pages/about/AboutAvailableRoles/AboutAvailableRoles.vue": {"path":"/home/runner/work/werewolves-assistant-web-next/werewolves-assistant-web-next/components/pages/about/AboutAvailableRoles/AboutAvailableRoles.vue","statementMap":{"0":{"start":{"line":72,"column":14},"end":{"line":72,"column":null}},"1":{"start":{"line":73,"column":29},"end":{"line":73,"column":null}},"2":{"start":{"line":74,"column":18},"end":{"line":74,"column":null}},"3":{"start":{"line":76,"column":27},"end":{"line":81,"column":null}},"4":{"start":{"line":77,"column":2},"end":{"line":79,"column":null}},"5":{"start":{"line":78,"column":4},"end":{"line":78,"column":null}},"6":{"start":{"line":80,"column":2},"end":{"line":80,"column":null}},"7":{"start":{"line":84,"column":2},"end":{"line":84,"column":null}},"8":{"start":{"line":88,"column":2},"end":{"line":88,"column":null}},"9":{"start":{"line":2,"column":7},"end":{"line":2,"column":null}},"10":{"start":{"line":3,"column":9},"end":{"line":3,"column":null}},"11":{"start":{"line":12,"column":10},"end":{"line":12,"column":null}},"12":{"start":{"line":1,"column":0},"end":{"line":1,"column":null}},"13":{"start":{"line":31,"column":9},"end":{"line":31,"column":null}},"14":{"start":{"line":42,"column":17},"end":{"line":42,"column":null}},"15":{"start":{"line":49,"column":19},"end":{"line":49,"column":null}},"16":{"start":{"line":36,"column":8},"end":{"line":1,"column":null}},"17":{"start":{"line":55,"column":55},"end":{"line":null,"column":-1}}},"fnMap":{"0":{"name":"(anonymous_1)","decl":{"start":{"line":76,"column":56},"end":{"line":76,"column":62}},"loc":{"start":{"line":76,"column":62},"end":{"line":81,"column":1}}},"1":{"name":"getAvailableRoleAccordionHeaderAriaLabel","decl":{"start":{"line":83,"column":9},"end":{"line":83,"column":50}},"loc":{"start":{"line":83,"column":78},"end":{"line":85,"column":null}}},"2":{"name":"getAvailableRoleHeaderImageAlt","decl":{"start":{"line":87,"column":9},"end":{"line":87,"column":40}},"loc":{"start":{"line":87,"column":68},"end":{"line":89,"column":null}}},"3":{"name":"(anonymous_8)","decl":{"start":{"line":55,"column":10},"end":{"line":55,"column":42}},"loc":{"start":{"line":55,"column":55},"end":{"line":null,"column":-1}}}},"branchMap":{"0":{"loc":{"start":{"line":77,"column":2},"end":{"line":79,"column":null}},"type":"if","locations":[{"start":{"line":77,"column":2},"end":{"line":79,"column":null}},{"start":{"line":77,"column":2},"end":{"line":79,"column":null}}]},"1":{"loc":{"start":{"line":20,"column":13},"end":{"line":30,"column":null}},"type":"cond-expr","locations":[{"start":{"line":20,"column":13},"end":{"line":30,"column":null}}]}},"s":{"0":15,"1":15,"2":15,"3":15,"4":20,"5":15,"6":5,"7":15,"8":15,"9":2,"10":2,"11":2,"12":2,"13":2,"14":2,"15":2,"16":15,"17":30},"f":{"0":20,"1":15,"2":15,"3":30},"b":{"0":[15,5],"1":[15]}}
,"/home/runner/work/werewolves-assistant-web-next/werewolves-assistant-web-next/components/pages/about/AboutAvailableRoles/AboutAvailableRoleDescription/AboutAvailableRoleDescription.vue": {"path":"/home/runner/work/werewolves-assistant-web-next/werewolves-assistant-web-next/components/pages/about/AboutAvailableRoles/AboutAvailableRoleDescription/AboutAvailableRoleDescription.vue","statementMap":{"0":{"start":{"line":44,"column":14},"end":{"line":44,"column":null}},"1":{"start":{"line":46,"column":29},"end":{"line":46,"column":null}},"2":{"start":{"line":49,"column":2},"end":{"line":49,"column":null}},"3":{"start":{"line":2,"column":7},"end":{"line":2,"column":null}},"4":{"start":{"line":14,"column":10},"end":{"line":14,"column":null}},"5":{"start":{"line":2,"column":2},"end":{"line":29,"column":40}}},"fnMap":{"0":{"name":"getRoleDescriptionLeftImageAlt","decl":{"start":{"line":48,"column":9},"end":{"line":48,"column":40}},"loc":{"start":{"line":48,"column":68},"end":{"line":50,"column":null}}}},"branchMap":{},"s":{"0":6,"1":6,"2":6,"3":3,"4":3,"5":6},"f":{"0":6},"b":{}}
,"/home/runner/work/werewolves-assistant-web-next/werewolves-assistant-web-next/components/pages/game-lobby/GameLobbyFooter/GameLobbyFooter.vue": {"path":"/home/runner/work/werewolves-assistant-web-next/werewolves-assistant-web-next/components/pages/game-lobby/GameLobbyFooter/GameLobbyFooter.vue","statementMap":{"0":{"start":{"line":6,"column":9},"end":{"line":6,"column":null}},"1":{"start":{"line":10,"column":9},"end":{"line":10,"column":null}},"2":{"start":{"line":14,"column":4},"end":{"line":14,"column":25}},"3":{"start":{"line":2,"column":2},"end":{"line":14,"column":9}}},"fnMap":{},"branchMap":{},"s":{"0":2,"1":2,"2":2,"3":1},"f":{},"b":{}}
,"/home/runner/work/werewolves-assistant-web-next/werewolves-assistant-web-next/components/pages/game-lobby/GameLobbyFooter/GameLobbyRandomCompositionButton/GameLobbyRandomCompositionButton.vue": {"path":"/home/runner/work/werewolves-assistant-web-next/werewolves-assistant-web-next/components/pages/game-lobby/GameLobbyFooter/GameLobbyRandomCompositionButton/GameLobbyRandomCompositionButton.vue","statementMap":{"0":{"start":{"line":28,"column":39},"end":{"line":28,"column":null}},"1":{"start":{"line":30,"column":14},"end":{"line":30,"column":null}},"2":{"start":{"line":32,"column":27},"end":{"line":32,"column":null}},"3":{"start":{"line":33,"column":26},"end":{"line":33,"column":null}},"4":{"start":{"line":34,"column":38},"end":{"line":34,"column":null}},"5":{"start":{"line":35,"column":36},"end":{"line":35,"column":null}},"6":{"start":{"line":37,"column":42},"end":{"line":37,"column":null}},"7":{"start":{"line":39,"column":25},"end":{"line":44,"column":null}},"8":{"start":{"line":40,"column":2},"end":{"line":42,"column":null}},"9":{"start":{"line":41,"column":4},"end":{"line":41,"column":null}},"10":{"start":{"line":43,"column":2},"end":{"line":43,"column":null}},"11":{"start":{"line":47,"column":2},"end":{"line":47,"column":null}},"12":{"start":{"line":48,"column":32},"end":{"line":55,"column":null}},"13":{"start":{"line":56,"column":2},"end":{"line":58,"column":null}},"14":{"start":{"line":57,"column":4},"end":{"line":57,"column":null}},"15":{"start":{"line":59,"column":2},"end":{"line":59,"column":null}},"16":{"start":{"line":3,"column":4},"end":{"line":3,"column":null}}},"fnMap":{"0":{"name":"(anonymous_1)","decl":{"start":{"line":39,"column":54},"end":{"line":39,"column":60}},"loc":{"start":{"line":39,"column":60},"end":{"line":44,"column":1}}},"1":{"name":"handleRandomCompositionButtonClick","decl":{"start":{"line":46,"column":15},"end":{"line":46,"column":67}},"loc":{"start":{"line":46,"column":67},"end":{"line":60,"column":null}}}},"branchMap":{"0":{"loc":{"start":{"line":40,"column":2},"end":{"line":42,"column":null}},"type":"if","locations":[{"start":{"line":40,"column":2},"end":{"line":42,"column":null}},{"start":{"line":40,"column":2},"end":{"line":42,"column":null}}]},"1":{"loc":{"start":{"line":56,"column":2},"end":{"line":58,"column":null}},"type":"if","locations":[{"start":{"line":56,"column":2},"end":{"line":58,"column":null}},{"start":{"line":56,"column":2},"end":{"line":58,"column":null}}]}},"s":{"0":12,"1":12,"2":12,"3":12,"4":12,"5":12,"6":12,"7":12,"8":19,"9":12,"10":7,"11":5,"12":5,"13":5,"14":4,"15":5,"16":3},"f":{"0":19,"1":5},"b":{"0":[12,7],"1":[4,1]}}
,"/home/runner/work/werewolves-assistant-web-next/werewolves-assistant-web-next/components/pages/game-lobby/GameLobbyFooter/GameLobbyStartGameButton/GameLobbyStartGameButton.vue": {"path":"/home/runner/work/werewolves-assistant-web-next/werewolves-assistant-web-next/components/pages/game-lobby/GameLobbyFooter/GameLobbyStartGameButton/GameLobbyStartGameButton.vue","statementMap":{"0":{"start":{"line":28,"column":14},"end":{"line":28,"column":null}},"1":{"start":{"line":30,"column":28},"end":{"line":30,"column":null}},"2":{"start":{"line":32,"column":23},"end":{"line":32,"column":null}},"3":{"start":{"line":34,"column":27},"end":{"line":34,"column":null}},"4":{"start":{"line":35,"column":26},"end":{"line":35,"column":null}},"5":{"start":{"line":36,"column":56},"end":{"line":36,"column":null}},"6":{"start":{"line":38,"column":28},"end":{"line":38,"column":null}},"7":{"start":{"line":40,"column":25},"end":{"line":40,"column":null}},"8":{"start":{"line":40,"column":60},"end":{"line":40,"column":97}},"9":{"start":{"line":43,"column":2},"end":{"line":43,"column":null}},"10":{"start":{"line":44,"column":22},"end":{"line":44,"column":null}},"11":{"start":{"line":45,"column":2},"end":{"line":48,"column":null}},"12":{"start":{"line":46,"column":4},"end":{"line":46,"column":null}},"13":{"start":{"line":47,"column":4},"end":{"line":47,"column":null}},"14":{"start":{"line":49,"column":2},"end":{"line":49,"column":null}},"15":{"start":{"line":3,"column":4},"end":{"line":3,"column":null}}},"fnMap":{"0":{"name":"(anonymous_1)","decl":{"start":{"line":40,"column":54},"end":{"line":40,"column":60}},"loc":{"start":{"line":40,"column":60},"end":{"line":40,"column":97}}},"1":{"name":"handleStartGameButtonClick","decl":{"start":{"line":42,"column":15},"end":{"line":42,"column":59}},"loc":{"start":{"line":42,"column":59},"end":{"line":50,"column":null}}}},"branchMap":{"0":{"loc":{"start":{"line":45,"column":2},"end":{"line":48,"column":null}},"type":"if","locations":[{"start":{"line":45,"column":2},"end":{"line":48,"column":null}},{"start":{"line":45,"column":2},"end":{"line":48,"column":null}}]}},"s":{"0":13,"1":13,"2":13,"3":13,"4":13,"5":13,"6":13,"7":13,"8":21,"9":6,"10":6,"11":6,"12":2,"13":2,"14":6,"15":3},"f":{"0":21,"1":6},"b":{"0":[2,4]}}
,"/home/runner/work/werewolves-assistant-web-next/werewolves-assistant-web-next/components/pages/game-lobby/GameLobbyHeader/GameLobbyHeader.vue": {"path":"/home/runner/work/werewolves-assistant-web-next/werewolves-assistant-web-next/components/pages/game-lobby/GameLobbyHeader/GameLobbyHeader.vue","statementMap":{"0":{"start":{"line":33,"column":27},"end":{"line":33,"column":null}},"1":{"start":{"line":35,"column":25},"end":{"line":35,"column":null}},"2":{"start":{"line":37,"column":29},"end":{"line":37,"column":null}},"3":{"start":{"line":40,"column":2},"end":{"line":42,"column":null}},"4":{"start":{"line":41,"column":4},"end":{"line":41,"column":null}},"5":{"start":{"line":43,"column":2},"end":{"line":45,"column":null}},"6":{"start":{"line":44,"column":4},"end":{"line":44,"column":null}},"7":{"start":{"line":46,"column":34},"end":{"line":46,"column":null}},"8":{"start":{"line":47,"column":2},"end":{"line":47,"column":null}},"9":{"start":{"line":48,"column":2},"end":{"line":50,"column":null}},"10":{"start":{"line":49,"column":4},"end":{"line":49,"column":null}},"11":{"start":{"line":51,"column":43},"end":{"line":55,"column":null}},"12":{"start":{"line":56,"column":2},"end":{"line":56,"column":null}},"13":{"start":{"line":2,"column":7},"end":{"line":2,"column":null}},"14":{"start":{"line":10,"column":9},"end":{"line":10,"column":null}},"15":{"start":{"line":11,"column":11},"end":{"line":11,"column":null}},"16":{"start":{"line":19,"column":21},"end":{"line":19,"column":null}}},"fnMap":{"0":{"name":"addPlayerToCreateGameDto","decl":{"start":{"line":39,"column":9},"end":{"line":39,"column":42}},"loc":{"start":{"line":39,"column":42},"end":{"line":57,"column":null}}},"1":{"name":"(anonymous_3)","decl":{"start":{"line":1,"column":0},"end":{"line":1,"column":null}},"loc":{"start":{"line":19,"column":21},"end":{"line":19,"column":null}}}},"branchMap":{"0":{"loc":{"start":{"line":40,"column":2},"end":{"line":42,"column":null}},"type":"if","locations":[{"start":{"line":40,"column":2},"end":{"line":42,"column":null}},{"start":{"line":40,"column":2},"end":{"line":42,"column":null}}]},"1":{"loc":{"start":{"line":43,"column":2},"end":{"line":45,"column":null}},"type":"if","locations":[{"start":{"line":43,"column":2},"end":{"line":45,"column":null}},{"start":{"line":43,"column":2},"end":{"line":45,"column":null}}]},"2":{"loc":{"start":{"line":48,"column":2},"end":{"line":50,"column":null}},"type":"if","locations":[{"start":{"line":48,"column":2},"end":{"line":50,"column":null}},{"start":{"line":48,"column":2},"end":{"line":50,"column":null}}]},"3":{"loc":{"start":{"line":1,"column":0},"end":{"line":19,"column":null}},"type":"binary-expr","locations":[{"start":{"line":1,"column":0},"end":{"line":1,"column":null}},{"start":{"line":1,"column":0},"end":{"line":19,"column":null}}]}},"s":{"0":10,"1":10,"2":10,"3":6,"4":1,"5":5,"6":2,"7":3,"8":3,"9":3,"10":1,"11":2,"12":2,"13":2,"14":2,"15":2,"16":7},"f":{"0":6,"1":7},"b":{"0":[1,5],"1":[2,3],"2":[1,2],"3":[17,10]}}
,"/home/runner/work/werewolves-assistant-web-next/werewolves-assistant-web-next/components/pages/game-lobby/GameLobbyHeader/GameLobbyPlayerInput/GameLobbyPlayerInput.vue": {"path":"/home/runner/work/werewolves-assistant-web-next/werewolves-assistant-web-next/components/pages/game-lobby/GameLobbyHeader/GameLobbyPlayerInput/GameLobbyPlayerInput.vue","statementMap":{"0":{"start":{"line":60,"column":14},"end":{"line":60,"column":null}},"1":{"start":{"line":62,"column":27},"end":{"line":62,"column":null}},"2":{"start":{"line":64,"column":26},"end":{"line":64,"column":null}},"3":{"start":{"line":66,"column":19},"end":{"line":66,"column":null}},"4":{"start":{"line":68,"column":34},"end":{"line":68,"column":null}},"5":{"start":{"line":68,"column":58},"end":{"line":68,"column":138}},"6":{"start":{"line":68,"column":105},"end":{"line":68,"column":137}},"7":{"start":{"line":70,"column":38},"end":{"line":70,"column":null}},"8":{"start":{"line":70,"column":62},"end":{"line":70,"column":118}},"9":{"start":{"line":72,"column":31},"end":{"line":72,"column":null}},"10":{"start":{"line":72,"column":55},"end":{"line":72,"column":112}},"11":{"start":{"line":74,"column":24},"end":{"line":74,"column":null}},"12":{"start":{"line":74,"column":48},"end":{"line":74,"column":76}},"13":{"start":{"line":76,"column":28},"end":{"line":76,"column":null}},"14":{"start":{"line":76,"column":52},"end":{"line":76,"column":108}},"15":{"start":{"line":78,"column":32},"end":{"line":89,"column":null}},"16":{"start":{"line":79,"column":2},"end":{"line":81,"column":null}},"17":{"start":{"line":80,"column":4},"end":{"line":80,"column":null}},"18":{"start":{"line":82,"column":2},"end":{"line":84,"column":null}},"19":{"start":{"line":83,"column":4},"end":{"line":83,"column":null}},"20":{"start":{"line":85,"column":2},"end":{"line":87,"column":null}},"21":{"start":{"line":86,"column":4},"end":{"line":86,"column":null}},"22":{"start":{"line":88,"column":2},"end":{"line":88,"column":null}},"23":{"start":{"line":91,"column":0},"end":{"line":91,"column":null}},"24":{"start":{"line":2,"column":7},"end":{"line":2,"column":null}},"25":{"start":{"line":7,"column":12},"end":{"line":7,"column":null}},"26":{"start":{"line":19,"column":15},"end":{"line":19,"column":null}},"27":{"start":{"line":30,"column":8},"end":{"line":30,"column":36}},"28":{"start":{"line":10,"column":19},"end":{"line":10,"column":null}},"29":{"start":{"line":30,"column":36},"end":{"line":33,"column":null}},"30":{"start":{"line":47,"column":14},"end":{"line":46,"column":null}}},"fnMap":{"0":{"name":"(anonymous_1)","decl":{"start":{"line":68,"column":52},"end":{"line":68,"column":58}},"loc":{"start":{"line":68,"column":58},"end":{"line":68,"column":138}}},"1":{"name":"(anonymous_2)","decl":{"start":{"line":68,"column":91},"end":{"line":68,"column":92}},"loc":{"start":{"line":68,"column":105},"end":{"line":68,"column":137}}},"2":{"name":"(anonymous_3)","decl":{"start":{"line":70,"column":56},"end":{"line":70,"column":62}},"loc":{"start":{"line":70,"column":62},"end":{"line":70,"column":118}}},"3":{"name":"(anonymous_4)","decl":{"start":{"line":72,"column":49},"end":{"line":72,"column":55}},"loc":{"start":{"line":72,"column":55},"end":{"line":72,"column":112}}},"4":{"name":"(anonymous_5)","decl":{"start":{"line":74,"column":42},"end":{"line":74,"column":48}},"loc":{"start":{"line":74,"column":48},"end":{"line":74,"column":76}}},"5":{"name":"(anonymous_6)","decl":{"start":{"line":76,"column":46},"end":{"line":76,"column":52}},"loc":{"start":{"line":76,"column":52},"end":{"line":76,"column":108}}},"6":{"name":"(anonymous_7)","decl":{"start":{"line":78,"column":49},"end":{"line":78,"column":55}},"loc":{"start":{"line":78,"column":55},"end":{"line":89,"column":1}}},"7":{"name":"(anonymous_11)","decl":{"start":{"line":1,"column":0},"end":{"line":1,"column":null}},"loc":{"start":{"line":10,"column":19},"end":{"line":10,"column":null}}},"8":{"name":"(anonymous_12)","decl":{"start":{"line":30,"column":8},"end":{"line":30,"column":11}},"loc":{"start":{"line":30,"column":36},"end":{"line":33,"column":null}}},"9":{"name":"(anonymous_13)","decl":{"start":{"line":42,"column":6},"end":{"line":42,"column":null}},"loc":{"start":{"line":47,"column":14},"end":{"line":46,"column":null}}}},"branchMap":{"0":{"loc":{"start":{"line":76,"column":52},"end":{"line":76,"column":108}},"type":"binary-expr","locations":[{"start":{"line":76,"column":52},"end":{"line":76,"column":87}},{"start":{"line":76,"column":87},"end":{"line":76,"column":108}}]},"1":{"loc":{"start":{"line":79,"column":2},"end":{"line":81,"column":null}},"type":"if","locations":[{"start":{"line":79,"column":2},"end":{"line":81,"column":null}},{"start":{"line":79,"column":2},"end":{"line":81,"column":null}}]},"2":{"loc":{"start":{"line":82,"column":2},"end":{"line":84,"column":null}},"type":"if","locations":[{"start":{"line":82,"column":2},"end":{"line":84,"column":null}},{"start":{"line":82,"column":2},"end":{"line":84,"column":null}}]},"3":{"loc":{"start":{"line":85,"column":2},"end":{"line":87,"column":null}},"type":"if","locations":[{"start":{"line":85,"column":2},"end":{"line":87,"column":null}},{"start":{"line":85,"column":2},"end":{"line":87,"column":null}}]},"4":{"loc":{"start":{"line":1,"column":0},"end":{"line":10,"column":null}},"type":"binary-expr","locations":[{"start":{"line":1,"column":0},"end":{"line":1,"column":null}},{"start":{"line":1,"column":0},"end":{"line":10,"column":null}}]}},"s":{"0":17,"1":17,"2":17,"3":17,"4":17,"5":26,"6":204,"7":17,"8":24,"9":17,"10":26,"11":17,"12":20,"13":17,"14":24,"15":17,"16":25,"17":3,"18":22,"19":4,"20":18,"21":1,"22":17,"23":17,"24":3,"25":3,"26":3,"27":3,"28":7,"29":1,"30":25},"f":{"0":26,"1":204,"2":24,"3":26,"4":20,"5":24,"6":25,"7":7,"8":1,"9":25},"b":{"0":[24,20],"1":[3,22],"2":[4,18],"3":[1,17],"4":[27,17]}}
,"/home/runner/work/werewolves-assistant-web-next/werewolves-assistant-web-next/components/pages/game-lobby/GameLobbyPlayersParty/GameLobbyPlayersParty.vue": {"path":"/home/runner/work/werewolves-assistant-web-next/werewolves-assistant-web-next/components/pages/game-lobby/GameLobbyPlayersParty/GameLobbyPlayersParty.vue","statementMap":{"0":{"start":{"line":42,"column":13},"end":{"line":42,"column":null}},"1":{"start":{"line":44,"column":27},"end":{"line":44,"column":null}},"2":{"start":{"line":46,"column":26},"end":{"line":46,"column":null}},"3":{"start":{"line":49,"column":2},"end":{"line":51,"column":null}},"4":{"start":{"line":50,"column":4},"end":{"line":50,"column":null}},"5":{"start":{"line":52,"column":2},"end":{"line":52,"column":null}},"6":{"start":{"line":11,"column":6},"end":{"line":11,"column":34}},"7":{"start":{"line":23,"column":6},"end":{"line":28,"column":null}}},"fnMap":{"0":{"name":"pickRoleForPlayer","decl":{"start":{"line":48,"column":9},"end":{"line":48,"column":27}},"loc":{"start":{"line":48,"column":63},"end":{"line":53,"column":null}}}},"branchMap":{"0":{"loc":{"start":{"line":49,"column":2},"end":{"line":51,"column":null}},"type":"if","locations":[{"start":{"line":49,"column":2},"end":{"line":51,"column":null}},{"start":{"line":49,"column":2},"end":{"line":51,"column":null}}]},"1":{"loc":{"start":{"line":7,"column":35},"end":{"line":14,"column":null}},"type":"cond-expr","locations":[{"start":{"line":7,"column":35},"end":{"line":14,"column":null}}]}},"s":{"0":6,"1":6,"2":6,"3":2,"4":1,"5":1,"6":2,"7":12},"f":{"0":2},"b":{"0":[1,1],"1":[6]}}
,"/home/runner/work/werewolves-assistant-web-next/werewolves-assistant-web-next/components/pages/game-lobby/GameLobbyPlayersParty/GameLobbyPlayerCard/GameLobbyPlayerCard.vue": {"path":"/home/runner/work/werewolves-assistant-web-next/werewolves-assistant-web-next/components/pages/game-lobby/GameLobbyPlayersParty/GameLobbyPlayerCard/GameLobbyPlayerCard.vue","statementMap":{"0":{"start":{"line":37,"column":14},"end":{"line":37,"column":null}},"1":{"start":{"line":39,"column":13},"end":{"line":39,"column":null}},"2":{"start":{"line":41,"column":29},"end":{"line":41,"column":null}},"3":{"start":{"line":43,"column":14},"end":{"line":43,"column":null}},"4":{"start":{"line":45,"column":27},"end":{"line":45,"column":null}},"5":{"start":{"line":47,"column":27},"end":{"line":52,"column":null}},"6":{"start":{"line":48,"column":2},"end":{"line":50,"column":null}},"7":{"start":{"line":49,"column":4},"end":{"line":49,"column":null}},"8":{"start":{"line":51,"column":2},"end":{"line":51,"column":null}},"9":{"start":{"line":55,"column":2},"end":{"line":55,"column":null}},"10":{"start":{"line":59,"column":2},"end":{"line":59,"column":null}},"11":{"start":{"line":1,"column":0},"end":{"line":1,"column":null}},"12":{"start":{"line":25,"column":11},"end":{"line":25,"column":null}},"13":{"start":{"line":2,"column":2},"end":{"line":1,"column":null}}},"fnMap":{"0":{"name":"(anonymous_1)","decl":{"start":{"line":47,"column":44},"end":{"line":47,"column":50}},"loc":{"start":{"line":47,"column":50},"end":{"line":52,"column":1}}},"1":{"name":"removePlayerFromCreateGameDto","decl":{"start":{"line":54,"column":9},"end":{"line":54,"column":47}},"loc":{"start":{"line":54,"column":47},"end":{"line":56,"column":null}}},"2":{"name":"pickRoleForPlayer","decl":{"start":{"line":58,"column":9},"end":{"line":58,"column":35}},"loc":{"start":{"line":58,"column":35},"end":{"line":60,"column":null}}}},"branchMap":{"0":{"loc":{"start":{"line":48,"column":2},"end":{"line":50,"column":null}},"type":"if","locations":[{"start":{"line":48,"column":2},"end":{"line":50,"column":null}},{"start":{"line":48,"column":2},"end":{"line":50,"column":null}}]}},"s":{"0":9,"1":9,"2":9,"3":9,"4":9,"5":9,"6":9,"7":1,"8":8,"9":1,"10":1,"11":3,"12":3,"13":9},"f":{"0":9,"1":1,"2":1},"b":{"0":[1,8]}}
,"/home/runner/work/werewolves-assistant-web-next/werewolves-assistant-web-next/components/pages/game-lobby/GameLobbyRolePicker/GameLobbyRolePicker.vue": {"path":"/home/runner/work/werewolves-assistant-web-next/werewolves-assistant-web-next/components/pages/game-lobby/GameLobbyRolePicker/GameLobbyRolePicker.vue","statementMap":{"0":{"start":{"line":63,"column":18},"end":{"line":63,"column":null}},"1":{"start":{"line":64,"column":20},"end":{"line":64,"column":null}},"2":{"start":{"line":65,"column":19},"end":{"line":65,"column":null}},"3":{"start":{"line":68,"column":2},"end":{"line":68,"column":null}},"4":{"start":{"line":69,"column":2},"end":{"line":69,"column":null}},"5":{"start":{"line":70,"column":2},"end":{"line":70,"column":null}},"6":{"start":{"line":74,"column":2},"end":{"line":74,"column":null}},"7":{"start":{"line":78,"column":2},"end":{"line":78,"column":null}},"8":{"start":{"line":81,"column":0},"end":{"line":81,"column":null}},"9":{"start":{"line":2,"column":2},"end":{"line":1,"column":null}}},"fnMap":{"0":{"name":"openToPickRoleForPlayer","decl":{"start":{"line":67,"column":9},"end":{"line":67,"column":33}},"loc":{"start":{"line":67,"column":68},"end":{"line":71,"column":null}}},"1":{"name":"pickRole","decl":{"start":{"line":73,"column":9},"end":{"line":73,"column":18}},"loc":{"start":{"line":73,"column":36},"end":{"line":75,"column":null}}},"2":{"name":"close","decl":{"start":{"line":77,"column":9},"end":{"line":77,"column":23}},"loc":{"start":{"line":77,"column":23},"end":{"line":79,"column":null}}}},"branchMap":{},"s":{"0":25,"1":25,"2":25,"3":10,"4":10,"5":10,"6":2,"7":1,"8":25,"9":36},"f":{"0":10,"1":2,"2":1},"b":{}}
,"/home/runner/work/werewolves-assistant-web-next/werewolves-assistant-web-next/components/pages/game-lobby/GameLobbyRolePicker/GameLobbyRolePickerDescription/GameLobbyRolePickerDescription.vue": {"path":"/home/runner/work/werewolves-assistant-web-next/werewolves-assistant-web-next/components/pages/game-lobby/GameLobbyRolePicker/GameLobbyRolePickerDescription/GameLobbyRolePickerDescription.vue","statementMap":{"0":{"start":{"line":21,"column":6},"end":{"line":21,"column":52}}},"fnMap":{},"branchMap":{"0":{"loc":{"start":{"line":13,"column":13},"end":{"line":27,"column":null}},"type":"cond-expr","locations":[{"start":{"line":13,"column":13},"end":{"line":21,"column":9}},{"start":{"line":21,"column":6},"end":{"line":27,"column":null}}]}},"s":{"0":3},"f":{},"b":{"0":[2,4]}}
,"/home/runner/work/werewolves-assistant-web-next/werewolves-assistant-web-next/components/pages/game-lobby/GameLobbyRolePicker/GameLobbyRolePickerDescription/GameLobbyRolePickerDescriptionContent/GameLobbyRolePickerDescriptionContent.vue": {"path":"/home/runner/work/werewolves-assistant-web-next/werewolves-assistant-web-next/components/pages/game-lobby/GameLobbyRolePicker/GameLobbyRolePickerDescription/GameLobbyRolePickerDescriptionContent/GameLobbyRolePickerDescriptionContent.vue","statementMap":{"0":{"start":{"line":53,"column":14},"end":{"line":53,"column":null}},"1":{"start":{"line":55,"column":29},"end":{"line":55,"column":null}},"2":{"start":{"line":57,"column":17},"end":{"line":57,"column":null}},"3":{"start":{"line":57,"column":32},"end":{"line":57,"column":71}},"4":{"start":{"line":6,"column":8},"end":{"line":6,"column":null}},"5":{"start":{"line":16,"column":9},"end":{"line":16,"column":null}}},"fnMap":{"0":{"name":"(anonymous_1)","decl":{"start":{"line":57,"column":26},"end":{"line":57,"column":32}},"loc":{"start":{"line":57,"column":32},"end":{"line":57,"column":71}}}},"branchMap":{},"s":{"0":2,"1":2,"2":2,"3":2,"4":4,"5":4},"f":{"0":2},"b":{}}
,"/home/runner/work/werewolves-assistant-web-next/werewolves-assistant-web-next/components/pages/game-lobby/GameLobbyRolePicker/GameLobbyRolePickerDescription/GameLobbyRolePickerDescriptionContent/GameLobbyRolePickerDescriptionBoundaries/GameLobbyRolePickerDescriptionBoundaries.vue": {"path":"/home/runner/work/werewolves-assistant-web-next/werewolves-assistant-web-next/components/pages/game-lobby/GameLobbyRolePicker/GameLobbyRolePickerDescription/GameLobbyRolePickerDescriptionContent/GameLobbyRolePickerDescriptionBoundaries/GameLobbyRolePickerDescriptionBoundaries.vue","statementMap":{"0":{"start":{"line":54,"column":14},"end":{"line":54,"column":null}},"1":{"start":{"line":56,"column":27},"end":{"line":56,"column":null}},"2":{"start":{"line":62,"column":4},"end":{"line":62,"column":null}},"3":{"start":{"line":64,"column":14},"end":{"line":64,"column":null}},"4":{"start":{"line":66,"column":33},"end":{"line":66,"column":null}},"5":{"start":{"line":66,"column":56},"end":{"line":66,"column":123}},"6":{"start":{"line":68,"column":31},"end":{"line":68,"column":null}},"7":{"start":{"line":68,"column":55},"end":{"line":68,"column":109}},"8":{"start":{"line":70,"column":47},"end":{"line":70,"column":null}},"9":{"start":{"line":70,"column":70},"end":{"line":70,"column":134}},"10":{"start":{"line":72,"column":31},"end":{"line":72,"column":null}},"11":{"start":{"line":72,"column":55},"end":{"line":72,"column":109}},"12":{"start":{"line":3,"column":4},"end":{"line":3,"column":null}},"13":{"start":{"line":9,"column":6},"end":{"line":9,"column":62}},"14":{"start":{"line":11,"column":12},"end":{"line":11,"column":null}},"15":{"start":{"line":29,"column":6},"end":{"line":29,"column":60}},"16":{"start":{"line":41,"column":6},"end":{"line":41,"column":71}},"17":{"start":{"line":2,"column":2},"end":{"line":1,"column":null}}},"fnMap":{"0":{"name":"(anonymous_1)","decl":{"start":{"line":66,"column":50},"end":{"line":66,"column":56}},"loc":{"start":{"line":66,"column":56},"end":{"line":66,"column":123}}},"1":{"name":"(anonymous_2)","decl":{"start":{"line":68,"column":49},"end":{"line":68,"column":55}},"loc":{"start":{"line":68,"column":55},"end":{"line":68,"column":109}}},"2":{"name":"(anonymous_3)","decl":{"start":{"line":70,"column":64},"end":{"line":70,"column":70}},"loc":{"start":{"line":70,"column":70},"end":{"line":70,"column":134}}},"3":{"name":"(anonymous_4)","decl":{"start":{"line":72,"column":49},"end":{"line":72,"column":55}},"loc":{"start":{"line":72,"column":55},"end":{"line":72,"column":109}}}},"branchMap":{"0":{"loc":{"start":{"line":16,"column":14},"end":{"line":1,"column":null}},"type":"cond-expr","locations":[{"start":{"line":16,"column":14},"end":{"line":21,"column":12}},{"start":{"line":1,"column":0},"end":{"line":1,"column":null}}]},"1":{"loc":{"start":{"line":25,"column":12},"end":{"line":1,"column":null}},"type":"cond-expr","locations":[{"start":{"line":25,"column":23},"end":{"line":32,"column":null}},{"start":{"line":1,"column":0},"end":{"line":1,"column":null}}]},"2":{"loc":{"start":{"line":37,"column":12},"end":{"line":1,"column":null}},"type":"cond-expr","locations":[{"start":{"line":37,"column":41},"end":{"line":44,"column":null}},{"start":{"line":1,"column":0},"end":{"line":1,"column":null}}]},"3":{"loc":{"start":{"line":37,"column":12},"end":{"line":37,"column":null}},"type":"binary-expr","locations":[{"start":{"line":37,"column":12},"end":{"line":37,"column":36}},{"start":{"line":37,"column":36},"end":{"line":37,"column":null}}]}},"s":{"0":14,"1":14,"2":14,"3":14,"4":14,"5":14,"6":14,"7":14,"8":14,"9":14,"10":14,"11":14,"12":5,"13":5,"14":5,"15":5,"16":5,"17":14},"f":{"0":14,"1":14,"2":14,"3":14},"b":{"0":[1,13],"1":[13,1],"2":[12,2],"3":[14,13]}}
,"/home/runner/work/werewolves-assistant-web-next/werewolves-assistant-web-next/components/pages/game-lobby/GameLobbyRolePicker/GameLobbyRolePickerFooter/GameLobbyRolePickerFooter.vue": {"path":"/home/runner/work/werewolves-assistant-web-next/werewolves-assistant-web-next/components/pages/game-lobby/GameLobbyRolePicker/GameLobbyRolePickerFooter/GameLobbyRolePickerFooter.vue","statementMap":{"0":{"start":{"line":23,"column":14},"end":{"line":23,"column":null}},"1":{"start":{"line":25,"column":13},"end":{"line":25,"column":null}},"2":{"start":{"line":27,"column":27},"end":{"line":27,"column":null}},"3":{"start":{"line":32,"column":4},"end":{"line":32,"column":null}},"4":{"start":{"line":34,"column":28},"end":{"line":34,"column":null}},"5":{"start":{"line":34,"column":52},"end":{"line":34,"column":102}},"6":{"start":{"line":36,"column":24},"end":{"line":36,"column":null}},"7":{"start":{"line":36,"column":48},"end":{"line":36,"column":113}},"8":{"start":{"line":39,"column":18},"end":{"line":39,"column":null}},"9":{"start":{"line":40,"column":2},"end":{"line":42,"column":null}},"10":{"start":{"line":41,"column":4},"end":{"line":41,"column":null}},"11":{"start":{"line":43,"column":22},"end":{"line":43,"column":null}},"12":{"start":{"line":44,"column":24},"end":{"line":51,"column":null}},"13":{"start":{"line":52,"column":2},"end":{"line":52,"column":null}},"14":{"start":{"line":56,"column":2},"end":{"line":58,"column":null}},"15":{"start":{"line":57,"column":4},"end":{"line":57,"column":null}},"16":{"start":{"line":59,"column":2},"end":{"line":61,"column":null}},"17":{"start":{"line":60,"column":4},"end":{"line":60,"column":null}},"18":{"start":{"line":62,"column":24},"end":{"line":69,"column":null}},"19":{"start":{"line":70,"column":2},"end":{"line":70,"column":null}},"20":{"start":{"line":71,"column":2},"end":{"line":71,"column":null}}},"fnMap":{"0":{"name":"(anonymous_1)","decl":{"start":{"line":34,"column":46},"end":{"line":34,"column":52}},"loc":{"start":{"line":34,"column":52},"end":{"line":34,"column":102}}},"1":{"name":"(anonymous_2)","decl":{"start":{"line":36,"column":42},"end":{"line":36,"column":48}},"loc":{"start":{"line":36,"column":48},"end":{"line":36,"column":113}}},"2":{"name":"swapRoleWithFirstPlayerWithRole","decl":{"start":{"line":38,"column":9},"end":{"line":38,"column":41}},"loc":{"start":{"line":38,"column":100},"end":{"line":53,"column":null}}},"3":{"name":"pickRoleForPlayer","decl":{"start":{"line":55,"column":9},"end":{"line":55,"column":35}},"loc":{"start":{"line":55,"column":35},"end":{"line":72,"column":null}}}},"branchMap":{"0":{"loc":{"start":{"line":36,"column":48},"end":{"line":36,"column":113}},"type":"binary-expr","locations":[{"start":{"line":36,"column":48},"end":{"line":36,"column":66}},{"start":{"line":36,"column":66},"end":{"line":36,"column":88}},{"start":{"line":36,"column":88},"end":{"line":36,"column":113}}]},"1":{"loc":{"start":{"line":40,"column":2},"end":{"line":42,"column":null}},"type":"if","locations":[{"start":{"line":40,"column":2},"end":{"line":42,"column":null}},{"start":{"line":40,"column":2},"end":{"line":42,"column":null}}]},"2":{"loc":{"start":{"line":56,"column":2},"end":{"line":58,"column":null}},"type":"if","locations":[{"start":{"line":56,"column":2},"end":{"line":58,"column":null}},{"start":{"line":56,"column":2},"end":{"line":58,"column":null}}]},"3":{"loc":{"start":{"line":56,"column":6},"end":{"line":56,"column":42}},"type":"binary-expr","locations":[{"start":{"line":56,"column":6},"end":{"line":56,"column":27}},{"start":{"line":56,"column":27},"end":{"line":56,"column":42}}]},"4":{"loc":{"start":{"line":59,"column":2},"end":{"line":61,"column":null}},"type":"if","locations":[{"start":{"line":59,"column":2},"end":{"line":61,"column":null}},{"start":{"line":59,"column":2},"end":{"line":61,"column":null}}]}},"s":{"0":22,"1":22,"2":22,"3":22,"4":22,"5":22,"6":22,"7":22,"8":2,"9":2,"10":1,"11":1,"12":1,"13":1,"14":8,"15":1,"16":7,"17":2,"18":7,"19":7,"20":7},"f":{"0":22,"1":22,"2":2,"3":8},"b":{"0":[22,21,19],"1":[1,1],"2":[1,7],"3":[8,7],"4":[2,5]}}
,"/home/runner/work/werewolves-assistant-web-next/werewolves-assistant-web-next/components/pages/game-lobby/GameLobbyRolePicker/GameLobbyRolePickerGrid/GameLobbyRolePickerGrid.vue": {"path":"/home/runner/work/werewolves-assistant-web-next/werewolves-assistant-web-next/components/pages/game-lobby/GameLobbyRolePicker/GameLobbyRolePickerGrid/GameLobbyRolePickerGrid.vue","statementMap":{"0":{"start":{"line":33,"column":13},"end":{"line":33,"column":null}},"1":{"start":{"line":35,"column":19},"end":{"line":35,"column":null}},"2":{"start":{"line":37,"column":18},"end":{"line":37,"column":null}},"3":{"start":{"line":40,"column":2},"end":{"line":40,"column":null}},"4":{"start":{"line":12,"column":4},"end":{"line":18,"column":null}}},"fnMap":{"0":{"name":"pickRole","decl":{"start":{"line":39,"column":9},"end":{"line":39,"column":18}},"loc":{"start":{"line":39,"column":36},"end":{"line":41,"column":null}}}},"branchMap":{},"s":{"0":3,"1":3,"2":3,"3":1,"4":9},"f":{"0":1},"b":{}}
,"/home/runner/work/werewolves-assistant-web-next/werewolves-assistant-web-next/components/pages/game-lobby/GameLobbyRolePicker/GameLobbyRolePickerGrid/GameLobbyRolePickerGridElement/GameLobbyRolePickerGridElement.vue": {"path":"/home/runner/work/werewolves-assistant-web-next/werewolves-assistant-web-next/components/pages/game-lobby/GameLobbyRolePicker/GameLobbyRolePickerGrid/GameLobbyRolePickerGridElement/GameLobbyRolePickerGridElement.vue","statementMap":{"0":{"start":{"line":50,"column":14},"end":{"line":50,"column":null}},"1":{"start":{"line":52,"column":13},"end":{"line":52,"column":null}},"2":{"start":{"line":54,"column":19},"end":{"line":54,"column":null}},"3":{"start":{"line":55,"column":18},"end":{"line":55,"column":null}},"4":{"start":{"line":57,"column":14},"end":{"line":57,"column":null}},"5":{"start":{"line":59,"column":29},"end":{"line":59,"column":null}},"6":{"start":{"line":61,"column":18},"end":{"line":66,"column":null}},"7":{"start":{"line":62,"column":2},"end":{"line":64,"column":null}},"8":{"start":{"line":63,"column":4},"end":{"line":63,"column":null}},"9":{"start":{"line":65,"column":2},"end":{"line":65,"column":null}},"10":{"start":{"line":68,"column":17},"end":{"line":68,"column":null}},"11":{"start":{"line":68,"column":41},"end":{"line":68,"column":99}},"12":{"start":{"line":71,"column":2},"end":{"line":73,"column":null}},"13":{"start":{"line":72,"column":4},"end":{"line":72,"column":null}},"14":{"start":{"line":75,"column":2},"end":{"line":81,"column":null}},"15":{"start":{"line":76,"column":35},"end":{"line":76,"column":null}},"16":{"start":{"line":76,"column":68},"end":{"line":76,"column":119}},"17":{"start":{"line":77,"column":23},"end":{"line":77,"column":null}},"18":{"start":{"line":78,"column":4},"end":{"line":78,"column":null}},"19":{"start":{"line":80,"column":4},"end":{"line":80,"column":null}},"20":{"start":{"line":83,"column":2},"end":{"line":83,"column":null}}},"fnMap":{"0":{"name":"(anonymous_1)","decl":{"start":{"line":61,"column":35},"end":{"line":61,"column":41}},"loc":{"start":{"line":61,"column":41},"end":{"line":66,"column":1}}},"1":{"name":"(anonymous_2)","decl":{"start":{"line":68,"column":35},"end":{"line":68,"column":41}},"loc":{"start":{"line":68,"column":41},"end":{"line":68,"column":99}}},"2":{"name":"pickRole","decl":{"start":{"line":70,"column":9},"end":{"line":70,"column":26}},"loc":{"start":{"line":70,"column":26},"end":{"line":84,"column":null}}},"3":{"name":"(anonymous_4)","decl":{"start":{"line":76,"column":54},"end":{"line":76,"column":55}},"loc":{"start":{"line":76,"column":68},"end":{"line":76,"column":119}}}},"branchMap":{"0":{"loc":{"start":{"line":62,"column":2},"end":{"line":64,"column":null}},"type":"if","locations":[{"start":{"line":62,"column":2},"end":{"line":64,"column":null}},{"start":{"line":62,"column":2},"end":{"line":64,"column":null}}]},"1":{"loc":{"start":{"line":68,"column":41},"end":{"line":68,"column":99}},"type":"binary-expr","locations":[{"start":{"line":68,"column":41},"end":{"line":68,"column":57}},{"start":{"line":68,"column":57},"end":{"line":68,"column":99}}]},"2":{"loc":{"start":{"line":71,"column":2},"end":{"line":73,"column":null}},"type":"if","locations":[{"start":{"line":71,"column":2},"end":{"line":73,"column":null}},{"start":{"line":71,"column":2},"end":{"line":73,"column":null}}]},"3":{"loc":{"start":{"line":75,"column":2},"end":{"line":81,"column":null}},"type":"if","locations":[{"start":{"line":75,"column":2},"end":{"line":81,"column":null}},{"start":{"line":75,"column":2},"end":{"line":81,"column":null}}]},"4":{"loc":{"start":{"line":76,"column":68},"end":{"line":76,"column":119}},"type":"binary-expr","locations":[{"start":{"line":76,"column":68},"end":{"line":76,"column":89}},{"start":{"line":76,"column":89},"end":{"line":76,"column":119}}]},"5":{"loc":{"start":{"line":28,"column":15},"end":{"line":1,"column":null}},"type":"cond-expr","locations":[{"start":{"line":28,"column":15},"end":{"line":31,"column":null}},{"start":{"line":1,"column":0},"end":{"line":1,"column":null}}]}},"s":{"0":22,"1":22,"2":22,"3":22,"4":22,"5":22,"6":22,"7":22,"8":6,"9":16,"10":22,"11":22,"12":5,"13":1,"14":4,"15":2,"16":6,"17":2,"18":2,"19":2,"20":2},"f":{"0":22,"1":22,"2":5,"3":6},"b":{"0":[6,16],"1":[22,16],"2":[1,4],"3":[2,2],"4":[6,3],"5":[6,16]}}
,"/home/runner/work/werewolves-assistant-web-next/werewolves-assistant-web-next/components/pages/game-lobby/GameLobbyRolePicker/GameLobbyRolePickerHeader/GameLobbyRolePickerHeader.vue": {"path":"/home/runner/work/werewolves-assistant-web-next/werewolves-assistant-web-next/components/pages/game-lobby/GameLobbyRolePicker/GameLobbyRolePickerHeader/GameLobbyRolePickerHeader.vue","statementMap":{"0":{"start":{"line":57,"column":14},"end":{"line":57,"column":null}},"1":{"start":{"line":59,"column":29},"end":{"line":59,"column":null}},"2":{"start":{"line":61,"column":14},"end":{"line":61,"column":null}},"3":{"start":{"line":63,"column":14},"end":{"line":63,"column":null}},"4":{"start":{"line":63,"column":37},"end":{"line":63,"column":132}},"5":{"start":{"line":65,"column":24},"end":{"line":70,"column":null}},"6":{"start":{"line":66,"column":2},"end":{"line":68,"column":null}},"7":{"start":{"line":67,"column":4},"end":{"line":67,"column":null}},"8":{"start":{"line":69,"column":2},"end":{"line":69,"column":null}},"9":{"start":{"line":32,"column":16},"end":{"line":32,"column":null}},"10":{"start":{"line":45,"column":6},"end":{"line":45,"column":27}},"11":{"start":{"line":2,"column":2},"end":{"line":48,"column":36}}},"fnMap":{"0":{"name":"(anonymous_1)","decl":{"start":{"line":63,"column":31},"end":{"line":63,"column":37}},"loc":{"start":{"line":63,"column":37},"end":{"line":63,"column":132}}},"1":{"name":"(anonymous_2)","decl":{"start":{"line":65,"column":41},"end":{"line":65,"column":47}},"loc":{"start":{"line":65,"column":47},"end":{"line":70,"column":1}}}},"branchMap":{"0":{"loc":{"start":{"line":66,"column":2},"end":{"line":68,"column":null}},"type":"if","locations":[{"start":{"line":66,"column":2},"end":{"line":68,"column":null}},{"start":{"line":66,"column":2},"end":{"line":68,"column":null}}]}},"s":{"0":10,"1":10,"2":10,"3":10,"4":10,"5":10,"6":10,"7":3,"8":7,"9":3,"10":3,"11":10},"f":{"0":10,"1":10},"b":{"0":[3,7]}}
,"/home/runner/work/werewolves-assistant-web-next/werewolves-assistant-web-next/components/pages/game/GameCanceled/GameCanceled.vue": {"path":"/home/runner/work/werewolves-assistant-web-next/werewolves-assistant-web-next/components/pages/game/GameCanceled/GameCanceled.vue","statementMap":{"0":{"start":{"line":31,"column":14},"end":{"line":31,"column":null}},"1":{"start":{"line":33,"column":0},"end":{"line":33,"column":null}},"2":{"start":{"line":10,"column":6},"end":{"line":10,"column":50}}},"fnMap":{},"branchMap":{},"s":{"0":3,"1":3,"2":2},"f":{},"b":{}}
,"/home/runner/work/werewolves-assistant-web-next/werewolves-assistant-web-next/components/pages/game/GameNotFound/GameNotFound.vue": {"path":"/home/runner/work/werewolves-assistant-web-next/werewolves-assistant-web-next/components/pages/game/GameNotFound/GameNotFound.vue","statementMap":{"0":{"start":{"line":31,"column":14},"end":{"line":31,"column":null}},"1":{"start":{"line":33,"column":0},"end":{"line":33,"column":null}},"2":{"start":{"line":10,"column":6},"end":{"line":10,"column":64}}},"fnMap":{},"branchMap":{},"s":{"0":3,"1":3,"2":2},"f":{},"b":{}}
,"/home/runner/work/werewolves-assistant-web-next/werewolves-assistant-web-next/components/pages/game/GameOver/GameOver.vue": {"path":"/home/runner/work/werewolves-assistant-web-next/werewolves-assistant-web-next/components/pages/game/GameOver/GameOver.vue","statementMap":{"0":{"start":{"line":28,"column":18},"end":{"line":28,"column":null}},"1":{"start":{"line":29,"column":17},"end":{"line":29,"column":null}},"2":{"start":{"line":31,"column":14},"end":{"line":31,"column":null}},"3":{"start":{"line":33,"column":0},"end":{"line":33,"column":null}},"4":{"start":{"line":35,"column":16},"end":{"line":35,"column":null}},"5":{"start":{"line":35,"column":53},"end":{"line":35,"column":80}},"6":{"start":{"line":2,"column":2},"end":{"line":15,"column":null}}},"fnMap":{"0":{"name":"(anonymous_1)","decl":{"start":{"line":35,"column":47},"end":{"line":35,"column":53}},"loc":{"start":{"line":35,"column":53},"end":{"line":35,"column":80}}}},"branchMap":{"0":{"loc":{"start":{"line":6,"column":26},"end":{"line":1,"column":null}},"type":"cond-expr","locations":[{"start":{"line":9,"column":14},"end":{"line":10,"column":null}},{"start":{"line":1,"column":0},"end":{"line":1,"column":null}}]}},"s":{"0":5,"1":5,"2":5,"3":5,"4":5,"5":7,"6":7},"f":{"0":7},"b":{"0":[5,2]}}
,"/home/runner/work/werewolves-assistant-web-next/werewolves-assistant-web-next/components/pages/game/GameOver/GameOverActions/GameOverActions.vue": {"path":"/home/runner/work/werewolves-assistant-web-next/werewolves-assistant-web-next/components/pages/game/GameOver/GameOverActions/GameOverActions.vue","statementMap":{"0":{"start":{"line":10,"column":6},"end":{"line":10,"column":12}},"1":{"start":{"line":10,"column":44},"end":{"line":1,"column":null}}},"fnMap":{"0":{"name":"(anonymous_1)","decl":{"start":{"line":10,"column":44},"end":{"line":10,"column":null}},"loc":{"start":{"line":10,"column":44},"end":{"line":1,"column":null}}}},"branchMap":{},"s":{"0":3,"1":2},"f":{"0":2},"b":{}}
,"/home/runner/work/werewolves-assistant-web-next/werewolves-assistant-web-next/components/pages/game/GameOver/GameOverVictoryText/GameOverVictoryText.vue": {"path":"/home/runner/work/werewolves-assistant-web-next/werewolves-assistant-web-next/components/pages/game/GameOver/GameOverVictoryText/GameOverVictoryText.vue","statementMap":{"0":{"start":{"line":47,"column":18},"end":{"line":47,"column":null}},"1":{"start":{"line":48,"column":17},"end":{"line":48,"column":null}},"2":{"start":{"line":50,"column":14},"end":{"line":50,"column":null}},"3":{"start":{"line":52,"column":31},"end":{"line":69,"column":null}},"4":{"start":{"line":53,"column":22},"end":{"line":53,"column":null}},"5":{"start":{"line":54,"column":49},"end":{"line":58,"column":null}},"6":{"start":{"line":59,"column":2},"end":{"line":61,"column":null}},"7":{"start":{"line":60,"column":4},"end":{"line":60,"column":null}},"8":{"start":{"line":62,"column":43},"end":{"line":62,"column":null}},"9":{"start":{"line":64,"column":2},"end":{"line":68,"column":null}},"10":{"start":{"line":6,"column":9},"end":{"line":6,"column":null}},"11":{"start":{"line":29,"column":8},"end":{"line":29,"column":null}},"12":{"start":{"line":2,"column":2},"end":{"line":30,"column":null}}},"fnMap":{"0":{"name":"(anonymous_1)","decl":{"start":{"line":52,"column":53},"end":{"line":52,"column":59}},"loc":{"start":{"line":52,"column":59},"end":{"line":69,"column":1}}}},"branchMap":{"0":{"loc":{"start":{"line":59,"column":2},"end":{"line":61,"column":null}},"type":"if","locations":[{"start":{"line":59,"column":2},"end":{"line":61,"column":null}},{"start":{"line":59,"column":2},"end":{"line":61,"column":null}}]}},"s":{"0":29,"1":29,"2":29,"3":29,"4":53,"5":53,"6":53,"7":29,"8":24,"9":24,"10":3,"11":3,"12":53},"f":{"0":53},"b":{"0":[29,24]}}
,"/home/runner/work/werewolves-assistant-web-next/werewolves-assistant-web-next/components/pages/game/GameOver/GameOverVictoryText/game-over-victory-text.constants.ts": {"path":"/home/runner/work/werewolves-assistant-web-next/werewolves-assistant-web-next/components/pages/game/GameOver/GameOverVictoryText/game-over-victory-text.constants.ts","statementMap":{"0":{"start":{"line":9,"column":82},"end":{"line":50,"column":null}}},"fnMap":{},"branchMap":{},"s":{"0":3},"f":{},"b":{}}
,"/home/runner/work/werewolves-assistant-web-next/werewolves-assistant-web-next/components/pages/game/GameOver/GameOverWinners/GameOverWinners.vue": {"path":"/home/runner/work/werewolves-assistant-web-next/werewolves-assistant-web-next/components/pages/game/GameOver/GameOverWinners/GameOverWinners.vue","statementMap":{"0":{"start":{"line":21,"column":18},"end":{"line":21,"column":null}},"1":{"start":{"line":22,"column":17},"end":{"line":22,"column":null}},"2":{"start":{"line":24,"column":16},"end":{"line":24,"column":null}},"3":{"start":{"line":24,"column":53},"end":{"line":24,"column":80}},"4":{"start":{"line":2,"column":2},"end":{"line":1,"column":null}}},"fnMap":{"0":{"name":"(anonymous_1)","decl":{"start":{"line":24,"column":47},"end":{"line":24,"column":53}},"loc":{"start":{"line":24,"column":53},"end":{"line":24,"column":80}}}},"branchMap":{"0":{"loc":{"start":{"line":11,"column":8},"end":{"line":1,"column":null}},"type":"cond-expr","locations":[{"start":{"line":7,"column":14},"end":{"line":9,"column":null}},{"start":{"line":1,"column":0},"end":{"line":1,"column":null}}]}},"s":{"0":4,"1":4,"2":4,"3":6,"4":6},"f":{"0":6},"b":{"0":[4,2]}}
,"/home/runner/work/werewolves-assistant-web-next/werewolves-assistant-web-next/components/pages/game/GamePlaying/GamePlayground/GamePlayground.vue": {"path":"/home/runner/work/werewolves-assistant-web-next/werewolves-assistant-web-next/components/pages/game/GamePlaying/GamePlayground/GamePlayground.vue","statementMap":{"0":{"start":{"line":2,"column":2},"end":{"line":14,"column":null}}},"fnMap":{},"branchMap":{},"s":{"0":1},"f":{},"b":{}}
,"/home/runner/work/werewolves-assistant-web-next/werewolves-assistant-web-next/components/pages/game/GamePlaying/GamePlayground/CurrentPlayExpectedPlayersToAct/CurrentPlayExpectedPlayersToAct.vue": {"path":"/home/runner/work/werewolves-assistant-web-next/werewolves-assistant-web-next/components/pages/game/GamePlaying/GamePlayground/CurrentPlayExpectedPlayersToAct/CurrentPlayExpectedPlayersToAct.vue","statementMap":{"0":{"start":{"line":20,"column":18},"end":{"line":20,"column":null}},"1":{"start":{"line":21,"column":17},"end":{"line":21,"column":null}},"2":{"start":{"line":23,"column":29},"end":{"line":23,"column":null}},"3":{"start":{"line":23,"column":54},"end":{"line":23,"column":98}}},"fnMap":{"0":{"name":"(anonymous_1)","decl":{"start":{"line":23,"column":48},"end":{"line":23,"column":54}},"loc":{"start":{"line":23,"column":54},"end":{"line":23,"column":98}}}},"branchMap":{"0":{"loc":{"start":{"line":23,"column":54},"end":{"line":23,"column":98}},"type":"binary-expr","locations":[{"start":{"line":23,"column":54},"end":{"line":23,"column":96}},{"start":{"line":23,"column":96},"end":{"line":23,"column":98}}]}},"s":{"0":4,"1":4,"2":4,"3":6},"f":{"0":6},"b":{"0":[6,1]}}
,"/home/runner/work/werewolves-assistant-web-next/werewolves-assistant-web-next/components/pages/game/GamePlaying/GamePlayground/CurrentPlayQuestion/CurrentPlayQuestion.vue": {"path":"/home/runner/work/werewolves-assistant-web-next/werewolves-assistant-web-next/components/pages/game/GamePlaying/GamePlayground/CurrentPlayQuestion/CurrentPlayQuestion.vue","statementMap":{"0":{"start":{"line":16,"column":18},"end":{"line":16,"column":null}},"1":{"start":{"line":17,"column":17},"end":{"line":17,"column":null}},"2":{"start":{"line":19,"column":14},"end":{"line":19,"column":null}},"3":{"start":{"line":21,"column":28},"end":{"line":34,"column":null}},"4":{"start":{"line":22,"column":26},"end":{"line":22,"column":null}},"5":{"start":{"line":23,"column":2},"end":{"line":25,"column":null}},"6":{"start":{"line":24,"column":4},"end":{"line":24,"column":null}},"7":{"start":{"line":27,"column":36},"end":{"line":27,"column":null}},"8":{"start":{"line":28,"column":22},"end":{"line":28,"column":null}},"9":{"start":{"line":30,"column":2},"end":{"line":32,"column":null}},"10":{"start":{"line":31,"column":4},"end":{"line":31,"column":null}},"11":{"start":{"line":33,"column":2},"end":{"line":33,"column":null}},"12":{"start":{"line":2,"column":2},"end":{"line":6,"column":null}}},"fnMap":{"0":{"name":"(anonymous_1)","decl":{"start":{"line":21,"column":45},"end":{"line":21,"column":51}},"loc":{"start":{"line":21,"column":51},"end":{"line":34,"column":1}}}},"branchMap":{"0":{"loc":{"start":{"line":23,"column":2},"end":{"line":25,"column":null}},"type":"if","locations":[{"start":{"line":23,"column":2},"end":{"line":25,"column":null}},{"start":{"line":23,"column":2},"end":{"line":25,"column":null}}]},"1":{"loc":{"start":{"line":28,"column":66},"end":{"line":28,"column":84}},"type":"binary-expr","locations":[{"start":{"line":28,"column":66},"end":{"line":28,"column":75}},{"start":{"line":28,"column":75},"end":{"line":28,"column":84}}]},"2":{"loc":{"start":{"line":30,"column":2},"end":{"line":32,"column":null}},"type":"if","locations":[{"start":{"line":30,"column":2},"end":{"line":32,"column":null}},{"start":{"line":30,"column":2},"end":{"line":32,"column":null}}]}},"s":{"0":36,"1":36,"2":36,"3":36,"4":71,"5":71,"6":1,"7":70,"8":70,"9":70,"10":2,"11":68,"12":70},"f":{"0":71},"b":{"0":[1,70],"1":[69,64],"2":[2,68]}}
,"/home/runner/work/werewolves-assistant-web-next/werewolves-assistant-web-next/components/pages/game/GamePlaying/GamePlayground/CurrentPlayQuestion/current-play-question.constants.ts": {"path":"/home/runner/work/werewolves-assistant-web-next/werewolves-assistant-web-next/components/pages/game/GamePlaying/GamePlayground/CurrentPlayQuestion/current-play-question.constants.ts","statementMap":{"0":{"start":{"line":8,"column":117},"end":{"line":49,"column":null}}},"fnMap":{},"branchMap":{},"s":{"0":4},"f":{},"b":{}}
,"/home/runner/work/werewolves-assistant-web-next/werewolves-assistant-web-next/components/pages/game/GamePlaying/GamePlayground/GamePlaygroundContent/GamePlaygroundContent.vue": {"path":"/home/runner/work/werewolves-assistant-web-next/werewolves-assistant-web-next/components/pages/game/GamePlaying/GamePlayground/GamePlaygroundContent/GamePlaygroundContent.vue","statementMap":{"0":{"start":{"line":35,"column":18},"end":{"line":35,"column":null}},"1":{"start":{"line":36,"column":17},"end":{"line":36,"column":null}},"2":{"start":{"line":38,"column":44},"end":{"line":54,"column":null}},"3":{"start":{"line":39,"column":26},"end":{"line":39,"column":null}},"4":{"start":{"line":40,"column":2},"end":{"line":42,"column":null}},"5":{"start":{"line":41,"column":4},"end":{"line":41,"column":null}},"6":{"start":{"line":43,"column":91},"end":{"line":51,"column":null}},"7":{"start":{"line":53,"column":2},"end":{"line":53,"column":null}},"8":{"start":{"line":2,"column":7},"end":{"line":2,"column":null}}},"fnMap":{"0":{"name":"(anonymous_1)","decl":{"start":{"line":38,"column":94},"end":{"line":38,"column":100}},"loc":{"start":{"line":38,"column":100},"end":{"line":54,"column":1}}}},"branchMap":{"0":{"loc":{"start":{"line":40,"column":2},"end":{"line":42,"column":null}},"type":"if","locations":[{"start":{"line":40,"column":2},"end":{"line":42,"column":null}},{"start":{"line":40,"column":2},"end":{"line":42,"column":null}}]},"1":{"loc":{"start":{"line":53,"column":9},"end":{"line":53,"column":null}},"type":"cond-expr","locations":[{"start":{"line":53,"column":29},"end":{"line":53,"column":79}},{"start":{"line":53,"column":79},"end":{"line":53,"column":null}}]}},"s":{"0":10,"1":10,"2":10,"3":19,"4":19,"5":1,"6":18,"7":18,"8":4},"f":{"0":19},"b":{"0":[1,18],"1":[17,1]}}
,"/home/runner/work/werewolves-assistant-web-next/werewolves-assistant-web-next/components/pages/game/GamePlaying/GamePlayground/GamePlaygroundContent/GameBuryDeadBodiesPlayground/GameBuryDeadBodiesPlayground.vue": {"path":"/home/runner/work/werewolves-assistant-web-next/werewolves-assistant-web-next/components/pages/game/GamePlaying/GamePlayground/GamePlaygroundContent/GameBuryDeadBodiesPlayground/GameBuryDeadBodiesPlayground.vue","statementMap":{"0":{"start":{"line":27,"column":18},"end":{"line":27,"column":null}},"1":{"start":{"line":28,"column":17},"end":{"line":28,"column":null}},"2":{"start":{"line":30,"column":63},"end":{"line":30,"column":null}},"3":{"start":{"line":32,"column":50},"end":{"line":32,"column":null}},"4":{"start":{"line":32,"column":87},"end":{"line":32,"column":151}}},"fnMap":{"0":{"name":"(anonymous_1)","decl":{"start":{"line":32,"column":81},"end":{"line":32,"column":87}},"loc":{"start":{"line":32,"column":87},"end":{"line":32,"column":151}}}},"branchMap":{"0":{"loc":{"start":{"line":7,"column":12},"end":{"line":13,"column":null}},"type":"cond-expr","locations":[{"start":{"line":7,"column":12},"end":{"line":8,"column":null}},{"start":{"line":8,"column":9},"end":{"line":13,"column":null}}]}},"s":{"0":5,"1":5,"2":5,"3":5,"4":9},"f":{"0":9},"b":{"0":[2,5]}}
,"/home/runner/work/werewolves-assistant-web-next/werewolves-assistant-web-next/components/pages/game/GamePlaying/GamePlayground/GamePlaygroundContent/GameBuryDeadBodiesPlayground/GameDevotedServantStealsRolePlayground/GameDevotedServantStealsRolePlayground.vue": {"path":"/home/runner/work/werewolves-assistant-web-next/werewolves-assistant-web-next/components/pages/game/GamePlaying/GamePlayground/GamePlaygroundContent/GameBuryDeadBodiesPlayground/GameDevotedServantStealsRolePlayground/GameDevotedServantStealsRolePlayground.vue","statementMap":{"0":{"start":{"line":48,"column":18},"end":{"line":48,"column":null}},"1":{"start":{"line":49,"column":17},"end":{"line":49,"column":null}},"2":{"start":{"line":51,"column":14},"end":{"line":51,"column":null}},"3":{"start":{"line":53,"column":63},"end":{"line":53,"column":null}},"4":{"start":{"line":55,"column":26},"end":{"line":55,"column":null}},"5":{"start":{"line":55,"column":63},"end":{"line":55,"column":127}},"6":{"start":{"line":57,"column":44},"end":{"line":61,"column":null}},"7":{"start":{"line":58,"column":33},"end":{"line":58,"column":null}},"8":{"start":{"line":60,"column":2},"end":{"line":60,"column":null}},"9":{"start":{"line":28,"column":6},"end":{"line":33,"column":null}}},"fnMap":{"0":{"name":"(anonymous_1)","decl":{"start":{"line":55,"column":57},"end":{"line":55,"column":63}},"loc":{"start":{"line":55,"column":63},"end":{"line":55,"column":127}}},"1":{"name":"(anonymous_2)","decl":{"start":{"line":57,"column":61},"end":{"line":57,"column":67}},"loc":{"start":{"line":57,"column":67},"end":{"line":61,"column":1}}}},"branchMap":{"0":{"loc":{"start":{"line":58,"column":33},"end":{"line":58,"column":null}},"type":"binary-expr","locations":[{"start":{"line":58,"column":33},"end":{"line":58,"column":68}},{"start":{"line":58,"column":68},"end":{"line":58,"column":null}}]}},"s":{"0":6,"1":6,"2":6,"3":6,"4":6,"5":9,"6":6,"7":9,"8":9,"9":13},"f":{"0":9,"1":9},"b":{"0":[9,1]}}
,"/home/runner/work/werewolves-assistant-web-next/werewolves-assistant-web-next/components/pages/game/GamePlaying/GamePlayground/GamePlaygroundContent/GameChooseSidePlayground/GameChooseSidePlayground.vue": {"path":"/home/runner/work/werewolves-assistant-web-next/werewolves-assistant-web-next/components/pages/game/GamePlaying/GamePlayground/GamePlaygroundContent/GameChooseSidePlayground/GameChooseSidePlayground.vue","statementMap":{"0":{"start":{"line":64,"column":29},"end":{"line":64,"column":null}},"1":{"start":{"line":65,"column":28},"end":{"line":65,"column":null}},"2":{"start":{"line":66,"column":26},"end":{"line":66,"column":null}},"3":{"start":{"line":69,"column":2},"end":{"line":69,"column":null}},"4":{"start":{"line":73,"column":2},"end":{"line":73,"column":null}},"5":{"start":{"line":25,"column":18},"end":{"line":25,"column":null}},"6":{"start":{"line":48,"column":18},"end":{"line":48,"column":null}}},"fnMap":{"0":{"name":"handleChooseVillagersSideButtonClick","decl":{"start":{"line":68,"column":9},"end":{"line":68,"column":54}},"loc":{"start":{"line":68,"column":54},"end":{"line":70,"column":null}}},"1":{"name":"handleChooseWerewolvesSideButtonClick","decl":{"start":{"line":72,"column":9},"end":{"line":72,"column":55}},"loc":{"start":{"line":72,"column":55},"end":{"line":74,"column":null}}}},"branchMap":{},"s":{"0":9,"1":9,"2":9,"3":1,"4":1,"5":5,"6":5},"f":{"0":1,"1":1},"b":{}}
,"/home/runner/work/werewolves-assistant-web-next/werewolves-assistant-web-next/components/pages/game/GamePlaying/GamePlayground/GamePlaygroundContent/GameNoActionPlayground/GameNoActionPlayground.vue": {"path":"/home/runner/work/werewolves-assistant-web-next/werewolves-assistant-web-next/components/pages/game/GamePlaying/GamePlayground/GamePlaygroundContent/GameNoActionPlayground/GameNoActionPlayground.vue","statementMap":{"0":{"start":{"line":2,"column":2},"end":{"line":6,"column":null}}},"fnMap":{},"branchMap":{},"s":{"0":1},"f":{},"b":{}}
,"/home/runner/work/werewolves-assistant-web-next/werewolves-assistant-web-next/components/pages/game/GamePlaying/GamePlayground/GamePlaygroundContent/GamePlaygroundPlayerCard/GamePlaygroundPlayerCard.vue": {"path":"/home/runner/work/werewolves-assistant-web-next/werewolves-assistant-web-next/components/pages/game/GamePlaying/GamePlayground/GamePlaygroundContent/GamePlaygroundPlayerCard/GamePlaygroundPlayerCard.vue","statementMap":{"0":{"start":{"line":32,"column":14},"end":{"line":32,"column":null}},"1":{"start":{"line":34,"column":18},"end":{"line":34,"column":null}},"2":{"start":{"line":35,"column":17},"end":{"line":35,"column":null}},"3":{"start":{"line":37,"column":29},"end":{"line":37,"column":null}},"4":{"start":{"line":38,"column":28},"end":{"line":38,"column":null}},"5":{"start":{"line":44,"column":4},"end":{"line":44,"column":null}},"6":{"start":{"line":46,"column":28},"end":{"line":50,"column":null}},"7":{"start":{"line":47,"column":19},"end":{"line":47,"column":null}},"8":{"start":{"line":49,"column":2},"end":{"line":49,"column":null}},"9":{"start":{"line":52,"column":25},"end":{"line":57,"column":null}},"10":{"start":{"line":53,"column":2},"end":{"line":55,"column":null}},"11":{"start":{"line":54,"column":4},"end":{"line":54,"column":null}},"12":{"start":{"line":56,"column":2},"end":{"line":56,"column":null}},"13":{"start":{"line":56,"column":62},"end":{"line":56,"column":91}},"14":{"start":{"line":60,"column":33},"end":{"line":60,"column":null}},"15":{"start":{"line":60,"column":92},"end":{"line":60,"column":114}},"16":{"start":{"line":61,"column":34},"end":{"line":61,"column":null}},"17":{"start":{"line":61,"column":93},"end":{"line":61,"column":116}},"18":{"start":{"line":62,"column":35},"end":{"line":62,"column":null}},"19":{"start":{"line":63,"column":2},"end":{"line":66,"column":null}},"20":{"start":{"line":65,"column":4},"end":{"line":65,"column":null}},"21":{"start":{"line":67,"column":2},"end":{"line":70,"column":null}},"22":{"start":{"line":74,"column":33},"end":{"line":74,"column":null}},"23":{"start":{"line":74,"column":97},"end":{"line":74,"column":123}},"24":{"start":{"line":75,"column":2},"end":{"line":77,"column":null}},"25":{"start":{"line":76,"column":4},"end":{"line":76,"column":null}},"26":{"start":{"line":78,"column":2},"end":{"line":82,"column":null}},"27":{"start":{"line":79,"column":4},"end":{"line":79,"column":null}},"28":{"start":{"line":81,"column":4},"end":{"line":81,"column":null}},"29":{"start":{"line":83,"column":2},"end":{"line":87,"column":null}},"30":{"start":{"line":84,"column":4},"end":{"line":84,"column":null}},"31":{"start":{"line":86,"column":4},"end":{"line":86,"column":null}},"32":{"start":{"line":88,"column":2},"end":{"line":90,"column":null}},"33":{"start":{"line":89,"column":4},"end":{"line":89,"column":null}},"34":{"start":{"line":91,"column":2},"end":{"line":91,"column":null}},"35":{"start":{"line":2,"column":2},"end":{"line":1,"column":null}}},"fnMap":{"0":{"name":"(anonymous_1)","decl":{"start":{"line":46,"column":46},"end":{"line":46,"column":52}},"loc":{"start":{"line":46,"column":52},"end":{"line":50,"column":1}}},"1":{"name":"(anonymous_2)","decl":{"start":{"line":52,"column":43},"end":{"line":52,"column":49}},"loc":{"start":{"line":52,"column":49},"end":{"line":57,"column":1}}},"2":{"name":"(anonymous_3)","decl":{"start":{"line":56,"column":44},"end":{"line":56,"column":45}},"loc":{"start":{"line":56,"column":62},"end":{"line":56,"column":91}}},"3":{"name":"handleWitchGivesPotionClick","decl":{"start":{"line":59,"column":9},"end":{"line":59,"column":45}},"loc":{"start":{"line":59,"column":45},"end":{"line":71,"column":null}}},"4":{"name":"(anonymous_5)","decl":{"start":{"line":60,"column":71},"end":{"line":60,"column":72}},"loc":{"start":{"line":60,"column":92},"end":{"line":60,"column":114}}},"5":{"name":"(anonymous_6)","decl":{"start":{"line":61,"column":72},"end":{"line":61,"column":73}},"loc":{"start":{"line":61,"column":93},"end":{"line":61,"column":116}}},"6":{"name":"handlePlayerCardSelectorClick","decl":{"start":{"line":73,"column":9},"end":{"line":73,"column":47}},"loc":{"start":{"line":73,"column":47},"end":{"line":92,"column":null}}},"7":{"name":"(anonymous_8)","decl":{"start":{"line":74,"column":83},"end":{"line":74,"column":84}},"loc":{"start":{"line":74,"column":97},"end":{"line":74,"column":123}}}},"branchMap":{"0":{"loc":{"start":{"line":47,"column":19},"end":{"line":47,"column":null}},"type":"binary-expr","locations":[{"start":{"line":47,"column":19},"end":{"line":47,"column":45}},{"start":{"line":47,"column":45},"end":{"line":47,"column":null}}]},"1":{"loc":{"start":{"line":49,"column":9},"end":{"line":49,"column":null}},"type":"binary-expr","locations":[{"start":{"line":49,"column":9},"end":{"line":49,"column":30}},{"start":{"line":49,"column":30},"end":{"line":49,"column":null}}]},"2":{"loc":{"start":{"line":53,"column":2},"end":{"line":55,"column":null}},"type":"if","locations":[{"start":{"line":53,"column":2},"end":{"line":55,"column":null}},{"start":{"line":53,"column":2},"end":{"line":55,"column":null}}]},"3":{"loc":{"start":{"line":62,"column":35},"end":{"line":62,"column":null}},"type":"cond-expr","locations":[{"start":{"line":62,"column":78},"end":{"line":62,"column":87}},{"start":{"line":62,"column":87},"end":{"line":62,"column":null}}]},"4":{"loc":{"start":{"line":63,"column":2},"end":{"line":66,"column":null}},"type":"if","locations":[{"start":{"line":63,"column":2},"end":{"line":66,"column":null}},{"start":{"line":63,"column":2},"end":{"line":66,"column":null}}]},"5":{"loc":{"start":{"line":63,"column":6},"end":{"line":64,"column":88}},"type":"binary-expr","locations":[{"start":{"line":63,"column":6},"end":{"line":63,"column":50}},{"start":{"line":63,"column":50},"end":{"line":63,"column":null}},{"start":{"line":64,"column":4},"end":{"line":64,"column":49}},{"start":{"line":64,"column":49},"end":{"line":64,"column":88}}]},"6":{"loc":{"start":{"line":75,"column":2},"end":{"line":77,"column":null}},"type":"if","locations":[{"start":{"line":75,"column":2},"end":{"line":77,"column":null}},{"start":{"line":75,"column":2},"end":{"line":77,"column":null}}]},"7":{"loc":{"start":{"line":75,"column":6},"end":{"line":75,"column":61}},"type":"binary-expr","locations":[{"start":{"line":75,"column":6},"end":{"line":75,"column":33}},{"start":{"line":75,"column":33},"end":{"line":75,"column":61}}]},"8":{"loc":{"start":{"line":78,"column":2},"end":{"line":82,"column":null}},"type":"if","locations":[{"start":{"line":78,"column":2},"end":{"line":82,"column":null}},{"start":{"line":78,"column":2},"end":{"line":82,"column":null}}]},"9":{"loc":{"start":{"line":83,"column":2},"end":{"line":87,"column":null}},"type":"if","locations":[{"start":{"line":83,"column":2},"end":{"line":87,"column":null}},{"start":{"line":83,"column":2},"end":{"line":87,"column":null}}]},"10":{"loc":{"start":{"line":83,"column":6},"end":{"line":83,"column":113}},"type":"binary-expr","locations":[{"start":{"line":83,"column":6},"end":{"line":83,"column":60}},{"start":{"line":83,"column":60},"end":{"line":83,"column":113}}]},"11":{"loc":{"start":{"line":88,"column":2},"end":{"line":90,"column":null}},"type":"if","locations":[{"start":{"line":88,"column":2},"end":{"line":90,"column":null}},{"start":{"line":88,"column":2},"end":{"line":90,"column":null}}]},"12":{"loc":{"start":{"line":15,"column":12},"end":{"line":1,"column":null}},"type":"cond-expr","locations":[{"start":{"line":15,"column":34},"end":{"line":17,"column":null}},{"start":{"line":1,"column":0},"end":{"line":1,"column":null}}]}},"s":{"0":27,"1":27,"2":27,"3":27,"4":27,"5":27,"6":27,"7":41,"8":41,"9":27,"10":34,"11":27,"12":7,"13":7,"14":6,"15":4,"16":6,"17":4,"18":6,"19":6,"20":2,"21":6,"22":14,"23":11,"24":14,"25":5,"26":9,"27":1,"28":1,"29":8,"30":6,"31":6,"32":2,"33":1,"34":2,"35":42},"f":{"0":41,"1":34,"2":7,"3":6,"4":4,"5":4,"6":14,"7":11},"b":{"0":[41,27],"1":[41,30],"2":[27,7],"3":[3,3],"4":[2,4],"5":[6,3,5,3],"6":[5,9],"7":[14,10],"8":[1,8],"9":[6,2],"10":[8,5],"11":[1,1],"12":[2,40]}}
,"/home/runner/work/werewolves-assistant-web-next/werewolves-assistant-web-next/components/pages/game/GamePlaying/GamePlayground/GamePlaygroundContent/GamePlaygroundPlayerCard/GamePlaygroundPlayerCardVoteInput/GamePlaygroundPlayerCardVoteInput.vue": {"path":"/home/runner/work/werewolves-assistant-web-next/werewolves-assistant-web-next/components/pages/game/GamePlaying/GamePlayground/GamePlaygroundContent/GamePlaygroundPlayerCard/GamePlaygroundPlayerCardVoteInput/GamePlaygroundPlayerCardVoteInput.vue","statementMap":{"0":{"start":{"line":63,"column":14},"end":{"line":63,"column":null}},"1":{"start":{"line":65,"column":18},"end":{"line":65,"column":null}},"2":{"start":{"line":66,"column":17},"end":{"line":66,"column":null}},"3":{"start":{"line":68,"column":62},"end":{"line":68,"column":null}},"4":{"start":{"line":70,"column":28},"end":{"line":70,"column":null}},"5":{"start":{"line":72,"column":20},"end":{"line":72,"column":null}},"6":{"start":{"line":74,"column":20},"end":{"line":80,"column":null}},"7":{"start":{"line":75,"column":26},"end":{"line":75,"column":null}},"8":{"start":{"line":76,"column":2},"end":{"line":78,"column":null}},"9":{"start":{"line":77,"column":4},"end":{"line":77,"column":null}},"10":{"start":{"line":79,"column":2},"end":{"line":79,"column":null}},"11":{"start":{"line":79,"column":45},"end":{"line":79,"column":69}},"12":{"start":{"line":83,"column":28},"end":{"line":83,"column":null}},"13":{"start":{"line":84,"column":2},"end":{"line":88,"column":null}},"14":{"start":{"line":85,"column":4},"end":{"line":85,"column":null}},"15":{"start":{"line":87,"column":4},"end":{"line":87,"column":null}},"16":{"start":{"line":89,"column":29},"end":{"line":89,"column":null}},"17":{"start":{"line":90,"column":2},"end":{"line":90,"column":null}},"18":{"start":{"line":90,"column":67},"end":{"line":90,"column":71}},"19":{"start":{"line":94,"column":2},"end":{"line":94,"column":null}},"20":{"start":{"line":98,"column":2},"end":{"line":98,"column":null}},"21":{"start":{"line":99,"column":2},"end":{"line":101,"column":null}},"22":{"start":{"line":100,"column":4},"end":{"line":100,"column":null}},"23":{"start":{"line":102,"column":2},"end":{"line":106,"column":null}},"24":{"start":{"line":103,"column":4},"end":{"line":103,"column":null}},"25":{"start":{"line":105,"column":4},"end":{"line":105,"column":null}},"26":{"start":{"line":107,"column":2},"end":{"line":107,"column":null}},"27":{"start":{"line":108,"column":2},"end":{"line":111,"column":null}},"28":{"start":{"line":2,"column":7},"end":{"line":2,"column":null}},"29":{"start":{"line":19,"column":15},"end":{"line":19,"column":null}},"30":{"start":{"line":32,"column":15},"end":{"line":32,"column":null}},"31":{"start":{"line":33,"column":12},"end":{"line":33,"column":50}},"32":{"start":{"line":40,"column":29},"end":{"line":46,"column":null}}},"fnMap":{"0":{"name":"(anonymous_1)","decl":{"start":{"line":74,"column":51},"end":{"line":74,"column":57}},"loc":{"start":{"line":74,"column":57},"end":{"line":80,"column":1}}},"1":{"name":"(anonymous_2)","decl":{"start":{"line":79,"column":32},"end":{"line":79,"column":33}},"loc":{"start":{"line":79,"column":45},"end":{"line":79,"column":69}}},"2":{"name":"searchVoteOptions","decl":{"start":{"line":82,"column":9},"end":{"line":82,"column":27}},"loc":{"start":{"line":82,"column":71},"end":{"line":91,"column":null}}},"3":{"name":"(anonymous_4)","decl":{"start":{"line":90,"column":53},"end":{"line":90,"column":54}},"loc":{"start":{"line":90,"column":67},"end":{"line":90,"column":71}}},"4":{"name":"handleHideEvent","decl":{"start":{"line":93,"column":9},"end":{"line":93,"column":33}},"loc":{"start":{"line":93,"column":33},"end":{"line":95,"column":null}}},"5":{"name":"handleUpdateModelValueEvent","decl":{"start":{"line":97,"column":9},"end":{"line":97,"column":37}},"loc":{"start":{"line":97,"column":79},"end":{"line":112,"column":null}}},"6":{"name":"(anonymous_8)","decl":{"start":{"line":4,"column":6},"end":{"line":4,"column":null}},"loc":{"start":{"line":40,"column":29},"end":{"line":46,"column":null}}}},"branchMap":{"0":{"loc":{"start":{"line":76,"column":2},"end":{"line":78,"column":null}},"type":"if","locations":[{"start":{"line":76,"column":2},"end":{"line":78,"column":null}},{"start":{"line":76,"column":2},"end":{"line":78,"column":null}}]},"1":{"loc":{"start":{"line":83,"column":28},"end":{"line":83,"column":null}},"type":"binary-expr","locations":[{"start":{"line":83,"column":28},"end":{"line":83,"column":49}},{"start":{"line":83,"column":49},"end":{"line":83,"column":null}}]},"2":{"loc":{"start":{"line":84,"column":2},"end":{"line":88,"column":null}},"type":"if","locations":[{"start":{"line":84,"column":2},"end":{"line":88,"column":null}},{"start":{"line":84,"column":2},"end":{"line":88,"column":null}}]},"3":{"loc":{"start":{"line":99,"column":2},"end":{"line":101,"column":null}},"type":"if","locations":[{"start":{"line":99,"column":2},"end":{"line":101,"column":null}},{"start":{"line":99,"column":2},"end":{"line":101,"column":null}}]},"4":{"loc":{"start":{"line":102,"column":2},"end":{"line":106,"column":null}},"type":"if","locations":[{"start":{"line":102,"column":2},"end":{"line":106,"column":null}},{"start":{"line":102,"column":2}
[...]
,"/home/runner/work/werewolves-assistant-web-next/werewolves-assistant-web-next/stores/game/create-game-dto/useCreateGameDtoStore.ts": {"path":"/home/runner/work/werewolves-assistant-web-next/werewolves-assistant-web-next/stores/game/create-game-dto/useCreateGameDtoStore.ts","statementMap":{"0":{"start":{"line":10,"column":30},"end":{"line":87,"column":null}},"1":{"start":{"line":11,"column":21},"end":{"line":11,"column":null}},"2":{"start":{"line":12,"column":37},"end":{"line":12,"column":null}},"3":{"start":{"line":14,"column":24},"end":{"line":14,"column":null}},"4":{"start":{"line":17,"column":4},"end":{"line":17,"column":null}},"5":{"start":{"line":21,"column":4},"end":{"line":21,"column":null}},"6":{"start":{"line":25,"column":4},"end":{"line":25,"column":null}},"7":{"start":{"line":29,"column":24},"end":{"line":29,"column":null}},"8":{"start":{"line":29,"column":76},"end":{"line":29,"column":96}},"9":{"start":{"line":30,"column":4},"end":{"line":32,"column":null}},"10":{"start":{"line":31,"column":6},"end":{"line":31,"column":null}},"11":{"start":{"line":36,"column":4},"end":{"line":36,"column":null}},"12":{"start":{"line":36,"column":56},"end":{"line":36,"column":90}},"13":{"start":{"line":40,"column":24},"end":{"line":40,"column":null}},"14":{"start":{"line":40,"column":72},"end":{"line":40,"column":98}},"15":{"start":{"line":41,"column":4},"end":{"line":43,"column":null}},"16":{"start":{"line":42,"column":6},"end":{"line":42,"column":null}},"17":{"start":{"line":47,"column":4},"end":{"line":47,"column":null}},"18":{"start":{"line":47,"column":56},"end":{"line":47,"column":85}},"19":{"start":{"line":51,"column":32},"end":{"line":51,"column":null}},"20":{"start":{"line":52,"column":17},"end":{"line":52,"column":null}},"21":{"start":{"line":54,"column":4},"end":{"line":54,"column":null}},"22":{"start":{"line":58,"column":32},"end":{"line":58,"column":null}},"23":{"start":{"line":59,"column":17},"end":{"line":59,"column":null}},"24":{"start":{"line":61,"column":4},"end":{"line":61,"column":null}},"25":{"start":{"line":65,"column":32},"end":{"line":65,"column":null}},"26":{"start":{"line":66,"column":17},"end":{"line":66,"column":null}},"27":{"start":{"line":67,"column":4},"end":{"line":69,"column":null}},"28":{"start":{"line":68,"column":6},"end":{"line":68,"column":null}},"29":{"start":{"line":70,"column":22},"end":{"line":70,"column":null}},"30":{"start":{"line":72,"column":4},"end":{"line":72,"column":null}},"31":{"start":{"line":74,"column":2},"end":{"line":86,"column":null}}},"fnMap":{"0":{"name":"(anonymous_0)","decl":{"start":{"line":10,"column":68},"end":{"line":10,"column":74}},"loc":{"start":{"line":10,"column":74},"end":{"line":87,"column":1}}},"1":{"name":"setCreateGameDto","decl":{"start":{"line":16,"column":11},"end":{"line":16,"column":28}},"loc":{"start":{"line":16,"column":69},"end":{"line":18,"column":null}}},"2":{"name":"resetCreateGameDto","decl":{"start":{"line":20,"column":11},"end":{"line":20,"column":38}},"loc":{"start":{"line":20,"column":38},"end":{"line":22,"column":null}}},"3":{"name":"addPlayerToCreateGameDto","decl":{"start":{"line":24,"column":11},"end":{"line":24,"column":36}},"loc":{"start":{"line":24,"column":71},"end":{"line":26,"column":null}}},"4":{"name":"updatePlayerInCreateGameDto","decl":{"start":{"line":28,"column":11},"end":{"line":28,"column":39}},"loc":{"start":{"line":28,"column":74},"end":{"line":33,"column":null}}},"5":{"name":"(anonymous_5)","decl":{"start":{"line":29,"column":62},"end":{"line":29,"column":63}},"loc":{"start":{"line":29,"column":76},"end":{"line":29,"column":96}}},"6":{"name":"setPlayersToCreateGameDto","decl":{"start":{"line":35,"column":11},"end":{"line":35,"column":37}},"loc":{"start":{"line":35,"column":75},"end":{"line":37,"column":null}}},"7":{"name":"(anonymous_7)","decl":{"start":{"line":36,"column":46},"end":{"line":36,"column":56}},"loc":{"start":{"line":36,"column":56},"end":{"line":36,"column":90}}},"8":{"name":"removePlayerFromCreateGameDto","decl":{"start":{"line":39,"column":11},"end":{"line":39,"column":41}},"loc":{"start":{"line":39,"column":67},"end":{"line":44,"column":null}}},"9":{"name":"(anonymous_9)","decl":{"start":{"line":40,"column":62},"end":{"line":40,"column":72}},"loc":{"start":{"line":40,"column":72},"end":{"line":40,"column":98}}},"10":{"name":"getPlayersWithRoleNameInCreateGameDto","decl":{"start":{"line":46,"column":11},"end":{"line":46,"column":49}},"loc":{"start":{"line":46,"column":92},"end":{"line":48,"column":null}}},"11":{"name":"(anonymous_11)","decl":{"start":{"line":47,"column":46},"end":{"line":47,"column":56}},"loc":{"start":{"line":47,"column":56},"end":{"line":47,"column":85}}},"12":{"name":"isRoleMinReachedInCreateGameDto","decl":{"start":{"line":50,"column":11},"end":{"line":50,"column":43}},"loc":{"start":{"line":50,"column":72},"end":{"line":55,"column":null}}},"13":{"name":"isRoleMaxReachedInCreateGameDto","decl":{"start":{"line":57,"column":11},"end":{"line":57,"column":43}},"loc":{"start":{"line":57,"column":72},"end":{"line":62,"column":null}}},"14":{"name":"getRoleLeftCountToReachMinInCreateGameDto","decl":{"start":{"line":64,"column":11},"end":{"line":64,"column":53}},"loc":{"start":{"line":64,"column":81},"end":{"line":73,"column":null}}}},"branchMap":{"0":{"loc":{"start":{"line":30,"column":4},"end":{"line":32,"column":null}},"type":"if","locations":[{"start":{"line":30,"column":4},"end":{"line":32,"column":null}},{"start":{"line":30,"column":4},"end":{"line":32,"column":null}}]},"1":{"loc":{"start":{"line":41,"column":4},"end":{"line":43,"column":null}},"type":"if","locations":[{"start":{"line":41,"column":4},"end":{"line":43,"column":null}},{"start":{"line":41,"column":4},"end":{"line":43,"column":null}}]},"2":{"loc":{"start":{"line":54,"column":11},"end":{"line":54,"column":null}},"type":"binary-expr","locations":[{"start":{"line":54,"column":11},"end":{"line":54,"column":22}},{"start":{"line":54,"column":22},"end":{"line":54,"column":54}},{"start":{"line":54,"column":54},"end":{"line":54,"column":null}}]},"3":{"loc":{"start":{"line":61,"column":11},"end":{"line":61,"column":null}},"type":"binary-expr","locations":[{"start":{"line":61,"column":11},"end":{"line":61,"column":21}},{"start":{"line":61,"column":21},"end":{"line":61,"column":null}}]},"4":{"loc":{"start":{"line":67,"column":4},"end":{"line":69,"column":null}},"type":"if","locations":[{"start":{"line":67,"column":4},"end":{"line":69,"column":null}},{"start":{"line":67,"column":4},"end":{"line":69,"column":null}}]},"5":{"loc":{"start":{"line":72,"column":11},"end":{"line":72,"column":null}},"type":"cond-expr","locations":[{"start":{"line":72,"column":29},"end":{"line":72,"column":33}},{"start":{"line":72,"column":33},"end":{"line":72,"column":null}}]}},"s":{"0":14,"1":136,"2":136,"3":136,"4":1,"5":1,"6":1,"7":2,"8":5,"9":2,"10":1,"11":1,"12":3,"13":2,"14":5,"15":2,"16":1,"17":16,"18":32,"19":6,"20":6,"21":6,"22":4,"23":4,"24":4,"25":5,"26":5,"27":5,"28":1,"29":4,"30":4,"31":136},"f":{"0":136,"1":1,"2":1,"3":1,"4":2,"5":5,"6":1,"7":3,"8":2,"9":5,"10":16,"11":32,"12":6,"13":4,"14":5},"b":{"0":[1,1],"1":[1,1],"2":[6,5,4],"3":[4,3],"4":[1,4],"5":[1,3]}}
,"/home/runner/work/werewolves-assistant-web-next/werewolves-assistant-web-next/stores/game/make-game-play-dto/useMakeGamePlayDtoStore.ts": {"path":"/home/runner/work/werewolves-assistant-web-next/werewolves-assistant-web-next/stores/game/make-game-play-dto/useMakeGamePlayDtoStore.ts","statementMap":{"0":{"start":{"line":10,"column":32},"end":{"line":101,"column":null}},"1":{"start":{"line":11,"column":26},"end":{"line":11,"column":null}},"2":{"start":{"line":14,"column":4},"end":{"line":14,"column":null}},"3":{"start":{"line":18,"column":4},"end":{"line":18,"column":null}},"4":{"start":{"line":22,"column":4},"end":{"line":24,"column":null}},"5":{"start":{"line":23,"column":6},"end":{"line":23,"column":null}},"6":{"start":{"line":25,"column":4},"end":{"line":25,"column":null}},"7":{"start":{"line":29,"column":4},"end":{"line":31,"column":null}},"8":{"start":{"line":30,"column":6},"end":{"line":30,"column":null}},"9":{"start":{"line":32,"column":24},"end":{"line":32,"column":null}},"10":{"start":{"line":32,"column":74},"end":{"line":32,"column":102}},"11":{"start":{"line":33,"column":4},"end":{"line":35,"column":null}},"12":{"start":{"line":34,"column":6},"end":{"line":34,"column":null}},"13":{"start":{"line":36,"column":4},"end":{"line":38,"column":null}},"14":{"start":{"line":37,"column":6},"end":{"line":37,"column":null}},"15":{"start":{"line":42,"column":4},"end":{"line":44,"column":null}},"16":{"start":{"line":43,"column":6},"end":{"line":43,"column":null}},"17":{"start":{"line":45,"column":24},"end":{"line":45,"column":null}},"18":{"start":{"line":46,"column":4},"end":{"line":46,"column":null}},"19":{"start":{"line":50,"column":35},"end":{"line":50,"column":null}},"20":{"start":{"line":50,"column":81},"end":{"line":50,"column":115}},"21":{"start":{"line":51,"column":4},"end":{"line":53,"column":null}},"22":{"start":{"line":52,"column":6},"end":{"line":52,"column":null}},"23":{"start":{"line":57,"column":4},"end":{"line":59,"column":null}},"24":{"start":{"line":58,"column":6},"end":{"line":58,"column":null}},"25":{"start":{"line":60,"column":4},"end":{"line":60,"column":null}},"26":{"start":{"line":64,"column":4},"end":{"line":66,"column":null}},"27":{"start":{"line":65,"column":6},"end":{"line":65,"column":null}},"28":{"start":{"line":67,"column":22},"end":{"line":67,"column":null}},"29":{"start":{"line":67,"column":68},"end":{"line":67,"column":94}},"30":{"start":{"line":68,"column":4},"end":{"line":70,"column":null}},"31":{"start":{"line":69,"column":6},"end":{"line":69,"column":null}},"32":{"start":{"line":71,"column":4},"end":{"line":73,"column":null}},"33":{"start":{"line":72,"column":6},"end":{"line":72,"column":null}},"34":{"start":{"line":77,"column":4},"end":{"line":77,"column":null}},"35":{"start":{"line":81,"column":4},"end":{"line":81,"column":null}},"36":{"start":{"line":85,"column":4},"end":{"line":85,"column":null}},"37":{"start":{"line":87,"column":2},"end":{"line":100,"column":null}}},"fnMap":{"0":{"name":"(anonymous_0)","decl":{"start":{"line":10,"column":73},"end":{"line":10,"column":79}},"loc":{"start":{"line":10,"column":79},"end":{"line":101,"column":1}}},"1":{"name":"setMakeGamePlayDto","decl":{"start":{"line":13,"column":11},"end":{"line":13,"column":30}},"loc":{"start":{"line":13,"column":75},"end":{"line":15,"column":null}}},"2":{"name":"resetMakeGamePlayDto","decl":{"start":{"line":17,"column":11},"end":{"line":17,"column":40}},"loc":{"start":{"line":17,"column":40},"end":{"line":19,"column":null}}},"3":{"name":"addMakeGamePlayTargetDto","decl":{"start":{"line":21,"column":11},"end":{"line":21,"column":36}},"loc":{"start":{"line":21,"column":73},"end":{"line":26,"column":null}}},"4":{"name":"removeMakeGamePlayTargetDto","decl":{"start":{"line":28,"column":11},"end":{"line":28,"column":39}},"loc":{"start":{"line":28,"column":63},"end":{"line":39,"column":null}}},"5":{"name":"(anonymous_5)","decl":{"start":{"line":32,"column":64},"end":{"line":32,"column":74}},"loc":{"start":{"line":32,"column":74},"end":{"line":32,"column":102}}},"6":{"name":"removeFirstMakeGamePlayTargetDto","decl":{"start":{"line":41,"column":11},"end":{"line":41,"column":52}},"loc":{"start":{"line":41,"column":52},"end":{"line":47,"column":null}}},"7":{"name":"removeFirstMakeGamePlayTargetDtoWithPotion","decl":{"start":{"line":49,"column":11},"end":{"line":49,"column":54}},"loc":{"start":{"line":49,"column":86},"end":{"line":54,"column":null}}},"8":{"name":"(anonymous_8)","decl":{"start":{"line":50,"column":71},"end":{"line":50,"column":81}},"loc":{"start":{"line":50,"column":81},"end":{"line":50,"column":115}}},"9":{"name":"addMakeGamePlayVoteDto","decl":{"start":{"line":56,"column":11},"end":{"line":56,"column":34}},"loc":{"start":{"line":56,"column":67},"end":{"line":61,"column":null}}},"10":{"name":"removeMakeGamePlayVoteDto","decl":{"start":{"line":63,"column":11},"end":{"line":63,"column":37}},"loc":{"start":{"line":63,"column":61},"end":{"line":74,"column":null}}},"11":{"name":"(anonymous_11)","decl":{"start":{"line":67,"column":60},"end":{"line":67,"column":68}},"loc":{"start":{"line":67,"column":68},"end":{"line":67,"column":94}}},"12":{"name":"setDoesJudgeRequestAnotherVote","decl":{"start":{"line":76,"column":11},"end":{"line":76,"column":42}},"loc":{"start":{"line":76,"column":98},"end":{"line":78,"column":null}}},"13":{"name":"setChosenCardId","decl":{"start":{"line":80,"column":11},"end":{"line":80,"column":27}},"loc":{"start":{"line":80,"column":67},"end":{"line":82,"column":null}}},"14":{"name":"setChosenSide","decl":{"start":{"line":84,"column":11},"end":{"line":84,"column":25}},"loc":{"start":{"line":84,"column":65},"end":{"line":86,"column":null}}}},"branchMap":{"0":{"loc":{"start":{"line":22,"column":4},"end":{"line":24,"column":null}},"type":"if","locations":[{"start":{"line":22,"column":4},"end":{"line":24,"column":null}},{"start":{"line":22,"column":4},"end":{"line":24,"column":null}}]},"1":{"loc":{"start":{"line":29,"column":4},"end":{"line":31,"column":null}},"type":"if","locations":[{"start":{"line":29,"column":4},"end":{"line":31,"column":null}},{"start":{"line":29,"column":4},"end":{"line":31,"column":null}}]},"2":{"loc":{"start":{"line":33,"column":4},"end":{"line":35,"column":null}},"type":"if","locations":[{"start":{"line":33,"column":4},"end":{"line":35,"column":null}},{"start":{"line":33,"column":4},"end":{"line":35,"column":null}}]},"3":{"loc":{"start":{"line":36,"column":4},"end":{"line":38,"column":null}},"type":"if","locations":[{"start":{"line":36,"column":4},"end":{"line":38,"column":null}},{"start":{"line":36,"column":4},"end":{"line":38,"column":null}}]},"4":{"loc":{"start":{"line":42,"column":4},"end":{"line":44,"column":null}},"type":"if","locations":[{"start":{"line":42,"column":4},"end":{"line":44,"column":null}},{"start":{"line":42,"column":4},"end":{"line":44,"column":null}}]},"5":{"loc":{"start":{"line":42,"column":8},"end":{"line":42,"column":86}},"type":"binary-expr","locations":[{"start":{"line":42,"column":8},"end":{"line":42,"column":42}},{"start":{"line":42,"column":42},"end":{"line":42,"column":86}}]},"6":{"loc":{"start":{"line":51,"column":4},"end":{"line":53,"column":null}},"type":"if","locations":[{"start":{"line":51,"column":4},"end":{"line":53,"column":null}},{"start":{"line":51,"column":4},"end":{"line":53,"column":null}}]},"7":{"loc":{"start":{"line":57,"column":4},"end":{"line":59,"column":null}},"type":"if","locations":[{"start":{"line":57,"column":4},"end":{"line":59,"column":null}},{"start":{"line":57,"column":4},"end":{"line":59,"column":null}}]},"8":{"loc":{"start":{"line":64,"column":4},"end":{"line":66,"column":null}},"type":"if","locations":[{"start":{"line":64,"column":4},"end":{"line":66,"column":null}},{"start":{"line":64,"column":4},"end":{"line":66,"column":null}}]},"9":{"loc":{"start":{"line":68,"column":4},"end":{"line":70,"column":null}},"type":"if","locations":[{"start":{"line":68,"column":4},"end":{"line":70,"column":null}},{"start":{"line":68,"column":4},"end":{"line":70,"column":null}}]},"10":{"loc":{"start":{"line":71,"column":4},"end":{"line":73,"column":null}},"type":"if","locations":[{"start":{"line":71,"column":4},"end":{"line":73,"column":null}},{"start":{"line":71,"column":4},"end":{"line":73,"column":null}}]}},"s":{"0":19,"1":95,"2":1,"3":1,"4":2,"5":1,"6":2,"7":6,"8":1,"9":5,"10":6,"11":5,"12":4,"13":5,"14":1,"15":3,"16":2,"17":1,"18":1,"19":4,"20":4,"21":4,"22":1,"23":2,"24":1,"25":2,"26":4,"27":1,"28":3,"29":4,"30":3,"31":2,"32":3,"33":1,"34":1,"35":1,"36":1,"37":95},"f":{"0":95,"1":1,"2":1,"3":2,"4":6,"5":6,"6":3,"7":4,"8":4,"9":2,"10":4,"11":4,"12":1,"13":1,"14":1},"b":{"0":[1,1],"1":[1,5],"2":[4,1],"3":[1,4],"4":[2,1],"5":[3,2],"6":[1,3],"7":[1,1],"8":[1,3],"9":[2,1],"10":[1,2]}}
,"/home/runner/work/werewolves-assistant-web-next/werewolves-assistant-web-next/stores/role/useRolesStore.ts": {"path":"/home/runner/work/werewolves-assistant-web-next/werewolves-assistant-web-next/stores/role/useRolesStore.ts","statementMap":{"0":{"start":{"line":10,"column":22},"end":{"line":31,"column":null}},"1":{"start":{"line":11,"column":25},"end":{"line":11,"column":null}},"2":{"start":{"line":13,"column":29},"end":{"line":13,"column":null}},"3":{"start":{"line":14,"column":16},"end":{"line":14,"column":null}},"4":{"start":{"line":17,"column":4},"end":{"line":17,"column":null}},"5":{"start":{"line":18,"column":4},"end":{"line":18,"column":null}},"6":{"start":{"line":19,"column":4},"end":{"line":19,"column":null}},"7":{"start":{"line":23,"column":4},"end":{"line":23,"column":null}},"8":{"start":{"line":23,"column":37},"end":{"line":23,"column":59}},"9":{"start":{"line":25,"column":2},"end":{"line":30,"column":null}}},"fnMap":{"0":{"name":"(anonymous_0)","decl":{"start":{"line":10,"column":50},"end":{"line":10,"column":56}},"loc":{"start":{"line":10,"column":56},"end":{"line":31,"column":1}}},"1":{"name":"fetchAndSetRoles","decl":{"start":{"line":16,"column":17},"end":{"line":16,"column":51}},"loc":{"start":{"line":16,"column":51},"end":{"line":20,"column":null}}},"2":{"name":"getRoleWithNameInRoles","decl":{"start":{"line":22,"column":11},"end":{"line":22,"column":34}},"loc":{"start":{"line":22,"column":72},"end":{"line":24,"column":null}}},"3":{"name":"(anonymous_3)","decl":{"start":{"line":23,"column":29},"end":{"line":23,"column":37}},"loc":{"start":{"line":23,"column":37},"end":{"line":23,"column":59}}}},"branchMap":{},"s":{"0":188,"1":186,"2":186,"3":186,"4":2,"5":2,"6":2,"7":17,"8":31,"9":186},"f":{"0":186,"1":2,"2":17,"3":31},"b":{}}
,"/home/runner/work/werewolves-assistant-web-next/werewolves-assistant-web-next/utils/url.utils.ts": {"path":"/home/runner/work/werewolves-assistant-web-next/werewolves-assistant-web-next/utils/url.utils.ts","statementMap":{"0":{"start":{"line":2,"column":2},"end":{"line":2,"column":null}}},"fnMap":{"0":{"name":"removeTrailingSlashes","decl":{"start":{"line":1,"column":9},"end":{"line":1,"column":31}},"loc":{"start":{"line":1,"column":52},"end":{"line":3,"column":null}}}},"branchMap":{},"s":{"0":529},"f":{"0":529},"b":{}}
,"/home/runner/work/werewolves-assistant-web-next/werewolves-assistant-web-next/utils/constants/class-transformer.constants.ts": {"path":"/home/runner/work/werewolves-assistant-web-next/werewolves-assistant-web-next/utils/constants/class-transformer.constants.ts","statementMap":{"0":{"start":{"line":3,"column":75},"end":{"line":6,"column":null}}},"fnMap":{},"branchMap":{},"s":{"0":79},"f":{},"b":{}}
}
