TN:
SF:app.vue
FN:3,(anonymous_2)
FNF:1
FNH:1
FNDA:1,(anonymous_2)
DA:2,4
DA:5,1
DA:16,4
DA:17,4
LF:4
LH:4
BRF:0
BRH:0
end_of_record
TN:
SF:components/layouts/default/NavBar/NavBar.vue
FN:14,(anonymous_3)
FNF:1
FNH:1
FNDA:4,(anonymous_3)
DA:1,3
DA:2,9
DA:18,4
LF:3
LH:3
BRF:0
BRH:0
end_of_record
TN:
SF:components/layouts/default/NavBar/ParametersMenu/ParametersMenu.vue
FN:36,(anonymous_1)
FN:44,(anonymous_2)
FN:51,(anonymous_3)
FN:57,(anonymous_4)
FN:65,toggleParametersMenu
FN:72,cancelGame
FNF:6
FNH:6
FNDA:35,(anonymous_1)
FNDA:2,(anonymous_2)
FNDA:35,(anonymous_3)
FNDA:1,(anonymous_4)
FNDA:8,toggleParametersMenu
FNDA:2,cancelGame
DA:2,4
DA:30,20
DA:31,20
DA:32,20
DA:33,20
DA:34,20
DA:36,35
DA:45,2
DA:51,35
DA:58,1
DA:63,20
DA:66,8
DA:67,1
DA:69,7
DA:73,2
DA:74,2
LF:16
LH:16
BRDA:66,0,0,1
BRDA:66,0,1,7
BRF:2
BRH:2
end_of_record
TN:
SF:components/pages/about/AboutCreator.vue
FNF:0
FNH:0
DA:4,2
DA:16,2
DA:20,2
DA:22,2
DA:33,2
DA:37,2
DA:41,2
LF:7
LH:7
BRF:0
BRH:0
end_of_record
TN:
SF:components/pages/about/AboutHowToContribute.vue
FNF:0
FNH:0
DA:2,2
DA:7,2
DA:16,2
DA:20,2
DA:23,2
DA:34,2
LF:6
LH:6
BRF:0
BRH:0
end_of_record
TN:
SF:components/pages/about/AboutWerewolvesAssistant.vue
FNF:0
FNH:0
DA:4,2
DA:16,2
DA:20,2
DA:24,2
DA:36,2
DA:41,2
DA:53,2
DA:57,2
LF:8
LH:8
BRF:0
BRH:0
end_of_record
TN:
SF:components/pages/about/AboutWerewolvesGame.vue
FNF:0
FNH:0
DA:3,2
DA:5,2
DA:16,2
DA:31,2
LF:4
LH:4
BRF:0
BRH:0
end_of_record
TN:
SF:components/pages/about/AboutAvailableRoles/AboutAvailableRoles.vue
FN:76,(anonymous_1)
FN:83,getAvailableRoleAccordionHeaderAriaLabel
FN:87,getAvailableRoleHeaderImageAlt
FN:55,(anonymous_8)
FNF:4
FNH:4
FNDA:20,(anonymous_1)
FNDA:15,getAvailableRoleAccordionHeaderAriaLabel
FNDA:15,getAvailableRoleHeaderImageAlt
FNDA:30,(anonymous_8)
DA:1,2
DA:2,2
DA:3,2
DA:12,2
DA:31,2
DA:36,15
DA:42,2
DA:49,2
DA:55,30
DA:72,15
DA:73,15
DA:74,15
DA:76,15
DA:77,20
DA:78,15
DA:80,5
DA:84,15
DA:88,15
LF:18
LH:18
BRDA:77,0,0,15
BRDA:77,0,1,5
BRDA:20,1,0,15
BRF:3
BRH:3
end_of_record
TN:
SF:components/pages/about/AboutAvailableRoles/AboutAvailableRoleDescription/AboutAvailableRoleDescription.vue
FN:58,(anonymous_1)
FN:66,(anonymous_2)
FN:69,getRoleDescriptionLeftImageAlt
FN:1,(anonymous_5)
FNF:4
FNH:4
FNDA:9,(anonymous_1)
FNDA:32,(anonymous_2)
FNDA:9,getRoleDescriptionLeftImageAlt
FNDA:32,(anonymous_5)
DA:2,3
DA:14,3
DA:33,32
DA:52,9
DA:54,9
DA:56,9
DA:58,9
DA:61,9
DA:62,9
DA:63,9
DA:64,1
DA:66,32
DA:70,9
LF:13
LH:13
BRDA:63,0,0,1
BRDA:63,0,1,8
BRF:2
BRH:2
end_of_record
TN:
SF:components/pages/game-lobby/GameLobbyFooter/GameLobbyFooter.vue
FNF:0
FNH:0
DA:2,1
DA:6,2
DA:10,2
DA:14,2
LF:4
LH:4
BRF:0
BRH:0
end_of_record
TN:
SF:components/pages/game-lobby/GameLobbyFooter/GameLobbyRandomCompositionButton/GameLobbyRandomCompositionButton.vue
FN:39,(anonymous_1)
FN:46,handleRandomCompositionButtonClick
FNF:2
FNH:2
FNDA:19,(anonymous_1)
FNDA:5,handleRandomCompositionButtonClick
DA:3,3
DA:28,12
DA:30,12
DA:32,12
DA:33,12
DA:34,12
DA:35,12
DA:37,12
DA:39,12
DA:40,19
DA:41,12
DA:43,7
DA:47,5
DA:48,5
DA:56,5
DA:57,4
DA:59,5
LF:17
LH:17
BRDA:40,0,0,12
BRDA:40,0,1,7
BRDA:56,1,0,4
BRDA:56,1,1,1
BRF:4
BRH:4
end_of_record
TN:
SF:components/pages/game-lobby/GameLobbyFooter/GameLobbyStartGameButton/GameLobbyStartGameButton.vue
FN:40,(anonymous_1)
FN:42,handleStartGameButtonClick
FNF:2
FNH:2
FNDA:21,(anonymous_1)
FNDA:6,handleStartGameButtonClick
DA:3,3
DA:28,13
DA:30,13
DA:32,13
DA:34,13
DA:35,13
DA:36,13
DA:38,13
DA:40,21
DA:43,6
DA:44,6
DA:45,6
DA:46,2
DA:47,2
DA:49,6
LF:15
LH:15
BRDA:45,0,0,2
BRDA:45,0,1,4
BRF:2
BRH:2
end_of_record
TN:
SF:components/pages/game-lobby/GameLobbyHeader/GameLobbyHeader.vue
FN:39,addPlayerToCreateGameDto
FN:1,(anonymous_3)
FNF:2
FNH:2
FNDA:6,addPlayerToCreateGameDto
FNDA:7,(anonymous_3)
DA:2,2
DA:10,2
DA:11,2
DA:19,7
DA:33,10
DA:35,10
DA:37,10
DA:40,6
DA:41,1
DA:43,5
DA:44,2
DA:46,3
DA:47,3
DA:48,3
DA:49,1
DA:51,2
DA:56,2
LF:17
LH:17
BRDA:40,0,0,1
BRDA:40,0,1,5
BRDA:43,1,0,2
BRDA:43,1,1,3
BRDA:48,2,0,1
BRDA:48,2,1,2
BRDA:1,3,0,17
BRDA:1,3,1,10
BRF:8
BRH:8
end_of_record
TN:
SF:components/pages/game-lobby/GameLobbyHeader/GameLobbyPlayerInput/GameLobbyPlayerInput.vue
FN:68,(anonymous_1)
FN:68,(anonymous_2)
FN:70,(anonymous_3)
FN:72,(anonymous_4)
FN:74,(anonymous_5)
FN:76,(anonymous_6)
FN:78,(anonymous_7)
FN:1,(anonymous_11)
FN:30,(anonymous_12)
FN:42,(anonymous_13)
FNF:10
FNH:10
FNDA:26,(anonymous_1)
FNDA:204,(anonymous_2)
FNDA:24,(anonymous_3)
FNDA:26,(anonymous_4)
FNDA:20,(anonymous_5)
FNDA:24,(anonymous_6)
FNDA:25,(anonymous_7)
FNDA:7,(anonymous_11)
FNDA:1,(anonymous_12)
FNDA:25,(anonymous_13)
DA:2,3
DA:7,3
DA:10,7
DA:19,3
DA:30,3
DA:47,25
DA:60,17
DA:62,17
DA:64,17
DA:66,17
DA:68,204
DA:70,24
DA:72,26
DA:74,20
DA:76,24
DA:78,17
DA:79,25
DA:80,3
DA:82,22
DA:83,4
DA:85,18
DA:86,1
DA:88,17
DA:91,17
LF:24
LH:24
BRDA:76,0,0,24
BRDA:76,0,1,20
BRDA:79,1,0,3
BRDA:79,1,1,22
BRDA:82,2,0,4
BRDA:82,2,1,18
BRDA:85,3,0,1
BRDA:85,3,1,17
BRDA:1,4,0,27
BRDA:1,4,1,17
BRF:10
BRH:10
end_of_record
TN:
SF:components/pages/game-lobby/GameLobbyPlayersParty/GameLobbyPlayersParty.vue
FNF:0
FNH:0
DA:11,2
DA:23,4
DA:38,4
DA:40,4
LF:4
LH:4
BRDA:7,0,0,4
BRF:1
BRH:1
end_of_record
TN:
SF:components/pages/game-lobby/GameLobbyPlayersParty/GameLobbyPlayerCard/GameLobbyPlayerCard.vue
FN:43,(anonymous_1)
FN:50,removePlayerFromCreateGameDto
FNF:2
FNH:2
FNDA:8,(anonymous_1)
FNDA:1,removePlayerFromCreateGameDto
DA:1,3
DA:2,8
DA:23,3
DA:35,8
DA:37,8
DA:39,8
DA:41,8
DA:43,8
DA:44,8
DA:45,1
DA:47,7
DA:51,1
LF:12
LH:12
BRDA:44,0,0,1
BRDA:44,0,1,7
BRF:2
BRH:2
end_of_record
TN:
SF:components/pages/game/GameCanceled/GameCanceled.vue
FNF:0
FNH:0
DA:10,2
LF:1
LH:1
BRF:0
BRH:0
end_of_record
TN:
SF:components/pages/game/GameNotFound/GameNotFound.vue
FNF:0
FNH:0
DA:10,2
LF:1
LH:1
BRF:0
BRH:0
end_of_record
TN:
SF:components/pages/game/GameOver/GameOver.vue
FN:31,(anonymous_1)
FNF:1
FNH:1
FNDA:6,(anonymous_1)
DA:2,6
DA:28,4
DA:29,4
DA:31,6
LF:4
LH:4
BRDA:6,0,0,4
BRDA:6,0,1,2
BRF:2
BRH:2
end_of_record
TN:
SF:components/pages/game/GameOver/GameOverActions/GameOverActions.vue
FN:10,(anonymous_1)
FNF:1
FNH:1
FNDA:2,(anonymous_1)
DA:10,3
LF:1
LH:1
BRF:0
BRH:0
end_of_record
TN:
SF:components/pages/game/GameOver/GameOverVictoryText/GameOverVictoryText.vue
FN:52,(anonymous_1)
FNF:1
FNH:1
FNDA:53,(anonymous_1)
DA:2,53
DA:6,3
DA:29,3
DA:47,29
DA:48,29
DA:50,29
DA:52,29
DA:53,53
DA:54,53
DA:59,53
DA:60,29
DA:62,24
DA:64,24
LF:13
LH:13
BRDA:59,0,0,29
BRDA:59,0,1,24
BRF:2
BRH:2
end_of_record
TN:
SF:components/pages/game/GameOver/GameOverVictoryText/game-over-victory-text.constants.ts
FNF:0
FNH:0
DA:9,3
LF:1
LH:1
BRF:0
BRH:0
end_of_record
TN:
SF:components/pages/game/GameOver/GameOverWinners/GameOverWinners.vue
FN:24,(anonymous_1)
FNF:1
FNH:1
FNDA:6,(anonymous_1)
DA:2,6
DA:21,4
DA:22,4
DA:24,6
LF:4
LH:4
BRDA:11,0,0,4
BRDA:11,0,1,2
BRF:2
BRH:2
end_of_record
TN:
SF:components/pages/game/GamePlaying/GamePlayground/GamePlayground.vue
FNF:0
FNH:0
DA:2,1
LF:1
LH:1
BRF:0
BRH:0
end_of_record
TN:
SF:components/pages/game/GamePlaying/GamePlayground/CurrentPlayExpectedPlayersToAct/CurrentPlayExpectedPlayersToAct.vue
FN:23,(anonymous_1)
FNF:1
FNH:1
FNDA:6,(anonymous_1)
DA:20,4
DA:21,4
DA:23,6
LF:3
LH:3
BRDA:23,0,0,6
BRDA:23,0,1,1
BRF:2
BRH:2
end_of_record
TN:
SF:components/pages/game/GamePlaying/GamePlayground/CurrentPlayQuestion/CurrentPlayQuestion.vue
FN:21,(anonymous_1)
FNF:1
FNH:1
FNDA:71,(anonymous_1)
DA:2,70
DA:16,36
DA:17,36
DA:19,36
DA:21,36
DA:22,71
DA:23,71
DA:24,1
DA:27,70
DA:28,70
DA:30,70
DA:31,2
DA:33,68
LF:13
LH:13
BRDA:23,0,0,1
BRDA:23,0,1,70
BRDA:28,1,0,69
BRDA:28,1,1,64
BRDA:30,2,0,2
BRDA:30,2,1,68
BRF:6
BRH:6
end_of_record
TN:
SF:components/pages/game/GamePlaying/GamePlayground/CurrentPlayQuestion/current-play-question.constants.ts
FNF:0
FNH:0
DA:8,4
LF:1
LH:1
BRF:0
BRH:0
end_of_record
TN:
SF:components/pages/game/GamePlaying/GamePlayground/GamePlaygroundContent/GamePlaygroundContent.vue
FN:38,(anonymous_1)
FNF:1
FNH:1
FNDA:19,(anonymous_1)
DA:2,4
DA:35,10
DA:36,10
DA:38,10
DA:39,19
DA:40,19
DA:41,1
DA:43,18
DA:53,18
LF:9
LH:9
BRDA:40,0,0,1
BRDA:40,0,1,18
BRDA:53,1,0,17
BRDA:53,1,1,1
BRF:4
BRH:4
end_of_record
TN:
SF:components/pages/game/GamePlaying/GamePlayground/GamePlaygroundContent/GameBuryDeadBodiesPlayground/GameBuryDeadBodiesPlayground.vue
FN:32,(anonymous_1)
FNF:1
FNH:1
FNDA:9,(anonymous_1)
DA:27,5
DA:28,5
DA:30,5
DA:32,9
LF:4
LH:4
BRDA:7,0,0,2
BRDA:7,0,1,5
BRF:2
BRH:2
end_of_record
TN:
SF:components/pages/game/GamePlaying/GamePlayground/GamePlaygroundContent/GameBuryDeadBodiesPlayground/GameDevotedServantStealsRolePlayground/GameDevotedServantStealsRolePlayground.vue
FN:55,(anonymous_1)
FN:57,(anonymous_2)
FNF:2
FNH:2
FNDA:9,(anonymous_1)
FNDA:9,(anonymous_2)
DA:28,13
DA:48,6
DA:49,6
DA:51,6
DA:53,6
DA:55,9
DA:57,6
DA:58,9
DA:60,9
LF:9
LH:9
BRDA:58,0,0,9
BRDA:58,0,1,1
BRF:2
BRH:2
end_of_record
TN:
SF:components/pages/game/GamePlaying/GamePlayground/GamePlaygroundContent/GameChooseSidePlayground/GameChooseSidePlayground.vue
FN:68,handleChooseVillagersSideButtonClick
FN:72,handleChooseWerewolvesSideButtonClick
FNF:2
FNH:2
FNDA:1,handleChooseVillagersSideButtonClick
FNDA:1,handleChooseWerewolvesSideButtonClick
DA:25,5
DA:48,5
DA:64,9
DA:65,9
DA:66,9
DA:69,1
DA:73,1
LF:7
LH:7
BRF:0
BRH:0
end_of_record
TN:
SF:components/pages/game/GamePlaying/GamePlayground/GamePlaygroundContent/GameNoActionPlayground/GameNoActionPlayground.vue
FNF:0
FNH:0
DA:2,1
LF:1
LH:1
BRF:0
BRH:0
end_of_record
TN:
SF:components/pages/game/GamePlaying/GamePlayground/GamePlaygroundContent/GamePlaygroundPlayerCard/GamePlaygroundPlayerCard.vue
FN:46,(anonymous_1)
FN:52,(anonymous_2)
FN:56,(anonymous_3)
FN:59,handleWitchGivesPotionClick
FN:60,(anonymous_5)
FN:61,(anonymous_6)
FN:73,handlePlayerCardSelectorClick
FN:74,(anonymous_8)
FNF:8
FNH:8
FNDA:41,(anonymous_1)
FNDA:34,(anonymous_2)
FNDA:7,(anonymous_3)
FNDA:6,handleWitchGivesPotionClick
FNDA:4,(anonymous_5)
FNDA:4,(anonymous_6)
FNDA:14,handlePlayerCardSelectorClick
FNDA:11,(anonymous_8)
DA:2,42
DA:32,27
DA:34,27
DA:35,27
DA:37,27
DA:38,27
DA:44,27
DA:46,27
DA:47,41
DA:49,41
DA:52,27
DA:53,34
DA:54,27
DA:56,7
DA:60,6
DA:61,6
DA:62,6
DA:63,6
DA:65,2
DA:67,6
DA:74,14
DA:75,14
DA:76,5
DA:78,9
DA:79,1
DA:81,1
DA:83,8
DA:84,6
DA:86,6
DA:88,2
DA:89,1
DA:91,2
LF:32
LH:32
BRDA:47,0,0,41
BRDA:47,0,1,27
BRDA:49,1,0,41
BRDA:49,1,1,30
BRDA:53,2,0,27
BRDA:53,2,1,7
BRDA:62,3,0,3
BRDA:62,3,1,3
BRDA:63,4,0,2
BRDA:63,4,1,4
BRDA:63,5,0,6
BRDA:63,5,1,3
BRDA:63,5,2,5
BRDA:63,5,3,3
BRDA:75,6,0,5
BRDA:75,6,1,9
BRDA:75,7,0,14
BRDA:75,7,1,10
BRDA:78,8,0,1
BRDA:78,8,1,8
BRDA:83,9,0,6
BRDA:83,9,1,2
BRDA:83,10,0,8
BRDA:83,10,1,5
BRDA:88,11,0,1
BRDA:88,11,1,1
BRDA:15,12,0,2
BRDA:15,12,1,40
BRF:28
BRH:28
end_of_record
TN:
SF:components/pages/game/GamePlaying/GamePlayground/GamePlaygroundContent/GamePlaygroundPlayerCard/GamePlaygroundPlayerCardVoteInput/GamePlaygroundPlayerCardVoteInput.vue
FN:74,(anonymous_1)
FN:79,(anonymous_2)
FN:82,searchVoteOptions
FN:90,(anonymous_4)
FN:93,handleHideEvent
FN:97,handleUpdateModelValueEvent
FN:4,(anonymous_8)
FNF:7
FNH:7
FNDA:21,(anonymous_1)
FNDA:68,(anonymous_2)
FNDA:7,searchVoteOptions
FNDA:4,(anonymous_4)
FNDA:1,handleHideEvent
FNDA:5,handleUpdateModelValueEvent
FNDA:29,(anonymous_8)
DA:2,14
DA:19,14
DA:32,14
DA:33,14
DA:40,29
DA:63,17
DA:65,17
DA:66,17
DA:68,17
DA:70,17
DA:72,17
DA:74,17
DA:75,21
DA:76,21
DA:77,4
DA:79,68
DA:83,7
DA:84,7
DA:85,1
DA:87,1
DA:89,6
DA:90,6
DA:94,1
DA:98,5
DA:99,5
DA:100,1
DA:102,4
DA:103,1
DA:105,1
DA:107,3
DA:108,3
LF:31
LH:31
BRDA:76,0,0,4
BRDA:76,0,1,17
BRDA:83,1,0,7
BRDA:83,1,1,4
BRDA:84,2,0,1
BRDA:84,2,1,6
BRDA:99,3,0,1
BRDA:99,3,1,4
BRDA:102,4,0,1
BRDA:102,4,1,3
BRF:10
BRH:10
end_of_record
TN:
SF:components/pages/game/GamePlaying/GamePlayground/GamePlaygroundContent/GameRequestAnotherVotePlayground/GameRequestAnotherVotePlayground.vue
FN:27,handleDoesJudgeRequestAnotherVoteChange
FN:1,(anonymous_3)
FNF:2
FNH:2
FNDA:3,handleDoesJudgeRequestAnotherVoteChange
FNDA:3,(anonymous_3)
DA:8,3
DA:22,9
DA:23,9
DA:25,9
DA:28,3
LF:5
LH:5
BRDA:1,0,0,12
BRDA:1,0,1,9
BRF:2
BRH:2
end_of_record
TN:
SF:components/pages/game/GamePlaying/GamePlayground/GamePlaygroundContent/GameTargetPlayground/GameTargetPlayground.vue
FNF:0
FNH:0
DA:2,5
LF:1
LH:1
BRF:0
BRH:0
end_of_record
TN:
SF:components/pages/game/GamePlaying/GamePlayground/GamePlaygroundContent/GameTargetPlayground/GameTargetPlaygroundTargets/GameTargetPlaygroundTargets.vue
FN:41,(anonymous_1)
FNF:1
FNH:1
FNDA:11,(anonymous_1)
DA:2,6
DA:8,6
DA:20,3
DA:38,7
DA:39,7
DA:41,11
LF:6
LH:6
BRDA:4,0,0,7
BRF:1
BRH:1
end_of_record
TN:
SF:components/pages/game/GamePlaying/GamePlayground/GamePlaygroundContent/GameUsePotionsPlayground/GameUsePotionsPlayground.vue
FN:35,(anonymous_1)
FN:37,(anonymous_2)
FN:39,(anonymous_3)
FNF:3
FNH:3
FNDA:9,(anonymous_1)
FNDA:9,(anonymous_2)
FNDA:9,(anonymous_3)
DA:2,5
DA:8,5
DA:30,5
DA:31,5
DA:33,5
DA:35,9
DA:37,9
DA:39,9
LF:8
LH:8
BRDA:39,0,0,9
BRDA:39,0,1,3
BRDA:4,1,0,2
BRDA:4,1,1,7
BRF:4
BRH:4
end_of_record
TN:
SF:components/pages/game/GamePlaying/GamePlayground/GamePlaygroundContent/GameUsePotionsPlayground/WitchUsePotionsTabView/WitchUsePotionsTabView.vue
FN:89,(anonymous_1)
FN:91,(anonymous_2)
FN:93,(anonymous_3)
FN:95,(anonymous_4)
FN:97,(anonymous_5)
FNF:5
FNH:5
FNDA:27,(anonymous_1)
FNDA:27,(anonymous_2)
FNDA:27,(anonymous_3)
FNDA:23,(anonymous_4)
FNDA:23,(anonymous_5)
DA:2,27
DA:13,6
DA:31,28
DA:46,6
DA:64,2
DA:84,19
DA:85,19
DA:87,19
DA:89,27
DA:91,27
DA:93,27
DA:95,23
DA:97,23
LF:13
LH:13
BRDA:97,0,0,4
BRDA:97,0,1,19
BRF:2
BRH:2
end_of_record
TN:
SF:components/pages/game/GamePlaying/GamePlayground/GamePlaygroundContent/GameVotePlayground/GameVotePlayground.vue
FNF:0
FNH:0
DA:2,5
LF:1
LH:1
BRF:0
BRH:0
end_of_record
TN:
SF:components/pages/game/GamePlaying/GamePlayground/GamePlaygroundContent/GameVotePlayground/GameVotePlaygroundVoters/GameVotePlaygroundVoters.vue
FN:41,(anonymous_1)
FNF:1
FNH:1
FNDA:8,(anonymous_1)
DA:2,6
DA:8,6
DA:20,3
DA:38,6
DA:39,6
DA:41,6
DA:42,8
DA:43,7
DA:45,1
LF:9
LH:9
BRDA:42,0,0,7
BRDA:42,0,1,1
BRDA:42,1,0,8
BRDA:42,1,1,2
BRDA:4,2,0,7
BRF:5
BRH:5
end_of_record
TN:
SF:components/pages/game/GamePlaying/GamePlayground/GamePlaygroundFooter/GamePlaygroundFooter.vue
FNF:0
FNH:0
DA:3,4
DA:7,4
DA:8,4
LF:3
LH:3
BRF:0
BRH:0
end_of_record
TN:
SF:components/pages/game/GamePlaying/GamePlayground/GamePlaygroundFooter/GamePlaygroundFooterMakePlayButton/GamePlaygroundFooterMakePlayButton.vue
FN:41,handleMakePlayButtonClick
FNF:1
FNH:1
FNDA:4,handleMakePlayButtonClick
DA:28,8
DA:29,8
DA:30,8
DA:32,8
DA:34,8
DA:35,8
DA:37,8
DA:39,8
DA:42,4
DA:43,4
DA:44,4
DA:45,4
LF:12
LH:12
BRF:0
BRH:0
end_of_record
TN:
SF:components/pages/game/GamePlaying/GamePlayground/GamePlaygroundHeader/GamePlaygroundHeader.vue
FNF:0
FNH:0
DA:2,1
DA:3,4
DA:5,4
LF:3
LH:3
BRF:0
BRH:0
end_of_record
TN:
SF:components/pages/game/GamePlaying/GamePlayground/GamePlaygroundHeader/GamePlaygroundHeaderCard/GamePlaygroundHeaderCard.vue
FN:25,(anonymous_1)
FNF:1
FNH:1
FNDA:19,(anonymous_1)
DA:22,10
DA:23,10
DA:25,10
DA:26,19
DA:27,19
DA:28,1
DA:30,18
DA:31,18
DA:37,18
DA:38,14
DA:40,4
DA:41,1
DA:43,3
LF:13
LH:13
BRDA:27,0,0,1
BRDA:27,0,1,18
BRDA:37,1,0,14
BRDA:37,1,1,4
BRDA:40,2,0,1
BRDA:40,2,1,3
BRF:6
BRH:6
end_of_record
TN:
SF:components/pages/game/GamePlaying/GamePlayground/GamePlaygroundHeader/GamePlaygroundHeaderCurrentPlay/GamePlaygroundHeaderCurrentPlay.vue
FN:36,(anonymous_1)
FN:51,(anonymous_2)
FNF:2
FNH:2
FNDA:119,(anonymous_1)
FNDA:119,(anonymous_2)
DA:2,119
DA:15,5
DA:32,60
DA:33,60
DA:34,60
DA:36,60
DA:37,119
DA:38,119
DA:39,1
DA:41,118
DA:42,118
DA:43,2
DA:45,116
DA:51,60
DA:52,119
DA:53,3
DA:55,116
LF:17
LH:17
BRDA:38,0,0,1
BRDA:38,0,1,118
BRDA:42,1,0,2
BRDA:42,1,1,116
BRDA:52,2,0,3
BRDA:52,2,1,116
BRDA:7,3,0,116
BRDA:7,3,1,3
BRF:8
BRH:8
end_of_record
TN:
SF:components/pages/game/GamePlaying/GamePlayground/GamePlaygroundHeader/GamePlaygroundHeaderCurrentPlay/game-playground-header-current-play.constants.ts
FNF:0
FNH:0
DA:6,5
LF:1
LH:1
BRF:0
BRH:0
end_of_record
TN:
SF:components/pages/game/GamePlaying/GamePlayground/GamePlaygroundHeader/GamePlaygroundHeaderPhase/GamePlaygroundHeaderPhase.vue
FN:32,(anonymous_1)
FN:39,(anonymous_2)
FNF:2
FNH:2
FNDA:7,(anonymous_1)
FNDA:7,(anonymous_2)
DA:2,7
DA:27,5
DA:28,5
DA:30,5
DA:32,5
DA:33,7
DA:34,7
DA:36,7
DA:39,5
DA:40,7
DA:41,7
DA:46,7
LF:12
LH:12
BRF:0
BRH:0
end_of_record
TN:
SF:components/pages/game/GamePlaying/GameTeamSide/GameTeamSide.vue
FN:64,(anonymous_1)
FN:64,(anonymous_2)
FN:66,(anonymous_3)
FN:66,(anonymous_4)
FN:73,(anonymous_5)
FN:74,(anonymous_6)
FN:82,(anonymous_7)
FNF:7
FNH:7
FNDA:21,(anonymous_1)
FNDA:20,(anonymous_2)
FNDA:21,(anonymous_3)
FNDA:17,(anonymous_4)
FNDA:21,(anonymous_5)
FNDA:14,(anonymous_6)
FNDA:17,(anonymous_7)
DA:6,3
DA:30,3
DA:39,14
DA:57,17
DA:59,17
DA:61,17
DA:62,17
DA:64,21
DA:66,21
DA:67,17
DA:68,7
DA:70,10
DA:73,17
DA:74,21
DA:76,21
DA:82,17
DA:83,17
DA:84,13
DA:86,4
LF:19
LH:19
BRDA:67,0,0,7
BRDA:67,0,1,10
BRDA:67,1,0,17
BRDA:67,1,1,14
BRDA:83,2,0,13
BRDA:83,2,1,4
BRF:6
BRH:6
end_of_record
TN:
SF:components/pages/game/GamePlaying/GameTeamSide/GameTeamSidePlayer/GameTeamSidePlayer.vue
FN:87,(anonymous_1)
FN:89,(anonymous_2)
FN:97,(anonymous_3)
FNF:3
FNH:3
FNDA:29,(anonymous_1)
FNDA:29,(anonymous_2)
FNDA:29,(anonymous_3)
DA:2,29
DA:9,4
DA:38,4
DA:54,68
DA:83,29
DA:85,29
DA:87,29
DA:89,29
DA:90,29
DA:91,29
DA:92,6
DA:94,23
DA:97,29
DA:98,29
DA:99,29
DA:100,29
DA:101,6
DA:103,29
LF:18
LH:18
BRDA:91,0,0,6
BRDA:91,0,1,23
BRDA:94,1,0,20
BRDA:94,1,1,3
BRDA:100,2,0,6
BRDA:100,2,1,23
BRDA:27,3,0,12
BRDA:27,3,1,46
BRDA:40,4,0,40
BRDA:40,4,1,18
BRDA:64,5,0,18
BRDA:64,5,1,40
BRF:12
BRH:12
end_of_record
TN:
SF:components/pages/game/GamePlaying/GameTeamSide/GameTeamSidePlayer/GameTeamSidePlayerAttribute/GameTeamSidePlayerAttribute.vue
FN:28,(anonymous_1)
FN:41,(anonymous_2)
FN:48,(anonymous_3)
FN:55,(anonymous_4)
FN:61,(anonymous_5)
FNF:5
FNH:5
FNDA:53,(anonymous_1)
FNDA:53,(anonymous_2)
FNDA:53,(anonymous_3)
FNDA:53,(anonymous_4)
FNDA:53,(anonymous_5)
DA:2,5
DA:22,53
DA:24,53
DA:26,53
DA:28,53
DA:29,53
DA:31,53
DA:32,53
DA:33,1
DA:35,52
DA:41,53
DA:42,53
DA:43,1
DA:45,52
DA:48,53
DA:49,53
DA:50,1
DA:52,52
DA:55,53
DA:56,53
DA:58,53
DA:61,53
DA:62,53
DA:64,53
LF:24
LH:24
BRDA:32,0,0,1
BRDA:32,0,1,52
BRDA:42,1,0,1
BRDA:42,1,1,52
BRDA:49,2,0,1
BRDA:49,2,1,52
BRDA:58,3,0,1
BRDA:58,3,1,52
BRF:8
BRH:8
end_of_record
TN:
SF:components/pages/game/GamePlaying/GameTeamSide/GameTeamSidePlayer/GameTeamSidePlayerAttribute/game-team-side-player-attribute.constants.ts
FNF:0
FNH:0
DA:9,5
LF:1
LH:1
BRF:0
BRH:0
end_of_record
TN:
SF:components/pages/index/IndexFooter.vue
FNF:0
FNH:0
DA:6,100
DA:12,100
DA:20,100
LF:3
LH:3
BRF:0
BRH:0
end_of_record
TN:
SF:components/shared/buttons/BackToHomeButton/BackToHomeButton.vue
FN:7,(anonymous_1)
FNF:1
FNH:1
FNDA:1,(anonymous_1)
DA:7,1
LF:1
LH:1
BRF:0
BRH:0
end_of_record
TN:
SF:components/shared/buttons/CreateAnotherGameButton/CreateAnotherGameButton.vue
FN:7,(anonymous_1)
FNF:1
FNH:1
FNDA:1,(anonymous_1)
DA:7,1
LF:1
LH:1
BRF:0
BRH:0
end_of_record
TN:
SF:components/shared/external/BuyMeACoffeeButton/BuyMeACoffeeButton.vue
FNF:0
FNH:0
DA:1,3
DA:2,2
DA:18,3
DA:19,2
DA:28,2
LF:5
LH:5
BRF:0
BRH:0
end_of_record
TN:
SF:components/shared/external/GitHubRepositoryButton/GitHubRepositoryButton.vue
FN:24,(anonymous_1)
FNF:1
FNH:1
FNDA:8,(anonymous_1)
DA:2,8
DA:9,103
DA:20,8
DA:22,8
DA:24,8
DA:25,8
DA:26,4
DA:28,4
LF:8
LH:8
BRDA:25,0,0,4
BRDA:25,0,1,4
BRF:2
BRH:2
end_of_record
TN:
SF:components/shared/game/game-play/NoNeededAction/NoActionNeeded.vue
FNF:0
FNH:0
DA:4,7
LF:1
LH:1
BRF:0
BRH:0
end_of_record
TN:
SF:components/shared/game/player/PlayerCard/PlayerCard.vue
FN:37,(anonymous_1)
FN:39,getPlayerCardRoleImageAlt
FN:43,emitPlayerCardSelectorClickEvent
FNF:3
FNH:3
FNDA:9,(anonymous_1)
FNDA:9,getPlayerCardRoleImageAlt
FNDA:1,emitPlayerCardSelectorClickEvent
DA:1,17
DA:2,17
DA:18,17
DA:28,9
DA:33,9
DA:35,9
DA:37,9
DA:40,9
DA:44,1
LF:9
LH:9
BRDA:37,0,0,1
BRDA:37,0,1,8
BRF:2
BRH:2
end_of_record
TN:
SF:components/shared/game/player/PlayersHorizontalList/PlayersHorizontalList.vue
FNF:0
FNH:0
DA:7,6
DA:21,7
LF:2
LH:2
BRF:0
BRH:0
end_of_record
TN:
SF:components/shared/misc/TextProgressSpinner/TextProgressSpinner.vue
FNF:0
FNH:0
DA:2,8
DA:8,4
LF:2
LH:2
BRF:0
BRH:0
end_of_record
TN:
SF:components/shared/role/RoleImage/RoleImage.vue
FN:28,(anonymous_1)
FN:39,(anonymous_2)
FN:41,(anonymous_3)
FNF:3
FNH:3
FNDA:35,(anonymous_1)
FNDA:34,(anonymous_2)
FNDA:34,(anonymous_3)
DA:2,35
DA:17,34
DA:22,34
DA:24,34
DA:26,31
DA:28,34
DA:29,35
DA:30,3
DA:33,32
DA:34,32
DA:36,32
DA:39,34
DA:41,34
DA:42,34
DA:43,31
DA:45,3
DA:46,1
DA:48,2
LF:18
LH:18
BRDA:29,0,0,3
BRDA:29,0,1,32
BRDA:34,1,0,29
BRDA:34,1,1,3
BRDA:42,2,0,31
BRDA:42,2,1,3
BRDA:45,3,0,1
BRDA:45,3,1,2
BRF:8
BRH:8
end_of_record
TN:
SF:components/shared/role/RoleOriginBadge/RoleOriginBadge.vue
FNF:0
FNH:0
DA:2,4
LF:1
LH:1
BRF:0
BRH:0
end_of_record
TN:
SF:components/shared/role/RoleTypeBadge/RoleTypeBadge.vue
FN:19,(anonymous_1)
FNF:1
FNH:1
FNDA:11,(anonymous_1)
DA:2,12
DA:17,8
DA:19,8
DA:20,11
DA:27,11
LF:5
LH:5
BRF:0
BRH:0
end_of_record
TN:
SF:composables/api/useWerewolvesAssistantApi.ts
FN:10,useWerewolvesAssistantApi
FNF:1
FNH:1
FNDA:327,useWerewolvesAssistantApi
DA:11,327
DA:12,327
DA:13,327
DA:15,327
DA:21,327
LF:5
LH:5
BRF:0
BRH:0
end_of_record
TN:
SF:composables/api/error/useWerewolvesAssistantApiError.ts
FN:10,useWerewolvesAssistantApiError
FN:14,handleWerewolvesAssistantApiError
FNF:2
FNH:2
FNDA:329,useWerewolvesAssistantApiError
FNDA:2,handleWerewolvesAssistantApiError
DA:11,329
DA:12,329
DA:15,2
DA:17,2
DA:18,2
DA:23,329
LF:6
LH:6
BRF:0
BRH:0
end_of_record
TN:
SF:composables/api/game/useCreateGameDtoValidation.ts
FN:18,useCreateGameDtoValidation
FN:21,(anonymous_1)
FN:23,(anonymous_2)
FN:23,(anonymous_3)
FN:25,(anonymous_4)
FN:25,(anonymous_5)
FN:27,(anonymous_6)
FN:27,(anonymous_7)
FN:29,(anonymous_8)
FN:30,(anonymous_9)
FN:31,(anonymous_10)
FN:38,(anonymous_11)
FN:39,(anonymous_12)
FN:40,(anonymous_13)
FN:47,(anonymous_14)
FN:48,(anonymous_15)
FN:49,(anonymous_16)
FN:56,(anonymous_17)
FN:64,(anonymous_18)
FN:75,(anonymous_19)
FNF:20
FNH:20
FNDA:60,useCreateGameDtoValidation
FNDA:63,(anonymous_1)
FNDA:37,(anonymous_2)
FNDA:64,(anonymous_3)
FNDA:36,(anonymous_4)
FNDA:65,(anonymous_5)
FNDA:35,(anonymous_6)
FNDA:60,(anonymous_7)
FNDA:36,(anonymous_8)
FNDA:68,(anonymous_9)
FNDA:3,(anonymous_10)
FNDA:36,(anonymous_11)
FNDA:68,(anonymous_12)
FNDA:4,(anonymous_13)
FNDA:35,(anonymous_14)
FNDA:67,(anonymous_15)
FNDA:22,(anonymous_16)
FNDA:29,(anonymous_17)
FNDA:29,(anonymous_18)
FNDA:203,(anonymous_19)
DA:19,60
DA:21,63
DA:23,64
DA:25,65
DA:27,60
DA:29,60
DA:30,68
DA:31,36
DA:32,36
DA:33,4
DA:35,32
DA:38,60
DA:39,68
DA:40,36
DA:41,36
DA:42,4
DA:44,32
DA:47,60
DA:48,67
DA:49,35
DA:50,35
DA:51,3
DA:53,32
DA:56,60
DA:64,60
DA:65,29
DA:75,203
DA:78,60
LF:28
LH:28
BRDA:32,0,0,4
BRDA:32,0,1,32
BRDA:41,1,0,4
BRDA:41,1,1,32
BRDA:50,2,0,3
BRDA:50,2,1,32
BRDA:56,3,0,29
BRDA:56,3,1,12
BRDA:56,3,2,5
BRDA:56,3,3,4
BRDA:56,3,4,3
BRDA:56,3,5,3
BRDA:56,3,6,3
BRF:13
BRH:13
end_of_record
TN:
SF:composables/api/game/useFetchGames.ts
FN:13,useFetchGames
FN:16,createGame
FN:27,getGame
FN:35,cancelGame
FN:43,makeGamePlay
FNF:5
FNH:5
FNDA:315,useFetchGames
FNDA:2,createGame
FNDA:2,getGame
FNDA:2,cancelGame
FNDA:2,makeGamePlay
DA:14,315
DA:17,2
DA:18,2
DA:23,1
DA:28,2
DA:29,2
DA:31,1
DA:36,2
DA:37,2
DA:39,1
DA:44,2
DA:45,2
DA:50,1
DA:53,315
LF:14
LH:14
BRF:0
BRH:0
end_of_record
TN:
SF:composables/api/game/useFetchRandomGameComposition.ts
FN:18,useFetchRandomGameComposition
FN:21,fetchRandomGameComposition
FNF:2
FNH:2
FNDA:1,useFetchRandomGameComposition
FNDA:1,fetchRandomGameComposition
DA:19,1
DA:22,1
DA:24,1
DA:26,1
LF:4
LH:4
BRF:0
BRH:0
end_of_record
TN:
SF:composables/api/game/useMakeGamePlayDtoValidation.ts
FN:15,useMakeGamePlayDtoValidation
FN:16,(anonymous_1)
FN:29,(anonymous_2)
FN:43,(anonymous_3)
FN:45,(anonymous_4)
FN:47,(anonymous_5)
FN:49,(anonymous_6)
FNF:7
FNH:7
FNDA:38,useMakeGamePlayDtoValidation
FNDA:21,(anonymous_1)
FNDA:20,(anonymous_2)
FNDA:16,(anonymous_3)
FNDA:15,(anonymous_4)
FNDA:22,(anonymous_5)
FNDA:19,(anonymous_6)
DA:16,38
DA:17,21
DA:18,16
DA:20,5
DA:21,5
DA:22,1
DA:24,4
DA:26,4
DA:29,38
DA:30,20
DA:31,15
DA:34,5
DA:35,5
DA:36,1
DA:38,4
DA:40,4
DA:43,38
DA:45,38
DA:47,38
DA:49,38
DA:55,38
LF:21
LH:21
BRDA:17,0,0,16
BRDA:17,0,1,5
BRDA:17,1,0,21
BRDA:17,1,1,6
BRDA:21,2,0,1
BRDA:21,2,1,4
BRDA:30,3,0,15
BRDA:30,3,1,5
BRDA:30,4,0,20
BRDA:30,4,1,14
BRDA:35,5,0,1
BRDA:35,5,1,4
BRDA:43,6,0,16
BRDA:43,6,1,3
BRDA:45,7,0,15
BRDA:45,7,1,4
BRDA:49,8,0,19
BRDA:49,8,1,13
BRDA:49,8,2,12
BRDA:49,8,3,11
BRDA:49,8,4,10
BRF:21
BRH:21
end_of_record
TN:
SF:composables/api/game/constants/game.constants.ts
FNF:0
FNH:0
DA:7,40
DA:12,40
DA:18,40
DA:24,40
DA:26,40
LF:5
LH:5
BRF:0
BRH:0
end_of_record
TN:
SF:composables/api/game/constants/game-additional-card/game-additional-card.constants.ts
FNF:0
FNH:0
DA:3,1
LF:1
LH:1
BRF:0
BRH:0
end_of_record
TN:
SF:composables/api/game/constants/game-play/game-play.constants.ts
FNF:0
FNH:0
DA:1,17
DA:11,17
DA:35,17
DA:41,17
DA:49,17
LF:5
LH:5
BRF:0
BRH:0
end_of_record
TN:
SF:composables/api/game/constants/game-play/game-play-source/game-play-source.constants.ts
FNF:0
FNH:0
DA:4,18
LF:1
LH:1
BRF:0
BRH:0
end_of_record
TN:
SF:composables/api/game/constants/game-victory/game-victory.constants.ts
FNF:0
FNH:0
DA:1,3
LF:1
LH:1
BRF:0
BRH:0
end_of_record
TN:
SF:composables/api/game/constants/player/player.constants.ts
FNF:0
FNH:0
DA:1,40
DA:3,40
LF:2
LH:2
BRF:0
BRH:0
end_of_record
TN:
SF:composables/api/game/constants/player/player-attribute/player-attribute.constants.ts
FNF:0
FNH:0
DA:1,3
LF:1
LH:1
BRF:0
BRH:0
end_of_record
TN:
SF:composables/api/game/constants/player/player-interaction/player-interaction.constants.ts
FNF:0
FNH:0
DA:1,9
LF:1
LH:1
BRF:0
BRH:0
end_of_record
TN:
SF:composables/api/game/dto/create-game/create-game.dto.ts
FN:16,(anonymous_1)
FN:8,(anonymous_2)
FN:12,(anonymous_3)
FNF:3
FNH:3
FNDA:141,(anonymous_1)
FNDA:141,(anonymous_2)
FNDA:141,(anonymous_3)
DA:7,12
DA:8,141
DA:10,142
DA:12,141
DA:14,12
DA:17,141
LF:6
LH:6
BRF:0
BRH:0
end_of_record
TN:
SF:composables/api/game/dto/create-game/create-game-additional-card/create-game-additional-card.dto.ts
FN:16,(anonymous_1)
FNF:1
FNH:1
FNDA:9,(anonymous_1)
DA:9,13
DA:11,13
DA:14,13
DA:17,9
LF:4
LH:4
BRF:0
BRH:0
end_of_record
TN:
SF:composables/api/game/dto/create-game/create-game-player/create-game-player-role.dto.ts
FN:11,(anonymous_1)
FNF:1
FNH:1
FNDA:390,(anonymous_1)
DA:7,13
DA:9,13
DA:12,390
LF:3
LH:3
BRF:0
BRH:0
end_of_record
TN:
SF:composables/api/game/dto/create-game/create-game-player/create-game-player-side.dto.ts
FN:14,(anonymous_1)
FNF:1
FNH:1
FNDA:390,(anonymous_1)
DA:7,13
DA:9,13
DA:12,13
DA:15,390
LF:4
LH:4
BRF:0
BRH:0
end_of_record
TN:
SF:composables/api/game/dto/create-game/create-game-player/create-game-player.dto.ts
FN:22,(anonymous_1)
FN:11,(anonymous_2)
FN:15,(anonymous_3)
FNF:3
FNH:3
FNDA:396,(anonymous_1)
FNDA:571,(anonymous_2)
FNDA:571,(anonymous_3)
DA:7,13
DA:9,13
DA:11,571
DA:13,13
DA:15,571
DA:17,13
DA:20,13
DA:23,396
LF:8
LH:8
BRF:0
BRH:0
end_of_record
TN:
SF:composables/api/game/dto/make-game-play/make-game-play.dto.ts
FN:27,(anonymous_1)
FN:10,(anonymous_2)
FN:14,(anonymous_3)
FNF:3
FNH:3
FNDA:159,(anonymous_1)
FNDA:159,(anonymous_2)
FNDA:159,(anonymous_3)
DA:9,22
DA:10,159
DA:12,22
DA:14,159
DA:16,22
DA:19,22
DA:22,22
DA:25,22
DA:28,159
LF:9
LH:9
BRF:0
BRH:0
end_of_record
TN:
SF:composables/api/game/dto/make-game-play/make-game-play-target/make-game-play-target.dto.ts
FN:14,(anonymous_1)
FNF:1
FNH:1
FNDA:38,(anonymous_1)
DA:7,22
DA:9,22
DA:12,22
DA:15,38
LF:4
LH:4
BRF:0
BRH:0
end_of_record
TN:
SF:composables/api/game/dto/make-game-play/make-game-play-vote/make-game-play-vote.dto.ts
FN:12,(anonymous_1)
FNF:1
FNH:1
FNDA:17,(anonymous_1)
DA:5,22
DA:7,22
DA:10,22
DA:13,17
LF:4
LH:4
BRF:0
BRH:0
end_of_record
TN:
SF:composables/api/game/game-play/useGamePlay.ts
FN:11,useGamePlay
FN:12,getEligibleTargetsWithInteractionInCurrentGamePlay
FN:16,(anonymous_2)
FNF:3
FNH:3
FNDA:39,useGamePlay
FNDA:94,getEligibleTargetsWithInteractionInCurrentGamePlay
FNDA:81,(anonymous_2)
DA:13,94
DA:14,13
DA:16,81
DA:17,81
DA:18,36
DA:20,45
DA:22,39
LF:7
LH:7
BRDA:13,0,0,13
BRDA:13,0,1,81
BRDA:17,1,0,36
BRDA:17,1,1,45
BRF:4
BRH:4
end_of_record
TN:
SF:composables/api/game/types/game.class.ts
FN:48,(anonymous_1)
FN:26,(anonymous_2)
FN:30,(anonymous_3)
FN:34,(anonymous_4)
FN:38,(anonymous_5)
FNF:5
FNH:5
FNDA:75,(anonymous_1)
FNDA:75,(anonymous_2)
FNDA:75,(anonymous_3)
FNDA:75,(anonymous_4)
FNDA:75,(anonymous_5)
DA:10,41
DA:12,41
DA:15,41
DA:18,41
DA:21,41
DA:24,41
DA:26,75
DA:28,41
DA:30,75
DA:32,41
DA:34,75
DA:36,41
DA:38,75
DA:40,41
DA:43,41
DA:46,41
DA:49,75
LF:17
LH:17
BRF:0
BRH:0
end_of_record
TN:
SF:composables/api/game/types/game-play/game-play.class.ts
FN:28,(anonymous_1)
FN:12,(anonymous_2)
FNF:2
FNH:2
FNDA:199,(anonymous_1)
FNDA:242,(anonymous_2)
DA:8,42
DA:10,42
DA:12,242
DA:14,42
DA:17,42
DA:20,42
DA:23,42
DA:26,42
DA:29,199
LF:9
LH:9
BRF:0
BRH:0
end_of_record
TN:
SF:composables/api/game/types/game-play/game-play-source/game-play-source.class.ts
FN:21,(anonymous_1)
FN:13,(anonymous_2)
FN:17,(anonymous_3)
FNF:3
FNH:3
FNDA:428,(anonymous_1)
FNDA:670,(anonymous_2)
FNDA:670,(anonymous_3)
DA:9,43
DA:11,43
DA:13,670
DA:15,43
DA:17,670
DA:19,43
DA:22,428
LF:7
LH:7
BRF:0
BRH:0
end_of_record
TN:
SF:composables/api/game/types/game-play/game-play-source/game-play-source-interaction/game-play-source-interaction.class.ts
FN:24,(anonymous_1)
FNF:1
FNH:1
FNDA:1,(anonymous_1)
DA:11,44
DA:13,44
DA:16,44
DA:19,44
DA:22,44
DA:25,1
LF:6
LH:6
BRF:0
BRH:0
end_of_record
TN:
SF:composables/api/game/types/game-play/game-play-source/game-play-source-interaction/game-play-source-interaction-boundaries/game-play-source-interaction-boundaries.class.ts
FN:12,(anonymous_1)
FNF:1
FNH:1
FNDA:1,(anonymous_1)
DA:5,45
DA:7,45
DA:10,45
DA:13,1
LF:4
LH:4
BRF:0
BRH:0
end_of_record
TN:
SF:composables/api/game/types/game-victory/game-victory.class.ts
FN:15,(anonymous_1)
FNF:1
FNH:1
FNDA:29,(anonymous_1)
DA:8,42
DA:10,42
DA:13,42
DA:16,29
LF:4
LH:4
BRF:0
BRH:0
end_of_record
TN:
SF:composables/api/game/types/players/player.class.ts
FN:30,(anonymous_1)
FN:16,(anonymous_2)
FN:20,(anonymous_3)
FN:23,(anonymous_4)
FNF:4
FNH:4
FNDA:118,(anonymous_1)
FNDA:366,(anonymous_2)
FNDA:366,(anonymous_3)
FNDA:366,(anonymous_4)
DA:8,48
DA:10,48
DA:13,48
DA:16,366
DA:17,48
DA:20,366
DA:21,48
DA:23,366
DA:25,48
DA:28,48
DA:31,118
LF:11
LH:11
BRF:0
BRH:0
end_of_record
TN:
SF:composables/api/game/types/players/player-attribute/player-attribute.class.ts
FN:27,(anonymous_1)
FN:20,(anonymous_2)
FNF:2
FNH:2
FNDA:31,(anonymous_1)
FNDA:36,(anonymous_2)
DA:10,49
DA:12,49
DA:15,49
DA:18,49
DA:20,36
DA:22,49
DA:25,49
DA:28,31
LF:8
LH:8
BRF:0
BRH:0
end_of_record
TN:
SF:composables/api/game/types/players/player-attribute/player-attribute-activation/player-attribute-activation.class.ts
FN:14,(anonymous_1)
FNF:1
FNH:1
FNDA:2,(anonymous_1)
DA:7,50
DA:9,50
DA:12,50
DA:15,2
LF:4
LH:4
BRF:0
BRH:0
end_of_record
TN:
SF:composables/api/game/types/players/player-role/player-role.class.ts
FN:17,(anonymous_1)
FNF:1
FNH:1
FNDA:46,(anonymous_1)
DA:7,49
DA:9,49
DA:12,49
DA:15,49
DA:18,46
LF:5
LH:5
BRF:0
BRH:0
end_of_record
TN:
SF:composables/api/game/types/players/player-side/player-side.class.ts
FN:14,(anonymous_1)
FNF:1
FNH:1
FNDA:70,(anonymous_1)
DA:7,49
DA:9,49
DA:12,49
DA:15,70
LF:4
LH:4
BRF:0
BRH:0
end_of_record
TN:
SF:composables/api/role/useFetchRoles.ts
FN:8,useFetchRoles
FN:11,fetchRoles
FNF:2
FNH:2
FNDA:21,useFetchRoles
FNDA:2,fetchRoles
DA:9,21
DA:12,2
DA:13,2
DA:15,1
DA:18,21
LF:5
LH:5
BRF:0
BRH:0
end_of_record
TN:
SF:composables/api/role/useRoleName.ts
FN:7,useRoleName
FN:10,getRoleNameLabel
FNF:2
FNH:2
FNDA:10,useRoleName
FNDA:19,getRoleNameLabel
DA:8,10
DA:11,19
DA:13,10
LF:3
LH:3
BRF:0
BRH:0
end_of_record
TN:
SF:composables/api/role/constants/role.constants.ts
FNF:0
FNH:0
DA:1,48
DA:34,48
DA:39,48
DA:46,48
LF:4
LH:4
BRF:0
BRH:0
end_of_record
TN:
SF:composables/api/role/types/role.class.ts
FN:33,(anonymous_1)
FNF:1
FNH:1
FNDA:10,(anonymous_1)
DA:8,4
DA:10,4
DA:13,4
DA:16,4
DA:19,4
DA:22,4
DA:25,4
DA:28,4
DA:31,4
DA:34,10
LF:10
LH:10
BRF:0
BRH:0
end_of_record
TN:
SF:composables/vue-prime/useVuePrimeToasts.ts
FN:14,useVuePrimeToasts
FN:17,addToast
FN:24,addSuccessToast
FN:28,addInfoToast
FN:32,addWarnToast
FN:36,addErrorToast
FNF:6
FNH:6
FNDA:321,useVuePrimeToasts
FNDA:5,addToast
FNDA:1,addSuccessToast
FNDA:1,addInfoToast
FNDA:1,addWarnToast
FNDA:1,addErrorToast
DA:15,321
DA:18,5
DA:25,1
DA:29,1
DA:33,1
DA:37,1
DA:39,321
LF:7
LH:7
BRF:0
BRH:0
end_of_record
TN:
SF:composables/vue-prime/constants/vue-prime.constants.ts
FNF:0
FNH:0
DA:3,174
LF:1
LH:1
BRF:0
BRH:0
end_of_record
TN:
SF:layouts/default.vue
FNF:0
FNH:0
DA:8,2
LF:1
LH:1
BRF:0
BRH:0
end_of_record
TN:
SF:pages/about.vue
FNF:0
FNH:0
DA:2,1
DA:3,1
DA:34,1
LF:3
LH:3
BRF:0
BRH:0
end_of_record
TN:
SF:pages/game-lobby.vue
FNF:0
FNH:0
DA:2,3
DA:22,3
DA:23,3
DA:24,3
DA:25,3
DA:27,3
DA:28,3
LF:7
LH:7
BRF:0
BRH:0
end_of_record
TN:
SF:pages/index.vue
FN:26,(anonymous_2)
FN:38,(anonymous_3)
FNF:2
FNH:2
FNDA:3,(anonymous_2)
FNDA:3,(anonymous_3)
DA:2,99
DA:3,99
DA:4,99
DA:12,99
DA:26,99
DA:28,99
DA:38,99
DA:55,7
LF:8
LH:8
BRF:0
BRH:0
end_of_record
TN:
SF:pages/game/[id].vue
FN:54,(anonymous_1)
FNF:1
FNH:1
FNDA:13,(anonymous_1)
DA:44,10
DA:45,10
DA:46,10
DA:47,10
DA:49,10
DA:51,10
DA:52,10
DA:54,10
DA:55,13
DA:61,13
LF:10
LH:10
BRDA:51,0,0,1
BRDA:51,0,1,9
BRDA:7,1,0,9
BRDA:7,1,1,14
BRDA:18,2,0,1
BRDA:18,2,1,13
BRF:6
BRH:6
end_of_record
TN:
SF:stores/enums/store.enum.ts
FN:1,(anonymous_0)
FNF:1
FNH:1
FNDA:170,(anonymous_0)
DA:1,170
DA:2,170
DA:3,170
DA:4,170
DA:5,170
LF:5
LH:5
BRDA:1,0,0,170
BRDA:1,0,1,170
BRF:2
BRH:2
end_of_record
TN:
SF:stores/game/useGameStore.ts
FN:9,(anonymous_0)
FN:21,resetGame
FN:25,fetchAndSetGame
FN:37,cancelGame
FN:49,makeGamePlay
FNF:5
FNH:5
FNDA:315,(anonymous_0)
FNDA:1,resetGame
FNDA:2,fetchAndSetGame
FNDA:2,cancelGame
FNDA:2,makeGamePlay
DA:9,32
DA:14,315
DA:16,315
DA:17,315
DA:18,315
DA:19,315
DA:22,1
DA:26,2
DA:27,2
DA:28,2
DA:29,1
DA:31,1
DA:33,1
DA:34,1
DA:38,2
DA:39,2
DA:40,2
DA:41,1
DA:43,1
DA:45,1
DA:46,1
DA:50,2
DA:51,2
DA:52,2
DA:53,1
DA:55,1
DA:57,1
DA:58,1
DA:60,315
LF:29
LH:29
BRDA:28,0,0,1
BRDA:28,0,1,1
BRDA:40,1,0,1
BRDA:40,1,1,1
BRDA:52,2,0,1
BRDA:52,2,1,1
BRF:6
BRH:6
end_of_record
TN:
SF:stores/game/create-game-dto/useCreateGameDtoStore.ts
FN:8,(anonymous_0)
FN:11,setCreateGameDto
FN:15,resetCreateGameDto
FN:19,addPlayerToCreateGameDto
FN:23,setPlayersToCreateGameDto
FN:24,(anonymous_5)
FN:27,removePlayerFromCreateGameDto
FN:28,(anonymous_7)
FNF:8
FNH:8
FNDA:74,(anonymous_0)
FNDA:1,setCreateGameDto
FNDA:1,resetCreateGameDto
FNDA:1,addPlayerToCreateGameDto
FNDA:1,setPlayersToCreateGameDto
FNDA:3,(anonymous_5)
FNDA:2,removePlayerFromCreateGameDto
FNDA:5,(anonymous_7)
DA:8,9
DA:9,74
DA:12,1
DA:16,1
DA:20,1
DA:24,3
DA:28,5
DA:29,2
DA:30,1
DA:33,74
LF:10
LH:10
BRDA:29,0,0,1
BRDA:29,0,1,1
BRF:2
BRH:2
end_of_record
TN:
SF:stores/game/make-game-play-dto/useMakeGamePlayDtoStore.ts
FN:10,(anonymous_0)
FN:13,setMakeGamePlayDto
FN:17,resetMakeGamePlayDto
FN:21,addMakeGamePlayTargetDto
FN:28,removeMakeGamePlayTargetDto
FN:32,(anonymous_5)
FN:41,removeFirstMakeGamePlayTargetDto
FN:49,removeFirstMakeGamePlayTargetDtoWithPotion
FN:50,(anonymous_8)
FN:56,addMakeGamePlayVoteDto
FN:63,removeMakeGamePlayVoteDto
FN:67,(anonymous_11)
FN:76,setDoesJudgeRequestAnotherVote
FN:80,setChosenCardId
FN:84,setChosenSide
FNF:15
FNH:15
FNDA:95,(anonymous_0)
FNDA:1,setMakeGamePlayDto
FNDA:1,resetMakeGamePlayDto
FNDA:2,addMakeGamePlayTargetDto
FNDA:6,removeMakeGamePlayTargetDto
FNDA:6,(anonymous_5)
FNDA:3,removeFirstMakeGamePlayTargetDto
FNDA:4,removeFirstMakeGamePlayTargetDtoWithPotion
FNDA:4,(anonymous_8)
FNDA:2,addMakeGamePlayVoteDto
FNDA:4,removeMakeGamePlayVoteDto
FNDA:4,(anonymous_11)
FNDA:1,setDoesJudgeRequestAnotherVote
FNDA:1,setChosenCardId
FNDA:1,setChosenSide
DA:10,19
DA:11,95
DA:14,1
DA:18,1
DA:22,2
DA:23,1
DA:25,2
DA:29,6
DA:30,1
DA:32,6
DA:33,5
DA:34,4
DA:36,5
DA:37,1
DA:42,3
DA:43,2
DA:45,1
DA:46,1
DA:50,4
DA:51,4
DA:52,1
DA:57,2
DA:58,1
DA:60,2
DA:64,4
DA:65,1
DA:67,4
DA:68,3
DA:69,2
DA:71,3
DA:72,1
DA:77,1
DA:81,1
DA:85,1
DA:87,95
LF:35
LH:35
BRDA:22,0,0,1
BRDA:22,0,1,1
BRDA:29,1,0,1
BRDA:29,1,1,5
BRDA:33,2,0,4
BRDA:33,2,1,1
BRDA:36,3,0,1
BRDA:36,3,1,4
BRDA:42,4,0,2
BRDA:42,4,1,1
BRDA:42,5,0,3
BRDA:42,5,1,2
BRDA:51,6,0,1
BRDA:51,6,1,3
BRDA:57,7,0,1
BRDA:57,7,1,1
BRDA:64,8,0,1
BRDA:64,8,1,3
BRDA:68,9,0,2
BRDA:68,9,1,1
BRDA:71,10,0,1
BRDA:71,10,1,2
BRF:22
BRH:22
end_of_record
TN:
SF:stores/role/useRolesStore.ts
FN:9,(anonymous_0)
FN:15,fetchAndSetRoles
FNF:2
FNH:2
FNDA:22,(anonymous_0)
FNDA:2,fetchAndSetRoles
DA:9,167
DA:10,22
DA:12,22
DA:13,22
DA:16,2
DA:17,2
DA:18,2
DA:20,22
LF:8
LH:8
BRF:0
BRH:0
end_of_record
TN:
SF:utils/url.utils.ts
FN:1,removeTrailingSlashes
FNF:1
FNH:1
FNDA:360,removeTrailingSlashes
DA:2,360
LF:1
LH:1
BRF:0
BRH:0
end_of_record
TN:
SF:utils/constants/class-transformer.constants.ts
FNF:0
FNH:0
DA:3,70
LF:1
LH:1
BRF:0
BRH:0
end_of_record
